2022-07-18 16:51:35.913 | INFO     | __main__:main:37 - Started updating location
2022-07-18 16:51:35.913 | INFO     | __main__:main:40 - Reading Excel Start
2022-07-18 16:51:36.033 | INFO     | __main__:main:46 - Reading Excel end: 0.11974692344665527s
2022-07-18 16:51:36.033 | INFO     | __main__:main:49 - Updating Dataframe Start
2022-07-18 16:51:36.033 | INFO     | location_updater:load_locations_data:119 - Read location json Start
2022-07-18 16:51:36.037 | INFO     | location_updater:load_locations_data:126 - Read location json end: 0.0035400390625s
2022-07-18 16:51:36.037 | INFO     | location_updater:update_location:33 - Update Location entries Start
2022-07-18 16:51:36.038 | INFO     | location_finder:find_unknown:135 - unknown finder func Start
2022-07-18 16:51:36.038 | INFO     | location_finder:find_unknown:172 - Location finder func end: 8.130073547363281e-05s
2022-07-18 16:51:36.038 | INFO     | location_finder:find_unknown:135 - unknown finder func Start
2022-07-18 16:51:36.038 | INFO     | location_finder:find_unknown:172 - Location finder func end: 5.4836273193359375e-06s
2022-07-18 16:51:36.038 | INFO     | location_finder:find_unknown:135 - unknown finder func Start
2022-07-18 16:51:36.038 | INFO     | location_finder:find_unknown:172 - Location finder func end: 5.9604644775390625e-06s
2022-07-18 16:51:36.039 | INFO     | location_finder:find_unknown:135 - unknown finder func Start
2022-07-18 16:51:36.039 | INFO     | location_finder:find_unknown:172 - Location finder func end: 4.5299530029296875e-06s
2022-07-18 16:51:36.039 | INFO     | location_finder:find_unknown:135 - unknown finder func Start
2022-07-18 16:51:36.039 | INFO     | location_finder:find_unknown:172 - Location finder func end: 4.76837158203125e-06s
2022-07-18 16:51:36.039 | INFO     | location_finder:find_unknown:135 - unknown finder func Start
2022-07-18 16:51:36.039 | INFO     | location_finder:find_unknown:172 - Location finder func end: 4.291534423828125e-06s
2022-07-18 16:51:36.039 | INFO     | location_finder:find_unknown:135 - unknown finder func Start
2022-07-18 16:51:36.039 | INFO     | location_finder:find_unknown:172 - Location finder func end: 4.291534423828125e-06s
2022-07-18 16:51:36.039 | INFO     | location_finder:find_unknown:135 - unknown finder func Start
2022-07-18 16:51:36.039 | INFO     | location_finder:find_unknown:172 - Location finder func end: 4.291534423828125e-06s
2022-07-18 16:51:36.039 | INFO     | location_finder:find_unknown:135 - unknown finder func Start
2022-07-18 16:51:36.040 | INFO     | location_finder:find_unknown:172 - Location finder func end: 4.0531158447265625e-06s
2022-07-18 16:51:36.040 | INFO     | location_finder:find_unknown:135 - unknown finder func Start
2022-07-18 16:51:36.040 | INFO     | location_finder:find_unknown:172 - Location finder func end: 5.245208740234375e-06s
2022-07-18 16:51:36.040 | INFO     | location_finder:find_unknown:135 - unknown finder func Start
2022-07-18 16:51:36.040 | INFO     | location_finder:find_unknown:172 - Location finder func end: 3.5762786865234375e-06s
2022-07-18 16:51:36.040 | INFO     | location_finder:find_unknown:135 - unknown finder func Start
2022-07-18 16:51:36.040 | INFO     | location_finder:find_unknown:172 - Location finder func end: 4.291534423828125e-06s
2022-07-18 16:51:36.040 | INFO     | location_finder:find_unknown:135 - unknown finder func Start
2022-07-18 16:51:36.040 | INFO     | location_finder:find_unknown:172 - Location finder func end: 3.814697265625e-06s
2022-07-18 16:51:36.040 | INFO     | location_finder:find_unknown:135 - unknown finder func Start
2022-07-18 16:51:36.041 | INFO     | location_finder:find_unknown:172 - Location finder func end: 5.0067901611328125e-06s
2022-07-18 16:51:36.041 | INFO     | location_finder:find_unknown:135 - unknown finder func Start
2022-07-18 16:51:36.041 | INFO     | location_finder:find_unknown:172 - Location finder func end: 4.0531158447265625e-06s
2022-07-18 16:51:36.041 | INFO     | location_finder:find_unknown:135 - unknown finder func Start
2022-07-18 16:51:36.041 | INFO     | location_finder:find_unknown:172 - Location finder func end: 3.814697265625e-06s
2022-07-18 16:51:36.041 | INFO     | location_finder:find_unknown:135 - unknown finder func Start
2022-07-18 16:51:36.041 | INFO     | location_finder:find_unknown:172 - Location finder func end: 4.291534423828125e-06s
2022-07-18 16:51:36.041 | INFO     | location_finder:find_unknown:135 - unknown finder func Start
2022-07-18 16:51:36.042 | INFO     | location_finder:find_unknown:172 - Location finder func end: 3.814697265625e-06s
2022-07-18 16:51:36.042 | INFO     | location_finder:find_unknown:135 - unknown finder func Start
2022-07-18 16:51:36.042 | INFO     | location_finder:find_unknown:172 - Location finder func end: 5.0067901611328125e-06s
2022-07-18 16:51:36.042 | INFO     | location_finder:find_unknown:135 - unknown finder func Start
2022-07-18 16:51:36.042 | INFO     | location_finder:find_unknown:172 - Location finder func end: 3.5762786865234375e-06s
2022-07-18 16:51:36.042 | INFO     | location_finder:find_unknown:135 - unknown finder func Start
2022-07-18 16:51:36.042 | INFO     | location_finder:find_unknown:172 - Location finder func end: 5.245208740234375e-06s
2022-07-18 16:51:36.042 | INFO     | location_finder:find_unknown:135 - unknown finder func Start
2022-07-18 16:51:36.042 | INFO     | location_finder:find_unknown:172 - Location finder func end: 3.814697265625e-06s
2022-07-18 16:51:36.043 | INFO     | location_finder:find_unknown:135 - unknown finder func Start
2022-07-18 16:51:36.043 | INFO     | location_finder:find_unknown:172 - Location finder func end: 5.245208740234375e-06s
2022-07-18 16:51:36.043 | INFO     | location_finder:find_unknown:135 - unknown finder func Start
2022-07-18 16:51:36.043 | INFO     | location_finder:find_unknown:172 - Location finder func end: 5.0067901611328125e-06s
2022-07-18 16:51:36.043 | INFO     | location_finder:find_unknown:135 - unknown finder func Start
2022-07-18 16:51:36.043 | INFO     | location_finder:find_unknown:172 - Location finder func end: 4.5299530029296875e-06s
2022-07-18 16:51:36.043 | INFO     | location_finder:find_unknown:135 - unknown finder func Start
2022-07-18 16:51:36.043 | INFO     | location_finder:find_unknown:172 - Location finder func end: 5.4836273193359375e-06s
2022-07-18 16:51:36.043 | INFO     | location_finder:find_unknown:135 - unknown finder func Start
2022-07-18 16:51:36.044 | INFO     | location_finder:find_unknown:172 - Location finder func end: 3.5762786865234375e-06s
2022-07-18 16:51:36.044 | INFO     | location_finder:find_unknown:135 - unknown finder func Start
2022-07-18 16:51:36.044 | INFO     | location_finder:find_unknown:172 - Location finder func end: 2.86102294921875e-06s
2022-07-18 16:51:36.044 | INFO     | location_finder:find_unknown:135 - unknown finder func Start
2022-07-18 16:51:36.044 | INFO     | location_finder:find_unknown:172 - Location finder func end: 5.0067901611328125e-06s
2022-07-18 16:51:36.044 | INFO     | location_finder:find_unknown:135 - unknown finder func Start
2022-07-18 16:51:36.044 | INFO     | location_finder:find_unknown:172 - Location finder func end: 1.1444091796875e-05s
2022-07-18 16:51:36.044 | INFO     | location_finder:find_unknown:135 - unknown finder func Start
2022-07-18 16:51:36.044 | INFO     | location_finder:find_unknown:172 - Location finder func end: 3.5762786865234375e-06s
2022-07-18 16:51:36.044 | INFO     | location_finder:find_unknown:135 - unknown finder func Start
2022-07-18 16:51:36.045 | INFO     | location_finder:find_unknown:172 - Location finder func end: 3.5762786865234375e-06s
2022-07-18 16:51:36.045 | INFO     | location_finder:find_unknown:135 - unknown finder func Start
2022-07-18 16:51:36.045 | INFO     | location_finder:find_unknown:172 - Location finder func end: 3.337860107421875e-06s
2022-07-18 16:51:36.045 | INFO     | location_finder:find_unknown:135 - unknown finder func Start
2022-07-18 16:51:36.045 | INFO     | location_finder:find_unknown:172 - Location finder func end: 3.5762786865234375e-06s
2022-07-18 16:51:36.045 | INFO     | location_finder:find_unknown:135 - unknown finder func Start
2022-07-18 16:51:36.045 | INFO     | location_finder:find_unknown:172 - Location finder func end: 5.0067901611328125e-06s
2022-07-18 16:51:36.045 | INFO     | location_finder:find_unknown:135 - unknown finder func Start
2022-07-18 16:51:36.045 | INFO     | location_finder:find_unknown:172 - Location finder func end: 5.245208740234375e-06s
2022-07-18 16:51:36.046 | INFO     | location_finder:find_unknown:135 - unknown finder func Start
2022-07-18 16:51:36.046 | INFO     | location_finder:find_unknown:172 - Location finder func end: 6.67572021484375e-06s
2022-07-18 16:51:36.046 | INFO     | location_finder:find_unknown:135 - unknown finder func Start
2022-07-18 16:51:36.046 | INFO     | location_finder:find_unknown:172 - Location finder func end: 5.245208740234375e-06s
2022-07-18 16:51:36.046 | INFO     | location_finder:find_unknown:135 - unknown finder func Start
2022-07-18 16:51:36.046 | INFO     | location_finder:find_unknown:172 - Location finder func end: 5.0067901611328125e-06s
2022-07-18 16:51:36.046 | INFO     | location_finder:find_unknown:135 - unknown finder func Start
2022-07-18 16:51:36.046 | INFO     | location_finder:find_unknown:172 - Location finder func end: 4.291534423828125e-06s
2022-07-18 16:51:36.046 | INFO     | location_finder:find_unknown:135 - unknown finder func Start
2022-07-18 16:51:36.047 | INFO     | location_finder:find_unknown:172 - Location finder func end: 6.9141387939453125e-06s
2022-07-18 16:51:36.047 | INFO     | location_finder:find_unknown:135 - unknown finder func Start
2022-07-18 16:51:36.047 | INFO     | location_finder:find_unknown:172 - Location finder func end: 6.9141387939453125e-06s
2022-07-18 16:51:36.047 | INFO     | location_finder:find_unknown:135 - unknown finder func Start
2022-07-18 16:51:36.047 | INFO     | location_finder:find_unknown:172 - Location finder func end: 7.3909759521484375e-06s
2022-07-18 16:51:36.047 | INFO     | location_finder:find_unknown:135 - unknown finder func Start
2022-07-18 16:51:36.047 | INFO     | location_finder:find_unknown:172 - Location finder func end: 4.5299530029296875e-06s
2022-07-18 16:51:36.047 | INFO     | location_updater:search_for_unknowns:191 - Search for unknowns Start
2022-07-18 16:51:36.047 | INFO     | location_updater:unknown_sql_query:163 - Location unknown value sql query start
2022-07-18 16:51:37.282 | INFO     | location_updater:unknown_sql_query:188 - Location unknown value sql query end: 1.23435378074646s
2022-07-18 16:51:37.282 | INFO     | location_updater:unknown_sql_query:163 - Location unknown value sql query start
2022-07-18 16:51:38.530 | INFO     | location_updater:unknown_sql_query:188 - Location unknown value sql query end: 1.2473084926605225s
2022-07-18 16:51:38.530 | INFO     | location_updater:unknown_sql_query:163 - Location unknown value sql query start
2022-07-18 16:51:39.761 | INFO     | location_updater:unknown_sql_query:188 - Location unknown value sql query end: 1.2308874130249023s
2022-07-18 16:51:39.761 | INFO     | location_updater:unknown_sql_query:163 - Location unknown value sql query start
2022-07-18 16:51:40.997 | INFO     | location_updater:unknown_sql_query:188 - Location unknown value sql query end: 1.2351839542388916s
2022-07-18 16:51:40.997 | INFO     | location_updater:search_for_unknowns:203 - Search for unknowns end: 4.949518203735352s
2022-07-18 16:51:41.006 | INFO     | location_finder:find_location:28 - Location finder func Start
2022-07-18 16:51:41.007 | INFO     | location_finder:find_location:113 - Location finder func end: 2.5272369384765625e-05s
2022-07-18 16:51:41.007 | INFO     | location_finder:find_location:28 - Location finder func Start
2022-07-18 16:51:41.007 | INFO     | location_finder:find_location:113 - Location finder func end: 7.867813110351562e-06s
2022-07-18 16:51:41.007 | INFO     | location_finder:find_location:28 - Location finder func Start
2022-07-18 16:51:41.007 | INFO     | location_finder:find_location:113 - Location finder func end: 6.9141387939453125e-06s
2022-07-18 16:51:41.008 | INFO     | location_finder:find_location:28 - Location finder func Start
2022-07-18 16:51:41.008 | INFO     | location_finder:find_location:113 - Location finder func end: 8.344650268554688e-06s
2022-07-18 16:51:41.008 | INFO     | location_finder:find_location:28 - Location finder func Start
2022-07-18 16:51:41.008 | INFO     | location_finder:find_location:113 - Location finder func end: 7.3909759521484375e-06s
2022-07-18 16:51:41.008 | INFO     | location_finder:find_location:28 - Location finder func Start
2022-07-18 16:51:41.009 | INFO     | location_finder:find_location:113 - Location finder func end: 7.62939453125e-06s
2022-07-18 16:51:41.009 | INFO     | location_finder:find_location:28 - Location finder func Start
2022-07-18 16:51:41.009 | INFO     | location_finder:find_location:113 - Location finder func end: 8.58306884765625e-06s
2022-07-18 16:51:41.009 | INFO     | location_finder:find_location:28 - Location finder func Start
2022-07-18 16:51:41.010 | INFO     | location_finder:find_location:113 - Location finder func end: 7.62939453125e-06s
2022-07-18 16:51:41.010 | INFO     | location_finder:find_location:28 - Location finder func Start
2022-07-18 16:51:41.010 | INFO     | location_finder:find_location:113 - Location finder func end: 6.4373016357421875e-06s
2022-07-18 16:51:41.010 | INFO     | location_finder:find_location:28 - Location finder func Start
2022-07-18 16:51:41.010 | INFO     | location_finder:find_location:113 - Location finder func end: 7.62939453125e-06s
2022-07-18 16:51:41.010 | INFO     | location_finder:find_location:28 - Location finder func Start
2022-07-18 16:51:41.011 | INFO     | location_finder:find_location:113 - Location finder func end: 8.106231689453125e-06s
2022-07-18 16:51:41.011 | INFO     | location_finder:find_location:28 - Location finder func Start
2022-07-18 16:51:41.011 | INFO     | location_finder:find_location:113 - Location finder func end: 8.821487426757812e-06s
2022-07-18 16:51:41.012 | INFO     | location_finder:find_location:28 - Location finder func Start
2022-07-18 16:51:41.012 | INFO     | location_finder:find_location:113 - Location finder func end: 1.0013580322265625e-05s
2022-07-18 16:51:41.012 | INFO     | location_finder:find_location:28 - Location finder func Start
2022-07-18 16:51:41.013 | INFO     | location_finder:find_location:113 - Location finder func end: 1.1682510375976562e-05s
2022-07-18 16:51:41.013 | INFO     | location_finder:find_location:28 - Location finder func Start
2022-07-18 16:51:41.013 | INFO     | location_finder:find_location:113 - Location finder func end: 1.2159347534179688e-05s
2022-07-18 16:51:41.013 | INFO     | location_finder:find_location:28 - Location finder func Start
2022-07-18 16:51:41.013 | INFO     | location_finder:find_location:113 - Location finder func end: 8.106231689453125e-06s
2022-07-18 16:51:41.014 | INFO     | location_finder:find_location:28 - Location finder func Start
2022-07-18 16:51:41.014 | INFO     | location_finder:find_location:113 - Location finder func end: 6.198883056640625e-06s
2022-07-18 16:51:41.014 | INFO     | location_finder:find_location:28 - Location finder func Start
2022-07-18 16:51:41.014 | INFO     | location_finder:find_location:113 - Location finder func end: 6.198883056640625e-06s
2022-07-18 16:51:41.014 | INFO     | location_finder:find_location:28 - Location finder func Start
2022-07-18 16:51:41.014 | INFO     | location_finder:find_location:113 - Location finder func end: 5.9604644775390625e-06s
2022-07-18 16:51:41.014 | INFO     | location_finder:find_location:28 - Location finder func Start
2022-07-18 16:51:41.014 | INFO     | location_finder:find_location:113 - Location finder func end: 5.7220458984375e-06s
2022-07-18 16:51:41.014 | INFO     | location_finder:find_location:28 - Location finder func Start
2022-07-18 16:51:41.014 | INFO     | location_finder:find_location:113 - Location finder func end: 5.0067901611328125e-06s
2022-07-18 16:51:41.015 | INFO     | location_finder:find_location:28 - Location finder func Start
2022-07-18 16:51:41.015 | INFO     | location_finder:find_location:113 - Location finder func end: 5.7220458984375e-06s
2022-07-18 16:51:41.015 | INFO     | location_finder:find_location:28 - Location finder func Start
2022-07-18 16:51:41.015 | INFO     | location_finder:find_location:113 - Location finder func end: 5.7220458984375e-06s
2022-07-18 16:51:41.015 | INFO     | location_finder:find_location:28 - Location finder func Start
2022-07-18 16:51:41.015 | INFO     | location_finder:find_location:113 - Location finder func end: 5.9604644775390625e-06s
2022-07-18 16:51:41.015 | INFO     | location_finder:find_location:28 - Location finder func Start
2022-07-18 16:51:41.015 | INFO     | location_finder:find_location:113 - Location finder func end: 7.152557373046875e-06s
2022-07-18 16:51:41.015 | INFO     | location_finder:find_location:28 - Location finder func Start
2022-07-18 16:51:41.016 | INFO     | location_finder:find_location:113 - Location finder func end: 7.152557373046875e-06s
2022-07-18 16:51:41.016 | INFO     | location_finder:find_location:28 - Location finder func Start
2022-07-18 16:51:41.016 | INFO     | location_finder:find_location:113 - Location finder func end: 6.67572021484375e-06s
2022-07-18 16:51:41.016 | INFO     | location_finder:find_location:28 - Location finder func Start
2022-07-18 16:51:41.016 | INFO     | location_finder:find_location:113 - Location finder func end: 9.298324584960938e-06s
2022-07-18 16:51:41.016 | INFO     | location_finder:find_location:28 - Location finder func Start
2022-07-18 16:51:41.016 | INFO     | location_finder:find_location:113 - Location finder func end: 6.198883056640625e-06s
2022-07-18 16:51:41.016 | INFO     | location_finder:find_location:28 - Location finder func Start
2022-07-18 16:51:41.016 | INFO     | location_finder:find_location:113 - Location finder func end: 1.1920928955078125e-05s
2022-07-18 16:51:41.017 | INFO     | location_finder:find_location:28 - Location finder func Start
2022-07-18 16:51:41.017 | INFO     | location_finder:find_location:113 - Location finder func end: 6.4373016357421875e-06s
2022-07-18 16:51:41.017 | INFO     | location_finder:find_location:28 - Location finder func Start
2022-07-18 16:51:41.017 | INFO     | location_finder:find_location:113 - Location finder func end: 5.245208740234375e-06s
2022-07-18 16:51:41.017 | INFO     | location_finder:find_location:28 - Location finder func Start
2022-07-18 16:51:41.017 | INFO     | location_finder:find_location:113 - Location finder func end: 7.3909759521484375e-06s
2022-07-18 16:51:41.017 | INFO     | location_finder:find_location:28 - Location finder func Start
2022-07-18 16:51:41.017 | INFO     | location_finder:find_location:113 - Location finder func end: 6.198883056640625e-06s
2022-07-18 16:51:41.018 | INFO     | location_finder:find_location:28 - Location finder func Start
2022-07-18 16:51:41.018 | INFO     | location_finder:find_location:113 - Location finder func end: 5.4836273193359375e-06s
2022-07-18 16:51:41.018 | INFO     | location_finder:find_location:28 - Location finder func Start
2022-07-18 16:51:41.018 | INFO     | location_finder:find_location:113 - Location finder func end: 6.67572021484375e-06s
2022-07-18 16:51:41.018 | INFO     | location_finder:find_location:28 - Location finder func Start
2022-07-18 16:51:41.018 | INFO     | location_finder:find_location:113 - Location finder func end: 1.1205673217773438e-05s
2022-07-18 16:51:41.018 | INFO     | location_finder:find_location:28 - Location finder func Start
2022-07-18 16:51:41.018 | INFO     | location_finder:find_location:113 - Location finder func end: 6.9141387939453125e-06s
2022-07-18 16:51:41.019 | INFO     | location_finder:find_location:28 - Location finder func Start
2022-07-18 16:51:41.019 | INFO     | location_finder:find_location:113 - Location finder func end: 5.9604644775390625e-06s
2022-07-18 16:51:41.019 | INFO     | location_finder:find_location:28 - Location finder func Start
2022-07-18 16:51:41.019 | INFO     | location_finder:find_location:113 - Location finder func end: 1.1682510375976562e-05s
2022-07-18 16:51:41.019 | INFO     | location_finder:find_location:28 - Location finder func Start
2022-07-18 16:51:41.019 | INFO     | location_finder:find_location:113 - Location finder func end: 9.775161743164062e-06s
2022-07-18 16:51:41.019 | INFO     | location_finder:find_location:28 - Location finder func Start
2022-07-18 16:51:41.019 | INFO     | location_finder:find_location:113 - Location finder func end: 1.7642974853515625e-05s
2022-07-18 16:51:41.020 | INFO     | location_finder:find_location:28 - Location finder func Start
2022-07-18 16:51:41.020 | INFO     | location_finder:find_location:113 - Location finder func end: 1.7881393432617188e-05s
2022-07-18 16:51:41.020 | INFO     | location_finder:find_location:28 - Location finder func Start
2022-07-18 16:51:41.020 | INFO     | location_finder:find_location:113 - Location finder func end: 9.775161743164062e-06s
2022-07-18 16:51:41.021 | INFO     | location_updater:update_location:39 - Update Location entries end: 4.983578443527222s
2022-07-18 16:51:41.022 | INFO     | __main__:main:55 - Updating Dataframe end: 4.988633155822754s
2022-07-18 16:51:41.022 | INFO     | __main__:main:59 - Output Dataframe to example/updated_1.xlsx Start
2022-07-18 16:51:41.058 | INFO     | __main__:main:65 - Output to example/updated_1.xlsx end: 0.03502607345581055s
2022-07-18 16:51:41.058 | INFO     | __main__:main:66 - Finished updating locations end: 5.146505117416382s
