2022-07-18 16:30:10.696 | INFO     | __main__:main:37 - Started updating location
2022-07-18 16:30:10.696 | INFO     | __main__:main:40 - Reading Excel Start
2022-07-18 16:30:10.830 | INFO     | __main__:main:46 - Reading Excel end: 0.13457655906677246s
2022-07-18 16:30:10.831 | INFO     | __main__:main:49 - Updating Dataframe Start
2022-07-18 16:30:10.831 | INFO     | location_updater:load_locations_data:119 - Read location json Start
2022-07-18 16:30:10.835 | INFO     | location_updater:load_locations_data:126 - Read location json end: 0.0037508010864257812s
2022-07-18 16:30:10.835 | INFO     | location_updater:update_location:33 - Update Location entries Start
2022-07-18 16:30:10.835 | INFO     | location_finder:find_unknown:135 - unknown finder func Start
2022-07-18 16:30:10.835 | INFO     | location_finder:find_unknown:172 - Location finder func end: 7.43865966796875e-05s
2022-07-18 16:30:10.835 | INFO     | location_finder:find_unknown:135 - unknown finder func Start
2022-07-18 16:30:10.836 | INFO     | location_finder:find_unknown:172 - Location finder func end: 4.0531158447265625e-06s
2022-07-18 16:30:10.836 | INFO     | location_finder:find_unknown:135 - unknown finder func Start
2022-07-18 16:30:10.836 | INFO     | location_finder:find_unknown:172 - Location finder func end: 5.245208740234375e-06s
2022-07-18 16:30:10.836 | INFO     | location_finder:find_unknown:135 - unknown finder func Start
2022-07-18 16:30:10.836 | INFO     | location_finder:find_unknown:172 - Location finder func end: 5.0067901611328125e-06s
2022-07-18 16:30:10.836 | INFO     | location_finder:find_unknown:135 - unknown finder func Start
2022-07-18 16:30:10.836 | INFO     | location_finder:find_unknown:172 - Location finder func end: 5.4836273193359375e-06s
2022-07-18 16:30:10.836 | INFO     | location_finder:find_unknown:135 - unknown finder func Start
2022-07-18 16:30:10.836 | INFO     | location_finder:find_unknown:172 - Location finder func end: 4.76837158203125e-06s
2022-07-18 16:30:10.837 | INFO     | location_finder:find_unknown:135 - unknown finder func Start
2022-07-18 16:30:10.837 | INFO     | location_finder:find_unknown:172 - Location finder func end: 5.0067901611328125e-06s
2022-07-18 16:30:10.837 | INFO     | location_finder:find_unknown:135 - unknown finder func Start
2022-07-18 16:30:10.837 | INFO     | location_finder:find_unknown:172 - Location finder func end: 5.0067901611328125e-06s
2022-07-18 16:30:10.837 | INFO     | location_finder:find_unknown:135 - unknown finder func Start
2022-07-18 16:30:10.837 | INFO     | location_finder:find_unknown:172 - Location finder func end: 4.76837158203125e-06s
2022-07-18 16:30:10.837 | INFO     | location_finder:find_unknown:135 - unknown finder func Start
2022-07-18 16:30:10.838 | INFO     | location_finder:find_unknown:172 - Location finder func end: 5.0067901611328125e-06s
2022-07-18 16:30:10.838 | INFO     | location_finder:find_unknown:135 - unknown finder func Start
2022-07-18 16:30:10.838 | INFO     | location_finder:find_unknown:172 - Location finder func end: 5.0067901611328125e-06s
2022-07-18 16:30:10.838 | INFO     | location_finder:find_unknown:135 - unknown finder func Start
2022-07-18 16:30:10.838 | INFO     | location_finder:find_unknown:172 - Location finder func end: 4.76837158203125e-06s
2022-07-18 16:30:10.838 | INFO     | location_finder:find_unknown:135 - unknown finder func Start
2022-07-18 16:30:10.838 | INFO     | location_finder:find_unknown:172 - Location finder func end: 4.291534423828125e-06s
2022-07-18 16:30:10.838 | INFO     | location_finder:find_unknown:135 - unknown finder func Start
2022-07-18 16:30:10.839 | INFO     | location_finder:find_unknown:172 - Location finder func end: 4.0531158447265625e-06s
2022-07-18 16:30:10.839 | INFO     | location_finder:find_unknown:135 - unknown finder func Start
2022-07-18 16:30:10.839 | INFO     | location_finder:find_unknown:172 - Location finder func end: 4.291534423828125e-06s
2022-07-18 16:30:10.839 | INFO     | location_finder:find_unknown:135 - unknown finder func Start
2022-07-18 16:30:10.839 | INFO     | location_finder:find_unknown:172 - Location finder func end: 4.291534423828125e-06s
2022-07-18 16:30:10.839 | INFO     | location_finder:find_unknown:135 - unknown finder func Start
2022-07-18 16:30:10.839 | INFO     | location_finder:find_unknown:172 - Location finder func end: 4.5299530029296875e-06s
2022-07-18 16:30:10.839 | INFO     | location_finder:find_unknown:135 - unknown finder func Start
2022-07-18 16:30:10.840 | INFO     | location_finder:find_unknown:172 - Location finder func end: 5.0067901611328125e-06s
2022-07-18 16:30:10.840 | INFO     | location_finder:find_unknown:135 - unknown finder func Start
2022-07-18 16:30:10.840 | INFO     | location_finder:find_unknown:172 - Location finder func end: 4.76837158203125e-06s
2022-07-18 16:30:10.840 | INFO     | location_finder:find_unknown:135 - unknown finder func Start
2022-07-18 16:30:10.840 | INFO     | location_finder:find_unknown:172 - Location finder func end: 5.245208740234375e-06s
2022-07-18 16:30:10.840 | INFO     | location_finder:find_unknown:135 - unknown finder func Start
2022-07-18 16:30:10.840 | INFO     | location_finder:find_unknown:172 - Location finder func end: 5.0067901611328125e-06s
2022-07-18 16:30:10.840 | INFO     | location_finder:find_unknown:135 - unknown finder func Start
2022-07-18 16:30:10.841 | INFO     | location_finder:find_unknown:172 - Location finder func end: 4.76837158203125e-06s
2022-07-18 16:30:10.841 | INFO     | location_finder:find_unknown:135 - unknown finder func Start
2022-07-18 16:30:10.841 | INFO     | location_finder:find_unknown:172 - Location finder func end: 4.76837158203125e-06s
2022-07-18 16:30:10.841 | INFO     | location_finder:find_unknown:135 - unknown finder func Start
2022-07-18 16:30:10.841 | INFO     | location_finder:find_unknown:172 - Location finder func end: 4.76837158203125e-06s
2022-07-18 16:30:10.841 | INFO     | location_finder:find_unknown:135 - unknown finder func Start
2022-07-18 16:30:10.841 | INFO     | location_finder:find_unknown:172 - Location finder func end: 5.245208740234375e-06s
2022-07-18 16:30:10.841 | INFO     | location_finder:find_unknown:135 - unknown finder func Start
2022-07-18 16:30:10.842 | INFO     | location_finder:find_unknown:172 - Location finder func end: 5.0067901611328125e-06s
2022-07-18 16:30:10.842 | INFO     | location_finder:find_unknown:135 - unknown finder func Start
2022-07-18 16:30:10.842 | INFO     | location_finder:find_unknown:172 - Location finder func end: 5.0067901611328125e-06s
2022-07-18 16:30:10.842 | INFO     | location_finder:find_unknown:135 - unknown finder func Start
2022-07-18 16:30:10.842 | INFO     | location_finder:find_unknown:172 - Location finder func end: 4.291534423828125e-06s
2022-07-18 16:30:10.842 | INFO     | location_finder:find_unknown:135 - unknown finder func Start
2022-07-18 16:30:10.842 | INFO     | location_finder:find_unknown:172 - Location finder func end: 4.76837158203125e-06s
2022-07-18 16:30:10.842 | INFO     | location_finder:find_unknown:135 - unknown finder func Start
2022-07-18 16:30:10.843 | INFO     | location_finder:find_unknown:172 - Location finder func end: 1.1444091796875e-05s
2022-07-18 16:30:10.843 | INFO     | location_finder:find_unknown:135 - unknown finder func Start
2022-07-18 16:30:10.843 | INFO     | location_finder:find_unknown:172 - Location finder func end: 4.5299530029296875e-06s
2022-07-18 16:30:10.843 | INFO     | location_finder:find_unknown:135 - unknown finder func Start
2022-07-18 16:30:10.843 | INFO     | location_finder:find_unknown:172 - Location finder func end: 4.291534423828125e-06s
2022-07-18 16:30:10.843 | INFO     | location_finder:find_unknown:135 - unknown finder func Start
2022-07-18 16:30:10.843 | INFO     | location_finder:find_unknown:172 - Location finder func end: 4.0531158447265625e-06s
2022-07-18 16:30:10.843 | INFO     | location_finder:find_unknown:135 - unknown finder func Start
2022-07-18 16:30:10.844 | INFO     | location_finder:find_unknown:172 - Location finder func end: 4.291534423828125e-06s
2022-07-18 16:30:10.844 | INFO     | location_finder:find_unknown:135 - unknown finder func Start
2022-07-18 16:30:10.844 | INFO     | location_finder:find_unknown:172 - Location finder func end: 5.0067901611328125e-06s
2022-07-18 16:30:10.844 | INFO     | location_finder:find_unknown:135 - unknown finder func Start
2022-07-18 16:30:10.844 | INFO     | location_finder:find_unknown:172 - Location finder func end: 5.0067901611328125e-06s
2022-07-18 16:30:10.844 | INFO     | location_finder:find_unknown:135 - unknown finder func Start
2022-07-18 16:30:10.844 | INFO     | location_finder:find_unknown:172 - Location finder func end: 7.62939453125e-06s
2022-07-18 16:30:10.845 | INFO     | location_finder:find_unknown:135 - unknown finder func Start
2022-07-18 16:30:10.845 | INFO     | location_finder:find_unknown:172 - Location finder func end: 4.76837158203125e-06s
2022-07-18 16:30:10.845 | INFO     | location_finder:find_unknown:135 - unknown finder func Start
2022-07-18 16:30:10.845 | INFO     | location_finder:find_unknown:172 - Location finder func end: 4.291534423828125e-06s
2022-07-18 16:30:10.845 | INFO     | location_finder:find_unknown:135 - unknown finder func Start
2022-07-18 16:30:10.845 | INFO     | location_finder:find_unknown:172 - Location finder func end: 5.0067901611328125e-06s
2022-07-18 16:30:10.845 | INFO     | location_finder:find_unknown:135 - unknown finder func Start
2022-07-18 16:30:10.845 | INFO     | location_finder:find_unknown:172 - Location finder func end: 9.775161743164062e-06s
2022-07-18 16:30:10.846 | INFO     | location_finder:find_unknown:135 - unknown finder func Start
2022-07-18 16:30:10.846 | INFO     | location_finder:find_unknown:172 - Location finder func end: 1.1444091796875e-05s
2022-07-18 16:30:10.846 | INFO     | location_finder:find_unknown:135 - unknown finder func Start
2022-07-18 16:30:10.846 | INFO     | location_finder:find_unknown:172 - Location finder func end: 9.775161743164062e-06s
2022-07-18 16:30:10.846 | INFO     | location_finder:find_unknown:135 - unknown finder func Start
2022-07-18 16:30:10.846 | INFO     | location_finder:find_unknown:172 - Location finder func end: 7.152557373046875e-06s
2022-07-18 16:30:10.846 | INFO     | location_updater:search_for_unknowns:176 - Search for unknowns Start
2022-07-18 16:30:10.847 | INFO     | location_updater:unknown_sql_query:148 - Location unknown value sql query start
2022-07-18 16:30:12.223 | INFO     | location_updater:unknown_sql_query:173 - Location unknown value sql query end: 1.3766281604766846s
2022-07-18 16:30:12.224 | INFO     | location_updater:unknown_sql_query:148 - Location unknown value sql query start
2022-07-18 16:30:13.582 | INFO     | location_updater:unknown_sql_query:173 - Location unknown value sql query end: 1.3585388660430908s
2022-07-18 16:30:13.583 | INFO     | location_updater:unknown_sql_query:148 - Location unknown value sql query start
2022-07-18 16:30:14.943 | INFO     | location_updater:unknown_sql_query:173 - Location unknown value sql query end: 1.3600149154663086s
2022-07-18 16:30:14.943 | INFO     | location_updater:unknown_sql_query:148 - Location unknown value sql query start
2022-07-18 16:30:16.313 | INFO     | location_updater:unknown_sql_query:173 - Location unknown value sql query end: 1.370210886001587s
2022-07-18 16:30:16.314 | INFO     | location_updater:search_for_unknowns:188 - Search for unknowns end: 5.4671807289123535s
2022-07-18 16:30:16.314 | INFO     | location_finder:find_location:28 - Location finder func Start
