2022-07-18 16:19:25.938 | INFO     | __main__:main:37 - Started updating location
2022-07-18 16:19:25.938 | INFO     | __main__:main:40 - Reading Excel Start
2022-07-18 16:19:26.065 | INFO     | __main__:main:46 - Reading Excel end: 0.12664079666137695s
2022-07-18 16:19:26.065 | INFO     | __main__:main:49 - Updating Dataframe Start
2022-07-18 16:19:26.065 | INFO     | location_updater:load_locations_data:119 - Read location json Start
2022-07-18 16:19:26.069 | INFO     | location_updater:load_locations_data:126 - Read location json end: 0.0037567615509033203s
2022-07-18 16:19:26.069 | INFO     | location_updater:update_location:33 - Update Location entries Start
2022-07-18 16:19:26.070 | INFO     | location_finder:find_unknown:134 - unknown finder func Start
2022-07-18 16:19:26.070 | INFO     | location_finder:find_unknown:171 - Location finder func end: 7.462501525878906e-05s
2022-07-18 16:19:26.070 | INFO     | location_finder:find_unknown:134 - unknown finder func Start
2022-07-18 16:19:26.070 | INFO     | location_finder:find_unknown:171 - Location finder func end: 4.0531158447265625e-06s
2022-07-18 16:19:26.070 | INFO     | location_finder:find_unknown:134 - unknown finder func Start
2022-07-18 16:19:26.070 | INFO     | location_finder:find_unknown:171 - Location finder func end: 4.5299530029296875e-06s
2022-07-18 16:19:26.070 | INFO     | location_finder:find_unknown:134 - unknown finder func Start
2022-07-18 16:19:26.071 | INFO     | location_finder:find_unknown:171 - Location finder func end: 3.5762786865234375e-06s
2022-07-18 16:19:26.071 | INFO     | location_finder:find_unknown:134 - unknown finder func Start
2022-07-18 16:19:26.071 | INFO     | location_finder:find_unknown:171 - Location finder func end: 5.7220458984375e-06s
2022-07-18 16:19:26.071 | INFO     | location_finder:find_unknown:134 - unknown finder func Start
2022-07-18 16:19:26.071 | INFO     | location_finder:find_unknown:171 - Location finder func end: 5.4836273193359375e-06s
2022-07-18 16:19:26.071 | INFO     | location_finder:find_unknown:134 - unknown finder func Start
2022-07-18 16:19:26.071 | INFO     | location_finder:find_unknown:171 - Location finder func end: 3.337860107421875e-06s
2022-07-18 16:19:26.071 | INFO     | location_finder:find_unknown:134 - unknown finder func Start
2022-07-18 16:19:26.071 | INFO     | location_finder:find_unknown:171 - Location finder func end: 3.337860107421875e-06s
2022-07-18 16:19:26.071 | INFO     | location_finder:find_unknown:134 - unknown finder func Start
2022-07-18 16:19:26.072 | INFO     | location_finder:find_unknown:171 - Location finder func end: 3.337860107421875e-06s
2022-07-18 16:19:26.072 | INFO     | location_finder:find_unknown:134 - unknown finder func Start
2022-07-18 16:19:26.072 | INFO     | location_finder:find_unknown:171 - Location finder func end: 5.245208740234375e-06s
2022-07-18 16:19:26.072 | INFO     | location_finder:find_unknown:134 - unknown finder func Start
2022-07-18 16:19:26.072 | INFO     | location_finder:find_unknown:171 - Location finder func end: 5.245208740234375e-06s
2022-07-18 16:19:26.072 | INFO     | location_finder:find_unknown:134 - unknown finder func Start
2022-07-18 16:19:26.072 | INFO     | location_finder:find_unknown:171 - Location finder func end: 5.4836273193359375e-06s
2022-07-18 16:19:26.072 | INFO     | location_finder:find_unknown:134 - unknown finder func Start
2022-07-18 16:19:26.073 | INFO     | location_finder:find_unknown:171 - Location finder func end: 4.0531158447265625e-06s
2022-07-18 16:19:26.073 | INFO     | location_finder:find_unknown:134 - unknown finder func Start
2022-07-18 16:19:26.073 | INFO     | location_finder:find_unknown:171 - Location finder func end: 4.291534423828125e-06s
2022-07-18 16:19:26.073 | INFO     | location_finder:find_unknown:134 - unknown finder func Start
2022-07-18 16:19:26.073 | INFO     | location_finder:find_unknown:171 - Location finder func end: 4.0531158447265625e-06s
2022-07-18 16:19:26.073 | INFO     | location_finder:find_unknown:134 - unknown finder func Start
2022-07-18 16:19:26.073 | INFO     | location_finder:find_unknown:171 - Location finder func end: 5.245208740234375e-06s
2022-07-18 16:19:26.073 | INFO     | location_finder:find_unknown:134 - unknown finder func Start
2022-07-18 16:19:26.074 | INFO     | location_finder:find_unknown:171 - Location finder func end: 5.9604644775390625e-06s
2022-07-18 16:19:26.074 | INFO     | location_finder:find_unknown:134 - unknown finder func Start
2022-07-18 16:19:26.074 | INFO     | location_finder:find_unknown:171 - Location finder func end: 5.4836273193359375e-06s
2022-07-18 16:19:26.074 | INFO     | location_finder:find_unknown:134 - unknown finder func Start
2022-07-18 16:19:26.074 | INFO     | location_finder:find_unknown:171 - Location finder func end: 5.4836273193359375e-06s
2022-07-18 16:19:26.074 | INFO     | location_finder:find_unknown:134 - unknown finder func Start
2022-07-18 16:19:26.074 | INFO     | location_finder:find_unknown:171 - Location finder func end: 4.0531158447265625e-06s
2022-07-18 16:19:26.074 | INFO     | location_finder:find_unknown:134 - unknown finder func Start
2022-07-18 16:19:26.075 | INFO     | location_finder:find_unknown:171 - Location finder func end: 3.814697265625e-06s
2022-07-18 16:19:26.075 | INFO     | location_finder:find_unknown:134 - unknown finder func Start
2022-07-18 16:19:26.075 | INFO     | location_finder:find_unknown:171 - Location finder func end: 5.245208740234375e-06s
2022-07-18 16:19:26.075 | INFO     | location_finder:find_unknown:134 - unknown finder func Start
2022-07-18 16:19:26.075 | INFO     | location_finder:find_unknown:171 - Location finder func end: 5.4836273193359375e-06s
2022-07-18 16:19:26.075 | INFO     | location_finder:find_unknown:134 - unknown finder func Start
2022-07-18 16:19:26.075 | INFO     | location_finder:find_unknown:171 - Location finder func end: 4.76837158203125e-06s
2022-07-18 16:19:26.075 | INFO     | location_finder:find_unknown:134 - unknown finder func Start
2022-07-18 16:19:26.076 | INFO     | location_finder:find_unknown:171 - Location finder func end: 5.0067901611328125e-06s
2022-07-18 16:19:26.076 | INFO     | location_finder:find_unknown:134 - unknown finder func Start
2022-07-18 16:19:26.076 | INFO     | location_finder:find_unknown:171 - Location finder func end: 4.76837158203125e-06s
2022-07-18 16:19:26.076 | INFO     | location_finder:find_unknown:134 - unknown finder func Start
2022-07-18 16:19:26.076 | INFO     | location_finder:find_unknown:171 - Location finder func end: 4.291534423828125e-06s
2022-07-18 16:19:26.076 | INFO     | location_finder:find_unknown:134 - unknown finder func Start
2022-07-18 16:19:26.076 | INFO     | location_finder:find_unknown:171 - Location finder func end: 5.7220458984375e-06s
2022-07-18 16:19:26.076 | INFO     | location_finder:find_unknown:134 - unknown finder func Start
2022-07-18 16:19:26.077 | INFO     | location_finder:find_unknown:171 - Location finder func end: 5.7220458984375e-06s
2022-07-18 16:19:26.077 | INFO     | location_finder:find_unknown:134 - unknown finder func Start
2022-07-18 16:19:26.077 | INFO     | location_finder:find_unknown:171 - Location finder func end: 1.0013580322265625e-05s
2022-07-18 16:19:26.077 | INFO     | location_finder:find_unknown:134 - unknown finder func Start
2022-07-18 16:19:26.077 | INFO     | location_finder:find_unknown:171 - Location finder func end: 5.0067901611328125e-06s
2022-07-18 16:19:26.077 | INFO     | location_finder:find_unknown:134 - unknown finder func Start
2022-07-18 16:19:26.077 | INFO     | location_finder:find_unknown:171 - Location finder func end: 3.5762786865234375e-06s
2022-07-18 16:19:26.077 | INFO     | location_finder:find_unknown:134 - unknown finder func Start
2022-07-18 16:19:26.077 | INFO     | location_finder:find_unknown:171 - Location finder func end: 5.245208740234375e-06s
2022-07-18 16:19:26.078 | INFO     | location_finder:find_unknown:134 - unknown finder func Start
2022-07-18 16:19:26.078 | INFO     | location_finder:find_unknown:171 - Location finder func end: 4.76837158203125e-06s
2022-07-18 16:19:26.078 | INFO     | location_finder:find_unknown:134 - unknown finder func Start
2022-07-18 16:19:26.078 | INFO     | location_finder:find_unknown:171 - Location finder func end: 4.291534423828125e-06s
2022-07-18 16:19:26.078 | INFO     | location_finder:find_unknown:134 - unknown finder func Start
2022-07-18 16:19:26.078 | INFO     | location_finder:find_unknown:171 - Location finder func end: 4.5299530029296875e-06s
2022-07-18 16:19:26.078 | INFO     | location_finder:find_unknown:134 - unknown finder func Start
2022-07-18 16:19:26.078 | INFO     | location_finder:find_unknown:171 - Location finder func end: 6.9141387939453125e-06s
2022-07-18 16:19:26.079 | INFO     | location_finder:find_unknown:134 - unknown finder func Start
2022-07-18 16:19:26.079 | INFO     | location_finder:find_unknown:171 - Location finder func end: 5.0067901611328125e-06s
2022-07-18 16:19:26.079 | INFO     | location_finder:find_unknown:134 - unknown finder func Start
2022-07-18 16:19:26.079 | INFO     | location_finder:find_unknown:171 - Location finder func end: 5.0067901611328125e-06s
2022-07-18 16:19:26.079 | INFO     | location_finder:find_unknown:134 - unknown finder func Start
2022-07-18 16:19:26.079 | INFO     | location_finder:find_unknown:171 - Location finder func end: 5.0067901611328125e-06s
2022-07-18 16:19:26.079 | INFO     | location_finder:find_unknown:134 - unknown finder func Start
2022-07-18 16:19:26.080 | INFO     | location_finder:find_unknown:171 - Location finder func end: 7.867813110351562e-06s
2022-07-18 16:19:26.080 | INFO     | location_finder:find_unknown:134 - unknown finder func Start
2022-07-18 16:19:26.080 | INFO     | location_finder:find_unknown:171 - Location finder func end: 1.0013580322265625e-05s
2022-07-18 16:19:26.080 | INFO     | location_finder:find_unknown:134 - unknown finder func Start
2022-07-18 16:19:26.080 | INFO     | location_finder:find_unknown:171 - Location finder func end: 1.0967254638671875e-05s
2022-07-18 16:19:26.080 | INFO     | location_finder:find_unknown:134 - unknown finder func Start
2022-07-18 16:19:26.080 | INFO     | location_finder:find_unknown:171 - Location finder func end: 7.62939453125e-06s
2022-07-18 16:19:26.081 | INFO     | location_updater:search_for_unknowns:171 - Search for unknowns Start
