2022-07-18 13:10:36.785 | INFO     | __main__:main:37 - Started updating location
2022-07-18 13:10:36.786 | INFO     | __main__:main:40 - Reading Excel Start
2022-07-18 13:10:36.908 | INFO     | __main__:main:46 - Reading Excel end: 0.12234663963317871s
2022-07-18 13:10:36.908 | INFO     | __main__:main:49 - Updating Dataframe Start
2022-07-18 13:10:36.908 | INFO     | location_updater:load_locations_data:111 - Read location json Start
2022-07-18 13:10:36.912 | INFO     | location_updater:load_locations_data:118 - Read location json end: 0.0036170482635498047s
2022-07-18 13:10:36.912 | INFO     | location_updater:update_location:31 - Update Location entries Start
2022-07-18 13:10:36.912 | INFO     | location_finder:find_location:28 - Location finder Start
2022-07-18 13:10:36.913 | INFO     | location_finder:find_location:153 - Read location json end: 0.00015687942504882812s
2022-07-18 13:10:36.913 | INFO     | location_finder:find_location:28 - Location finder Start
2022-07-18 13:10:36.913 | INFO     | location_finder:find_location:153 - Read location json end: 4.601478576660156e-05s
2022-07-18 13:10:36.913 | INFO     | location_finder:find_location:28 - Location finder Start
2022-07-18 13:10:36.913 | INFO     | location_finder:find_location:153 - Read location json end: 4.3392181396484375e-05s
2022-07-18 13:10:36.913 | INFO     | location_finder:find_location:28 - Location finder Start
2022-07-18 13:10:36.913 | INFO     | location_finder:find_location:153 - Read location json end: 4.2438507080078125e-05s
2022-07-18 13:10:36.914 | INFO     | location_finder:find_location:28 - Location finder Start
2022-07-18 13:10:36.914 | INFO     | location_finder:find_location:153 - Read location json end: 4.172325134277344e-05s
2022-07-18 13:10:36.914 | INFO     | location_finder:find_location:28 - Location finder Start
2022-07-18 13:10:36.914 | INFO     | location_finder:find_location:153 - Read location json end: 4.0531158447265625e-05s
2022-07-18 13:10:36.914 | INFO     | location_finder:find_location:28 - Location finder Start
2022-07-18 13:10:36.914 | INFO     | location_finder:find_location:153 - Read location json end: 4.0531158447265625e-05s
2022-07-18 13:10:36.914 | INFO     | location_finder:find_location:28 - Location finder Start
2022-07-18 13:10:36.914 | INFO     | location_finder:find_location:153 - Read location json end: 4.029273986816406e-05s
2022-07-18 13:10:36.915 | INFO     | location_finder:find_location:28 - Location finder Start
2022-07-18 13:10:36.915 | INFO     | location_finder:find_location:153 - Read location json end: 4.172325134277344e-05s
2022-07-18 13:10:36.915 | INFO     | location_finder:find_location:28 - Location finder Start
2022-07-18 13:10:36.915 | INFO     | location_finder:find_location:153 - Read location json end: 4.029273986816406e-05s
2022-07-18 13:10:36.915 | INFO     | location_finder:find_location:28 - Location finder Start
2022-07-18 13:10:36.915 | INFO     | location_finder:find_location:153 - Read location json end: 4.0531158447265625e-05s
2022-07-18 13:10:36.915 | INFO     | location_finder:find_location:28 - Location finder Start
2022-07-18 13:10:36.915 | INFO     | location_finder:find_location:153 - Read location json end: 4.124641418457031e-05s
2022-07-18 13:10:36.915 | INFO     | location_finder:find_location:28 - Location finder Start
2022-07-18 13:10:36.916 | INFO     | location_finder:find_location:153 - Read location json end: 4.029273986816406e-05s
2022-07-18 13:10:36.916 | INFO     | location_finder:find_location:28 - Location finder Start
2022-07-18 13:10:36.916 | INFO     | location_finder:find_location:153 - Read location json end: 5.221366882324219e-05s
2022-07-18 13:10:36.916 | INFO     | location_finder:find_location:28 - Location finder Start
2022-07-18 13:10:36.916 | INFO     | location_finder:find_location:153 - Read location json end: 4.220008850097656e-05s
2022-07-18 13:10:36.916 | INFO     | location_finder:find_location:28 - Location finder Start
2022-07-18 13:10:36.916 | INFO     | location_finder:find_location:153 - Read location json end: 4.076957702636719e-05s
2022-07-18 13:10:36.916 | INFO     | location_finder:find_location:28 - Location finder Start
2022-07-18 13:10:36.917 | INFO     | location_finder:find_location:153 - Read location json end: 4.172325134277344e-05s
2022-07-18 13:10:36.917 | INFO     | location_finder:find_location:28 - Location finder Start
2022-07-18 13:10:36.917 | INFO     | location_finder:find_location:153 - Read location json end: 5.984306335449219e-05s
2022-07-18 13:10:36.917 | INFO     | location_finder:find_location:28 - Location finder Start
2022-07-18 13:10:36.917 | INFO     | location_finder:find_location:153 - Read location json end: 4.839897155761719e-05s
2022-07-18 13:10:36.917 | INFO     | location_finder:find_location:28 - Location finder Start
2022-07-18 13:10:36.918 | INFO     | location_finder:find_location:153 - Read location json end: 5.221366882324219e-05s
2022-07-18 13:10:36.918 | INFO     | location_finder:find_location:28 - Location finder Start
2022-07-18 13:10:36.918 | INFO     | location_finder:find_location:153 - Read location json end: 5.626678466796875e-05s
2022-07-18 13:10:36.918 | INFO     | location_finder:find_location:28 - Location finder Start
2022-07-18 13:10:36.918 | INFO     | location_finder:find_location:153 - Read location json end: 5.14984130859375e-05s
2022-07-18 13:10:36.918 | INFO     | location_finder:find_location:28 - Location finder Start
2022-07-18 13:10:36.918 | INFO     | location_finder:find_location:153 - Read location json end: 4.57763671875e-05s
2022-07-18 13:10:36.919 | INFO     | location_finder:find_location:28 - Location finder Start
2022-07-18 13:10:36.919 | INFO     | location_finder:find_location:153 - Read location json end: 4.172325134277344e-05s
2022-07-18 13:10:36.919 | INFO     | location_finder:find_location:28 - Location finder Start
2022-07-18 13:10:36.919 | INFO     | location_finder:find_location:153 - Read location json end: 4.220008850097656e-05s
2022-07-18 13:10:36.919 | INFO     | location_finder:find_location:28 - Location finder Start
2022-07-18 13:10:36.919 | INFO     | location_finder:find_location:153 - Read location json end: 5.555152893066406e-05s
2022-07-18 13:10:36.919 | INFO     | location_finder:find_location:28 - Location finder Start
2022-07-18 13:10:36.920 | INFO     | location_finder:find_location:153 - Read location json end: 5.3882598876953125e-05s
2022-07-18 13:10:36.920 | INFO     | location_finder:find_location:28 - Location finder Start
2022-07-18 13:10:36.920 | INFO     | location_finder:find_location:153 - Read location json end: 4.124641418457031e-05s
2022-07-18 13:10:36.920 | INFO     | location_finder:find_location:28 - Location finder Start
2022-07-18 13:10:36.920 | INFO     | location_finder:find_location:153 - Read location json end: 4.410743713378906e-05s
2022-07-18 13:10:36.920 | INFO     | location_finder:find_location:28 - Location finder Start
2022-07-18 13:10:36.921 | INFO     | location_finder:find_location:118 - Location unknown value sql query start
2022-07-18 13:10:38.295 | INFO     | location_finder:find_location:138 - Location unknown value sql query end: 1.374114751815796s
2022-07-18 13:10:38.295 | INFO     | location_finder:find_location:118 - Location unknown value sql query start
2022-07-18 13:10:39.662 | INFO     | location_finder:find_location:138 - Location unknown value sql query end: 1.3673875331878662s
2022-07-18 13:10:39.663 | INFO     | location_finder:find_location:153 - Read location json end: 1.3676023483276367s
2022-07-18 13:10:39.663 | INFO     | location_finder:find_location:28 - Location finder Start
2022-07-18 13:10:39.663 | INFO     | location_finder:find_location:153 - Read location json end: 7.390975952148438e-05s
2022-07-18 13:10:39.663 | INFO     | location_finder:find_location:28 - Location finder Start
2022-07-18 13:10:39.663 | INFO     | location_finder:find_location:153 - Read location json end: 4.1961669921875e-05s
2022-07-18 13:10:39.663 | INFO     | location_finder:find_location:28 - Location finder Start
2022-07-18 13:10:39.664 | INFO     | location_finder:find_location:153 - Read location json end: 4.00543212890625e-05s
2022-07-18 13:10:39.664 | INFO     | location_finder:find_location:28 - Location finder Start
2022-07-18 13:10:39.664 | INFO     | location_finder:find_location:153 - Read location json end: 4.8160552978515625e-05s
2022-07-18 13:10:39.664 | INFO     | location_finder:find_location:28 - Location finder Start
2022-07-18 13:10:39.664 | INFO     | location_finder:find_location:153 - Read location json end: 3.838539123535156e-05s
2022-07-18 13:10:39.664 | INFO     | location_finder:find_location:28 - Location finder Start
2022-07-18 13:10:39.664 | INFO     | location_finder:find_location:153 - Read location json end: 4.1961669921875e-05s
2022-07-18 13:10:39.664 | INFO     | location_finder:find_location:28 - Location finder Start
2022-07-18 13:10:39.665 | INFO     | location_finder:find_location:118 - Location unknown value sql query start
2022-07-18 13:10:41.011 | INFO     | location_finder:find_location:138 - Location unknown value sql query end: 1.3466265201568604s
2022-07-18 13:10:41.012 | INFO     | location_finder:find_location:153 - Read location json end: 1.3469135761260986s
2022-07-18 13:10:41.012 | INFO     | location_finder:find_location:28 - Location finder Start
2022-07-18 13:10:41.012 | INFO     | location_finder:find_location:153 - Read location json end: 0.0001308917999267578s
2022-07-18 13:10:41.012 | INFO     | location_finder:find_location:28 - Location finder Start
2022-07-18 13:10:41.013 | INFO     | location_finder:find_location:153 - Read location json end: 6.341934204101562e-05s
2022-07-18 13:10:41.013 | INFO     | location_finder:find_location:28 - Location finder Start
2022-07-18 13:10:41.013 | INFO     | location_finder:find_location:153 - Read location json end: 4.38690185546875e-05s
2022-07-18 13:10:41.013 | INFO     | location_finder:find_location:28 - Location finder Start
2022-07-18 13:10:41.013 | INFO     | location_finder:find_location:118 - Location unknown value sql query start
2022-07-18 13:10:42.373 | INFO     | location_finder:find_location:138 - Location unknown value sql query end: 1.3601253032684326s
2022-07-18 13:10:42.374 | INFO     | location_finder:find_location:153 - Read location json end: 1.360323190689087s
2022-07-18 13:10:42.374 | INFO     | location_finder:find_location:28 - Location finder Start
2022-07-18 13:10:42.374 | INFO     | location_finder:find_location:153 - Read location json end: 0.00010466575622558594s
2022-07-18 13:10:42.374 | INFO     | location_finder:find_location:28 - Location finder Start
2022-07-18 13:10:42.374 | INFO     | location_finder:find_location:118 - Location unknown value sql query start
2022-07-18 13:10:43.726 | INFO     | location_finder:find_location:138 - Location unknown value sql query end: 1.3511083126068115s
2022-07-18 13:10:43.726 | INFO     | location_finder:find_location:153 - Read location json end: 1.3513152599334717s
2022-07-18 13:10:43.726 | INFO     | location_finder:find_location:28 - Location finder Start
2022-07-18 13:10:43.726 | INFO     | location_finder:find_location:153 - Read location json end: 7.891654968261719e-05s
2022-07-18 13:10:43.727 | INFO     | location_updater:update_location:37 - Update Location entries end: 6.814515590667725s
2022-07-18 13:10:43.727 | INFO     | __main__:main:55 - Updating Dataframe end: 6.818926811218262s
2022-07-18 13:10:43.727 | INFO     | __main__:main:59 - Output Dataframe to example/updated_1.xlsx Start
2022-07-18 13:10:43.751 | INFO     | __main__:main:65 - Output to example/updated_1.xlsx end: 0.023426294326782227s
2022-07-18 13:10:43.751 | INFO     | __main__:main:66 - Finished updating locations end: 6.967515468597412s
