2022-07-18 13:11:02.895 | INFO     | __main__:main:37 - Started updating location
2022-07-18 13:11:02.895 | INFO     | __main__:main:40 - Reading Excel Start
2022-07-18 13:11:03.021 | INFO     | __main__:main:46 - Reading Excel end: 0.1260080337524414s
2022-07-18 13:11:03.021 | INFO     | __main__:main:49 - Updating Dataframe Start
2022-07-18 13:11:03.022 | INFO     | location_updater:load_locations_data:111 - Read location json Start
2022-07-18 13:11:03.025 | INFO     | location_updater:load_locations_data:118 - Read location json end: 0.003704071044921875s
2022-07-18 13:11:03.026 | INFO     | location_updater:update_location:31 - Update Location entries Start
2022-07-18 13:11:03.026 | INFO     | location_finder:find_location:28 - Location finder func Start
2022-07-18 13:11:03.026 | INFO     | location_finder:find_location:153 - Location finder func end: 0.0001628398895263672s
2022-07-18 13:11:03.026 | INFO     | location_finder:find_location:28 - Location finder func Start
2022-07-18 13:11:03.027 | INFO     | location_finder:find_location:153 - Location finder func end: 4.57763671875e-05s
2022-07-18 13:11:03.027 | INFO     | location_finder:find_location:28 - Location finder func Start
2022-07-18 13:11:03.027 | INFO     | location_finder:find_location:153 - Location finder func end: 4.172325134277344e-05s
2022-07-18 13:11:03.027 | INFO     | location_finder:find_location:28 - Location finder func Start
2022-07-18 13:11:03.027 | INFO     | location_finder:find_location:153 - Location finder func end: 5.14984130859375e-05s
2022-07-18 13:11:03.027 | INFO     | location_finder:find_location:28 - Location finder func Start
2022-07-18 13:11:03.027 | INFO     | location_finder:find_location:153 - Location finder func end: 5.53131103515625e-05s
2022-07-18 13:11:03.028 | INFO     | location_finder:find_location:28 - Location finder func Start
2022-07-18 13:11:03.028 | INFO     | location_finder:find_location:153 - Location finder func end: 4.172325134277344e-05s
2022-07-18 13:11:03.028 | INFO     | location_finder:find_location:28 - Location finder func Start
2022-07-18 13:11:03.028 | INFO     | location_finder:find_location:153 - Location finder func end: 5.3882598876953125e-05s
2022-07-18 13:11:03.028 | INFO     | location_finder:find_location:28 - Location finder func Start
2022-07-18 13:11:03.028 | INFO     | location_finder:find_location:153 - Location finder func end: 4.100799560546875e-05s
2022-07-18 13:11:03.028 | INFO     | location_finder:find_location:28 - Location finder func Start
2022-07-18 13:11:03.029 | INFO     | location_finder:find_location:153 - Location finder func end: 4.1484832763671875e-05s
2022-07-18 13:11:03.029 | INFO     | location_finder:find_location:28 - Location finder func Start
2022-07-18 13:11:03.029 | INFO     | location_finder:find_location:153 - Location finder func end: 4.458427429199219e-05s
2022-07-18 13:11:03.029 | INFO     | location_finder:find_location:28 - Location finder func Start
2022-07-18 13:11:03.029 | INFO     | location_finder:find_location:153 - Location finder func end: 4.553794860839844e-05s
2022-07-18 13:11:03.029 | INFO     | location_finder:find_location:28 - Location finder func Start
2022-07-18 13:11:03.030 | INFO     | location_finder:find_location:153 - Location finder func end: 4.076957702636719e-05s
2022-07-18 13:11:03.030 | INFO     | location_finder:find_location:28 - Location finder func Start
2022-07-18 13:11:03.030 | INFO     | location_finder:find_location:153 - Location finder func end: 4.291534423828125e-05s
2022-07-18 13:11:03.030 | INFO     | location_finder:find_location:28 - Location finder func Start
2022-07-18 13:11:03.030 | INFO     | location_finder:find_location:153 - Location finder func end: 4.315376281738281e-05s
2022-07-18 13:11:03.030 | INFO     | location_finder:find_location:28 - Location finder func Start
2022-07-18 13:11:03.030 | INFO     | location_finder:find_location:153 - Location finder func end: 4.7206878662109375e-05s
2022-07-18 13:11:03.031 | INFO     | location_finder:find_location:28 - Location finder func Start
2022-07-18 13:11:03.031 | INFO     | location_finder:find_location:153 - Location finder func end: 5.6743621826171875e-05s
2022-07-18 13:11:03.031 | INFO     | location_finder:find_location:28 - Location finder func Start
2022-07-18 13:11:03.031 | INFO     | location_finder:find_location:153 - Location finder func end: 4.673004150390625e-05s
2022-07-18 13:11:03.031 | INFO     | location_finder:find_location:28 - Location finder func Start
2022-07-18 13:11:03.031 | INFO     | location_finder:find_location:153 - Location finder func end: 5.4836273193359375e-05s
2022-07-18 13:11:03.032 | INFO     | location_finder:find_location:28 - Location finder func Start
2022-07-18 13:11:03.032 | INFO     | location_finder:find_location:153 - Location finder func end: 4.3392181396484375e-05s
2022-07-18 13:11:03.032 | INFO     | location_finder:find_location:28 - Location finder func Start
2022-07-18 13:11:03.032 | INFO     | location_finder:find_location:153 - Location finder func end: 4.887580871582031e-05s
2022-07-18 13:11:03.032 | INFO     | location_finder:find_location:28 - Location finder func Start
2022-07-18 13:11:03.032 | INFO     | location_finder:find_location:153 - Location finder func end: 4.601478576660156e-05s
2022-07-18 13:11:03.032 | INFO     | location_finder:find_location:28 - Location finder func Start
2022-07-18 13:11:03.033 | INFO     | location_finder:find_location:153 - Location finder func end: 4.9114227294921875e-05s
2022-07-18 13:11:03.033 | INFO     | location_finder:find_location:28 - Location finder func Start
2022-07-18 13:11:03.033 | INFO     | location_finder:find_location:153 - Location finder func end: 4.9114227294921875e-05s
2022-07-18 13:11:03.033 | INFO     | location_finder:find_location:28 - Location finder func Start
2022-07-18 13:11:03.033 | INFO     | location_finder:find_location:153 - Location finder func end: 4.863739013671875e-05s
2022-07-18 13:11:03.033 | INFO     | location_finder:find_location:28 - Location finder func Start
2022-07-18 13:11:03.033 | INFO     | location_finder:find_location:153 - Location finder func end: 4.220008850097656e-05s
2022-07-18 13:11:03.034 | INFO     | location_finder:find_location:28 - Location finder func Start
2022-07-18 13:11:03.034 | INFO     | location_finder:find_location:153 - Location finder func end: 5.2928924560546875e-05s
2022-07-18 13:11:03.034 | INFO     | location_finder:find_location:28 - Location finder func Start
2022-07-18 13:11:03.034 | INFO     | location_finder:find_location:153 - Location finder func end: 5.173683166503906e-05s
2022-07-18 13:11:03.034 | INFO     | location_finder:find_location:28 - Location finder func Start
2022-07-18 13:11:03.034 | INFO     | location_finder:find_location:153 - Location finder func end: 4.887580871582031e-05s
2022-07-18 13:11:03.035 | INFO     | location_finder:find_location:28 - Location finder func Start
2022-07-18 13:11:03.035 | INFO     | location_finder:find_location:153 - Location finder func end: 5.5789947509765625e-05s
2022-07-18 13:11:03.035 | INFO     | location_finder:find_location:28 - Location finder func Start
2022-07-18 13:11:03.035 | INFO     | location_finder:find_location:118 - Location unknown value sql query start
2022-07-18 13:11:04.415 | INFO     | location_finder:find_location:138 - Location unknown value sql query end: 1.379547357559204s
2022-07-18 13:11:04.415 | INFO     | location_finder:find_location:118 - Location unknown value sql query start
2022-07-18 13:11:05.759 | INFO     | location_finder:find_location:138 - Location unknown value sql query end: 1.3442730903625488s
2022-07-18 13:11:05.760 | INFO     | location_finder:find_location:153 - Location finder func end: 1.344487190246582s
2022-07-18 13:11:05.760 | INFO     | location_finder:find_location:28 - Location finder func Start
2022-07-18 13:11:05.760 | INFO     | location_finder:find_location:153 - Location finder func end: 8.273124694824219e-05s
2022-07-18 13:11:05.760 | INFO     | location_finder:find_location:28 - Location finder func Start
2022-07-18 13:11:05.760 | INFO     | location_finder:find_location:153 - Location finder func end: 4.6253204345703125e-05s
2022-07-18 13:11:05.761 | INFO     | location_finder:find_location:28 - Location finder func Start
2022-07-18 13:11:05.761 | INFO     | location_finder:find_location:153 - Location finder func end: 5.030632019042969e-05s
2022-07-18 13:11:05.761 | INFO     | location_finder:find_location:28 - Location finder func Start
2022-07-18 13:11:05.761 | INFO     | location_finder:find_location:153 - Location finder func end: 5.3882598876953125e-05s
2022-07-18 13:11:05.761 | INFO     | location_finder:find_location:28 - Location finder func Start
2022-07-18 13:11:05.761 | INFO     | location_finder:find_location:153 - Location finder func end: 3.910064697265625e-05s
2022-07-18 13:11:05.761 | INFO     | location_finder:find_location:28 - Location finder func Start
2022-07-18 13:11:05.761 | INFO     | location_finder:find_location:153 - Location finder func end: 5.054473876953125e-05s
2022-07-18 13:11:05.762 | INFO     | location_finder:find_location:28 - Location finder func Start
2022-07-18 13:11:05.762 | INFO     | location_finder:find_location:118 - Location unknown value sql query start
2022-07-18 13:11:07.112 | INFO     | location_finder:find_location:138 - Location unknown value sql query end: 1.350036382675171s
2022-07-18 13:11:07.112 | INFO     | location_finder:find_location:153 - Location finder func end: 1.3502435684204102s
2022-07-18 13:11:07.112 | INFO     | location_finder:find_location:28 - Location finder func Start
2022-07-18 13:11:07.113 | INFO     | location_finder:find_location:153 - Location finder func end: 8.511543273925781e-05s
2022-07-18 13:11:07.113 | INFO     | location_finder:find_location:28 - Location finder func Start
2022-07-18 13:11:07.113 | INFO     | location_finder:find_location:153 - Location finder func end: 4.5299530029296875e-05s
2022-07-18 13:11:07.113 | INFO     | location_finder:find_location:28 - Location finder func Start
2022-07-18 13:11:07.113 | INFO     | location_finder:find_location:153 - Location finder func end: 4.982948303222656e-05s
2022-07-18 13:11:07.113 | INFO     | location_finder:find_location:28 - Location finder func Start
2022-07-18 13:11:07.113 | INFO     | location_finder:find_location:118 - Location unknown value sql query start
2022-07-18 13:11:08.463 | INFO     | location_finder:find_location:138 - Location unknown value sql query end: 1.349863052368164s
2022-07-18 13:11:08.464 | INFO     | location_finder:find_location:153 - Location finder func end: 1.3500819206237793s
2022-07-18 13:11:08.464 | INFO     | location_finder:find_location:28 - Location finder func Start
2022-07-18 13:11:08.464 | INFO     | location_finder:find_location:153 - Location finder func end: 8.177757263183594e-05s
2022-07-18 13:11:08.464 | INFO     | location_finder:find_location:28 - Location finder func Start
2022-07-18 13:11:08.464 | INFO     | location_finder:find_location:118 - Location unknown value sql query start
2022-07-18 13:11:09.802 | INFO     | location_finder:find_location:138 - Location unknown value sql query end: 1.3379786014556885s
2022-07-18 13:11:09.803 | INFO     | location_finder:find_location:153 - Location finder func end: 1.3382256031036377s
2022-07-18 13:11:09.803 | INFO     | location_finder:find_location:28 - Location finder func Start
2022-07-18 13:11:09.803 | INFO     | location_finder:find_location:153 - Location finder func end: 6.723403930664062e-05s
2022-07-18 13:11:09.804 | INFO     | location_updater:update_location:37 - Update Location entries end: 6.7779622077941895s
2022-07-18 13:11:09.804 | INFO     | __main__:main:55 - Updating Dataframe end: 6.782536506652832s
2022-07-18 13:11:09.804 | INFO     | __main__:main:59 - Output Dataframe to example/updated_1.xlsx Start
2022-07-18 13:11:09.828 | INFO     | __main__:main:65 - Output to example/updated_1.xlsx end: 0.02411937713623047s
2022-07-18 13:11:09.829 | INFO     | __main__:main:66 - Finished updating locations end: 6.935255765914917s
