2022-07-22 20:54:41.685 | INFO     | __main__:main:39 - Started updating location
2022-07-22 20:54:41.685 | INFO     | __main__:main:42 - Reading Excel Start
2022-07-22 20:54:41.892 | INFO     | __main__:main:48 - Reading Excel end: 0.20654773712158203s
2022-07-22 20:54:41.892 | INFO     | __main__:main:51 - Updating Dataframe Start
2022-07-22 20:54:41.892 | INFO     | location_updater:load_locations_data:119 - Read location json Start
2022-07-22 20:54:41.901 | INFO     | location_updater:load_locations_data:126 - Read location json end: 0.008288860321044922s
2022-07-22 20:54:41.901 | INFO     | location_updater:update_location:33 - Update Location entries Start
2022-07-22 20:54:41.902 | INFO     | location_finder:find_unknown:144 - unknown finder func Start
2022-07-22 20:54:41.902 | INFO     | location_finder:find_unknown:182 - Location finder func end: 0.00010037422180175781s
2022-07-22 20:54:41.902 | INFO     | location_finder:find_unknown:144 - unknown finder func Start
2022-07-22 20:54:41.902 | INFO     | location_finder:find_unknown:182 - Location finder func end: 6.9141387939453125e-06s
2022-07-22 20:54:41.902 | INFO     | location_finder:find_unknown:144 - unknown finder func Start
2022-07-22 20:54:41.903 | INFO     | location_finder:find_unknown:182 - Location finder func end: 9.059906005859375e-06s
2022-07-22 20:54:41.903 | INFO     | location_finder:find_unknown:144 - unknown finder func Start
2022-07-22 20:54:41.903 | INFO     | location_finder:find_unknown:182 - Location finder func end: 8.821487426757812e-06s
2022-07-22 20:54:41.903 | INFO     | location_finder:find_unknown:144 - unknown finder func Start
2022-07-22 20:54:41.903 | INFO     | location_finder:find_unknown:182 - Location finder func end: 6.198883056640625e-06s
2022-07-22 20:54:41.903 | INFO     | location_finder:find_unknown:144 - unknown finder func Start
2022-07-22 20:54:41.903 | INFO     | location_finder:find_unknown:182 - Location finder func end: 7.3909759521484375e-06s
2022-07-22 20:54:41.904 | INFO     | location_finder:find_unknown:144 - unknown finder func Start
2022-07-22 20:54:41.904 | INFO     | location_finder:find_unknown:182 - Location finder func end: 6.4373016357421875e-06s
2022-07-22 20:54:41.904 | INFO     | location_finder:find_unknown:144 - unknown finder func Start
2022-07-22 20:54:41.904 | INFO     | location_finder:find_unknown:182 - Location finder func end: 7.152557373046875e-06s
2022-07-22 20:54:41.904 | INFO     | location_finder:find_unknown:144 - unknown finder func Start
2022-07-22 20:54:41.904 | INFO     | location_finder:find_unknown:182 - Location finder func end: 5.9604644775390625e-06s
2022-07-22 20:54:41.904 | INFO     | location_finder:find_unknown:144 - unknown finder func Start
2022-07-22 20:54:41.904 | INFO     | location_finder:find_unknown:182 - Location finder func end: 5.7220458984375e-06s
2022-07-22 20:54:41.905 | INFO     | location_finder:find_unknown:144 - unknown finder func Start
2022-07-22 20:54:41.905 | INFO     | location_finder:find_unknown:182 - Location finder func end: 5.9604644775390625e-06s
2022-07-22 20:54:41.905 | INFO     | location_finder:find_unknown:144 - unknown finder func Start
2022-07-22 20:54:41.905 | INFO     | location_finder:find_unknown:182 - Location finder func end: 7.867813110351562e-06s
2022-07-22 20:54:41.905 | INFO     | location_finder:find_unknown:144 - unknown finder func Start
2022-07-22 20:54:41.905 | INFO     | location_finder:find_unknown:182 - Location finder func end: 6.4373016357421875e-06s
2022-07-22 20:54:41.905 | INFO     | location_finder:find_unknown:144 - unknown finder func Start
2022-07-22 20:54:41.906 | INFO     | location_finder:find_unknown:182 - Location finder func end: 6.4373016357421875e-06s
2022-07-22 20:54:41.906 | INFO     | location_finder:find_unknown:144 - unknown finder func Start
2022-07-22 20:54:41.906 | INFO     | location_finder:find_unknown:182 - Location finder func end: 6.4373016357421875e-06s
2022-07-22 20:54:41.906 | INFO     | location_finder:find_unknown:144 - unknown finder func Start
2022-07-22 20:54:41.906 | INFO     | location_finder:find_unknown:182 - Location finder func end: 5.9604644775390625e-06s
2022-07-22 20:54:41.906 | INFO     | location_finder:find_unknown:144 - unknown finder func Start
2022-07-22 20:54:41.906 | INFO     | location_finder:find_unknown:182 - Location finder func end: 5.7220458984375e-06s
2022-07-22 20:54:41.907 | INFO     | location_finder:find_unknown:144 - unknown finder func Start
2022-07-22 20:54:41.907 | INFO     | location_finder:find_unknown:182 - Location finder func end: 5.7220458984375e-06s
2022-07-22 20:54:41.907 | INFO     | location_finder:find_unknown:144 - unknown finder func Start
2022-07-22 20:54:41.907 | INFO     | location_finder:find_unknown:182 - Location finder func end: 6.4373016357421875e-06s
2022-07-22 20:54:41.907 | INFO     | location_finder:find_unknown:144 - unknown finder func Start
2022-07-22 20:54:41.907 | INFO     | location_finder:find_unknown:182 - Location finder func end: 8.344650268554688e-06s
2022-07-22 20:54:41.907 | INFO     | location_finder:find_unknown:144 - unknown finder func Start
2022-07-22 20:54:41.908 | INFO     | location_finder:find_unknown:182 - Location finder func end: 5.7220458984375e-06s
2022-07-22 20:54:41.908 | INFO     | location_finder:find_unknown:144 - unknown finder func Start
2022-07-22 20:54:41.908 | INFO     | location_finder:find_unknown:182 - Location finder func end: 6.4373016357421875e-06s
2022-07-22 20:54:41.908 | INFO     | location_finder:find_unknown:144 - unknown finder func Start
2022-07-22 20:54:41.908 | INFO     | location_finder:find_unknown:182 - Location finder func end: 6.198883056640625e-06s
2022-07-22 20:54:41.908 | INFO     | location_finder:find_unknown:144 - unknown finder func Start
2022-07-22 20:54:41.908 | INFO     | location_finder:find_unknown:182 - Location finder func end: 5.9604644775390625e-06s
2022-07-22 20:54:41.908 | INFO     | location_finder:find_unknown:144 - unknown finder func Start
2022-07-22 20:54:41.909 | INFO     | location_finder:find_unknown:182 - Location finder func end: 6.67572021484375e-06s
2022-07-22 20:54:41.909 | INFO     | location_finder:find_unknown:144 - unknown finder func Start
2022-07-22 20:54:41.909 | INFO     | location_finder:find_unknown:182 - Location finder func end: 6.198883056640625e-06s
2022-07-22 20:54:41.909 | INFO     | location_finder:find_unknown:144 - unknown finder func Start
2022-07-22 20:54:41.909 | INFO     | location_finder:find_unknown:182 - Location finder func end: 6.4373016357421875e-06s
2022-07-22 20:54:41.909 | INFO     | location_finder:find_unknown:144 - unknown finder func Start
2022-07-22 20:54:41.909 | INFO     | location_finder:find_unknown:182 - Location finder func end: 8.106231689453125e-06s
2022-07-22 20:54:41.909 | INFO     | location_finder:find_unknown:144 - unknown finder func Start
2022-07-22 20:54:41.910 | INFO     | location_finder:find_unknown:182 - Location finder func end: 8.58306884765625e-06s
2022-07-22 20:54:41.910 | INFO     | location_finder:find_unknown:144 - unknown finder func Start
2022-07-22 20:54:41.910 | INFO     | location_finder:find_unknown:182 - Location finder func end: 1.7881393432617188e-05s
2022-07-22 20:54:41.910 | INFO     | location_finder:find_unknown:144 - unknown finder func Start
2022-07-22 20:54:41.910 | INFO     | location_finder:find_unknown:182 - Location finder func end: 7.867813110351562e-06s
2022-07-22 20:54:41.910 | INFO     | location_finder:find_unknown:144 - unknown finder func Start
2022-07-22 20:54:41.911 | INFO     | location_finder:find_unknown:182 - Location finder func end: 8.344650268554688e-06s
2022-07-22 20:54:41.911 | INFO     | location_finder:find_unknown:144 - unknown finder func Start
2022-07-22 20:54:41.911 | INFO     | location_finder:find_unknown:182 - Location finder func end: 8.106231689453125e-06s
2022-07-22 20:54:41.911 | INFO     | location_finder:find_unknown:144 - unknown finder func Start
2022-07-22 20:54:41.911 | INFO     | location_finder:find_unknown:182 - Location finder func end: 8.58306884765625e-06s
2022-07-22 20:54:41.911 | INFO     | location_finder:find_unknown:144 - unknown finder func Start
2022-07-22 20:54:41.912 | INFO     | location_finder:find_unknown:182 - Location finder func end: 8.821487426757812e-06s
2022-07-22 20:54:41.912 | INFO     | location_finder:find_unknown:144 - unknown finder func Start
2022-07-22 20:54:41.912 | INFO     | location_finder:find_unknown:182 - Location finder func end: 8.344650268554688e-06s
2022-07-22 20:54:41.912 | INFO     | location_finder:find_unknown:144 - unknown finder func Start
2022-07-22 20:54:41.912 | INFO     | location_finder:find_unknown:182 - Location finder func end: 1.4781951904296875e-05s
2022-07-22 20:54:41.912 | INFO     | location_finder:find_unknown:144 - unknown finder func Start
2022-07-22 20:54:41.913 | INFO     | location_finder:find_unknown:182 - Location finder func end: 9.298324584960938e-06s
2022-07-22 20:54:41.913 | INFO     | location_finder:find_unknown:144 - unknown finder func Start
2022-07-22 20:54:41.913 | INFO     | location_finder:find_unknown:182 - Location finder func end: 7.867813110351562e-06s
2022-07-22 20:54:41.913 | INFO     | location_finder:find_unknown:144 - unknown finder func Start
2022-07-22 20:54:41.913 | INFO     | location_finder:find_unknown:182 - Location finder func end: 8.344650268554688e-06s
2022-07-22 20:54:41.913 | INFO     | location_finder:find_unknown:144 - unknown finder func Start
2022-07-22 20:54:41.914 | INFO     | location_finder:find_unknown:182 - Location finder func end: 1.2874603271484375e-05s
2022-07-22 20:54:41.914 | INFO     | location_finder:find_unknown:144 - unknown finder func Start
2022-07-22 20:54:41.914 | INFO     | location_finder:find_unknown:182 - Location finder func end: 1.5974044799804688e-05s
2022-07-22 20:54:41.914 | INFO     | location_finder:find_unknown:144 - unknown finder func Start
2022-07-22 20:54:41.914 | INFO     | location_finder:find_unknown:182 - Location finder func end: 1.3828277587890625e-05s
2022-07-22 20:54:41.915 | INFO     | location_finder:find_unknown:144 - unknown finder func Start
2022-07-22 20:54:41.915 | INFO     | location_finder:find_unknown:182 - Location finder func end: 1.1682510375976562e-05s
2022-07-22 20:54:41.915 | INFO     | location_updater:search_for_unknowns:192 - Search for unknowns Start
2022-07-22 20:54:41.915 | INFO     | location_updater:unknown_sql_query:163 - Location unknown value sql query start
2022-07-22 20:54:43.481 | INFO     | location_updater:unknown_sql_query:189 - Location unknown value sql query end: 1.5659399032592773s
2022-07-22 20:54:43.482 | INFO     | location_updater:search_for_unknowns:204 - Search for unknowns end: 1.5664856433868408s
2022-07-22 20:54:43.496 | INFO     | location_finder:find_location:28 - Location finder func Start
2022-07-22 20:54:43.496 | INFO     | location_finder:find_location:122 - Location finder func end: 2.5987625122070312e-05s
2022-07-22 20:54:43.496 | INFO     | location_finder:find_location:28 - Location finder func Start
2022-07-22 20:54:43.496 | INFO     | location_finder:find_location:122 - Location finder func end: 1.0013580322265625e-05s
2022-07-22 20:54:43.496 | INFO     | location_finder:find_location:28 - Location finder func Start
2022-07-22 20:54:43.496 | INFO     | location_finder:find_location:122 - Location finder func end: 1.4781951904296875e-05s
2022-07-22 20:54:43.497 | INFO     | location_finder:find_location:28 - Location finder func Start
2022-07-22 20:54:43.497 | INFO     | location_finder:find_location:122 - Location finder func end: 1.5497207641601562e-05s
2022-07-22 20:54:43.497 | INFO     | location_finder:find_location:28 - Location finder func Start
2022-07-22 20:54:43.497 | INFO     | location_finder:find_location:122 - Location finder func end: 2.09808349609375e-05s
2022-07-22 20:54:43.497 | INFO     | location_finder:find_location:28 - Location finder func Start
2022-07-22 20:54:43.498 | INFO     | location_finder:find_location:122 - Location finder func end: 1.9550323486328125e-05s
2022-07-22 20:54:43.498 | INFO     | location_finder:find_location:28 - Location finder func Start
2022-07-22 20:54:43.498 | INFO     | location_finder:find_location:122 - Location finder func end: 1.430511474609375e-05s
2022-07-22 20:54:43.498 | INFO     | location_finder:find_location:28 - Location finder func Start
2022-07-22 20:54:43.498 | INFO     | location_finder:find_location:122 - Location finder func end: 1.9788742065429688e-05s
2022-07-22 20:54:43.499 | INFO     | location_finder:find_location:28 - Location finder func Start
2022-07-22 20:54:43.499 | INFO     | location_finder:find_location:122 - Location finder func end: 1.1920928955078125e-05s
2022-07-22 20:54:43.499 | INFO     | location_finder:find_location:28 - Location finder func Start
2022-07-22 20:54:43.499 | INFO     | location_finder:find_location:122 - Location finder func end: 9.298324584960938e-06s
2022-07-22 20:54:43.499 | INFO     | location_finder:find_location:28 - Location finder func Start
2022-07-22 20:54:43.499 | INFO     | location_finder:find_location:122 - Location finder func end: 1.3828277587890625e-05s
2022-07-22 20:54:43.499 | INFO     | location_finder:find_location:28 - Location finder func Start
2022-07-22 20:54:43.500 | INFO     | location_finder:find_location:122 - Location finder func end: 1.4066696166992188e-05s
2022-07-22 20:54:43.500 | INFO     | location_finder:find_location:28 - Location finder func Start
2022-07-22 20:54:43.500 | INFO     | location_finder:find_location:122 - Location finder func end: 1.1205673217773438e-05s
2022-07-22 20:54:43.500 | INFO     | location_finder:find_location:28 - Location finder func Start
2022-07-22 20:54:43.500 | INFO     | location_finder:find_location:122 - Location finder func end: 1.430511474609375e-05s
2022-07-22 20:54:43.501 | INFO     | location_finder:find_location:28 - Location finder func Start
2022-07-22 20:54:43.501 | INFO     | location_finder:find_location:122 - Location finder func end: 1.1444091796875e-05s
2022-07-22 20:54:43.501 | INFO     | location_finder:find_location:28 - Location finder func Start
2022-07-22 20:54:43.501 | INFO     | location_finder:find_location:122 - Location finder func end: 9.775161743164062e-06s
2022-07-22 20:54:43.501 | INFO     | location_finder:find_location:28 - Location finder func Start
2022-07-22 20:54:43.501 | INFO     | location_finder:find_location:122 - Location finder func end: 1.0013580322265625e-05s
2022-07-22 20:54:43.501 | INFO     | location_finder:find_location:28 - Location finder func Start
2022-07-22 20:54:43.502 | INFO     | location_finder:find_location:122 - Location finder func end: 1.049041748046875e-05s
2022-07-22 20:54:43.502 | INFO     | location_finder:find_location:28 - Location finder func Start
2022-07-22 20:54:43.502 | INFO     | location_finder:find_location:122 - Location finder func end: 9.5367431640625e-06s
2022-07-22 20:54:43.502 | INFO     | location_finder:find_location:28 - Location finder func Start
2022-07-22 20:54:43.502 | INFO     | location_finder:find_location:122 - Location finder func end: 9.059906005859375e-06s
2022-07-22 20:54:43.502 | INFO     | location_finder:find_location:28 - Location finder func Start
2022-07-22 20:54:43.502 | INFO     | location_finder:find_location:122 - Location finder func end: 1.0013580322265625e-05s
2022-07-22 20:54:43.503 | INFO     | location_finder:find_location:28 - Location finder func Start
2022-07-22 20:54:43.503 | INFO     | location_finder:find_location:122 - Location finder func end: 9.298324584960938e-06s
2022-07-22 20:54:43.503 | INFO     | location_finder:find_location:28 - Location finder func Start
2022-07-22 20:54:43.503 | INFO     | location_finder:find_location:122 - Location finder func end: 9.298324584960938e-06s
2022-07-22 20:54:43.503 | INFO     | location_finder:find_location:28 - Location finder func Start
2022-07-22 20:54:43.503 | INFO     | location_finder:find_location:122 - Location finder func end: 1.2874603271484375e-05s
2022-07-22 20:54:43.503 | INFO     | location_finder:find_location:28 - Location finder func Start
2022-07-22 20:54:43.504 | INFO     | location_finder:find_location:122 - Location finder func end: 1.0251998901367188e-05s
2022-07-22 20:54:43.504 | INFO     | location_finder:find_location:28 - Location finder func Start
2022-07-22 20:54:43.504 | INFO     | location_finder:find_location:122 - Location finder func end: 1.0013580322265625e-05s
2022-07-22 20:54:43.504 | INFO     | location_finder:find_location:28 - Location finder func Start
2022-07-22 20:54:43.504 | INFO     | location_finder:find_location:122 - Location finder func end: 1.0013580322265625e-05s
2022-07-22 20:54:43.504 | INFO     | location_finder:find_location:28 - Location finder func Start
2022-07-22 20:54:43.504 | INFO     | location_finder:find_location:122 - Location finder func end: 9.298324584960938e-06s
2022-07-22 20:54:43.505 | INFO     | location_finder:find_location:28 - Location finder func Start
2022-07-22 20:54:43.505 | INFO     | location_finder:find_location:122 - Location finder func end: 9.775161743164062e-06s
2022-07-22 20:54:43.505 | INFO     | location_finder:find_location:28 - Location finder func Start
