2022-07-18 16:17:10.460 | INFO     | __main__:main:37 - Started updating location
2022-07-18 16:17:10.461 | INFO     | __main__:main:40 - Reading Excel Start
2022-07-18 16:17:10.583 | INFO     | __main__:main:46 - Reading Excel end: 0.12208127975463867s
2022-07-18 16:17:10.583 | INFO     | __main__:main:49 - Updating Dataframe Start
2022-07-18 16:17:10.583 | INFO     | location_updater:load_locations_data:119 - Read location json Start
2022-07-18 16:17:10.587 | INFO     | location_updater:load_locations_data:126 - Read location json end: 0.003847837448120117s
2022-07-18 16:17:10.587 | INFO     | location_updater:update_location:33 - Update Location entries Start
2022-07-18 16:17:10.588 | INFO     | location_finder:find_unknown:134 - unknown finder func Start
2022-07-18 16:17:10.588 | INFO     | location_finder:find_unknown:171 - Location finder func end: 8.845329284667969e-05s
2022-07-18 16:17:10.588 | INFO     | location_finder:find_unknown:134 - unknown finder func Start
2022-07-18 16:17:10.588 | INFO     | location_finder:find_unknown:171 - Location finder func end: 4.291534423828125e-06s
2022-07-18 16:17:10.588 | INFO     | location_finder:find_unknown:134 - unknown finder func Start
2022-07-18 16:17:10.588 | INFO     | location_finder:find_unknown:171 - Location finder func end: 3.5762786865234375e-06s
2022-07-18 16:17:10.588 | INFO     | location_finder:find_unknown:134 - unknown finder func Start
2022-07-18 16:17:10.588 | INFO     | location_finder:find_unknown:171 - Location finder func end: 3.337860107421875e-06s
2022-07-18 16:17:10.589 | INFO     | location_finder:find_unknown:134 - unknown finder func Start
2022-07-18 16:17:10.589 | INFO     | location_finder:find_unknown:171 - Location finder func end: 3.337860107421875e-06s
2022-07-18 16:17:10.589 | INFO     | location_finder:find_unknown:134 - unknown finder func Start
2022-07-18 16:17:10.589 | INFO     | location_finder:find_unknown:171 - Location finder func end: 3.337860107421875e-06s
2022-07-18 16:17:10.589 | INFO     | location_finder:find_unknown:134 - unknown finder func Start
2022-07-18 16:17:10.589 | INFO     | location_finder:find_unknown:171 - Location finder func end: 3.5762786865234375e-06s
2022-07-18 16:17:10.589 | INFO     | location_finder:find_unknown:134 - unknown finder func Start
2022-07-18 16:17:10.589 | INFO     | location_finder:find_unknown:171 - Location finder func end: 3.5762786865234375e-06s
2022-07-18 16:17:10.589 | INFO     | location_finder:find_unknown:134 - unknown finder func Start
2022-07-18 16:17:10.589 | INFO     | location_finder:find_unknown:171 - Location finder func end: 3.337860107421875e-06s
2022-07-18 16:17:10.589 | INFO     | location_finder:find_unknown:134 - unknown finder func Start
2022-07-18 16:17:10.590 | INFO     | location_finder:find_unknown:171 - Location finder func end: 3.0994415283203125e-06s
2022-07-18 16:17:10.590 | INFO     | location_finder:find_unknown:134 - unknown finder func Start
2022-07-18 16:17:10.590 | INFO     | location_finder:find_unknown:171 - Location finder func end: 3.337860107421875e-06s
2022-07-18 16:17:10.590 | INFO     | location_finder:find_unknown:134 - unknown finder func Start
2022-07-18 16:17:10.590 | INFO     | location_finder:find_unknown:171 - Location finder func end: 3.337860107421875e-06s
2022-07-18 16:17:10.590 | INFO     | location_finder:find_unknown:134 - unknown finder func Start
2022-07-18 16:17:10.590 | INFO     | location_finder:find_unknown:171 - Location finder func end: 3.337860107421875e-06s
2022-07-18 16:17:10.590 | INFO     | location_finder:find_unknown:134 - unknown finder func Start
2022-07-18 16:17:10.590 | INFO     | location_finder:find_unknown:171 - Location finder func end: 4.76837158203125e-06s
2022-07-18 16:17:10.590 | INFO     | location_finder:find_unknown:134 - unknown finder func Start
2022-07-18 16:17:10.591 | INFO     | location_finder:find_unknown:171 - Location finder func end: 5.0067901611328125e-06s
2022-07-18 16:17:10.591 | INFO     | location_finder:find_unknown:134 - unknown finder func Start
2022-07-18 16:17:10.591 | INFO     | location_finder:find_unknown:171 - Location finder func end: 4.291534423828125e-06s
2022-07-18 16:17:10.591 | INFO     | location_finder:find_unknown:134 - unknown finder func Start
2022-07-18 16:17:10.591 | INFO     | location_finder:find_unknown:171 - Location finder func end: 3.5762786865234375e-06s
2022-07-18 16:17:10.591 | INFO     | location_finder:find_unknown:134 - unknown finder func Start
2022-07-18 16:17:10.591 | INFO     | location_finder:find_unknown:171 - Location finder func end: 3.0994415283203125e-06s
2022-07-18 16:17:10.591 | INFO     | location_finder:find_unknown:134 - unknown finder func Start
2022-07-18 16:17:10.591 | INFO     | location_finder:find_unknown:171 - Location finder func end: 4.0531158447265625e-06s
2022-07-18 16:17:10.591 | INFO     | location_finder:find_unknown:134 - unknown finder func Start
2022-07-18 16:17:10.591 | INFO     | location_finder:find_unknown:171 - Location finder func end: 4.291534423828125e-06s
2022-07-18 16:17:10.592 | INFO     | location_finder:find_unknown:134 - unknown finder func Start
2022-07-18 16:17:10.592 | INFO     | location_finder:find_unknown:171 - Location finder func end: 3.337860107421875e-06s
2022-07-18 16:17:10.592 | INFO     | location_finder:find_unknown:134 - unknown finder func Start
2022-07-18 16:17:10.592 | INFO     | location_finder:find_unknown:171 - Location finder func end: 4.76837158203125e-06s
2022-07-18 16:17:10.592 | INFO     | location_finder:find_unknown:134 - unknown finder func Start
2022-07-18 16:17:10.592 | INFO     | location_finder:find_unknown:171 - Location finder func end: 3.337860107421875e-06s
2022-07-18 16:17:10.592 | INFO     | location_finder:find_unknown:134 - unknown finder func Start
2022-07-18 16:17:10.592 | INFO     | location_finder:find_unknown:171 - Location finder func end: 3.0994415283203125e-06s
2022-07-18 16:17:10.592 | INFO     | location_finder:find_unknown:134 - unknown finder func Start
2022-07-18 16:17:10.592 | INFO     | location_finder:find_unknown:171 - Location finder func end: 3.0994415283203125e-06s
2022-07-18 16:17:10.592 | INFO     | location_finder:find_unknown:134 - unknown finder func Start
2022-07-18 16:17:10.593 | INFO     | location_finder:find_unknown:171 - Location finder func end: 5.4836273193359375e-06s
2022-07-18 16:17:10.593 | INFO     | location_finder:find_unknown:134 - unknown finder func Start
2022-07-18 16:17:10.593 | INFO     | location_finder:find_unknown:171 - Location finder func end: 5.245208740234375e-06s
2022-07-18 16:17:10.593 | INFO     | location_finder:find_unknown:134 - unknown finder func Start
2022-07-18 16:17:10.593 | INFO     | location_finder:find_unknown:171 - Location finder func end: 4.0531158447265625e-06s
2022-07-18 16:17:10.593 | INFO     | location_finder:find_unknown:134 - unknown finder func Start
2022-07-18 16:17:10.593 | INFO     | location_finder:find_unknown:171 - Location finder func end: 5.245208740234375e-06s
2022-07-18 16:17:10.593 | INFO     | location_finder:find_unknown:134 - unknown finder func Start
2022-07-18 16:17:10.594 | INFO     | location_finder:find_unknown:171 - Location finder func end: 8.58306884765625e-06s
2022-07-18 16:17:10.594 | INFO     | location_finder:find_unknown:134 - unknown finder func Start
2022-07-18 16:17:10.594 | INFO     | location_finder:find_unknown:171 - Location finder func end: 5.0067901611328125e-06s
2022-07-18 16:17:10.594 | INFO     | location_finder:find_unknown:134 - unknown finder func Start
2022-07-18 16:17:10.594 | INFO     | location_finder:find_unknown:171 - Location finder func end: 4.0531158447265625e-06s
2022-07-18 16:17:10.594 | INFO     | location_finder:find_unknown:134 - unknown finder func Start
2022-07-18 16:17:10.594 | INFO     | location_finder:find_unknown:171 - Location finder func end: 3.814697265625e-06s
2022-07-18 16:17:10.594 | INFO     | location_finder:find_unknown:134 - unknown finder func Start
2022-07-18 16:17:10.594 | INFO     | location_finder:find_unknown:171 - Location finder func end: 4.291534423828125e-06s
2022-07-18 16:17:10.595 | INFO     | location_finder:find_unknown:134 - unknown finder func Start
2022-07-18 16:17:10.595 | INFO     | location_finder:find_unknown:171 - Location finder func end: 3.814697265625e-06s
2022-07-18 16:17:10.595 | INFO     | location_finder:find_unknown:134 - unknown finder func Start
2022-07-18 16:17:10.595 | INFO     | location_finder:find_unknown:171 - Location finder func end: 5.0067901611328125e-06s
2022-07-18 16:17:10.595 | INFO     | location_finder:find_unknown:134 - unknown finder func Start
2022-07-18 16:17:10.595 | INFO     | location_finder:find_unknown:171 - Location finder func end: 6.4373016357421875e-06s
2022-07-18 16:17:10.595 | INFO     | location_finder:find_unknown:134 - unknown finder func Start
2022-07-18 16:17:10.595 | INFO     | location_finder:find_unknown:171 - Location finder func end: 5.9604644775390625e-06s
2022-07-18 16:17:10.595 | INFO     | location_finder:find_unknown:134 - unknown finder func Start
2022-07-18 16:17:10.596 | INFO     | location_finder:find_unknown:171 - Location finder func end: 5.7220458984375e-06s
2022-07-18 16:17:10.596 | INFO     | location_finder:find_unknown:134 - unknown finder func Start
2022-07-18 16:17:10.596 | INFO     | location_finder:find_unknown:171 - Location finder func end: 4.291534423828125e-06s
2022-07-18 16:17:10.596 | INFO     | location_finder:find_unknown:134 - unknown finder func Start
2022-07-18 16:17:10.596 | INFO     | location_finder:find_unknown:171 - Location finder func end: 1.049041748046875e-05s
2022-07-18 16:17:10.596 | INFO     | location_finder:find_unknown:134 - unknown finder func Start
2022-07-18 16:17:10.596 | INFO     | location_finder:find_unknown:171 - Location finder func end: 7.62939453125e-06s
2022-07-18 16:17:10.596 | INFO     | location_finder:find_unknown:134 - unknown finder func Start
2022-07-18 16:17:10.596 | INFO     | location_finder:find_unknown:171 - Location finder func end: 6.198883056640625e-06s
2022-07-18 16:17:10.597 | INFO     | location_finder:find_unknown:134 - unknown finder func Start
2022-07-18 16:17:10.597 | INFO     | location_finder:find_unknown:171 - Location finder func end: 4.291534423828125e-06s
2022-07-18 16:17:10.597 | INFO     | location_updater:search_for_unknowns:172 - Search for unknowns Start
