2022-07-19 09:21:31.384 | INFO     | __main__:main:39 - Started updating location
2022-07-19 09:21:31.384 | INFO     | __main__:main:42 - Reading Excel Start
2022-07-19 09:21:31.614 | INFO     | __main__:main:48 - Reading Excel end: 0.22947311401367188s
2022-07-19 09:21:31.614 | INFO     | __main__:main:51 - Updating Dataframe Start
2022-07-19 09:21:31.614 | INFO     | location_updater:load_locations_data:119 - Read location json Start
2022-07-19 09:21:31.620 | INFO     | location_updater:load_locations_data:126 - Read location json end: 0.006121158599853516s
2022-07-19 09:21:31.621 | INFO     | location_updater:update_location:33 - Update Location entries Start
2022-07-19 09:21:31.624 | INFO     | location_finder:find_unknown:152 - unknown finder func Start
2022-07-19 09:21:31.624 | INFO     | location_finder:find_unknown:190 - Location finder func end: 0.0001220703125s
2022-07-19 09:21:31.624 | INFO     | location_finder:find_unknown:152 - unknown finder func Start
2022-07-19 09:21:31.625 | INFO     | location_finder:find_unknown:190 - Location finder func end: 8.106231689453125e-06s
2022-07-19 09:21:31.625 | INFO     | location_finder:find_unknown:152 - unknown finder func Start
2022-07-19 09:21:31.625 | INFO     | location_finder:find_unknown:190 - Location finder func end: 9.059906005859375e-06s
2022-07-19 09:21:31.625 | INFO     | location_finder:find_unknown:152 - unknown finder func Start
2022-07-19 09:21:31.625 | INFO     | location_finder:find_unknown:190 - Location finder func end: 8.58306884765625e-06s
2022-07-19 09:21:31.625 | INFO     | location_finder:find_unknown:152 - unknown finder func Start
2022-07-19 09:21:31.626 | INFO     | location_finder:find_unknown:190 - Location finder func end: 9.298324584960938e-06s
2022-07-19 09:21:31.626 | INFO     | location_finder:find_unknown:152 - unknown finder func Start
2022-07-19 09:21:31.626 | INFO     | location_finder:find_unknown:190 - Location finder func end: 1.0013580322265625e-05s
2022-07-19 09:21:31.626 | INFO     | location_finder:find_unknown:152 - unknown finder func Start
2022-07-19 09:21:31.626 | INFO     | location_finder:find_unknown:190 - Location finder func end: 1.0251998901367188e-05s
2022-07-19 09:21:31.626 | INFO     | location_finder:find_unknown:152 - unknown finder func Start
2022-07-19 09:21:31.627 | INFO     | location_finder:find_unknown:190 - Location finder func end: 1.0728836059570312e-05s
2022-07-19 09:21:31.627 | INFO     | location_finder:find_unknown:152 - unknown finder func Start
2022-07-19 09:21:31.627 | INFO     | location_finder:find_unknown:190 - Location finder func end: 9.298324584960938e-06s
2022-07-19 09:21:31.627 | INFO     | location_finder:find_unknown:152 - unknown finder func Start
2022-07-19 09:21:31.627 | INFO     | location_finder:find_unknown:190 - Location finder func end: 1.0013580322265625e-05s
2022-07-19 09:21:31.627 | INFO     | location_finder:find_unknown:152 - unknown finder func Start
2022-07-19 09:21:31.628 | INFO     | location_finder:find_unknown:190 - Location finder func end: 9.059906005859375e-06s
2022-07-19 09:21:31.628 | INFO     | location_finder:find_unknown:152 - unknown finder func Start
2022-07-19 09:21:31.628 | INFO     | location_finder:find_unknown:190 - Location finder func end: 9.298324584960938e-06s
2022-07-19 09:21:31.628 | INFO     | location_finder:find_unknown:152 - unknown finder func Start
2022-07-19 09:21:31.628 | INFO     | location_finder:find_unknown:190 - Location finder func end: 9.298324584960938e-06s
2022-07-19 09:21:31.629 | INFO     | location_finder:find_unknown:152 - unknown finder func Start
2022-07-19 09:21:31.629 | INFO     | location_finder:find_unknown:190 - Location finder func end: 1.049041748046875e-05s
2022-07-19 09:21:31.629 | INFO     | location_finder:find_unknown:152 - unknown finder func Start
2022-07-19 09:21:31.629 | INFO     | location_finder:find_unknown:190 - Location finder func end: 1.1920928955078125e-05s
2022-07-19 09:21:31.629 | INFO     | location_finder:find_unknown:152 - unknown finder func Start
2022-07-19 09:21:31.629 | INFO     | location_finder:find_unknown:190 - Location finder func end: 7.3909759521484375e-06s
2022-07-19 09:21:31.629 | INFO     | location_finder:find_unknown:152 - unknown finder func Start
2022-07-19 09:21:31.630 | INFO     | location_finder:find_unknown:190 - Location finder func end: 7.867813110351562e-06s
2022-07-19 09:21:31.630 | INFO     | location_finder:find_unknown:152 - unknown finder func Start
2022-07-19 09:21:31.630 | INFO     | location_finder:find_unknown:190 - Location finder func end: 7.867813110351562e-06s
2022-07-19 09:21:31.630 | INFO     | location_finder:find_unknown:152 - unknown finder func Start
2022-07-19 09:21:31.630 | INFO     | location_finder:find_unknown:190 - Location finder func end: 7.62939453125e-06s
2022-07-19 09:21:31.630 | INFO     | location_finder:find_unknown:152 - unknown finder func Start
2022-07-19 09:21:31.630 | INFO     | location_finder:find_unknown:190 - Location finder func end: 1.049041748046875e-05s
2022-07-19 09:21:31.631 | INFO     | location_finder:find_unknown:152 - unknown finder func Start
2022-07-19 09:21:31.631 | INFO     | location_finder:find_unknown:190 - Location finder func end: 1.1205673217773438e-05s
2022-07-19 09:21:31.631 | INFO     | location_finder:find_unknown:152 - unknown finder func Start
2022-07-19 09:21:31.631 | INFO     | location_finder:find_unknown:190 - Location finder func end: 1.0728836059570312e-05s
2022-07-19 09:21:31.631 | INFO     | location_finder:find_unknown:152 - unknown finder func Start
2022-07-19 09:21:31.632 | INFO     | location_finder:find_unknown:190 - Location finder func end: 1.0251998901367188e-05s
2022-07-19 09:21:31.632 | INFO     | location_finder:find_unknown:152 - unknown finder func Start
2022-07-19 09:21:31.632 | INFO     | location_finder:find_unknown:190 - Location finder func end: 9.298324584960938e-06s
2022-07-19 09:21:31.632 | INFO     | location_finder:find_unknown:152 - unknown finder func Start
2022-07-19 09:21:31.632 | INFO     | location_finder:find_unknown:190 - Location finder func end: 8.821487426757812e-06s
2022-07-19 09:21:31.632 | INFO     | location_finder:find_unknown:152 - unknown finder func Start
2022-07-19 09:21:31.632 | INFO     | location_finder:find_unknown:190 - Location finder func end: 8.106231689453125e-06s
2022-07-19 09:21:31.632 | INFO     | location_finder:find_unknown:152 - unknown finder func Start
2022-07-19 09:21:31.633 | INFO     | location_finder:find_unknown:190 - Location finder func end: 8.106231689453125e-06s
2022-07-19 09:21:31.633 | INFO     | location_finder:find_unknown:152 - unknown finder func Start
2022-07-19 09:21:31.633 | INFO     | location_finder:find_unknown:190 - Location finder func end: 8.344650268554688e-06s
2022-07-19 09:21:31.633 | INFO     | location_finder:find_unknown:152 - unknown finder func Start
2022-07-19 09:21:31.633 | INFO     | location_finder:find_unknown:190 - Location finder func end: 8.106231689453125e-06s
2022-07-19 09:21:31.633 | INFO     | location_finder:find_unknown:152 - unknown finder func Start
2022-07-19 09:21:31.633 | INFO     | location_finder:find_unknown:190 - Location finder func end: 1.7881393432617188e-05s
2022-07-19 09:21:31.633 | INFO     | location_finder:find_unknown:152 - unknown finder func Start
2022-07-19 09:21:31.634 | INFO     | location_finder:find_unknown:190 - Location finder func end: 7.62939453125e-06s
2022-07-19 09:21:31.634 | INFO     | location_finder:find_unknown:152 - unknown finder func Start
2022-07-19 09:21:31.634 | INFO     | location_finder:find_unknown:190 - Location finder func end: 8.106231689453125e-06s
2022-07-19 09:21:31.634 | INFO     | location_finder:find_unknown:152 - unknown finder func Start
2022-07-19 09:21:31.634 | INFO     | location_finder:find_unknown:190 - Location finder func end: 8.58306884765625e-06s
2022-07-19 09:21:31.634 | INFO     | location_finder:find_unknown:152 - unknown finder func Start
2022-07-19 09:21:31.634 | INFO     | location_finder:find_unknown:190 - Location finder func end: 8.106231689453125e-06s
2022-07-19 09:21:31.634 | INFO     | location_finder:find_unknown:152 - unknown finder func Start
2022-07-19 09:21:31.635 | INFO     | location_finder:find_unknown:190 - Location finder func end: 7.867813110351562e-06s
2022-07-19 09:21:31.635 | INFO     | location_finder:find_unknown:152 - unknown finder func Start
2022-07-19 09:21:31.635 | INFO     | location_finder:find_unknown:190 - Location finder func end: 7.867813110351562e-06s
2022-07-19 09:21:31.635 | INFO     | location_finder:find_unknown:152 - unknown finder func Start
2022-07-19 09:21:31.635 | INFO     | location_finder:find_unknown:190 - Location finder func end: 1.1682510375976562e-05s
2022-07-19 09:21:31.635 | INFO     | location_finder:find_unknown:152 - unknown finder func Start
2022-07-19 09:21:31.635 | INFO     | location_finder:find_unknown:190 - Location finder func end: 7.62939453125e-06s
2022-07-19 09:21:31.635 | INFO     | location_finder:find_unknown:152 - unknown finder func Start
2022-07-19 09:21:31.636 | INFO     | location_finder:find_unknown:190 - Location finder func end: 8.106231689453125e-06s
2022-07-19 09:21:31.636 | INFO     | location_finder:find_unknown:152 - unknown finder func Start
2022-07-19 09:21:31.636 | INFO     | location_finder:find_unknown:190 - Location finder func end: 8.106231689453125e-06s
2022-07-19 09:21:31.636 | INFO     | location_finder:find_unknown:152 - unknown finder func Start
2022-07-19 09:21:31.636 | INFO     | location_finder:find_unknown:190 - Location finder func end: 1.1682510375976562e-05s
2022-07-19 09:21:31.636 | INFO     | location_finder:find_unknown:152 - unknown finder func Start
2022-07-19 09:21:31.636 | INFO     | location_finder:find_unknown:190 - Location finder func end: 1.6689300537109375e-05s
2022-07-19 09:21:31.637 | INFO     | location_finder:find_unknown:152 - unknown finder func Start
2022-07-19 09:21:31.637 | INFO     | location_finder:find_unknown:190 - Location finder func end: 1.4781951904296875e-05s
2022-07-19 09:21:31.637 | INFO     | location_finder:find_unknown:152 - unknown finder func Start
2022-07-19 09:21:31.637 | INFO     | location_finder:find_unknown:190 - Location finder func end: 1.0251998901367188e-05s
2022-07-19 09:21:31.637 | INFO     | location_updater:search_for_unknowns:192 - Search for unknowns Start
2022-07-19 09:21:31.637 | INFO     | location_updater:unknown_sql_query:163 - Location unknown value sql query start
2022-07-19 09:21:36.692 | INFO     | location_updater:unknown_sql_query:189 - Location unknown value sql query end: 5.054096698760986s
2022-07-19 09:21:36.692 | INFO     | location_updater:search_for_unknowns:204 - Search for unknowns end: 5.054648399353027s
2022-07-19 09:21:36.698 | INFO     | location_finder:find_location:28 - Location finder func Start
2022-07-19 09:21:36.699 | INFO     | location_finder:find_location:130 - Location finder func end: 1.8835067749023438e-05s
2022-07-19 09:21:36.699 | INFO     | location_finder:find_location:28 - Location finder func Start
2022-07-19 09:21:36.699 | INFO     | location_finder:find_location:130 - Location finder func end: 1.1682510375976562e-05s
2022-07-19 09:21:36.699 | INFO     | location_finder:find_location:28 - Location finder func Start
2022-07-19 09:21:36.699 | INFO     | location_finder:find_location:130 - Location finder func end: 1.4781951904296875e-05s
2022-07-19 09:21:36.699 | INFO     | location_finder:find_location:28 - Location finder func Start
2022-07-19 09:21:36.700 | INFO     | location_finder:find_location:130 - Location finder func end: 1.3113021850585938e-05s
2022-07-19 09:21:36.700 | INFO     | location_finder:find_location:28 - Location finder func Start
2022-07-19 09:21:36.700 | INFO     | location_finder:find_location:130 - Location finder func end: 9.5367431640625e-06s
2022-07-19 09:21:36.700 | INFO     | location_finder:find_location:28 - Location finder func Start
2022-07-19 09:21:36.700 | INFO     | location_finder:find_location:130 - Location finder func end: 1.1444091796875e-05s
2022-07-19 09:21:36.700 | INFO     | location_finder:find_location:28 - Location finder func Start
2022-07-19 09:21:36.700 | INFO     | location_finder:find_location:130 - Location finder func end: 9.5367431640625e-06s
2022-07-19 09:21:36.701 | INFO     | location_finder:find_location:28 - Location finder func Start
2022-07-19 09:21:36.701 | INFO     | location_finder:find_location:130 - Location finder func end: 1.1682510375976562e-05s
2022-07-19 09:21:36.701 | INFO     | location_finder:find_location:28 - Location finder func Start
2022-07-19 09:21:36.701 | INFO     | location_finder:find_location:130 - Location finder func end: 1.3828277587890625e-05s
2022-07-19 09:21:36.701 | INFO     | location_finder:find_location:28 - Location finder func Start
2022-07-19 09:21:36.701 | INFO     | location_finder:find_location:130 - Location finder func end: 1.0251998901367188e-05s
2022-07-19 09:21:36.701 | INFO     | location_finder:find_location:28 - Location finder func Start
2022-07-19 09:21:36.702 | INFO     | location_finder:find_location:130 - Location finder func end: 9.298324584960938e-06s
2022-07-19 09:21:36.702 | INFO     | location_finder:find_location:28 - Location finder func Start
2022-07-19 09:21:36.702 | INFO     | location_finder:find_location:130 - Location finder func end: 1.1920928955078125e-05s
2022-07-19 09:21:36.702 | INFO     | location_finder:find_location:28 - Location finder func Start
2022-07-19 09:21:36.702 | INFO     | location_finder:find_location:130 - Location finder func end: 1.239776611328125e-05s
2022-07-19 09:21:36.702 | INFO     | location_finder:find_location:28 - Location finder func Start
2022-07-19 09:21:36.703 | INFO     | location_finder:find_location:130 - Location finder func end: 1.2874603271484375e-05s
2022-07-19 09:21:36.703 | INFO     | location_finder:find_location:28 - Location finder func Start
2022-07-19 09:21:36.703 | INFO     | location_finder:find_location:130 - Location finder func end: 8.821487426757812e-06s
2022-07-19 09:21:36.703 | INFO     | location_finder:find_location:28 - Location finder func Start
2022-07-19 09:21:36.703 | INFO     | location_finder:find_location:130 - Location finder func end: 1.1444091796875e-05s
2022-07-19 09:21:36.704 | INFO     | location_finder:find_location:28 - Location finder func Start
2022-07-19 09:21:36.704 | INFO     | location_finder:find_location:130 - Location finder func end: 1.2636184692382812e-05s
2022-07-19 09:21:36.704 | INFO     | location_finder:find_location:28 - Location finder func Start
2022-07-19 09:21:36.704 | INFO     | location_finder:find_location:130 - Location finder func end: 1.4781951904296875e-05s
2022-07-19 09:21:36.704 | INFO     | location_finder:find_location:28 - Location finder func Start
2022-07-19 09:21:36.704 | INFO     | location_finder:find_location:130 - Location finder func end: 1.2874603271484375e-05s
2022-07-19 09:21:36.704 | INFO     | location_finder:find_location:28 - Location finder func Start
2022-07-19 09:21:36.705 | INFO     | location_finder:find_location:130 - Location finder func end: 1.2636184692382812e-05s
2022-07-19 09:21:36.705 | INFO     | location_finder:find_location:28 - Location finder func Start
2022-07-19 09:21:36.705 | INFO     | location_finder:find_location:130 - Location finder func end: 1.1920928955078125e-05s
2022-07-19 09:21:36.705 | INFO     | location_finder:find_location:28 - Location finder func Start
2022-07-19 09:21:36.705 | INFO     | location_finder:find_location:130 - Location finder func end: 9.5367431640625e-06s
2022-07-19 09:21:36.705 | INFO     | location_finder:find_location:28 - Location finder func Start
2022-07-19 09:21:36.706 | INFO     | location_finder:find_location:130 - Location finder func end: 1.3828277587890625e-05s
2022-07-19 09:21:36.706 | INFO     | location_finder:find_location:28 - Location finder func Start
2022-07-19 09:21:36.706 | INFO     | location_finder:find_location:130 - Location finder func end: 1.4066696166992188e-05s
2022-07-19 09:21:36.706 | INFO     | location_finder:find_location:28 - Location finder func Start
2022-07-19 09:21:36.706 | INFO     | location_finder:find_location:130 - Location finder func end: 1.3589859008789062e-05s
2022-07-19 09:21:36.706 | INFO     | location_finder:find_location:28 - Location finder func Start
2022-07-19 09:21:36.707 | INFO     | location_finder:find_location:130 - Location finder func end: 1.0013580322265625e-05s
2022-07-19 09:21:36.707 | INFO     | location_finder:find_location:28 - Location finder func Start
2022-07-19 09:21:36.707 | INFO     | location_finder:find_location:130 - Location finder func end: 1.0013580322265625e-05s
2022-07-19 09:21:36.707 | INFO     | location_finder:find_location:28 - Location finder func Start
2022-07-19 09:21:36.707 | INFO     | location_finder:find_location:130 - Location finder func end: 1.0728836059570312e-05s
2022-07-19 09:21:36.707 | INFO     | location_finder:find_location:28 - Location finder func Start
2022-07-19 09:21:36.708 | INFO     | location_finder:find_location:130 - Location finder func end: 1.33514404296875e-05s
2022-07-19 09:21:36.708 | INFO     | location_finder:find_location:28 - Location finder func Start
2022-07-19 09:21:36.708 | INFO     | location_finder:find_location:130 - Location finder func end: 2.765655517578125e-05s
2022-07-19 09:21:36.708 | INFO     | location_finder:find_location:28 - Location finder func Start
2022-07-19 09:21:36.708 | INFO     | location_finder:find_location:130 - Location finder func end: 1.5020370483398438e-05s
2022-07-19 09:21:36.708 | INFO     | location_finder:find_location:28 - Location finder func Start
2022-07-19 09:21:36.709 | INFO     | location_finder:find_location:130 - Location finder func end: 2.09808349609375e-05s
2022-07-19 09:21:36.709 | INFO     | location_finder:find_location:28 - Location finder func Start
2022-07-19 09:21:36.709 | INFO     | location_finder:find_location:130 - Location finder func end: 1.71661376953125e-05s
2022-07-19 09:21:36.709 | INFO     | location_finder:find_location:28 - Location finder func Start
2022-07-19 09:21:36.709 | INFO     | location_finder:find_location:130 - Location finder func end: 1.3589859008789062e-05s
2022-07-19 09:21:36.710 | INFO     | location_finder:find_location:28 - Location finder func Start
2022-07-19 09:21:36.710 | INFO     | location_finder:find_location:130 - Location finder func end: 1.1205673217773438e-05s
2022-07-19 09:21:36.710 | INFO     | location_finder:find_location:28 - Location finder func Start
2022-07-19 09:21:36.710 | INFO     | location_finder:find_location:130 - Location finder func end: 1.1205673217773438e-05s
2022-07-19 09:21:36.710 | INFO     | location_finder:find_location:28 - Location finder func Start
2022-07-19 09:21:36.710 | INFO     | location_finder:find_location:130 - Location finder func end: 2.2172927856445312e-05s
2022-07-19 09:21:36.710 | INFO     | location_finder:find_location:28 - Location finder func Start
2022-07-19 09:21:36.711 | INFO     | location_finder:find_location:130 - Location finder func end: 1.430511474609375e-05s
2022-07-19 09:21:36.711 | INFO     | location_finder:find_location:28 - Location finder func Start
2022-07-19 09:21:36.711 | INFO     | location_finder:find_location:130 - Location finder func end: 1.5497207641601562e-05s
2022-07-19 09:21:36.711 | INFO     | location_finder:find_location:28 - Location finder func Start
2022-07-19 09:21:36.711 | INFO     | location_finder:find_location:130 - Location finder func end: 1.6450881958007812e-05s
2022-07-19 09:21:36.712 | INFO     | location_finder:find_location:28 - Location finder func Start
2022-07-19 09:21:36.712 | INFO     | location_finder:find_location:130 - Location finder func end: 2.9325485229492188e-05s
2022-07-19 09:21:36.712 | INFO     | location_finder:find_location:28 - Location finder func Start
2022-07-19 09:21:36.712 | INFO     | location_finder:find_location:130 - Location finder func end: 2.4557113647460938e-05s
2022-07-19 09:21:36.712 | INFO     | location_finder:find_location:28 - Location finder func Start
2022-07-19 09:21:36.712 | INFO     | location_finder:find_location:130 - Location finder func end: 2.002716064453125e-05s
2022-07-19 09:21:36.713 | INFO     | location_finder:find_location:28 - Location finder func Start
2022-07-19 09:21:36.713 | INFO     | location_finder:find_location:130 - Location finder func end: 1.6927719116210938e-05s
2022-07-19 09:21:36.714 | INFO     | location_updater:update_location:39 - Update Location entries end: 5.093612432479858s
2022-07-19 09:21:36.715 | INFO     | __main__:main:57 - Updating Dataframe end: 5.101214408874512s
2022-07-19 09:21:36.716 | INFO     | __main__:main:61 - Output Dataframe to example/updated_1.xlsx Start
2022-07-19 09:21:36.762 | INFO     | __main__:main:67 - Output to example/updated_1.xlsx end: 0.04627728462219238s
2022-07-19 09:21:36.762 | INFO     | __main__:main:68 - Finished updating locations end: 5.38088583946228s
