2022-07-22 20:43:11.425 | INFO     | __main__:main:39 - Started updating location
2022-07-22 20:43:11.426 | INFO     | __main__:main:42 - Reading Excel Start
2022-07-22 20:43:11.625 | INFO     | __main__:main:48 - Reading Excel end: 0.1994481086730957s
2022-07-22 20:43:11.625 | INFO     | __main__:main:51 - Updating Dataframe Start
2022-07-22 20:43:11.626 | INFO     | location_updater:load_locations_data:119 - Read location json Start
2022-07-22 20:43:11.634 | INFO     | location_updater:load_locations_data:126 - Read location json end: 0.008202791213989258s
2022-07-22 20:43:11.634 | INFO     | location_updater:update_location:33 - Update Location entries Start
2022-07-22 20:43:11.635 | INFO     | location_finder:find_unknown:148 - unknown finder func Start
2022-07-22 20:43:11.635 | INFO     | location_finder:find_unknown:186 - Location finder func end: 0.00011897087097167969s
2022-07-22 20:43:11.635 | INFO     | location_finder:find_unknown:148 - unknown finder func Start
2022-07-22 20:43:11.635 | INFO     | location_finder:find_unknown:186 - Location finder func end: 9.298324584960938e-06s
2022-07-22 20:43:11.636 | INFO     | location_finder:find_unknown:148 - unknown finder func Start
2022-07-22 20:43:11.636 | INFO     | location_finder:find_unknown:186 - Location finder func end: 6.4373016357421875e-06s
2022-07-22 20:43:11.636 | INFO     | location_finder:find_unknown:148 - unknown finder func Start
2022-07-22 20:43:11.636 | INFO     | location_finder:find_unknown:186 - Location finder func end: 6.198883056640625e-06s
2022-07-22 20:43:11.636 | INFO     | location_finder:find_unknown:148 - unknown finder func Start
2022-07-22 20:43:11.636 | INFO     | location_finder:find_unknown:186 - Location finder func end: 5.9604644775390625e-06s
2022-07-22 20:43:11.636 | INFO     | location_finder:find_unknown:148 - unknown finder func Start
2022-07-22 20:43:11.636 | INFO     | location_finder:find_unknown:186 - Location finder func end: 6.198883056640625e-06s
2022-07-22 20:43:11.637 | INFO     | location_finder:find_unknown:148 - unknown finder func Start
2022-07-22 20:43:11.637 | INFO     | location_finder:find_unknown:186 - Location finder func end: 5.7220458984375e-06s
2022-07-22 20:43:11.637 | INFO     | location_finder:find_unknown:148 - unknown finder func Start
2022-07-22 20:43:11.637 | INFO     | location_finder:find_unknown:186 - Location finder func end: 5.7220458984375e-06s
2022-07-22 20:43:11.637 | INFO     | location_finder:find_unknown:148 - unknown finder func Start
2022-07-22 20:43:11.637 | INFO     | location_finder:find_unknown:186 - Location finder func end: 8.58306884765625e-06s
2022-07-22 20:43:11.637 | INFO     | location_finder:find_unknown:148 - unknown finder func Start
2022-07-22 20:43:11.638 | INFO     | location_finder:find_unknown:186 - Location finder func end: 6.4373016357421875e-06s
2022-07-22 20:43:11.638 | INFO     | location_finder:find_unknown:148 - unknown finder func Start
2022-07-22 20:43:11.638 | INFO     | location_finder:find_unknown:186 - Location finder func end: 8.821487426757812e-06s
2022-07-22 20:43:11.638 | INFO     | location_finder:find_unknown:148 - unknown finder func Start
2022-07-22 20:43:11.638 | INFO     | location_finder:find_unknown:186 - Location finder func end: 8.821487426757812e-06s
2022-07-22 20:43:11.638 | INFO     | location_finder:find_unknown:148 - unknown finder func Start
2022-07-22 20:43:11.638 | INFO     | location_finder:find_unknown:186 - Location finder func end: 8.344650268554688e-06s
2022-07-22 20:43:11.638 | INFO     | location_finder:find_unknown:148 - unknown finder func Start
2022-07-22 20:43:11.638 | INFO     | location_finder:find_unknown:186 - Location finder func end: 8.58306884765625e-06s
2022-07-22 20:43:11.639 | INFO     | location_finder:find_unknown:148 - unknown finder func Start
2022-07-22 20:43:11.639 | INFO     | location_finder:find_unknown:186 - Location finder func end: 8.106231689453125e-06s
2022-07-22 20:43:11.639 | INFO     | location_finder:find_unknown:148 - unknown finder func Start
2022-07-22 20:43:11.639 | INFO     | location_finder:find_unknown:186 - Location finder func end: 8.106231689453125e-06s
2022-07-22 20:43:11.639 | INFO     | location_finder:find_unknown:148 - unknown finder func Start
2022-07-22 20:43:11.639 | INFO     | location_finder:find_unknown:186 - Location finder func end: 7.62939453125e-06s
2022-07-22 20:43:11.639 | INFO     | location_finder:find_unknown:148 - unknown finder func Start
2022-07-22 20:43:11.639 | INFO     | location_finder:find_unknown:186 - Location finder func end: 7.867813110351562e-06s
2022-07-22 20:43:11.640 | INFO     | location_finder:find_unknown:148 - unknown finder func Start
2022-07-22 20:43:11.640 | INFO     | location_finder:find_unknown:186 - Location finder func end: 7.867813110351562e-06s
2022-07-22 20:43:11.640 | INFO     | location_finder:find_unknown:148 - unknown finder func Start
2022-07-22 20:43:11.640 | INFO     | location_finder:find_unknown:186 - Location finder func end: 7.152557373046875e-06s
2022-07-22 20:43:11.640 | INFO     | location_finder:find_unknown:148 - unknown finder func Start
2022-07-22 20:43:11.640 | INFO     | location_finder:find_unknown:186 - Location finder func end: 8.106231689453125e-06s
2022-07-22 20:43:11.640 | INFO     | location_finder:find_unknown:148 - unknown finder func Start
2022-07-22 20:43:11.641 | INFO     | location_finder:find_unknown:186 - Location finder func end: 7.867813110351562e-06s
2022-07-22 20:43:11.641 | INFO     | location_finder:find_unknown:148 - unknown finder func Start
2022-07-22 20:43:11.641 | INFO     | location_finder:find_unknown:186 - Location finder func end: 7.3909759521484375e-06s
2022-07-22 20:43:11.641 | INFO     | location_finder:find_unknown:148 - unknown finder func Start
2022-07-22 20:43:11.641 | INFO     | location_finder:find_unknown:186 - Location finder func end: 6.67572021484375e-06s
2022-07-22 20:43:11.641 | INFO     | location_finder:find_unknown:148 - unknown finder func Start
2022-07-22 20:43:11.641 | INFO     | location_finder:find_unknown:186 - Location finder func end: 5.9604644775390625e-06s
2022-07-22 20:43:11.642 | INFO     | location_finder:find_unknown:148 - unknown finder func Start
2022-07-22 20:43:11.642 | INFO     | location_finder:find_unknown:186 - Location finder func end: 8.106231689453125e-06s
2022-07-22 20:43:11.642 | INFO     | location_finder:find_unknown:148 - unknown finder func Start
2022-07-22 20:43:11.642 | INFO     | location_finder:find_unknown:186 - Location finder func end: 9.059906005859375e-06s
2022-07-22 20:43:11.642 | INFO     | location_finder:find_unknown:148 - unknown finder func Start
2022-07-22 20:43:11.643 | INFO     | location_finder:find_unknown:186 - Location finder func end: 8.344650268554688e-06s
2022-07-22 20:43:11.643 | INFO     | location_finder:find_unknown:148 - unknown finder func Start
2022-07-22 20:43:11.643 | INFO     | location_finder:find_unknown:186 - Location finder func end: 1.0013580322265625e-05s
2022-07-22 20:43:11.643 | INFO     | location_finder:find_unknown:148 - unknown finder func Start
2022-07-22 20:43:11.643 | INFO     | location_finder:find_unknown:186 - Location finder func end: 1.811981201171875e-05s
2022-07-22 20:43:11.643 | INFO     | location_finder:find_unknown:148 - unknown finder func Start
2022-07-22 20:43:11.644 | INFO     | location_finder:find_unknown:186 - Location finder func end: 9.5367431640625e-06s
2022-07-22 20:43:11.644 | INFO     | location_finder:find_unknown:148 - unknown finder func Start
2022-07-22 20:43:11.644 | INFO     | location_finder:find_unknown:186 - Location finder func end: 1.0013580322265625e-05s
2022-07-22 20:43:11.644 | INFO     | location_finder:find_unknown:148 - unknown finder func Start
2022-07-22 20:43:11.644 | INFO     | location_finder:find_unknown:186 - Location finder func end: 9.059906005859375e-06s
2022-07-22 20:43:11.644 | INFO     | location_finder:find_unknown:148 - unknown finder func Start
2022-07-22 20:43:11.645 | INFO     | location_finder:find_unknown:186 - Location finder func end: 9.298324584960938e-06s
2022-07-22 20:43:11.645 | INFO     | location_finder:find_unknown:148 - unknown finder func Start
2022-07-22 20:43:11.645 | INFO     | location_finder:find_unknown:186 - Location finder func end: 9.059906005859375e-06s
2022-07-22 20:43:11.645 | INFO     | location_finder:find_unknown:148 - unknown finder func Start
2022-07-22 20:43:11.645 | INFO     | location_finder:find_unknown:186 - Location finder func end: 1.0013580322265625e-05s
2022-07-22 20:43:11.646 | INFO     | location_finder:find_unknown:148 - unknown finder func Start
2022-07-22 20:43:11.646 | INFO     | location_finder:find_unknown:186 - Location finder func end: 1.1920928955078125e-05s
2022-07-22 20:43:11.646 | INFO     | location_finder:find_unknown:148 - unknown finder func Start
2022-07-22 20:43:11.646 | INFO     | location_finder:find_unknown:186 - Location finder func end: 5.7220458984375e-06s
2022-07-22 20:43:11.646 | INFO     | location_finder:find_unknown:148 - unknown finder func Start
2022-07-22 20:43:11.646 | INFO     | location_finder:find_unknown:186 - Location finder func end: 5.0067901611328125e-06s
2022-07-22 20:43:11.646 | INFO     | location_finder:find_unknown:148 - unknown finder func Start
2022-07-22 20:43:11.646 | INFO     | location_finder:find_unknown:186 - Location finder func end: 5.4836273193359375e-06s
2022-07-22 20:43:11.647 | INFO     | location_finder:find_unknown:148 - unknown finder func Start
2022-07-22 20:43:11.647 | INFO     | location_finder:find_unknown:186 - Location finder func end: 1.0728836059570312e-05s
2022-07-22 20:43:11.647 | INFO     | location_finder:find_unknown:148 - unknown finder func Start
2022-07-22 20:43:11.647 | INFO     | location_finder:find_unknown:186 - Location finder func end: 1.5735626220703125e-05s
2022-07-22 20:43:11.647 | INFO     | location_finder:find_unknown:148 - unknown finder func Start
2022-07-22 20:43:11.647 | INFO     | location_finder:find_unknown:186 - Location finder func end: 1.4066696166992188e-05s
2022-07-22 20:43:11.648 | INFO     | location_finder:find_unknown:148 - unknown finder func Start
2022-07-22 20:43:11.648 | INFO     | location_finder:find_unknown:186 - Location finder func end: 7.152557373046875e-06s
2022-07-22 20:43:11.648 | INFO     | location_updater:search_for_unknowns:192 - Search for unknowns Start
2022-07-22 20:43:11.648 | INFO     | location_updater:unknown_sql_query:163 - Location unknown value sql query start
2022-07-22 20:43:13.204 | INFO     | location_updater:unknown_sql_query:189 - Location unknown value sql query end: 1.5563180446624756s
2022-07-22 20:43:13.205 | INFO     | location_updater:unknown_sql_query:163 - Location unknown value sql query start
2022-07-22 20:43:14.768 | INFO     | location_updater:unknown_sql_query:189 - Location unknown value sql query end: 1.5632045269012451s
2022-07-22 20:43:14.768 | INFO     | location_updater:unknown_sql_query:163 - Location unknown value sql query start
2022-07-22 20:43:16.344 | INFO     | location_updater:unknown_sql_query:189 - Location unknown value sql query end: 1.5751698017120361s
2022-07-22 20:43:16.344 | INFO     | location_updater:unknown_sql_query:163 - Location unknown value sql query start
2022-07-22 20:43:17.896 | INFO     | location_updater:unknown_sql_query:189 - Location unknown value sql query end: 1.5517487525939941s
2022-07-22 20:43:17.896 | INFO     | location_updater:search_for_unknowns:204 - Search for unknowns end: 6.248356819152832s
2022-07-22 20:43:17.911 | INFO     | location_finder:find_location:28 - Location finder func Start
2022-07-22 20:43:17.911 | INFO     | location_finder:find_location:126 - Location finder func end: 1.9311904907226562e-05s
2022-07-22 20:43:17.912 | INFO     | location_finder:find_location:28 - Location finder func Start
2022-07-22 20:43:17.912 | INFO     | location_finder:find_location:126 - Location finder func end: 9.775161743164062e-06s
2022-07-22 20:43:17.912 | INFO     | location_finder:find_location:28 - Location finder func Start
2022-07-22 20:43:17.912 | INFO     | location_finder:find_location:126 - Location finder func end: 1.4781951904296875e-05s
2022-07-22 20:43:17.912 | INFO     | location_finder:find_location:28 - Location finder func Start
2022-07-22 20:43:17.912 | INFO     | location_finder:find_location:126 - Location finder func end: 1.430511474609375e-05s
2022-07-22 20:43:17.912 | INFO     | location_finder:find_location:28 - Location finder func Start
2022-07-22 20:43:17.913 | INFO     | location_finder:find_location:126 - Location finder func end: 1.3589859008789062e-05s
2022-07-22 20:43:17.913 | INFO     | location_finder:find_location:28 - Location finder func Start
2022-07-22 20:43:17.913 | INFO     | location_finder:find_location:126 - Location finder func end: 1.3589859008789062e-05s
2022-07-22 20:43:17.913 | INFO     | location_finder:find_location:28 - Location finder func Start
2022-07-22 20:43:17.913 | INFO     | location_finder:find_location:126 - Location finder func end: 1.3589859008789062e-05s
2022-07-22 20:43:17.913 | INFO     | location_finder:find_location:28 - Location finder func Start
2022-07-22 20:43:17.914 | INFO     | location_finder:find_location:126 - Location finder func end: 1.3113021850585938e-05s
2022-07-22 20:43:17.914 | INFO     | location_finder:find_location:28 - Location finder func Start
2022-07-22 20:43:17.914 | INFO     | location_finder:find_location:126 - Location finder func end: 1.3113021850585938e-05s
2022-07-22 20:43:17.914 | INFO     | location_finder:find_location:28 - Location finder func Start
2022-07-22 20:43:17.914 | INFO     | location_finder:find_location:126 - Location finder func end: 1.3113021850585938e-05s
2022-07-22 20:43:17.914 | INFO     | location_finder:find_location:28 - Location finder func Start
2022-07-22 20:43:17.915 | INFO     | location_finder:find_location:126 - Location finder func end: 1.2874603271484375e-05s
2022-07-22 20:43:17.915 | INFO     | location_finder:find_location:28 - Location finder func Start
2022-07-22 20:43:17.915 | INFO     | location_finder:find_location:126 - Location finder func end: 1.0967254638671875e-05s
2022-07-22 20:43:17.915 | INFO     | location_finder:find_location:28 - Location finder func Start
2022-07-22 20:43:17.915 | INFO     | location_finder:find_location:126 - Location finder func end: 9.5367431640625e-06s
2022-07-22 20:43:17.915 | INFO     | location_finder:find_location:28 - Location finder func Start
2022-07-22 20:43:17.915 | INFO     | location_finder:find_location:126 - Location finder func end: 1.9073486328125e-05s
2022-07-22 20:43:17.916 | INFO     | location_finder:find_location:28 - Location finder func Start
2022-07-22 20:43:17.916 | INFO     | location_finder:find_location:126 - Location finder func end: 8.821487426757812e-06s
2022-07-22 20:43:17.916 | INFO     | location_finder:find_location:28 - Location finder func Start
2022-07-22 20:43:17.916 | INFO     | location_finder:find_location:126 - Location finder func end: 8.821487426757812e-06s
2022-07-22 20:43:17.916 | INFO     | location_finder:find_location:28 - Location finder func Start
2022-07-22 20:43:17.916 | INFO     | location_finder:find_location:126 - Location finder func end: 8.58306884765625e-06s
2022-07-22 20:43:17.916 | INFO     | location_finder:find_location:28 - Location finder func Start
2022-07-22 20:43:17.917 | INFO     | location_finder:find_location:126 - Location finder func end: 9.059906005859375e-06s
2022-07-22 20:43:17.917 | INFO     | location_finder:find_location:28 - Location finder func Start
2022-07-22 20:43:17.917 | INFO     | location_finder:find_location:126 - Location finder func end: 9.059906005859375e-06s
2022-07-22 20:43:17.917 | INFO     | location_finder:find_location:28 - Location finder func Start
2022-07-22 20:43:17.917 | INFO     | location_finder:find_location:126 - Location finder func end: 8.821487426757812e-06s
2022-07-22 20:43:17.917 | INFO     | location_finder:find_location:28 - Location finder func Start
2022-07-22 20:43:17.917 | INFO     | location_finder:find_location:126 - Location finder func end: 1.2636184692382812e-05s
2022-07-22 20:43:17.918 | INFO     | location_finder:find_location:28 - Location finder func Start
2022-07-22 20:43:17.918 | INFO     | location_finder:find_location:126 - Location finder func end: 1.239776611328125e-05s
2022-07-22 20:43:17.918 | INFO     | location_finder:find_location:28 - Location finder func Start
2022-07-22 20:43:17.918 | INFO     | location_finder:find_location:126 - Location finder func end: 9.298324584960938e-06s
2022-07-22 20:43:17.918 | INFO     | location_finder:find_location:28 - Location finder func Start
2022-07-22 20:43:17.918 | INFO     | location_finder:find_location:126 - Location finder func end: 9.059906005859375e-06s
2022-07-22 20:43:17.918 | INFO     | location_finder:find_location:28 - Location finder func Start
2022-07-22 20:43:17.919 | INFO     | location_finder:find_location:126 - Location finder func end: 9.059906005859375e-06s
2022-07-22 20:43:17.919 | INFO     | location_finder:find_location:28 - Location finder func Start
2022-07-22 20:43:17.919 | INFO     | location_finder:find_location:126 - Location finder func end: 9.059906005859375e-06s
2022-07-22 20:43:17.919 | INFO     | location_finder:find_location:28 - Location finder func Start
2022-07-22 20:43:17.919 | INFO     | location_finder:find_location:126 - Location finder func end: 9.298324584960938e-06s
2022-07-22 20:43:17.919 | INFO     | location_finder:find_location:28 - Location finder func Start
2022-07-22 20:43:17.920 | INFO     | location_finder:find_location:126 - Location finder func end: 9.5367431640625e-06s
2022-07-22 20:43:17.920 | INFO     | location_finder:find_location:28 - Location finder func Start
2022-07-22 20:43:17.920 | INFO     | location_finder:find_location:126 - Location finder func end: 8.821487426757812e-06s
2022-07-22 20:43:17.920 | INFO     | location_finder:find_location:28 - Location finder func Start
2022-07-22 20:43:17.920 | INFO     | location_finder:find_location:126 - Location finder func end: 2.8371810913085938e-05s
2022-07-22 20:43:17.920 | INFO     | location_finder:find_location:28 - Location finder func Start
2022-07-22 20:43:17.920 | INFO     | location_finder:find_location:126 - Location finder func end: 9.298324584960938e-06s
2022-07-22 20:43:17.921 | INFO     | location_finder:find_location:28 - Location finder func Start
2022-07-22 20:43:17.921 | INFO     | location_finder:find_location:126 - Location finder func end: 9.298324584960938e-06s
2022-07-22 20:43:17.921 | INFO     | location_finder:find_location:28 - Location finder func Start
2022-07-22 20:43:17.921 | INFO     | location_finder:find_location:126 - Location finder func end: 9.775161743164062e-06s
2022-07-22 20:43:17.921 | INFO     | location_finder:find_location:28 - Location finder func Start
2022-07-22 20:43:17.921 | INFO     | location_finder:find_location:126 - Location finder func end: 1.0728836059570312e-05s
2022-07-22 20:43:17.921 | INFO     | location_finder:find_location:28 - Location finder func Start
2022-07-22 20:43:17.922 | INFO     | location_finder:find_location:126 - Location finder func end: 9.775161743164062e-06s
2022-07-22 20:43:17.922 | INFO     | location_finder:find_location:28 - Location finder func Start
2022-07-22 20:43:17.922 | INFO     | location_finder:find_location:126 - Location finder func end: 9.5367431640625e-06s
2022-07-22 20:43:17.922 | INFO     | location_finder:find_location:28 - Location finder func Start
2022-07-22 20:43:17.922 | INFO     | location_finder:find_location:126 - Location finder func end: 2.574920654296875e-05s
2022-07-22 20:43:17.922 | INFO     | location_finder:find_location:28 - Location finder func Start
2022-07-22 20:43:17.922 | INFO     | location_finder:find_location:126 - Location finder func end: 8.821487426757812e-06s
2022-07-22 20:43:17.923 | INFO     | location_finder:find_location:28 - Location finder func Start
2022-07-22 20:43:17.923 | INFO     | location_finder:find_location:126 - Location finder func end: 1.1682510375976562e-05s
2022-07-22 20:43:17.923 | INFO     | location_finder:find_location:28 - Location finder func Start
2022-07-22 20:43:17.923 | INFO     | location_finder:find_location:126 - Location finder func end: 9.5367431640625e-06s
2022-07-22 20:43:17.923 | INFO     | location_finder:find_location:28 - Location finder func Start
2022-07-22 20:43:17.923 | INFO     | location_finder:find_location:126 - Location finder func end: 2.5510787963867188e-05s
2022-07-22 20:43:17.923 | INFO     | location_finder:find_location:28 - Location finder func Start
2022-07-22 20:43:17.924 | INFO     | location_finder:find_location:126 - Location finder func end: 4.00543212890625e-05s
2022-07-22 20:43:17.924 | INFO     | location_finder:find_location:28 - Location finder func Start
2022-07-22 20:43:17.924 | INFO     | location_finder:find_location:126 - Location finder func end: 3.3855438232421875e-05s
2022-07-22 20:43:17.924 | INFO     | location_finder:find_location:28 - Location finder func Start
2022-07-22 20:43:17.924 | INFO     | location_finder:find_location:126 - Location finder func end: 1.7404556274414062e-05s
2022-07-22 20:43:17.925 | INFO     | location_updater:update_location:39 - Update Location entries end: 6.29088568687439s
2022-07-22 20:43:17.926 | INFO     | __main__:main:57 - Updating Dataframe end: 6.3008880615234375s
2022-07-22 20:43:17.927 | INFO     | __main__:main:61 - Output Dataframe to output_1.xlsx Start
2022-07-22 20:43:17.975 | INFO     | __main__:main:67 - Output to output_1.xlsx end: 0.04875040054321289s
2022-07-22 20:43:17.976 | INFO     | __main__:main:68 - Finished updating locations end: 6.552700519561768s
