2022-07-18 16:45:43.782 | INFO     | __main__:main:37 - Started updating location
2022-07-18 16:45:43.783 | INFO     | __main__:main:40 - Reading Excel Start
2022-07-18 16:45:43.908 | INFO     | __main__:main:46 - Reading Excel end: 0.12488818168640137s
2022-07-18 16:45:43.908 | INFO     | __main__:main:49 - Updating Dataframe Start
2022-07-18 16:45:43.908 | INFO     | location_updater:load_locations_data:119 - Read location json Start
2022-07-18 16:45:43.912 | INFO     | location_updater:load_locations_data:126 - Read location json end: 0.003988504409790039s
2022-07-18 16:45:43.912 | INFO     | location_updater:update_location:33 - Update Location entries Start
2022-07-18 16:45:43.913 | INFO     | location_finder:find_unknown:135 - unknown finder func Start
2022-07-18 16:45:43.913 | INFO     | location_finder:find_unknown:172 - Location finder func end: 7.724761962890625e-05s
2022-07-18 16:45:43.913 | INFO     | location_finder:find_unknown:135 - unknown finder func Start
2022-07-18 16:45:43.913 | INFO     | location_finder:find_unknown:172 - Location finder func end: 4.0531158447265625e-06s
2022-07-18 16:45:43.913 | INFO     | location_finder:find_unknown:135 - unknown finder func Start
2022-07-18 16:45:43.913 | INFO     | location_finder:find_unknown:172 - Location finder func end: 5.0067901611328125e-06s
2022-07-18 16:45:43.913 | INFO     | location_finder:find_unknown:135 - unknown finder func Start
2022-07-18 16:45:43.913 | INFO     | location_finder:find_unknown:172 - Location finder func end: 5.0067901611328125e-06s
2022-07-18 16:45:43.914 | INFO     | location_finder:find_unknown:135 - unknown finder func Start
2022-07-18 16:45:43.914 | INFO     | location_finder:find_unknown:172 - Location finder func end: 5.4836273193359375e-06s
2022-07-18 16:45:43.914 | INFO     | location_finder:find_unknown:135 - unknown finder func Start
2022-07-18 16:45:43.914 | INFO     | location_finder:find_unknown:172 - Location finder func end: 5.7220458984375e-06s
2022-07-18 16:45:43.914 | INFO     | location_finder:find_unknown:135 - unknown finder func Start
2022-07-18 16:45:43.914 | INFO     | location_finder:find_unknown:172 - Location finder func end: 5.4836273193359375e-06s
2022-07-18 16:45:43.914 | INFO     | location_finder:find_unknown:135 - unknown finder func Start
2022-07-18 16:45:43.915 | INFO     | location_finder:find_unknown:172 - Location finder func end: 5.9604644775390625e-06s
2022-07-18 16:45:43.915 | INFO     | location_finder:find_unknown:135 - unknown finder func Start
2022-07-18 16:45:43.915 | INFO     | location_finder:find_unknown:172 - Location finder func end: 5.4836273193359375e-06s
2022-07-18 16:45:43.915 | INFO     | location_finder:find_unknown:135 - unknown finder func Start
2022-07-18 16:45:43.915 | INFO     | location_finder:find_unknown:172 - Location finder func end: 5.245208740234375e-06s
2022-07-18 16:45:43.915 | INFO     | location_finder:find_unknown:135 - unknown finder func Start
2022-07-18 16:45:43.915 | INFO     | location_finder:find_unknown:172 - Location finder func end: 5.4836273193359375e-06s
2022-07-18 16:45:43.916 | INFO     | location_finder:find_unknown:135 - unknown finder func Start
2022-07-18 16:45:43.916 | INFO     | location_finder:find_unknown:172 - Location finder func end: 5.245208740234375e-06s
2022-07-18 16:45:43.916 | INFO     | location_finder:find_unknown:135 - unknown finder func Start
2022-07-18 16:45:43.916 | INFO     | location_finder:find_unknown:172 - Location finder func end: 5.245208740234375e-06s
2022-07-18 16:45:43.916 | INFO     | location_finder:find_unknown:135 - unknown finder func Start
2022-07-18 16:45:43.916 | INFO     | location_finder:find_unknown:172 - Location finder func end: 5.245208740234375e-06s
2022-07-18 16:45:43.916 | INFO     | location_finder:find_unknown:135 - unknown finder func Start
2022-07-18 16:45:43.917 | INFO     | location_finder:find_unknown:172 - Location finder func end: 5.7220458984375e-06s
2022-07-18 16:45:43.917 | INFO     | location_finder:find_unknown:135 - unknown finder func Start
2022-07-18 16:45:43.917 | INFO     | location_finder:find_unknown:172 - Location finder func end: 5.4836273193359375e-06s
2022-07-18 16:45:43.917 | INFO     | location_finder:find_unknown:135 - unknown finder func Start
2022-07-18 16:45:43.917 | INFO     | location_finder:find_unknown:172 - Location finder func end: 5.4836273193359375e-06s
2022-07-18 16:45:43.917 | INFO     | location_finder:find_unknown:135 - unknown finder func Start
2022-07-18 16:45:43.917 | INFO     | location_finder:find_unknown:172 - Location finder func end: 5.4836273193359375e-06s
2022-07-18 16:45:43.918 | INFO     | location_finder:find_unknown:135 - unknown finder func Start
2022-07-18 16:45:43.918 | INFO     | location_finder:find_unknown:172 - Location finder func end: 3.814697265625e-06s
2022-07-18 16:45:43.918 | INFO     | location_finder:find_unknown:135 - unknown finder func Start
2022-07-18 16:45:43.918 | INFO     | location_finder:find_unknown:172 - Location finder func end: 4.0531158447265625e-06s
2022-07-18 16:45:43.918 | INFO     | location_finder:find_unknown:135 - unknown finder func Start
2022-07-18 16:45:43.918 | INFO     | location_finder:find_unknown:172 - Location finder func end: 3.814697265625e-06s
2022-07-18 16:45:43.918 | INFO     | location_finder:find_unknown:135 - unknown finder func Start
2022-07-18 16:45:43.918 | INFO     | location_finder:find_unknown:172 - Location finder func end: 4.0531158447265625e-06s
2022-07-18 16:45:43.918 | INFO     | location_finder:find_unknown:135 - unknown finder func Start
2022-07-18 16:45:43.919 | INFO     | location_finder:find_unknown:172 - Location finder func end: 3.814697265625e-06s
2022-07-18 16:45:43.919 | INFO     | location_finder:find_unknown:135 - unknown finder func Start
2022-07-18 16:45:43.919 | INFO     | location_finder:find_unknown:172 - Location finder func end: 3.814697265625e-06s
2022-07-18 16:45:43.919 | INFO     | location_finder:find_unknown:135 - unknown finder func Start
2022-07-18 16:45:43.919 | INFO     | location_finder:find_unknown:172 - Location finder func end: 3.337860107421875e-06s
2022-07-18 16:45:43.919 | INFO     | location_finder:find_unknown:135 - unknown finder func Start
2022-07-18 16:45:43.919 | INFO     | location_finder:find_unknown:172 - Location finder func end: 3.337860107421875e-06s
2022-07-18 16:45:43.919 | INFO     | location_finder:find_unknown:135 - unknown finder func Start
2022-07-18 16:45:43.919 | INFO     | location_finder:find_unknown:172 - Location finder func end: 5.245208740234375e-06s
2022-07-18 16:45:43.919 | INFO     | location_finder:find_unknown:135 - unknown finder func Start
2022-07-18 16:45:43.920 | INFO     | location_finder:find_unknown:172 - Location finder func end: 5.4836273193359375e-06s
2022-07-18 16:45:43.920 | INFO     | location_finder:find_unknown:135 - unknown finder func Start
2022-07-18 16:45:43.920 | INFO     | location_finder:find_unknown:172 - Location finder func end: 5.245208740234375e-06s
2022-07-18 16:45:43.920 | INFO     | location_finder:find_unknown:135 - unknown finder func Start
2022-07-18 16:45:43.920 | INFO     | location_finder:find_unknown:172 - Location finder func end: 1.1205673217773438e-05s
2022-07-18 16:45:43.920 | INFO     | location_finder:find_unknown:135 - unknown finder func Start
2022-07-18 16:45:43.920 | INFO     | location_finder:find_unknown:172 - Location finder func end: 5.4836273193359375e-06s
2022-07-18 16:45:43.920 | INFO     | location_finder:find_unknown:135 - unknown finder func Start
2022-07-18 16:45:43.921 | INFO     | location_finder:find_unknown:172 - Location finder func end: 5.245208740234375e-06s
2022-07-18 16:45:43.921 | INFO     | location_finder:find_unknown:135 - unknown finder func Start
2022-07-18 16:45:43.921 | INFO     | location_finder:find_unknown:172 - Location finder func end: 3.5762786865234375e-06s
2022-07-18 16:45:43.921 | INFO     | location_finder:find_unknown:135 - unknown finder func Start
2022-07-18 16:45:43.921 | INFO     | location_finder:find_unknown:172 - Location finder func end: 5.245208740234375e-06s
2022-07-18 16:45:43.921 | INFO     | location_finder:find_unknown:135 - unknown finder func Start
2022-07-18 16:45:43.921 | INFO     | location_finder:find_unknown:172 - Location finder func end: 6.9141387939453125e-06s
2022-07-18 16:45:43.921 | INFO     | location_finder:find_unknown:135 - unknown finder func Start
2022-07-18 16:45:43.922 | INFO     | location_finder:find_unknown:172 - Location finder func end: 5.245208740234375e-06s
2022-07-18 16:45:43.922 | INFO     | location_finder:find_unknown:135 - unknown finder func Start
2022-07-18 16:45:43.922 | INFO     | location_finder:find_unknown:172 - Location finder func end: 1.049041748046875e-05s
2022-07-18 16:45:43.922 | INFO     | location_finder:find_unknown:135 - unknown finder func Start
2022-07-18 16:45:43.922 | INFO     | location_finder:find_unknown:172 - Location finder func end: 6.4373016357421875e-06s
2022-07-18 16:45:43.922 | INFO     | location_finder:find_unknown:135 - unknown finder func Start
2022-07-18 16:45:43.922 | INFO     | location_finder:find_unknown:172 - Location finder func end: 6.9141387939453125e-06s
2022-07-18 16:45:43.923 | INFO     | location_finder:find_unknown:135 - unknown finder func Start
2022-07-18 16:45:43.923 | INFO     | location_finder:find_unknown:172 - Location finder func end: 6.9141387939453125e-06s
2022-07-18 16:45:43.923 | INFO     | location_finder:find_unknown:135 - unknown finder func Start
2022-07-18 16:45:43.923 | INFO     | location_finder:find_unknown:172 - Location finder func end: 1.1682510375976562e-05s
2022-07-18 16:45:43.923 | INFO     | location_finder:find_unknown:135 - unknown finder func Start
2022-07-18 16:45:43.923 | INFO     | location_finder:find_unknown:172 - Location finder func end: 1.5020370483398438e-05s
2022-07-18 16:45:43.923 | INFO     | location_finder:find_unknown:135 - unknown finder func Start
2022-07-18 16:45:43.924 | INFO     | location_finder:find_unknown:172 - Location finder func end: 1.239776611328125e-05s
2022-07-18 16:45:43.924 | INFO     | location_finder:find_unknown:135 - unknown finder func Start
2022-07-18 16:45:43.924 | INFO     | location_finder:find_unknown:172 - Location finder func end: 9.059906005859375e-06s
2022-07-18 16:45:43.924 | INFO     | location_updater:search_for_unknowns:191 - Search for unknowns Start
2022-07-18 16:45:43.924 | INFO     | location_updater:unknown_sql_query:163 - Location unknown value sql query start
2022-07-18 16:45:45.349 | INFO     | location_updater:unknown_sql_query:188 - Location unknown value sql query end: 1.4243266582489014s
2022-07-18 16:45:45.349 | INFO     | location_updater:unknown_sql_query:163 - Location unknown value sql query start
2022-07-18 16:45:46.709 | INFO     | location_updater:unknown_sql_query:188 - Location unknown value sql query end: 1.359863042831421s
2022-07-18 16:45:46.709 | INFO     | location_updater:unknown_sql_query:163 - Location unknown value sql query start
2022-07-18 16:45:48.079 | INFO     | location_updater:unknown_sql_query:188 - Location unknown value sql query end: 1.369114637374878s
2022-07-18 16:45:48.079 | INFO     | location_updater:unknown_sql_query:163 - Location unknown value sql query start
2022-07-18 16:45:49.449 | INFO     | location_updater:unknown_sql_query:188 - Location unknown value sql query end: 1.3698039054870605s
2022-07-18 16:45:49.449 | INFO     | location_updater:search_for_unknowns:203 - Search for unknowns end: 5.525041103363037s
