2022-07-22 20:00:13.360 | INFO     | __main__:main:39 - Started updating location
2022-07-22 20:00:13.360 | INFO     | __main__:main:42 - Reading Excel Start
2022-07-22 20:00:13.570 | INFO     | __main__:main:48 - Reading Excel end: 0.2099761962890625s
2022-07-22 20:00:13.570 | INFO     | __main__:main:51 - Updating Dataframe Start
2022-07-22 20:00:13.570 | INFO     | location_updater:load_locations_data:119 - Read location json Start
2022-07-22 20:00:13.579 | INFO     | location_updater:load_locations_data:126 - Read location json end: 0.008290529251098633s
2022-07-22 20:00:13.579 | INFO     | location_updater:update_location:33 - Update Location entries Start
2022-07-22 20:00:13.580 | INFO     | location_finder:find_unknown:152 - unknown finder func Start
2022-07-22 20:00:13.580 | INFO     | location_finder:find_unknown:190 - Location finder func end: 0.00011277198791503906s
2022-07-22 20:00:13.580 | INFO     | location_finder:find_unknown:152 - unknown finder func Start
2022-07-22 20:00:13.581 | INFO     | location_finder:find_unknown:190 - Location finder func end: 1.1682510375976562e-05s
2022-07-22 20:00:13.581 | INFO     | location_finder:find_unknown:152 - unknown finder func Start
2022-07-22 20:00:13.581 | INFO     | location_finder:find_unknown:190 - Location finder func end: 6.198883056640625e-06s
2022-07-22 20:00:13.581 | INFO     | location_finder:find_unknown:152 - unknown finder func Start
2022-07-22 20:00:13.581 | INFO     | location_finder:find_unknown:190 - Location finder func end: 7.152557373046875e-06s
2022-07-22 20:00:13.581 | INFO     | location_finder:find_unknown:152 - unknown finder func Start
2022-07-22 20:00:13.582 | INFO     | location_finder:find_unknown:190 - Location finder func end: 9.059906005859375e-06s
2022-07-22 20:00:13.582 | INFO     | location_finder:find_unknown:152 - unknown finder func Start
2022-07-22 20:00:13.582 | INFO     | location_finder:find_unknown:190 - Location finder func end: 6.9141387939453125e-06s
2022-07-22 20:00:13.582 | INFO     | location_finder:find_unknown:152 - unknown finder func Start
2022-07-22 20:00:13.582 | INFO     | location_finder:find_unknown:190 - Location finder func end: 8.821487426757812e-06s
2022-07-22 20:00:13.582 | INFO     | location_finder:find_unknown:152 - unknown finder func Start
2022-07-22 20:00:13.582 | INFO     | location_finder:find_unknown:190 - Location finder func end: 8.821487426757812e-06s
2022-07-22 20:00:13.583 | INFO     | location_finder:find_unknown:152 - unknown finder func Start
2022-07-22 20:00:13.583 | INFO     | location_finder:find_unknown:190 - Location finder func end: 9.775161743164062e-06s
2022-07-22 20:00:13.583 | INFO     | location_finder:find_unknown:152 - unknown finder func Start
2022-07-22 20:00:13.583 | INFO     | location_finder:find_unknown:190 - Location finder func end: 6.67572021484375e-06s
2022-07-22 20:00:13.583 | INFO     | location_finder:find_unknown:152 - unknown finder func Start
2022-07-22 20:00:13.583 | INFO     | location_finder:find_unknown:190 - Location finder func end: 6.4373016357421875e-06s
2022-07-22 20:00:13.583 | INFO     | location_finder:find_unknown:152 - unknown finder func Start
2022-07-22 20:00:13.584 | INFO     | location_finder:find_unknown:190 - Location finder func end: 7.152557373046875e-06s
2022-07-22 20:00:13.584 | INFO     | location_finder:find_unknown:152 - unknown finder func Start
2022-07-22 20:00:13.584 | INFO     | location_finder:find_unknown:190 - Location finder func end: 1.0013580322265625e-05s
2022-07-22 20:00:13.584 | INFO     | location_finder:find_unknown:152 - unknown finder func Start
2022-07-22 20:00:13.584 | INFO     | location_finder:find_unknown:190 - Location finder func end: 6.198883056640625e-06s
2022-07-22 20:00:13.584 | INFO     | location_finder:find_unknown:152 - unknown finder func Start
2022-07-22 20:00:13.584 | INFO     | location_finder:find_unknown:190 - Location finder func end: 6.4373016357421875e-06s
2022-07-22 20:00:13.585 | INFO     | location_finder:find_unknown:152 - unknown finder func Start
2022-07-22 20:00:13.585 | INFO     | location_finder:find_unknown:190 - Location finder func end: 8.344650268554688e-06s
2022-07-22 20:00:13.585 | INFO     | location_finder:find_unknown:152 - unknown finder func Start
2022-07-22 20:00:13.585 | INFO     | location_finder:find_unknown:190 - Location finder func end: 6.9141387939453125e-06s
2022-07-22 20:00:13.585 | INFO     | location_finder:find_unknown:152 - unknown finder func Start
2022-07-22 20:00:13.585 | INFO     | location_finder:find_unknown:190 - Location finder func end: 1.049041748046875e-05s
2022-07-22 20:00:13.585 | INFO     | location_finder:find_unknown:152 - unknown finder func Start
2022-07-22 20:00:13.586 | INFO     | location_finder:find_unknown:190 - Location finder func end: 9.775161743164062e-06s
2022-07-22 20:00:13.586 | INFO     | location_finder:find_unknown:152 - unknown finder func Start
2022-07-22 20:00:13.586 | INFO     | location_finder:find_unknown:190 - Location finder func end: 6.4373016357421875e-06s
2022-07-22 20:00:13.586 | INFO     | location_finder:find_unknown:152 - unknown finder func Start
2022-07-22 20:00:13.586 | INFO     | location_finder:find_unknown:190 - Location finder func end: 6.4373016357421875e-06s
2022-07-22 20:00:13.586 | INFO     | location_finder:find_unknown:152 - unknown finder func Start
2022-07-22 20:00:13.586 | INFO     | location_finder:find_unknown:190 - Location finder func end: 8.106231689453125e-06s
2022-07-22 20:00:13.587 | INFO     | location_finder:find_unknown:152 - unknown finder func Start
2022-07-22 20:00:13.587 | INFO     | location_finder:find_unknown:190 - Location finder func end: 6.67572021484375e-06s
2022-07-22 20:00:13.587 | INFO     | location_finder:find_unknown:152 - unknown finder func Start
2022-07-22 20:00:13.587 | INFO     | location_finder:find_unknown:190 - Location finder func end: 5.7220458984375e-06s
2022-07-22 20:00:13.587 | INFO     | location_finder:find_unknown:152 - unknown finder func Start
2022-07-22 20:00:13.587 | INFO     | location_finder:find_unknown:190 - Location finder func end: 5.9604644775390625e-06s
2022-07-22 20:00:13.587 | INFO     | location_finder:find_unknown:152 - unknown finder func Start
2022-07-22 20:00:13.588 | INFO     | location_finder:find_unknown:190 - Location finder func end: 6.67572021484375e-06s
2022-07-22 20:00:13.588 | INFO     | location_finder:find_unknown:152 - unknown finder func Start
2022-07-22 20:00:13.588 | INFO     | location_finder:find_unknown:190 - Location finder func end: 7.867813110351562e-06s
2022-07-22 20:00:13.588 | INFO     | location_finder:find_unknown:152 - unknown finder func Start
2022-07-22 20:00:13.588 | INFO     | location_finder:find_unknown:190 - Location finder func end: 5.9604644775390625e-06s
2022-07-22 20:00:13.588 | INFO     | location_finder:find_unknown:152 - unknown finder func Start
2022-07-22 20:00:13.588 | INFO     | location_finder:find_unknown:190 - Location finder func end: 7.867813110351562e-06s
2022-07-22 20:00:13.589 | INFO     | location_finder:find_unknown:152 - unknown finder func Start
2022-07-22 20:00:13.589 | INFO     | location_finder:find_unknown:190 - Location finder func end: 1.2159347534179688e-05s
2022-07-22 20:00:13.589 | INFO     | location_finder:find_unknown:152 - unknown finder func Start
2022-07-22 20:00:13.589 | INFO     | location_finder:find_unknown:190 - Location finder func end: 5.9604644775390625e-06s
2022-07-22 20:00:13.589 | INFO     | location_finder:find_unknown:152 - unknown finder func Start
2022-07-22 20:00:13.589 | INFO     | location_finder:find_unknown:190 - Location finder func end: 5.9604644775390625e-06s
2022-07-22 20:00:13.590 | INFO     | location_finder:find_unknown:152 - unknown finder func Start
2022-07-22 20:00:13.590 | INFO     | location_finder:find_unknown:190 - Location finder func end: 5.7220458984375e-06s
2022-07-22 20:00:13.590 | INFO     | location_finder:find_unknown:152 - unknown finder func Start
2022-07-22 20:00:13.590 | INFO     | location_finder:find_unknown:190 - Location finder func end: 5.9604644775390625e-06s
2022-07-22 20:00:13.590 | INFO     | location_finder:find_unknown:152 - unknown finder func Start
2022-07-22 20:00:13.590 | INFO     | location_finder:find_unknown:190 - Location finder func end: 6.9141387939453125e-06s
2022-07-22 20:00:13.590 | INFO     | location_finder:find_unknown:152 - unknown finder func Start
2022-07-22 20:00:13.591 | INFO     | location_finder:find_unknown:190 - Location finder func end: 8.344650268554688e-06s
2022-07-22 20:00:13.591 | INFO     | location_finder:find_unknown:152 - unknown finder func Start
2022-07-22 20:00:13.591 | INFO     | location_finder:find_unknown:190 - Location finder func end: 9.5367431640625e-06s
2022-07-22 20:00:13.591 | INFO     | location_finder:find_unknown:152 - unknown finder func Start
2022-07-22 20:00:13.591 | INFO     | location_finder:find_unknown:190 - Location finder func end: 7.152557373046875e-06s
2022-07-22 20:00:13.591 | INFO     | location_finder:find_unknown:152 - unknown finder func Start
2022-07-22 20:00:13.591 | INFO     | location_finder:find_unknown:190 - Location finder func end: 8.106231689453125e-06s
2022-07-22 20:00:13.592 | INFO     | location_finder:find_unknown:152 - unknown finder func Start
2022-07-22 20:00:13.592 | INFO     | location_finder:find_unknown:190 - Location finder func end: 6.198883056640625e-06s
2022-07-22 20:00:13.592 | INFO     | location_finder:find_unknown:152 - unknown finder func Start
2022-07-22 20:00:13.592 | INFO     | location_finder:find_unknown:190 - Location finder func end: 9.059906005859375e-06s
2022-07-22 20:00:13.592 | INFO     | location_finder:find_unknown:152 - unknown finder func Start
2022-07-22 20:00:13.592 | INFO     | location_finder:find_unknown:190 - Location finder func end: 1.2159347534179688e-05s
2022-07-22 20:00:13.592 | INFO     | location_finder:find_unknown:152 - unknown finder func Start
2022-07-22 20:00:13.593 | INFO     | location_finder:find_unknown:190 - Location finder func end: 1.3828277587890625e-05s
2022-07-22 20:00:13.593 | INFO     | location_finder:find_unknown:152 - unknown finder func Start
2022-07-22 20:00:13.593 | INFO     | location_finder:find_unknown:190 - Location finder func end: 1.0251998901367188e-05s
2022-07-22 20:00:13.593 | INFO     | location_updater:search_for_unknowns:192 - Search for unknowns Start
2022-07-22 20:00:13.593 | INFO     | location_updater:unknown_sql_query:163 - Location unknown value sql query start
2022-07-22 20:00:15.194 | INFO     | location_updater:unknown_sql_query:189 - Location unknown value sql query end: 1.6006255149841309s
2022-07-22 20:00:15.194 | INFO     | location_updater:unknown_sql_query:163 - Location unknown value sql query start
2022-07-22 20:00:16.789 | INFO     | location_updater:unknown_sql_query:189 - Location unknown value sql query end: 1.5947799682617188s
2022-07-22 20:00:16.790 | INFO     | location_updater:unknown_sql_query:163 - Location unknown value sql query start
2022-07-22 20:00:18.362 | INFO     | location_updater:unknown_sql_query:189 - Location unknown value sql query end: 1.5723984241485596s
2022-07-22 20:00:18.362 | INFO     | location_updater:unknown_sql_query:163 - Location unknown value sql query start
2022-07-22 20:00:19.955 | INFO     | location_updater:unknown_sql_query:189 - Location unknown value sql query end: 1.5921196937561035s
2022-07-22 20:00:19.955 | INFO     | location_updater:search_for_unknowns:204 - Search for unknowns end: 6.361946105957031s
2022-07-22 20:00:19.968 | INFO     | location_finder:find_location:28 - Location finder func Start
2022-07-22 20:00:19.968 | INFO     | location_finder:find_location:130 - Location finder func end: 1.8596649169921875e-05s
2022-07-22 20:00:19.969 | INFO     | location_finder:find_location:28 - Location finder func Start
2022-07-22 20:00:19.969 | INFO     | location_finder:find_location:130 - Location finder func end: 1.5497207641601562e-05s
2022-07-22 20:00:19.969 | INFO     | location_finder:find_location:28 - Location finder func Start
2022-07-22 20:00:19.969 | INFO     | location_finder:find_location:130 - Location finder func end: 1.0013580322265625e-05s
2022-07-22 20:00:19.969 | INFO     | location_finder:find_location:28 - Location finder func Start
2022-07-22 20:00:19.969 | INFO     | location_finder:find_location:130 - Location finder func end: 1.0251998901367188e-05s
2022-07-22 20:00:19.969 | INFO     | location_finder:find_location:28 - Location finder func Start
2022-07-22 20:00:19.970 | INFO     | location_finder:find_location:130 - Location finder func end: 9.5367431640625e-06s
2022-07-22 20:00:19.970 | INFO     | location_finder:find_location:28 - Location finder func Start
2022-07-22 20:00:19.970 | INFO     | location_finder:find_location:130 - Location finder func end: 1.0013580322265625e-05s
2022-07-22 20:00:19.970 | INFO     | location_finder:find_location:28 - Location finder func Start
2022-07-22 20:00:19.970 | INFO     | location_finder:find_location:130 - Location finder func end: 9.298324584960938e-06s
2022-07-22 20:00:19.970 | INFO     | location_finder:find_location:28 - Location finder func Start
2022-07-22 20:00:19.970 | INFO     | location_finder:find_location:130 - Location finder func end: 8.58306884765625e-06s
2022-07-22 20:00:19.971 | INFO     | location_finder:find_location:28 - Location finder func Start
2022-07-22 20:00:19.971 | INFO     | location_finder:find_location:130 - Location finder func end: 9.5367431640625e-06s
2022-07-22 20:00:19.971 | INFO     | location_finder:find_location:28 - Location finder func Start
2022-07-22 20:00:19.971 | INFO     | location_finder:find_location:130 - Location finder func end: 9.298324584960938e-06s
2022-07-22 20:00:19.971 | INFO     | location_finder:find_location:28 - Location finder func Start
2022-07-22 20:00:19.971 | INFO     | location_finder:find_location:130 - Location finder func end: 9.298324584960938e-06s
2022-07-22 20:00:19.971 | INFO     | location_finder:find_location:28 - Location finder func Start
2022-07-22 20:00:19.972 | INFO     | location_finder:find_location:130 - Location finder func end: 1.1920928955078125e-05s
2022-07-22 20:00:19.972 | INFO     | location_finder:find_location:28 - Location finder func Start
2022-07-22 20:00:19.972 | INFO     | location_finder:find_location:130 - Location finder func end: 1.239776611328125e-05s
2022-07-22 20:00:19.972 | INFO     | location_finder:find_location:28 - Location finder func Start
2022-07-22 20:00:19.972 | INFO     | location_finder:find_location:130 - Location finder func end: 1.1920928955078125e-05s
2022-07-22 20:00:19.972 | INFO     | location_finder:find_location:28 - Location finder func Start
2022-07-22 20:00:19.973 | INFO     | location_finder:find_location:130 - Location finder func end: 1.1444091796875e-05s
2022-07-22 20:00:19.973 | INFO     | location_finder:find_location:28 - Location finder func Start
2022-07-22 20:00:19.973 | INFO     | location_finder:find_location:130 - Location finder func end: 1.1444091796875e-05s
2022-07-22 20:00:19.973 | INFO     | location_finder:find_location:28 - Location finder func Start
2022-07-22 20:00:19.973 | INFO     | location_finder:find_location:130 - Location finder func end: 1.1682510375976562e-05s
2022-07-22 20:00:19.974 | INFO     | location_finder:find_location:28 - Location finder func Start
2022-07-22 20:00:19.974 | INFO     | location_finder:find_location:130 - Location finder func end: 1.2159347534179688e-05s
2022-07-22 20:00:19.974 | INFO     | location_finder:find_location:28 - Location finder func Start
2022-07-22 20:00:19.974 | INFO     | location_finder:find_location:130 - Location finder func end: 1.239776611328125e-05s
2022-07-22 20:00:19.974 | INFO     | location_finder:find_location:28 - Location finder func Start
2022-07-22 20:00:19.975 | INFO     | location_finder:find_location:130 - Location finder func end: 1.3828277587890625e-05s
2022-07-22 20:00:19.975 | INFO     | location_finder:find_location:28 - Location finder func Start
2022-07-22 20:00:19.975 | INFO     | location_finder:find_location:130 - Location finder func end: 1.3113021850585938e-05s
2022-07-22 20:00:19.975 | INFO     | location_finder:find_location:28 - Location finder func Start
2022-07-22 20:00:19.975 | INFO     | location_finder:find_location:130 - Location finder func end: 1.3828277587890625e-05s
2022-07-22 20:00:19.976 | INFO     | location_finder:find_location:28 - Location finder func Start
2022-07-22 20:00:19.976 | INFO     | location_finder:find_location:130 - Location finder func end: 1.5497207641601562e-05s
2022-07-22 20:00:19.976 | INFO     | location_finder:find_location:28 - Location finder func Start
2022-07-22 20:00:19.976 | INFO     | location_finder:find_location:130 - Location finder func end: 1.4066696166992188e-05s
2022-07-22 20:00:19.976 | INFO     | location_finder:find_location:28 - Location finder func Start
2022-07-22 20:00:19.976 | INFO     | location_finder:find_location:130 - Location finder func end: 1.2874603271484375e-05s
2022-07-22 20:00:19.977 | INFO     | location_finder:find_location:28 - Location finder func Start
2022-07-22 20:00:19.977 | INFO     | location_finder:find_location:130 - Location finder func end: 1.2636184692382812e-05s
2022-07-22 20:00:19.977 | INFO     | location_finder:find_location:28 - Location finder func Start
2022-07-22 20:00:19.977 | INFO     | location_finder:find_location:130 - Location finder func end: 1.2159347534179688e-05s
2022-07-22 20:00:19.977 | INFO     | location_finder:find_location:28 - Location finder func Start
2022-07-22 20:00:19.977 | INFO     | location_finder:find_location:130 - Location finder func end: 1.1682510375976562e-05s
2022-07-22 20:00:19.978 | INFO     | location_finder:find_location:28 - Location finder func Start
2022-07-22 20:00:19.978 | INFO     | location_finder:find_location:130 - Location finder func end: 1.2874603271484375e-05s
2022-07-22 20:00:19.978 | INFO     | location_finder:find_location:28 - Location finder func Start
2022-07-22 20:00:19.978 | INFO     | location_finder:find_location:130 - Location finder func end: 3.0994415283203125e-05s
2022-07-22 20:00:19.978 | INFO     | location_finder:find_location:28 - Location finder func Start
2022-07-22 20:00:19.979 | INFO     | location_finder:find_location:130 - Location finder func end: 1.3828277587890625e-05s
2022-07-22 20:00:19.979 | INFO     | location_finder:find_location:28 - Location finder func Start
2022-07-22 20:00:19.979 | INFO     | location_finder:find_location:130 - Location finder func end: 1.1920928955078125e-05s
2022-07-22 20:00:19.979 | INFO     | location_finder:find_location:28 - Location finder func Start
2022-07-22 20:00:19.979 | INFO     | location_finder:find_location:130 - Location finder func end: 1.2874603271484375e-05s
2022-07-22 20:00:19.979 | INFO     | location_finder:find_location:28 - Location finder func Start
2022-07-22 20:00:19.980 | INFO     | location_finder:find_location:130 - Location finder func end: 1.3113021850585938e-05s
2022-07-22 20:00:19.980 | INFO     | location_finder:find_location:28 - Location finder func Start
2022-07-22 20:00:19.980 | INFO     | location_finder:find_location:130 - Location finder func end: 1.239776611328125e-05s
2022-07-22 20:00:19.980 | INFO     | location_finder:find_location:28 - Location finder func Start
2022-07-22 20:00:19.980 | INFO     | location_finder:find_location:130 - Location finder func end: 1.33514404296875e-05s
2022-07-22 20:00:19.981 | INFO     | location_finder:find_location:28 - Location finder func Start
2022-07-22 20:00:19.981 | INFO     | location_finder:find_location:130 - Location finder func end: 2.2411346435546875e-05s
2022-07-22 20:00:19.981 | INFO     | location_finder:find_location:28 - Location finder func Start
2022-07-22 20:00:19.981 | INFO     | location_finder:find_location:130 - Location finder func end: 1.4066696166992188e-05s
2022-07-22 20:00:19.981 | INFO     | location_finder:find_location:28 - Location finder func Start
2022-07-22 20:00:19.982 | INFO     | location_finder:find_location:130 - Location finder func end: 1.2874603271484375e-05s
2022-07-22 20:00:19.982 | INFO     | location_finder:find_location:28 - Location finder func Start
2022-07-22 20:00:19.982 | INFO     | location_finder:find_location:130 - Location finder func end: 1.1920928955078125e-05s
2022-07-22 20:00:19.982 | INFO     | location_finder:find_location:28 - Location finder func Start
2022-07-22 20:00:19.982 | INFO     | location_finder:find_location:130 - Location finder func end: 2.2411346435546875e-05s
2022-07-22 20:00:19.983 | INFO     | location_finder:find_location:28 - Location finder func Start
2022-07-22 20:00:19.983 | INFO     | location_finder:find_location:130 - Location finder func end: 2.8848648071289062e-05s
2022-07-22 20:00:19.983 | INFO     | location_finder:find_location:28 - Location finder func Start
2022-07-22 20:00:19.983 | INFO     | location_finder:find_location:130 - Location finder func end: 2.5272369384765625e-05s
2022-07-22 20:00:19.983 | INFO     | location_finder:find_location:28 - Location finder func Start
2022-07-22 20:00:19.984 | INFO     | location_finder:find_location:130 - Location finder func end: 1.5735626220703125e-05s
2022-07-22 20:00:19.984 | INFO     | location_updater:update_location:39 - Update Location entries end: 6.4048144817352295s
2022-07-22 20:00:19.985 | INFO     | __main__:main:57 - Updating Dataframe end: 6.414554595947266s
2022-07-22 20:00:19.985 | INFO     | __main__:main:61 - Output Dataframe to output_1.xlsx Start
2022-07-22 20:00:20.028 | INFO     | __main__:main:67 - Output to output_1.xlsx end: 0.0430750846862793s
2022-07-22 20:00:20.029 | INFO     | __main__:main:68 - Finished updating locations end: 6.671386003494263s
