2022-07-19 09:27:17.584 | INFO     | __main__:main:39 - Started updating location
2022-07-19 09:27:17.584 | INFO     | __main__:main:42 - Reading Excel Start
2022-07-19 09:27:17.786 | INFO     | __main__:main:48 - Reading Excel end: 0.2016129493713379s
2022-07-19 09:27:17.786 | INFO     | __main__:main:51 - Updating Dataframe Start
2022-07-19 09:27:17.786 | INFO     | location_updater:load_locations_data:119 - Read location json Start
2022-07-19 09:27:17.790 | INFO     | location_updater:load_locations_data:126 - Read location json end: 0.0037796497344970703s
2022-07-19 09:27:17.790 | INFO     | location_updater:update_location:33 - Update Location entries Start
2022-07-19 09:27:17.791 | INFO     | location_finder:find_unknown:152 - unknown finder func Start
2022-07-19 09:27:17.791 | INFO     | location_finder:find_unknown:190 - Location finder func end: 0.00010538101196289062s
2022-07-19 09:27:17.791 | INFO     | location_finder:find_unknown:152 - unknown finder func Start
2022-07-19 09:27:17.791 | INFO     | location_finder:find_unknown:190 - Location finder func end: 9.5367431640625e-06s
2022-07-19 09:27:17.792 | INFO     | location_finder:find_unknown:152 - unknown finder func Start
2022-07-19 09:27:17.792 | INFO     | location_finder:find_unknown:190 - Location finder func end: 6.67572021484375e-06s
2022-07-19 09:27:17.792 | INFO     | location_finder:find_unknown:152 - unknown finder func Start
2022-07-19 09:27:17.792 | INFO     | location_finder:find_unknown:190 - Location finder func end: 1.0251998901367188e-05s
2022-07-19 09:27:17.792 | INFO     | location_finder:find_unknown:152 - unknown finder func Start
2022-07-19 09:27:17.792 | INFO     | location_finder:find_unknown:190 - Location finder func end: 9.5367431640625e-06s
2022-07-19 09:27:17.792 | INFO     | location_finder:find_unknown:152 - unknown finder func Start
2022-07-19 09:27:17.793 | INFO     | location_finder:find_unknown:190 - Location finder func end: 6.9141387939453125e-06s
2022-07-19 09:27:17.793 | INFO     | location_finder:find_unknown:152 - unknown finder func Start
2022-07-19 09:27:17.793 | INFO     | location_finder:find_unknown:190 - Location finder func end: 7.3909759521484375e-06s
2022-07-19 09:27:17.793 | INFO     | location_finder:find_unknown:152 - unknown finder func Start
2022-07-19 09:27:17.793 | INFO     | location_finder:find_unknown:190 - Location finder func end: 1.0251998901367188e-05s
2022-07-19 09:27:17.793 | INFO     | location_finder:find_unknown:152 - unknown finder func Start
2022-07-19 09:27:17.794 | INFO     | location_finder:find_unknown:190 - Location finder func end: 7.152557373046875e-06s
2022-07-19 09:27:17.794 | INFO     | location_finder:find_unknown:152 - unknown finder func Start
2022-07-19 09:27:17.794 | INFO     | location_finder:find_unknown:190 - Location finder func end: 9.5367431640625e-06s
2022-07-19 09:27:17.794 | INFO     | location_finder:find_unknown:152 - unknown finder func Start
2022-07-19 09:27:17.794 | INFO     | location_finder:find_unknown:190 - Location finder func end: 6.9141387939453125e-06s
2022-07-19 09:27:17.794 | INFO     | location_finder:find_unknown:152 - unknown finder func Start
2022-07-19 09:27:17.795 | INFO     | location_finder:find_unknown:190 - Location finder func end: 9.298324584960938e-06s
2022-07-19 09:27:17.795 | INFO     | location_finder:find_unknown:152 - unknown finder func Start
2022-07-19 09:27:17.795 | INFO     | location_finder:find_unknown:190 - Location finder func end: 6.67572021484375e-06s
2022-07-19 09:27:17.795 | INFO     | location_finder:find_unknown:152 - unknown finder func Start
2022-07-19 09:27:17.795 | INFO     | location_finder:find_unknown:190 - Location finder func end: 6.198883056640625e-06s
2022-07-19 09:27:17.795 | INFO     | location_finder:find_unknown:152 - unknown finder func Start
2022-07-19 09:27:17.795 | INFO     | location_finder:find_unknown:190 - Location finder func end: 6.4373016357421875e-06s
2022-07-19 09:27:17.796 | INFO     | location_finder:find_unknown:152 - unknown finder func Start
2022-07-19 09:27:17.796 | INFO     | location_finder:find_unknown:190 - Location finder func end: 6.9141387939453125e-06s
2022-07-19 09:27:17.796 | INFO     | location_finder:find_unknown:152 - unknown finder func Start
2022-07-19 09:27:17.796 | INFO     | location_finder:find_unknown:190 - Location finder func end: 8.344650268554688e-06s
2022-07-19 09:27:17.796 | INFO     | location_finder:find_unknown:152 - unknown finder func Start
2022-07-19 09:27:17.796 | INFO     | location_finder:find_unknown:190 - Location finder func end: 9.059906005859375e-06s
2022-07-19 09:27:17.796 | INFO     | location_finder:find_unknown:152 - unknown finder func Start
2022-07-19 09:27:17.797 | INFO     | location_finder:find_unknown:190 - Location finder func end: 8.106231689453125e-06s
2022-07-19 09:27:17.797 | INFO     | location_finder:find_unknown:152 - unknown finder func Start
2022-07-19 09:27:17.797 | INFO     | location_finder:find_unknown:190 - Location finder func end: 8.821487426757812e-06s
2022-07-19 09:27:17.797 | INFO     | location_finder:find_unknown:152 - unknown finder func Start
2022-07-19 09:27:17.797 | INFO     | location_finder:find_unknown:190 - Location finder func end: 7.62939453125e-06s
2022-07-19 09:27:17.797 | INFO     | location_finder:find_unknown:152 - unknown finder func Start
2022-07-19 09:27:17.797 | INFO     | location_finder:find_unknown:190 - Location finder func end: 7.62939453125e-06s
2022-07-19 09:27:17.798 | INFO     | location_finder:find_unknown:152 - unknown finder func Start
2022-07-19 09:27:17.798 | INFO     | location_finder:find_unknown:190 - Location finder func end: 1.0013580322265625e-05s
2022-07-19 09:27:17.798 | INFO     | location_finder:find_unknown:152 - unknown finder func Start
2022-07-19 09:27:17.798 | INFO     | location_finder:find_unknown:190 - Location finder func end: 1.049041748046875e-05s
2022-07-19 09:27:17.798 | INFO     | location_finder:find_unknown:152 - unknown finder func Start
2022-07-19 09:27:17.798 | INFO     | location_finder:find_unknown:190 - Location finder func end: 8.106231689453125e-06s
2022-07-19 09:27:17.799 | INFO     | location_finder:find_unknown:152 - unknown finder func Start
2022-07-19 09:27:17.799 | INFO     | location_finder:find_unknown:190 - Location finder func end: 1.0251998901367188e-05s
2022-07-19 09:27:17.799 | INFO     | location_finder:find_unknown:152 - unknown finder func Start
2022-07-19 09:27:17.799 | INFO     | location_finder:find_unknown:190 - Location finder func end: 8.344650268554688e-06s
2022-07-19 09:27:17.799 | INFO     | location_finder:find_unknown:152 - unknown finder func Start
2022-07-19 09:27:17.799 | INFO     | location_finder:find_unknown:190 - Location finder func end: 1.0013580322265625e-05s
2022-07-19 09:27:17.800 | INFO     | location_finder:find_unknown:152 - unknown finder func Start
2022-07-19 09:27:17.800 | INFO     | location_finder:find_unknown:190 - Location finder func end: 1.0013580322265625e-05s
2022-07-19 09:27:17.800 | INFO     | location_finder:find_unknown:152 - unknown finder func Start
2022-07-19 09:27:17.800 | INFO     | location_finder:find_unknown:190 - Location finder func end: 2.002716064453125e-05s
2022-07-19 09:27:17.800 | INFO     | location_finder:find_unknown:152 - unknown finder func Start
2022-07-19 09:27:17.800 | INFO     | location_finder:find_unknown:190 - Location finder func end: 1.1682510375976562e-05s
2022-07-19 09:27:17.801 | INFO     | location_finder:find_unknown:152 - unknown finder func Start
2022-07-19 09:27:17.801 | INFO     | location_finder:find_unknown:190 - Location finder func end: 1.0967254638671875e-05s
2022-07-19 09:27:17.801 | INFO     | location_finder:find_unknown:152 - unknown finder func Start
2022-07-19 09:27:17.801 | INFO     | location_finder:find_unknown:190 - Location finder func end: 1.2159347534179688e-05s
2022-07-19 09:27:17.801 | INFO     | location_finder:find_unknown:152 - unknown finder func Start
2022-07-19 09:27:17.802 | INFO     | location_finder:find_unknown:190 - Location finder func end: 1.0967254638671875e-05s
2022-07-19 09:27:17.802 | INFO     | location_finder:find_unknown:152 - unknown finder func Start
2022-07-19 09:27:17.802 | INFO     | location_finder:find_unknown:190 - Location finder func end: 1.1682510375976562e-05s
2022-07-19 09:27:17.802 | INFO     | location_finder:find_unknown:152 - unknown finder func Start
2022-07-19 09:27:17.802 | INFO     | location_finder:find_unknown:190 - Location finder func end: 7.62939453125e-06s
2022-07-19 09:27:17.802 | INFO     | location_finder:find_unknown:152 - unknown finder func Start
2022-07-19 09:27:17.803 | INFO     | location_finder:find_unknown:190 - Location finder func end: 1.33514404296875e-05s
2022-07-19 09:27:17.803 | INFO     | location_finder:find_unknown:152 - unknown finder func Start
2022-07-19 09:27:17.803 | INFO     | location_finder:find_unknown:190 - Location finder func end: 6.9141387939453125e-06s
2022-07-19 09:27:17.803 | INFO     | location_finder:find_unknown:152 - unknown finder func Start
2022-07-19 09:27:17.803 | INFO     | location_finder:find_unknown:190 - Location finder func end: 9.775161743164062e-06s
2022-07-19 09:27:17.803 | INFO     | location_finder:find_unknown:152 - unknown finder func Start
2022-07-19 09:27:17.803 | INFO     | location_finder:find_unknown:190 - Location finder func end: 1.0013580322265625e-05s
2022-07-19 09:27:17.804 | INFO     | location_finder:find_unknown:152 - unknown finder func Start
2022-07-19 09:27:17.804 | INFO     | location_finder:find_unknown:190 - Location finder func end: 1.2159347534179688e-05s
2022-07-19 09:27:17.804 | INFO     | location_finder:find_unknown:152 - unknown finder func Start
2022-07-19 09:27:17.804 | INFO     | location_finder:find_unknown:190 - Location finder func end: 1.2636184692382812e-05s
2022-07-19 09:27:17.804 | INFO     | location_finder:find_unknown:152 - unknown finder func Start
2022-07-19 09:27:17.804 | INFO     | location_finder:find_unknown:190 - Location finder func end: 1.239776611328125e-05s
2022-07-19 09:27:17.804 | INFO     | location_finder:find_unknown:152 - unknown finder func Start
2022-07-19 09:27:17.805 | INFO     | location_finder:find_unknown:190 - Location finder func end: 1.049041748046875e-05s
2022-07-19 09:27:17.805 | INFO     | location_updater:search_for_unknowns:192 - Search for unknowns Start
2022-07-19 09:27:17.805 | INFO     | location_updater:unknown_sql_query:163 - Location unknown value sql query start
2022-07-19 09:27:19.356 | INFO     | location_updater:unknown_sql_query:189 - Location unknown value sql query end: 1.5512852668762207s
2022-07-19 09:27:19.357 | INFO     | location_updater:search_for_unknowns:204 - Search for unknowns end: 1.5517878532409668s
2022-07-19 09:27:19.367 | INFO     | location_finder:find_location:28 - Location finder func Start
2022-07-19 09:27:19.367 | INFO     | location_finder:find_location:130 - Location finder func end: 2.7894973754882812e-05s
2022-07-19 09:27:19.367 | INFO     | location_finder:find_location:28 - Location finder func Start
2022-07-19 09:27:19.368 | INFO     | location_finder:find_location:130 - Location finder func end: 1.3113021850585938e-05s
2022-07-19 09:27:19.368 | INFO     | location_finder:find_location:28 - Location finder func Start
2022-07-19 09:27:19.368 | INFO     | location_finder:find_location:130 - Location finder func end: 1.3828277587890625e-05s
2022-07-19 09:27:19.368 | INFO     | location_finder:find_location:28 - Location finder func Start
2022-07-19 09:27:19.368 | INFO     | location_finder:find_location:130 - Location finder func end: 1.2636184692382812e-05s
2022-07-19 09:27:19.368 | INFO     | location_finder:find_location:28 - Location finder func Start
2022-07-19 09:27:19.369 | INFO     | location_finder:find_location:130 - Location finder func end: 1.2636184692382812e-05s
2022-07-19 09:27:19.369 | INFO     | location_finder:find_location:28 - Location finder func Start
2022-07-19 09:27:19.369 | INFO     | location_finder:find_location:130 - Location finder func end: 1.3113021850585938e-05s
2022-07-19 09:27:19.369 | INFO     | location_finder:find_location:28 - Location finder func Start
2022-07-19 09:27:19.369 | INFO     | location_finder:find_location:130 - Location finder func end: 1.2159347534179688e-05s
2022-07-19 09:27:19.369 | INFO     | location_finder:find_location:28 - Location finder func Start
2022-07-19 09:27:19.370 | INFO     | location_finder:find_location:130 - Location finder func end: 1.1682510375976562e-05s
2022-07-19 09:27:19.370 | INFO     | location_finder:find_location:28 - Location finder func Start
2022-07-19 09:27:19.370 | INFO     | location_finder:find_location:130 - Location finder func end: 1.0728836059570312e-05s
2022-07-19 09:27:19.370 | INFO     | location_finder:find_location:28 - Location finder func Start
2022-07-19 09:27:19.370 | INFO     | location_finder:find_location:130 - Location finder func end: 1.0728836059570312e-05s
2022-07-19 09:27:19.370 | INFO     | location_finder:find_location:28 - Location finder func Start
2022-07-19 09:27:19.371 | INFO     | location_finder:find_location:130 - Location finder func end: 1.1205673217773438e-05s
2022-07-19 09:27:19.371 | INFO     | location_finder:find_location:28 - Location finder func Start
2022-07-19 09:27:19.371 | INFO     | location_finder:find_location:130 - Location finder func end: 1.0728836059570312e-05s
2022-07-19 09:27:19.371 | INFO     | location_finder:find_location:28 - Location finder func Start
2022-07-19 09:27:19.371 | INFO     | location_finder:find_location:130 - Location finder func end: 1.049041748046875e-05s
2022-07-19 09:27:19.371 | INFO     | location_finder:find_location:28 - Location finder func Start
2022-07-19 09:27:19.372 | INFO     | location_finder:find_location:130 - Location finder func end: 9.775161743164062e-06s
2022-07-19 09:27:19.372 | INFO     | location_finder:find_location:28 - Location finder func Start
2022-07-19 09:27:19.372 | INFO     | location_finder:find_location:130 - Location finder func end: 8.821487426757812e-06s
2022-07-19 09:27:19.372 | INFO     | location_finder:find_location:28 - Location finder func Start
2022-07-19 09:27:19.372 | INFO     | location_finder:find_location:130 - Location finder func end: 1.239776611328125e-05s
2022-07-19 09:27:19.372 | INFO     | location_finder:find_location:28 - Location finder func Start
2022-07-19 09:27:19.373 | INFO     | location_finder:find_location:130 - Location finder func end: 1.2636184692382812e-05s
2022-07-19 09:27:19.373 | INFO     | location_finder:find_location:28 - Location finder func Start
2022-07-19 09:27:19.373 | INFO     | location_finder:find_location:130 - Location finder func end: 1.239776611328125e-05s
2022-07-19 09:27:19.373 | INFO     | location_finder:find_location:28 - Location finder func Start
2022-07-19 09:27:19.373 | INFO     | location_finder:find_location:130 - Location finder func end: 7.867813110351562e-06s
2022-07-19 09:27:19.373 | INFO     | location_finder:find_location:28 - Location finder func Start
2022-07-19 09:27:19.373 | INFO     | location_finder:find_location:130 - Location finder func end: 1.1920928955078125e-05s
2022-07-19 09:27:19.373 | INFO     | location_finder:find_location:28 - Location finder func Start
2022-07-19 09:27:19.374 | INFO     | location_finder:find_location:130 - Location finder func end: 1.1205673217773438e-05s
2022-07-19 09:27:19.374 | INFO     | location_finder:find_location:28 - Location finder func Start
2022-07-19 09:27:19.374 | INFO     | location_finder:find_location:130 - Location finder func end: 1.1444091796875e-05s
2022-07-19 09:27:19.374 | INFO     | location_finder:find_location:28 - Location finder func Start
2022-07-19 09:27:19.374 | INFO     | location_finder:find_location:130 - Location finder func end: 1.4543533325195312e-05s
2022-07-19 09:27:19.374 | INFO     | location_finder:find_location:28 - Location finder func Start
2022-07-19 09:27:19.374 | INFO     | location_finder:find_location:130 - Location finder func end: 1.1444091796875e-05s
2022-07-19 09:27:19.375 | INFO     | location_finder:find_location:28 - Location finder func Start
2022-07-19 09:27:19.375 | INFO     | location_finder:find_location:130 - Location finder func end: 1.239776611328125e-05s
2022-07-19 09:27:19.375 | INFO     | location_finder:find_location:28 - Location finder func Start
2022-07-19 09:27:19.375 | INFO     | location_finder:find_location:130 - Location finder func end: 1.0728836059570312e-05s
2022-07-19 09:27:19.375 | INFO     | location_finder:find_location:28 - Location finder func Start
2022-07-19 09:27:19.375 | INFO     | location_finder:find_location:130 - Location finder func end: 1.5735626220703125e-05s
2022-07-19 09:27:19.376 | INFO     | location_finder:find_location:28 - Location finder func Start
2022-07-19 09:27:19.376 | INFO     | location_finder:find_location:130 - Location finder func end: 1.239776611328125e-05s
2022-07-19 09:27:19.376 | INFO     | location_finder:find_location:28 - Location finder func Start
2022-07-19 09:27:19.376 | INFO     | location_finder:find_location:130 - Location finder func end: 1.1205673217773438e-05s
2022-07-19 09:27:19.376 | INFO     | location_finder:find_location:28 - Location finder func Start
2022-07-19 09:27:19.376 | INFO     | location_finder:find_location:130 - Location finder func end: 3.123283386230469e-05s
2022-07-19 09:27:19.377 | INFO     | location_finder:find_location:28 - Location finder func Start
2022-07-19 09:27:19.377 | INFO     | location_finder:find_location:130 - Location finder func end: 1.1920928955078125e-05s
2022-07-19 09:27:19.377 | INFO     | location_finder:find_location:28 - Location finder func Start
2022-07-19 09:27:19.377 | INFO     | location_finder:find_location:130 - Location finder func end: 1.2636184692382812e-05s
2022-07-19 09:27:19.377 | INFO     | location_finder:find_location:28 - Location finder func Start
2022-07-19 09:27:19.377 | INFO     | location_finder:find_location:130 - Location finder func end: 1.4543533325195312e-05s
2022-07-19 09:27:19.378 | INFO     | location_finder:find_location:28 - Location finder func Start
2022-07-19 09:27:19.378 | INFO     | location_finder:find_location:130 - Location finder func end: 1.1920928955078125e-05s
2022-07-19 09:27:19.378 | INFO     | location_finder:find_location:28 - Location finder func Start
2022-07-19 09:27:19.378 | INFO     | location_finder:find_location:130 - Location finder func end: 1.5735626220703125e-05s
2022-07-19 09:27:19.378 | INFO     | location_finder:find_location:28 - Location finder func Start
2022-07-19 09:27:19.379 | INFO     | location_finder:find_location:130 - Location finder func end: 1.6927719116210938e-05s
2022-07-19 09:27:19.379 | INFO     | location_finder:find_location:28 - Location finder func Start
2022-07-19 09:27:19.379 | INFO     | location_finder:find_location:130 - Location finder func end: 3.0040740966796875e-05s
2022-07-19 09:27:19.379 | INFO     | location_finder:find_location:28 - Location finder func Start
2022-07-19 09:27:19.379 | INFO     | location_finder:find_location:130 - Location finder func end: 1.52587890625e-05s
2022-07-19 09:27:19.380 | INFO     | location_finder:find_location:28 - Location finder func Start
2022-07-19 09:27:19.380 | INFO     | location_finder:find_location:130 - Location finder func end: 1.430511474609375e-05s
2022-07-19 09:27:19.380 | INFO     | location_finder:find_location:28 - Location finder func Start
2022-07-19 09:27:19.380 | INFO     | location_finder:find_location:130 - Location finder func end: 1.3589859008789062e-05s
2022-07-19 09:27:19.380 | INFO     | location_finder:find_location:28 - Location finder func Start
2022-07-19 09:27:19.381 | INFO     | location_finder:find_location:130 - Location finder func end: 2.5272369384765625e-05s
2022-07-19 09:27:19.381 | INFO     | location_finder:find_location:28 - Location finder func Start
2022-07-19 09:27:19.381 | INFO     | location_finder:find_location:130 - Location finder func end: 3.409385681152344e-05s
2022-07-19 09:27:19.381 | INFO     | location_finder:find_location:28 - Location finder func Start
2022-07-19 09:27:19.381 | INFO     | location_finder:find_location:130 - Location finder func end: 3.6716461181640625e-05s
2022-07-19 09:27:19.382 | INFO     | location_finder:find_location:28 - Location finder func Start
2022-07-19 09:27:19.382 | INFO     | location_finder:find_location:130 - Location finder func end: 1.9073486328125e-05s
2022-07-19 09:27:19.383 | INFO     | location_updater:update_location:39 - Update Location entries end: 1.5926330089569092s
2022-07-19 09:27:19.385 | INFO     | __main__:main:57 - Updating Dataframe end: 1.5985991954803467s
2022-07-19 09:27:19.385 | INFO     | __main__:main:61 - Output Dataframe to example/updated_1.xlsx Start
2022-07-19 09:27:19.448 | INFO     | __main__:main:67 - Output to example/updated_1.xlsx end: 0.061954498291015625s
2022-07-19 09:27:19.448 | INFO     | __main__:main:68 - Finished updating locations end: 1.8663287162780762s
