2022-07-19 09:25:31.542 | INFO     | __main__:main:39 - Started updating location
2022-07-19 09:25:31.542 | INFO     | __main__:main:42 - Reading Excel Start
2022-07-19 09:25:31.750 | INFO     | __main__:main:48 - Reading Excel end: 0.20802831649780273s
2022-07-19 09:25:31.750 | INFO     | __main__:main:51 - Updating Dataframe Start
2022-07-19 09:25:31.751 | INFO     | location_updater:load_locations_data:119 - Read location json Start
2022-07-19 09:25:31.755 | INFO     | location_updater:load_locations_data:126 - Read location json end: 0.00394439697265625s
2022-07-19 09:25:31.755 | INFO     | location_updater:update_location:33 - Update Location entries Start
2022-07-19 09:25:31.756 | INFO     | location_finder:find_unknown:152 - unknown finder func Start
2022-07-19 09:25:31.756 | INFO     | location_finder:find_unknown:190 - Location finder func end: 0.00011897087097167969s
2022-07-19 09:25:31.756 | INFO     | location_finder:find_unknown:152 - unknown finder func Start
2022-07-19 09:25:31.756 | INFO     | location_finder:find_unknown:190 - Location finder func end: 1.2159347534179688e-05s
2022-07-19 09:25:31.756 | INFO     | location_finder:find_unknown:152 - unknown finder func Start
2022-07-19 09:25:31.757 | INFO     | location_finder:find_unknown:190 - Location finder func end: 1.0728836059570312e-05s
2022-07-19 09:25:31.757 | INFO     | location_finder:find_unknown:152 - unknown finder func Start
2022-07-19 09:25:31.757 | INFO     | location_finder:find_unknown:190 - Location finder func end: 1.1682510375976562e-05s
2022-07-19 09:25:31.757 | INFO     | location_finder:find_unknown:152 - unknown finder func Start
2022-07-19 09:25:31.757 | INFO     | location_finder:find_unknown:190 - Location finder func end: 9.059906005859375e-06s
2022-07-19 09:25:31.758 | INFO     | location_finder:find_unknown:152 - unknown finder func Start
2022-07-19 09:25:31.758 | INFO     | location_finder:find_unknown:190 - Location finder func end: 9.775161743164062e-06s
2022-07-19 09:25:31.758 | INFO     | location_finder:find_unknown:152 - unknown finder func Start
2022-07-19 09:25:31.758 | INFO     | location_finder:find_unknown:190 - Location finder func end: 9.775161743164062e-06s
2022-07-19 09:25:31.758 | INFO     | location_finder:find_unknown:152 - unknown finder func Start
2022-07-19 09:25:31.758 | INFO     | location_finder:find_unknown:190 - Location finder func end: 8.821487426757812e-06s
2022-07-19 09:25:31.759 | INFO     | location_finder:find_unknown:152 - unknown finder func Start
2022-07-19 09:25:31.759 | INFO     | location_finder:find_unknown:190 - Location finder func end: 1.049041748046875e-05s
2022-07-19 09:25:31.759 | INFO     | location_finder:find_unknown:152 - unknown finder func Start
2022-07-19 09:25:31.759 | INFO     | location_finder:find_unknown:190 - Location finder func end: 9.775161743164062e-06s
2022-07-19 09:25:31.759 | INFO     | location_finder:find_unknown:152 - unknown finder func Start
2022-07-19 09:25:31.760 | INFO     | location_finder:find_unknown:190 - Location finder func end: 1.33514404296875e-05s
2022-07-19 09:25:31.760 | INFO     | location_finder:find_unknown:152 - unknown finder func Start
2022-07-19 09:25:31.760 | INFO     | location_finder:find_unknown:190 - Location finder func end: 1.1920928955078125e-05s
2022-07-19 09:25:31.760 | INFO     | location_finder:find_unknown:152 - unknown finder func Start
2022-07-19 09:25:31.760 | INFO     | location_finder:find_unknown:190 - Location finder func end: 1.049041748046875e-05s
2022-07-19 09:25:31.760 | INFO     | location_finder:find_unknown:152 - unknown finder func Start
2022-07-19 09:25:31.760 | INFO     | location_finder:find_unknown:190 - Location finder func end: 7.3909759521484375e-06s
2022-07-19 09:25:31.761 | INFO     | location_finder:find_unknown:152 - unknown finder func Start
2022-07-19 09:25:31.761 | INFO     | location_finder:find_unknown:190 - Location finder func end: 7.3909759521484375e-06s
2022-07-19 09:25:31.761 | INFO     | location_finder:find_unknown:152 - unknown finder func Start
2022-07-19 09:25:31.761 | INFO     | location_finder:find_unknown:190 - Location finder func end: 5.9604644775390625e-06s
2022-07-19 09:25:31.761 | INFO     | location_finder:find_unknown:152 - unknown finder func Start
2022-07-19 09:25:31.761 | INFO     | location_finder:find_unknown:190 - Location finder func end: 8.344650268554688e-06s
2022-07-19 09:25:31.761 | INFO     | location_finder:find_unknown:152 - unknown finder func Start
2022-07-19 09:25:31.762 | INFO     | location_finder:find_unknown:190 - Location finder func end: 9.298324584960938e-06s
2022-07-19 09:25:31.762 | INFO     | location_finder:find_unknown:152 - unknown finder func Start
2022-07-19 09:25:31.762 | INFO     | location_finder:find_unknown:190 - Location finder func end: 9.5367431640625e-06s
2022-07-19 09:25:31.762 | INFO     | location_finder:find_unknown:152 - unknown finder func Start
2022-07-19 09:25:31.762 | INFO     | location_finder:find_unknown:190 - Location finder func end: 9.059906005859375e-06s
2022-07-19 09:25:31.762 | INFO     | location_finder:find_unknown:152 - unknown finder func Start
2022-07-19 09:25:31.763 | INFO     | location_finder:find_unknown:190 - Location finder func end: 6.4373016357421875e-06s
2022-07-19 09:25:31.763 | INFO     | location_finder:find_unknown:152 - unknown finder func Start
2022-07-19 09:25:31.763 | INFO     | location_finder:find_unknown:190 - Location finder func end: 6.4373016357421875e-06s
2022-07-19 09:25:31.763 | INFO     | location_finder:find_unknown:152 - unknown finder func Start
2022-07-19 09:25:31.763 | INFO     | location_finder:find_unknown:190 - Location finder func end: 7.152557373046875e-06s
2022-07-19 09:25:31.763 | INFO     | location_finder:find_unknown:152 - unknown finder func Start
2022-07-19 09:25:31.763 | INFO     | location_finder:find_unknown:190 - Location finder func end: 7.62939453125e-06s
2022-07-19 09:25:31.764 | INFO     | location_finder:find_unknown:152 - unknown finder func Start
2022-07-19 09:25:31.764 | INFO     | location_finder:find_unknown:190 - Location finder func end: 9.059906005859375e-06s
2022-07-19 09:25:31.764 | INFO     | location_finder:find_unknown:152 - unknown finder func Start
2022-07-19 09:25:31.764 | INFO     | location_finder:find_unknown:190 - Location finder func end: 9.059906005859375e-06s
2022-07-19 09:25:31.764 | INFO     | location_finder:find_unknown:152 - unknown finder func Start
2022-07-19 09:25:31.764 | INFO     | location_finder:find_unknown:190 - Location finder func end: 9.775161743164062e-06s
2022-07-19 09:25:31.764 | INFO     | location_finder:find_unknown:152 - unknown finder func Start
2022-07-19 09:25:31.765 | INFO     | location_finder:find_unknown:190 - Location finder func end: 9.059906005859375e-06s
2022-07-19 09:25:31.765 | INFO     | location_finder:find_unknown:152 - unknown finder func Start
2022-07-19 09:25:31.765 | INFO     | location_finder:find_unknown:190 - Location finder func end: 1.2636184692382812e-05s
2022-07-19 09:25:31.765 | INFO     | location_finder:find_unknown:152 - unknown finder func Start
2022-07-19 09:25:31.765 | INFO     | location_finder:find_unknown:190 - Location finder func end: 2.5033950805664062e-05s
2022-07-19 09:25:31.765 | INFO     | location_finder:find_unknown:152 - unknown finder func Start
2022-07-19 09:25:31.766 | INFO     | location_finder:find_unknown:190 - Location finder func end: 1.33514404296875e-05s
2022-07-19 09:25:31.766 | INFO     | location_finder:find_unknown:152 - unknown finder func Start
2022-07-19 09:25:31.766 | INFO     | location_finder:find_unknown:190 - Location finder func end: 1.239776611328125e-05s
2022-07-19 09:25:31.766 | INFO     | location_finder:find_unknown:152 - unknown finder func Start
2022-07-19 09:25:31.766 | INFO     | location_finder:find_unknown:190 - Location finder func end: 9.298324584960938e-06s
2022-07-19 09:25:31.766 | INFO     | location_finder:find_unknown:152 - unknown finder func Start
2022-07-19 09:25:31.766 | INFO     | location_finder:find_unknown:190 - Location finder func end: 6.4373016357421875e-06s
2022-07-19 09:25:31.767 | INFO     | location_finder:find_unknown:152 - unknown finder func Start
2022-07-19 09:25:31.767 | INFO     | location_finder:find_unknown:190 - Location finder func end: 8.58306884765625e-06s
2022-07-19 09:25:31.767 | INFO     | location_finder:find_unknown:152 - unknown finder func Start
2022-07-19 09:25:31.767 | INFO     | location_finder:find_unknown:190 - Location finder func end: 8.106231689453125e-06s
2022-07-19 09:25:31.767 | INFO     | location_finder:find_unknown:152 - unknown finder func Start
2022-07-19 09:25:31.767 | INFO     | location_finder:find_unknown:190 - Location finder func end: 1.0728836059570312e-05s
2022-07-19 09:25:31.767 | INFO     | location_finder:find_unknown:152 - unknown finder func Start
2022-07-19 09:25:31.767 | INFO     | location_finder:find_unknown:190 - Location finder func end: 7.62939453125e-06s
2022-07-19 09:25:31.768 | INFO     | location_finder:find_unknown:152 - unknown finder func Start
2022-07-19 09:25:31.768 | INFO     | location_finder:find_unknown:190 - Location finder func end: 7.62939453125e-06s
2022-07-19 09:25:31.768 | INFO     | location_finder:find_unknown:152 - unknown finder func Start
2022-07-19 09:25:31.768 | INFO     | location_finder:find_unknown:190 - Location finder func end: 8.344650268554688e-06s
2022-07-19 09:25:31.768 | INFO     | location_finder:find_unknown:152 - unknown finder func Start
2022-07-19 09:25:31.768 | INFO     | location_finder:find_unknown:190 - Location finder func end: 1.1444091796875e-05s
2022-07-19 09:25:31.768 | INFO     | location_finder:find_unknown:152 - unknown finder func Start
2022-07-19 09:25:31.769 | INFO     | location_finder:find_unknown:190 - Location finder func end: 1.6689300537109375e-05s
2022-07-19 09:25:31.769 | INFO     | location_finder:find_unknown:152 - unknown finder func Start
2022-07-19 09:25:31.769 | INFO     | location_finder:find_unknown:190 - Location finder func end: 1.3828277587890625e-05s
2022-07-19 09:25:31.769 | INFO     | location_finder:find_unknown:152 - unknown finder func Start
2022-07-19 09:25:31.769 | INFO     | location_finder:find_unknown:190 - Location finder func end: 1.239776611328125e-05s
2022-07-19 09:25:31.769 | INFO     | location_updater:search_for_unknowns:192 - Search for unknowns Start
2022-07-19 09:25:31.770 | INFO     | location_updater:unknown_sql_query:163 - Location unknown value sql query start
2022-07-19 09:25:33.335 | INFO     | location_updater:unknown_sql_query:189 - Location unknown value sql query end: 1.5655426979064941s
2022-07-19 09:25:33.336 | INFO     | location_updater:search_for_unknowns:204 - Search for unknowns end: 1.5660514831542969s
2022-07-19 09:25:33.343 | INFO     | location_finder:find_location:28 - Location finder func Start
2022-07-19 09:25:33.343 | INFO     | location_finder:find_location:130 - Location finder func end: 2.2649765014648438e-05s
2022-07-19 09:25:33.343 | INFO     | location_finder:find_location:28 - Location finder func Start
2022-07-19 09:25:33.343 | INFO     | location_finder:find_location:130 - Location finder func end: 1.1920928955078125e-05s
2022-07-19 09:25:33.344 | INFO     | location_finder:find_location:28 - Location finder func Start
2022-07-19 09:25:33.344 | INFO     | location_finder:find_location:130 - Location finder func end: 1.33514404296875e-05s
2022-07-19 09:25:33.344 | INFO     | location_finder:find_location:28 - Location finder func Start
2022-07-19 09:25:33.344 | INFO     | location_finder:find_location:130 - Location finder func end: 1.239776611328125e-05s
2022-07-19 09:25:33.344 | INFO     | location_finder:find_location:28 - Location finder func Start
2022-07-19 09:25:33.344 | INFO     | location_finder:find_location:130 - Location finder func end: 1.4066696166992188e-05s
2022-07-19 09:25:33.345 | INFO     | location_finder:find_location:28 - Location finder func Start
2022-07-19 09:25:33.345 | INFO     | location_finder:find_location:130 - Location finder func end: 1.430511474609375e-05s
2022-07-19 09:25:33.345 | INFO     | location_finder:find_location:28 - Location finder func Start
2022-07-19 09:25:33.345 | INFO     | location_finder:find_location:130 - Location finder func end: 1.0013580322265625e-05s
2022-07-19 09:25:33.345 | INFO     | location_finder:find_location:28 - Location finder func Start
2022-07-19 09:25:33.345 | INFO     | location_finder:find_location:130 - Location finder func end: 1.5020370483398438e-05s
2022-07-19 09:25:33.346 | INFO     | location_finder:find_location:28 - Location finder func Start
2022-07-19 09:25:33.346 | INFO     | location_finder:find_location:130 - Location finder func end: 1.239776611328125e-05s
2022-07-19 09:25:33.346 | INFO     | location_finder:find_location:28 - Location finder func Start
2022-07-19 09:25:33.346 | INFO     | location_finder:find_location:130 - Location finder func end: 1.4543533325195312e-05s
2022-07-19 09:25:33.346 | INFO     | location_finder:find_location:28 - Location finder func Start
2022-07-19 09:25:33.346 | INFO     | location_finder:find_location:130 - Location finder func end: 1.4066696166992188e-05s
2022-07-19 09:25:33.347 | INFO     | location_finder:find_location:28 - Location finder func Start
2022-07-19 09:25:33.347 | INFO     | location_finder:find_location:130 - Location finder func end: 1.3589859008789062e-05s
2022-07-19 09:25:33.347 | INFO     | location_finder:find_location:28 - Location finder func Start
2022-07-19 09:25:33.347 | INFO     | location_finder:find_location:130 - Location finder func end: 9.775161743164062e-06s
2022-07-19 09:25:33.347 | INFO     | location_finder:find_location:28 - Location finder func Start
2022-07-19 09:25:33.347 | INFO     | location_finder:find_location:130 - Location finder func end: 1.1920928955078125e-05s
2022-07-19 09:25:33.347 | INFO     | location_finder:find_location:28 - Location finder func Start
2022-07-19 09:25:33.348 | INFO     | location_finder:find_location:130 - Location finder func end: 9.775161743164062e-06s
2022-07-19 09:25:33.348 | INFO     | location_finder:find_location:28 - Location finder func Start
2022-07-19 09:25:33.348 | INFO     | location_finder:find_location:130 - Location finder func end: 9.059906005859375e-06s
2022-07-19 09:25:33.348 | INFO     | location_finder:find_location:28 - Location finder func Start
2022-07-19 09:25:33.348 | INFO     | location_finder:find_location:130 - Location finder func end: 9.5367431640625e-06s
2022-07-19 09:25:33.348 | INFO     | location_finder:find_location:28 - Location finder func Start
2022-07-19 09:25:33.349 | INFO     | location_finder:find_location:130 - Location finder func end: 8.821487426757812e-06s
2022-07-19 09:25:33.349 | INFO     | location_finder:find_location:28 - Location finder func Start
2022-07-19 09:25:33.349 | INFO     | location_finder:find_location:130 - Location finder func end: 1.2636184692382812e-05s
2022-07-19 09:25:33.349 | INFO     | location_finder:find_location:28 - Location finder func Start
2022-07-19 09:25:33.349 | INFO     | location_finder:find_location:130 - Location finder func end: 9.775161743164062e-06s
2022-07-19 09:25:33.349 | INFO     | location_finder:find_location:28 - Location finder func Start
2022-07-19 09:25:33.349 | INFO     | location_finder:find_location:130 - Location finder func end: 8.821487426757812e-06s
2022-07-19 09:25:33.350 | INFO     | location_finder:find_location:28 - Location finder func Start
2022-07-19 09:25:33.350 | INFO     | location_finder:find_location:130 - Location finder func end: 1.5974044799804688e-05s
2022-07-19 09:25:33.350 | INFO     | location_finder:find_location:28 - Location finder func Start
2022-07-19 09:25:33.350 | INFO     | location_finder:find_location:130 - Location finder func end: 1.7404556274414062e-05s
2022-07-19 09:25:33.350 | INFO     | location_finder:find_location:28 - Location finder func Start
2022-07-19 09:25:33.351 | INFO     | location_finder:find_location:130 - Location finder func end: 1.52587890625e-05s
2022-07-19 09:25:33.351 | INFO     | location_finder:find_location:28 - Location finder func Start
2022-07-19 09:25:33.351 | INFO     | location_finder:find_location:130 - Location finder func end: 1.33514404296875e-05s
2022-07-19 09:25:33.351 | INFO     | location_finder:find_location:28 - Location finder func Start
2022-07-19 09:25:33.351 | INFO     | location_finder:find_location:130 - Location finder func end: 1.3589859008789062e-05s
2022-07-19 09:25:33.351 | INFO     | location_finder:find_location:28 - Location finder func Start
2022-07-19 09:25:33.352 | INFO     | location_finder:find_location:130 - Location finder func end: 1.3589859008789062e-05s
2022-07-19 09:25:33.352 | INFO     | location_finder:find_location:28 - Location finder func Start
2022-07-19 09:25:33.352 | INFO     | location_finder:find_location:130 - Location finder func end: 1.2874603271484375e-05s
2022-07-19 09:25:33.352 | INFO     | location_finder:find_location:28 - Location finder func Start
2022-07-19 09:25:33.352 | INFO     | location_finder:find_location:130 - Location finder func end: 1.2159347534179688e-05s
2022-07-19 09:25:33.352 | INFO     | location_finder:find_location:28 - Location finder func Start
2022-07-19 09:25:33.353 | INFO     | location_finder:find_location:130 - Location finder func end: 3.147125244140625e-05s
2022-07-19 09:25:33.353 | INFO     | location_finder:find_location:28 - Location finder func Start
2022-07-19 09:25:33.353 | INFO     | location_finder:find_location:130 - Location finder func end: 1.4543533325195312e-05s
2022-07-19 09:25:33.353 | INFO     | location_finder:find_location:28 - Location finder func Start
2022-07-19 09:25:33.353 | INFO     | location_finder:find_location:130 - Location finder func end: 1.3828277587890625e-05s
2022-07-19 09:25:33.354 | INFO     | location_finder:find_location:28 - Location finder func Start
2022-07-19 09:25:33.354 | INFO     | location_finder:find_location:130 - Location finder func end: 1.3828277587890625e-05s
2022-07-19 09:25:33.354 | INFO     | location_finder:find_location:28 - Location finder func Start
2022-07-19 09:25:33.354 | INFO     | location_finder:find_location:130 - Location finder func end: 1.33514404296875e-05s
2022-07-19 09:25:33.354 | INFO     | location_finder:find_location:28 - Location finder func Start
2022-07-19 09:25:33.355 | INFO     | location_finder:find_location:130 - Location finder func end: 1.3828277587890625e-05s
2022-07-19 09:25:33.355 | INFO     | location_finder:find_location:28 - Location finder func Start
2022-07-19 09:25:33.355 | INFO     | location_finder:find_location:130 - Location finder func end: 1.2874603271484375e-05s
2022-07-19 09:25:33.355 | INFO     | location_finder:find_location:28 - Location finder func Start
2022-07-19 09:25:33.355 | INFO     | location_finder:find_location:130 - Location finder func end: 1.6927719116210938e-05s
2022-07-19 09:25:33.355 | INFO     | location_finder:find_location:28 - Location finder func Start
2022-07-19 09:25:33.356 | INFO     | location_finder:find_location:130 - Location finder func end: 1.239776611328125e-05s
2022-07-19 09:25:33.356 | INFO     | location_finder:find_location:28 - Location finder func Start
2022-07-19 09:25:33.356 | INFO     | location_finder:find_location:130 - Location finder func end: 1.2159347534179688e-05s
2022-07-19 09:25:33.356 | INFO     | location_finder:find_location:28 - Location finder func Start
2022-07-19 09:25:33.356 | INFO     | location_finder:find_location:130 - Location finder func end: 1.1444091796875e-05s
2022-07-19 09:25:33.356 | INFO     | location_finder:find_location:28 - Location finder func Start
2022-07-19 09:25:33.356 | INFO     | location_finder:find_location:130 - Location finder func end: 1.9073486328125e-05s
2022-07-19 09:25:33.357 | INFO     | location_finder:find_location:28 - Location finder func Start
2022-07-19 09:25:33.357 | INFO     | location_finder:find_location:130 - Location finder func end: 2.4557113647460938e-05s
2022-07-19 09:25:33.357 | INFO     | location_finder:find_location:28 - Location finder func Start
2022-07-19 09:25:33.357 | INFO     | location_finder:find_location:130 - Location finder func end: 2.9325485229492188e-05s
2022-07-19 09:25:33.357 | INFO     | location_finder:find_location:28 - Location finder func Start
2022-07-19 09:25:33.358 | INFO     | location_finder:find_location:130 - Location finder func end: 1.5974044799804688e-05s
2022-07-19 09:25:33.359 | INFO     | location_updater:update_location:39 - Update Location entries end: 1.603602409362793s
2022-07-19 09:25:33.360 | INFO     | __main__:main:57 - Updating Dataframe end: 1.6092500686645508s
2022-07-19 09:25:33.360 | INFO     | __main__:main:61 - Output Dataframe to example/updated_1.xlsx Start
2022-07-19 09:25:33.418 | INFO     | __main__:main:67 - Output to example/updated_1.xlsx end: 0.05760312080383301s
2022-07-19 09:25:33.418 | INFO     | __main__:main:68 - Finished updating locations end: 1.8788659572601318s
