2022-07-22 20:40:24.004 | INFO     | __main__:main:39 - Started updating location
2022-07-22 20:40:24.005 | INFO     | __main__:main:42 - Reading Excel Start
2022-07-22 20:40:24.228 | INFO     | __main__:main:48 - Reading Excel end: 0.223008394241333s
2022-07-22 20:40:24.228 | INFO     | __main__:main:51 - Updating Dataframe Start
2022-07-22 20:40:24.228 | INFO     | location_updater:load_locations_data:119 - Read location json Start
2022-07-22 20:40:24.237 | INFO     | location_updater:load_locations_data:126 - Read location json end: 0.008386373519897461s
2022-07-22 20:40:24.237 | INFO     | location_updater:update_location:33 - Update Location entries Start
2022-07-22 20:40:24.238 | INFO     | location_finder:find_unknown:148 - unknown finder func Start
2022-07-22 20:40:24.238 | INFO     | location_finder:find_unknown:186 - Location finder func end: 0.00010776519775390625s
2022-07-22 20:40:24.238 | INFO     | location_finder:find_unknown:148 - unknown finder func Start
2022-07-22 20:40:24.238 | INFO     | location_finder:find_unknown:186 - Location finder func end: 9.298324584960938e-06s
2022-07-22 20:40:24.238 | INFO     | location_finder:find_unknown:148 - unknown finder func Start
2022-07-22 20:40:24.239 | INFO     | location_finder:find_unknown:186 - Location finder func end: 7.152557373046875e-06s
2022-07-22 20:40:24.239 | INFO     | location_finder:find_unknown:148 - unknown finder func Start
2022-07-22 20:40:24.239 | INFO     | location_finder:find_unknown:186 - Location finder func end: 6.4373016357421875e-06s
2022-07-22 20:40:24.239 | INFO     | location_finder:find_unknown:148 - unknown finder func Start
2022-07-22 20:40:24.239 | INFO     | location_finder:find_unknown:186 - Location finder func end: 5.9604644775390625e-06s
2022-07-22 20:40:24.239 | INFO     | location_finder:find_unknown:148 - unknown finder func Start
2022-07-22 20:40:24.239 | INFO     | location_finder:find_unknown:186 - Location finder func end: 5.9604644775390625e-06s
2022-07-22 20:40:24.239 | INFO     | location_finder:find_unknown:148 - unknown finder func Start
2022-07-22 20:40:24.240 | INFO     | location_finder:find_unknown:186 - Location finder func end: 5.4836273193359375e-06s
2022-07-22 20:40:24.240 | INFO     | location_finder:find_unknown:148 - unknown finder func Start
2022-07-22 20:40:24.240 | INFO     | location_finder:find_unknown:186 - Location finder func end: 5.9604644775390625e-06s
2022-07-22 20:40:24.240 | INFO     | location_finder:find_unknown:148 - unknown finder func Start
2022-07-22 20:40:24.240 | INFO     | location_finder:find_unknown:186 - Location finder func end: 8.58306884765625e-06s
2022-07-22 20:40:24.240 | INFO     | location_finder:find_unknown:148 - unknown finder func Start
2022-07-22 20:40:24.240 | INFO     | location_finder:find_unknown:186 - Location finder func end: 8.821487426757812e-06s
2022-07-22 20:40:24.241 | INFO     | location_finder:find_unknown:148 - unknown finder func Start
2022-07-22 20:40:24.241 | INFO     | location_finder:find_unknown:186 - Location finder func end: 8.821487426757812e-06s
2022-07-22 20:40:24.241 | INFO     | location_finder:find_unknown:148 - unknown finder func Start
2022-07-22 20:40:24.241 | INFO     | location_finder:find_unknown:186 - Location finder func end: 8.58306884765625e-06s
2022-07-22 20:40:24.241 | INFO     | location_finder:find_unknown:148 - unknown finder func Start
2022-07-22 20:40:24.242 | INFO     | location_finder:find_unknown:186 - Location finder func end: 9.059906005859375e-06s
2022-07-22 20:40:24.242 | INFO     | location_finder:find_unknown:148 - unknown finder func Start
2022-07-22 20:40:24.242 | INFO     | location_finder:find_unknown:186 - Location finder func end: 9.059906005859375e-06s
2022-07-22 20:40:24.242 | INFO     | location_finder:find_unknown:148 - unknown finder func Start
2022-07-22 20:40:24.242 | INFO     | location_finder:find_unknown:186 - Location finder func end: 9.298324584960938e-06s
2022-07-22 20:40:24.242 | INFO     | location_finder:find_unknown:148 - unknown finder func Start
2022-07-22 20:40:24.243 | INFO     | location_finder:find_unknown:186 - Location finder func end: 8.821487426757812e-06s
2022-07-22 20:40:24.243 | INFO     | location_finder:find_unknown:148 - unknown finder func Start
2022-07-22 20:40:24.243 | INFO     | location_finder:find_unknown:186 - Location finder func end: 9.298324584960938e-06s
2022-07-22 20:40:24.243 | INFO     | location_finder:find_unknown:148 - unknown finder func Start
2022-07-22 20:40:24.243 | INFO     | location_finder:find_unknown:186 - Location finder func end: 8.821487426757812e-06s
2022-07-22 20:40:24.244 | INFO     | location_finder:find_unknown:148 - unknown finder func Start
2022-07-22 20:40:24.244 | INFO     | location_finder:find_unknown:186 - Location finder func end: 9.5367431640625e-06s
2022-07-22 20:40:24.244 | INFO     | location_finder:find_unknown:148 - unknown finder func Start
2022-07-22 20:40:24.244 | INFO     | location_finder:find_unknown:186 - Location finder func end: 7.867813110351562e-06s
2022-07-22 20:40:24.244 | INFO     | location_finder:find_unknown:148 - unknown finder func Start
2022-07-22 20:40:24.244 | INFO     | location_finder:find_unknown:186 - Location finder func end: 1.0013580322265625e-05s
2022-07-22 20:40:24.245 | INFO     | location_finder:find_unknown:148 - unknown finder func Start
2022-07-22 20:40:24.245 | INFO     | location_finder:find_unknown:186 - Location finder func end: 1.0251998901367188e-05s
2022-07-22 20:40:24.245 | INFO     | location_finder:find_unknown:148 - unknown finder func Start
2022-07-22 20:40:24.245 | INFO     | location_finder:find_unknown:186 - Location finder func end: 9.059906005859375e-06s
2022-07-22 20:40:24.245 | INFO     | location_finder:find_unknown:148 - unknown finder func Start
2022-07-22 20:40:24.246 | INFO     | location_finder:find_unknown:186 - Location finder func end: 8.58306884765625e-06s
2022-07-22 20:40:24.246 | INFO     | location_finder:find_unknown:148 - unknown finder func Start
2022-07-22 20:40:24.246 | INFO     | location_finder:find_unknown:186 - Location finder func end: 9.298324584960938e-06s
2022-07-22 20:40:24.246 | INFO     | location_finder:find_unknown:148 - unknown finder func Start
2022-07-22 20:40:24.246 | INFO     | location_finder:find_unknown:186 - Location finder func end: 8.106231689453125e-06s
2022-07-22 20:40:24.246 | INFO     | location_finder:find_unknown:148 - unknown finder func Start
2022-07-22 20:40:24.247 | INFO     | location_finder:find_unknown:186 - Location finder func end: 8.821487426757812e-06s
2022-07-22 20:40:24.247 | INFO     | location_finder:find_unknown:148 - unknown finder func Start
2022-07-22 20:40:24.247 | INFO     | location_finder:find_unknown:186 - Location finder func end: 8.344650268554688e-06s
2022-07-22 20:40:24.247 | INFO     | location_finder:find_unknown:148 - unknown finder func Start
2022-07-22 20:40:24.247 | INFO     | location_finder:find_unknown:186 - Location finder func end: 9.059906005859375e-06s
2022-07-22 20:40:24.248 | INFO     | location_finder:find_unknown:148 - unknown finder func Start
2022-07-22 20:40:24.248 | INFO     | location_finder:find_unknown:186 - Location finder func end: 1.8358230590820312e-05s
2022-07-22 20:40:24.248 | INFO     | location_finder:find_unknown:148 - unknown finder func Start
2022-07-22 20:40:24.248 | INFO     | location_finder:find_unknown:186 - Location finder func end: 7.152557373046875e-06s
2022-07-22 20:40:24.248 | INFO     | location_finder:find_unknown:148 - unknown finder func Start
2022-07-22 20:40:24.248 | INFO     | location_finder:find_unknown:186 - Location finder func end: 6.9141387939453125e-06s
2022-07-22 20:40:24.248 | INFO     | location_finder:find_unknown:148 - unknown finder func Start
2022-07-22 20:40:24.249 | INFO     | location_finder:find_unknown:186 - Location finder func end: 8.344650268554688e-06s
2022-07-22 20:40:24.249 | INFO     | location_finder:find_unknown:148 - unknown finder func Start
2022-07-22 20:40:24.249 | INFO     | location_finder:find_unknown:186 - Location finder func end: 6.9141387939453125e-06s
2022-07-22 20:40:24.249 | INFO     | location_finder:find_unknown:148 - unknown finder func Start
2022-07-22 20:40:24.249 | INFO     | location_finder:find_unknown:186 - Location finder func end: 9.298324584960938e-06s
2022-07-22 20:40:24.249 | INFO     | location_finder:find_unknown:148 - unknown finder func Start
2022-07-22 20:40:24.250 | INFO     | location_finder:find_unknown:186 - Location finder func end: 9.5367431640625e-06s
2022-07-22 20:40:24.250 | INFO     | location_finder:find_unknown:148 - unknown finder func Start
2022-07-22 20:40:24.250 | INFO     | location_finder:find_unknown:186 - Location finder func end: 8.821487426757812e-06s
2022-07-22 20:40:24.250 | INFO     | location_finder:find_unknown:148 - unknown finder func Start
2022-07-22 20:40:24.250 | INFO     | location_finder:find_unknown:186 - Location finder func end: 5.9604644775390625e-06s
2022-07-22 20:40:24.250 | INFO     | location_finder:find_unknown:148 - unknown finder func Start
2022-07-22 20:40:24.250 | INFO     | location_finder:find_unknown:186 - Location finder func end: 5.7220458984375e-06s
2022-07-22 20:40:24.250 | INFO     | location_finder:find_unknown:148 - unknown finder func Start
2022-07-22 20:40:24.251 | INFO     | location_finder:find_unknown:186 - Location finder func end: 7.3909759521484375e-06s
2022-07-22 20:40:24.251 | INFO     | location_finder:find_unknown:148 - unknown finder func Start
2022-07-22 20:40:24.251 | INFO     | location_finder:find_unknown:186 - Location finder func end: 7.867813110351562e-06s
2022-07-22 20:40:24.251 | INFO     | location_finder:find_unknown:148 - unknown finder func Start
2022-07-22 20:40:24.251 | INFO     | location_finder:find_unknown:186 - Location finder func end: 1.1920928955078125e-05s
2022-07-22 20:40:24.251 | INFO     | location_finder:find_unknown:148 - unknown finder func Start
2022-07-22 20:40:24.251 | INFO     | location_finder:find_unknown:186 - Location finder func end: 1.1920928955078125e-05s
2022-07-22 20:40:24.251 | INFO     | location_finder:find_unknown:148 - unknown finder func Start
2022-07-22 20:40:24.252 | INFO     | location_finder:find_unknown:186 - Location finder func end: 9.298324584960938e-06s
2022-07-22 20:40:24.252 | INFO     | location_updater:search_for_unknowns:192 - Search for unknowns Start
2022-07-22 20:40:24.252 | INFO     | location_updater:unknown_sql_query:163 - Location unknown value sql query start
2022-07-22 20:40:25.828 | INFO     | location_updater:unknown_sql_query:189 - Location unknown value sql query end: 1.5755629539489746s
2022-07-22 20:40:25.828 | INFO     | location_updater:unknown_sql_query:163 - Location unknown value sql query start
2022-07-22 20:40:27.410 | INFO     | location_updater:unknown_sql_query:189 - Location unknown value sql query end: 1.5823009014129639s
2022-07-22 20:40:27.411 | INFO     | location_updater:unknown_sql_query:163 - Location unknown value sql query start
2022-07-22 20:40:28.982 | INFO     | location_updater:unknown_sql_query:189 - Location unknown value sql query end: 1.570984125137329s
2022-07-22 20:40:28.982 | INFO     | location_updater:unknown_sql_query:163 - Location unknown value sql query start
2022-07-22 20:40:30.541 | INFO     | location_updater:unknown_sql_query:189 - Location unknown value sql query end: 1.5586566925048828s
2022-07-22 20:40:30.541 | INFO     | location_updater:search_for_unknowns:204 - Search for unknowns end: 6.289434909820557s
2022-07-22 20:40:30.554 | INFO     | location_finder:find_location:28 - Location finder func Start
2022-07-22 20:40:30.555 | INFO     | location_finder:find_location:126 - Location finder func end: 1.5497207641601562e-05s
2022-07-22 20:40:30.555 | INFO     | location_finder:find_location:28 - Location finder func Start
2022-07-22 20:40:30.555 | INFO     | location_finder:find_location:126 - Location finder func end: 9.5367431640625e-06s
2022-07-22 20:40:30.555 | INFO     | location_finder:find_location:28 - Location finder func Start
2022-07-22 20:40:30.555 | INFO     | location_finder:find_location:126 - Location finder func end: 1.1205673217773438e-05s
2022-07-22 20:40:30.555 | INFO     | location_finder:find_location:28 - Location finder func Start
2022-07-22 20:40:30.555 | INFO     | location_finder:find_location:126 - Location finder func end: 1.1205673217773438e-05s
2022-07-22 20:40:30.556 | INFO     | location_finder:find_location:28 - Location finder func Start
2022-07-22 20:40:30.556 | INFO     | location_finder:find_location:126 - Location finder func end: 1.3589859008789062e-05s
2022-07-22 20:40:30.556 | INFO     | location_finder:find_location:28 - Location finder func Start
2022-07-22 20:40:30.556 | INFO     | location_finder:find_location:126 - Location finder func end: 1.3589859008789062e-05s
2022-07-22 20:40:30.556 | INFO     | location_finder:find_location:28 - Location finder func Start
2022-07-22 20:40:30.556 | INFO     | location_finder:find_location:126 - Location finder func end: 1.0967254638671875e-05s
2022-07-22 20:40:30.557 | INFO     | location_finder:find_location:28 - Location finder func Start
2022-07-22 20:40:30.557 | INFO     | location_finder:find_location:126 - Location finder func end: 1.4543533325195312e-05s
2022-07-22 20:40:30.557 | INFO     | location_finder:find_location:28 - Location finder func Start
2022-07-22 20:40:30.557 | INFO     | location_finder:find_location:126 - Location finder func end: 1.3589859008789062e-05s
2022-07-22 20:40:30.557 | INFO     | location_finder:find_location:28 - Location finder func Start
2022-07-22 20:40:30.557 | INFO     | location_finder:find_location:126 - Location finder func end: 1.3113021850585938e-05s
2022-07-22 20:40:30.557 | INFO     | location_finder:find_location:28 - Location finder func Start
2022-07-22 20:40:30.558 | INFO     | location_finder:find_location:126 - Location finder func end: 1.2159347534179688e-05s
2022-07-22 20:40:30.558 | INFO     | location_finder:find_location:28 - Location finder func Start
2022-07-22 20:40:30.558 | INFO     | location_finder:find_location:126 - Location finder func end: 9.059906005859375e-06s
2022-07-22 20:40:30.558 | INFO     | location_finder:find_location:28 - Location finder func Start
2022-07-22 20:40:30.558 | INFO     | location_finder:find_location:126 - Location finder func end: 1.2874603271484375e-05s
2022-07-22 20:40:30.558 | INFO     | location_finder:find_location:28 - Location finder func Start
2022-07-22 20:40:30.559 | INFO     | location_finder:find_location:126 - Location finder func end: 9.059906005859375e-06s
2022-07-22 20:40:30.559 | INFO     | location_finder:find_location:28 - Location finder func Start
2022-07-22 20:40:30.559 | INFO     | location_finder:find_location:126 - Location finder func end: 1.2159347534179688e-05s
2022-07-22 20:40:30.559 | INFO     | location_finder:find_location:28 - Location finder func Start
2022-07-22 20:40:30.559 | INFO     | location_finder:find_location:126 - Location finder func end: 1.239776611328125e-05s
2022-07-22 20:40:30.559 | INFO     | location_finder:find_location:28 - Location finder func Start
2022-07-22 20:40:30.560 | INFO     | location_finder:find_location:126 - Location finder func end: 1.2874603271484375e-05s
2022-07-22 20:40:30.560 | INFO     | location_finder:find_location:28 - Location finder func Start
2022-07-22 20:40:30.560 | INFO     | location_finder:find_location:126 - Location finder func end: 9.059906005859375e-06s
2022-07-22 20:40:30.560 | INFO     | location_finder:find_location:28 - Location finder func Start
2022-07-22 20:40:30.560 | INFO     | location_finder:find_location:126 - Location finder func end: 9.059906005859375e-06s
2022-07-22 20:40:30.560 | INFO     | location_finder:find_location:28 - Location finder func Start
2022-07-22 20:40:30.560 | INFO     | location_finder:find_location:126 - Location finder func end: 9.298324584960938e-06s
2022-07-22 20:40:30.561 | INFO     | location_finder:find_location:28 - Location finder func Start
2022-07-22 20:40:30.561 | INFO     | location_finder:find_location:126 - Location finder func end: 9.5367431640625e-06s
2022-07-22 20:40:30.561 | INFO     | location_finder:find_location:28 - Location finder func Start
2022-07-22 20:40:30.561 | INFO     | location_finder:find_location:126 - Location finder func end: 1.3113021850585938e-05s
2022-07-22 20:40:30.561 | INFO     | location_finder:find_location:28 - Location finder func Start
2022-07-22 20:40:30.561 | INFO     | location_finder:find_location:126 - Location finder func end: 1.0251998901367188e-05s
2022-07-22 20:40:30.561 | INFO     | location_finder:find_location:28 - Location finder func Start
2022-07-22 20:40:30.562 | INFO     | location_finder:find_location:126 - Location finder func end: 9.059906005859375e-06s
2022-07-22 20:40:30.562 | INFO     | location_finder:find_location:28 - Location finder func Start
2022-07-22 20:40:30.562 | INFO     | location_finder:find_location:126 - Location finder func end: 9.059906005859375e-06s
2022-07-22 20:40:30.562 | INFO     | location_finder:find_location:28 - Location finder func Start
2022-07-22 20:40:30.562 | INFO     | location_finder:find_location:126 - Location finder func end: 8.821487426757812e-06s
2022-07-22 20:40:30.562 | INFO     | location_finder:find_location:28 - Location finder func Start
2022-07-22 20:40:30.562 | INFO     | location_finder:find_location:126 - Location finder func end: 1.2159347534179688e-05s
2022-07-22 20:40:30.562 | INFO     | location_finder:find_location:28 - Location finder func Start
2022-07-22 20:40:30.563 | INFO     | location_finder:find_location:126 - Location finder func end: 9.298324584960938e-06s
2022-07-22 20:40:30.563 | INFO     | location_finder:find_location:28 - Location finder func Start
2022-07-22 20:40:30.563 | INFO     | location_finder:find_location:126 - Location finder func end: 1.3589859008789062e-05s
2022-07-22 20:40:30.563 | INFO     | location_finder:find_location:28 - Location finder func Start
2022-07-22 20:40:30.563 | INFO     | location_finder:find_location:126 - Location finder func end: 3.981590270996094e-05s
2022-07-22 20:40:30.563 | INFO     | location_finder:find_location:28 - Location finder func Start
2022-07-22 20:40:30.563 | INFO     | location_finder:find_location:126 - Location finder func end: 1.3589859008789062e-05s
2022-07-22 20:40:30.564 | INFO     | location_finder:find_location:28 - Location finder func Start
2022-07-22 20:40:30.564 | INFO     | location_finder:find_location:126 - Location finder func end: 1.2636184692382812e-05s
2022-07-22 20:40:30.564 | INFO     | location_finder:find_location:28 - Location finder func Start
2022-07-22 20:40:30.564 | INFO     | location_finder:find_location:126 - Location finder func end: 1.2159347534179688e-05s
2022-07-22 20:40:30.564 | INFO     | location_finder:find_location:28 - Location finder func Start
2022-07-22 20:40:30.564 | INFO     | location_finder:find_location:126 - Location finder func end: 1.3828277587890625e-05s
2022-07-22 20:40:30.564 | INFO     | location_finder:find_location:28 - Location finder func Start
2022-07-22 20:40:30.564 | INFO     | location_finder:find_location:126 - Location finder func end: 1.4781951904296875e-05s
2022-07-22 20:40:30.565 | INFO     | location_finder:find_location:28 - Location finder func Start
2022-07-22 20:40:30.565 | INFO     | location_finder:find_location:126 - Location finder func end: 1.33514404296875e-05s
2022-07-22 20:40:30.565 | INFO     | location_finder:find_location:28 - Location finder func Start
2022-07-22 20:40:30.565 | INFO     | location_finder:find_location:126 - Location finder func end: 4.124641418457031e-05s
2022-07-22 20:40:30.565 | INFO     | location_finder:find_location:28 - Location finder func Start
2022-07-22 20:40:30.565 | INFO     | location_finder:find_location:126 - Location finder func end: 1.3828277587890625e-05s
2022-07-22 20:40:30.566 | INFO     | location_finder:find_location:28 - Location finder func Start
2022-07-22 20:40:30.566 | INFO     | location_finder:find_location:126 - Location finder func end: 1.3828277587890625e-05s
2022-07-22 20:40:30.566 | INFO     | location_finder:find_location:28 - Location finder func Start
2022-07-22 20:40:30.566 | INFO     | location_finder:find_location:126 - Location finder func end: 1.33514404296875e-05s
2022-07-22 20:40:30.566 | INFO     | location_finder:find_location:28 - Location finder func Start
2022-07-22 20:40:30.566 | INFO     | location_finder:find_location:126 - Location finder func end: 2.2649765014648438e-05s
2022-07-22 20:40:30.566 | INFO     | location_finder:find_location:28 - Location finder func Start
2022-07-22 20:40:30.567 | INFO     | location_finder:find_location:126 - Location finder func end: 4.6253204345703125e-05s
2022-07-22 20:40:30.567 | INFO     | location_finder:find_location:28 - Location finder func Start
2022-07-22 20:40:30.567 | INFO     | location_finder:find_location:126 - Location finder func end: 2.9325485229492188e-05s
2022-07-22 20:40:30.567 | INFO     | location_finder:find_location:28 - Location finder func Start
2022-07-22 20:40:30.567 | INFO     | location_finder:find_location:126 - Location finder func end: 1.0728836059570312e-05s
2022-07-22 20:40:30.568 | INFO     | location_updater:update_location:39 - Update Location entries end: 6.330451488494873s
2022-07-22 20:40:30.568 | INFO     | __main__:main:57 - Updating Dataframe end: 6.3400750160217285s
2022-07-22 20:40:30.569 | INFO     | __main__:main:61 - Output Dataframe to output_1.xlsx Start
2022-07-22 20:40:30.614 | INFO     | __main__:main:67 - Output to output_1.xlsx end: 0.04576468467712402s
2022-07-22 20:40:30.615 | INFO     | __main__:main:68 - Finished updating locations end: 6.612605571746826s
