2022-07-18 16:12:48.632 | INFO     | __main__:main:37 - Started updating location
2022-07-18 16:12:48.632 | INFO     | __main__:main:40 - Reading Excel Start
2022-07-18 16:12:48.753 | INFO     | __main__:main:46 - Reading Excel end: 0.1206505298614502s
2022-07-18 16:12:48.753 | INFO     | __main__:main:49 - Updating Dataframe Start
2022-07-18 16:12:48.753 | INFO     | location_updater:load_locations_data:119 - Read location json Start
2022-07-18 16:12:48.757 | INFO     | location_updater:load_locations_data:126 - Read location json end: 0.004186868667602539s
2022-07-18 16:12:48.757 | INFO     | location_updater:update_location:33 - Update Location entries Start
2022-07-18 16:12:48.758 | INFO     | location_finder:find_unknown:134 - unknown finder func Start
2022-07-18 16:12:48.758 | INFO     | location_finder:find_unknown:171 - Location finder func end: 7.963180541992188e-05s
2022-07-18 16:12:48.758 | INFO     | location_finder:find_unknown:134 - unknown finder func Start
2022-07-18 16:12:48.758 | INFO     | location_finder:find_unknown:171 - Location finder func end: 4.291534423828125e-06s
2022-07-18 16:12:48.758 | INFO     | location_finder:find_unknown:134 - unknown finder func Start
2022-07-18 16:12:48.759 | INFO     | location_finder:find_unknown:171 - Location finder func end: 5.4836273193359375e-06s
2022-07-18 16:12:48.759 | INFO     | location_finder:find_unknown:134 - unknown finder func Start
2022-07-18 16:12:48.759 | INFO     | location_finder:find_unknown:171 - Location finder func end: 4.291534423828125e-06s
2022-07-18 16:12:48.759 | INFO     | location_finder:find_unknown:134 - unknown finder func Start
2022-07-18 16:12:48.759 | INFO     | location_finder:find_unknown:171 - Location finder func end: 5.9604644775390625e-06s
2022-07-18 16:12:48.759 | INFO     | location_finder:find_unknown:134 - unknown finder func Start
2022-07-18 16:12:48.759 | INFO     | location_finder:find_unknown:171 - Location finder func end: 5.245208740234375e-06s
2022-07-18 16:12:48.759 | INFO     | location_finder:find_unknown:134 - unknown finder func Start
2022-07-18 16:12:48.759 | INFO     | location_finder:find_unknown:171 - Location finder func end: 5.245208740234375e-06s
2022-07-18 16:12:48.759 | INFO     | location_finder:find_unknown:134 - unknown finder func Start
2022-07-18 16:12:48.759 | INFO     | location_finder:find_unknown:171 - Location finder func end: 5.0067901611328125e-06s
2022-07-18 16:12:48.760 | INFO     | location_finder:find_unknown:134 - unknown finder func Start
2022-07-18 16:12:48.760 | INFO     | location_finder:find_unknown:171 - Location finder func end: 5.0067901611328125e-06s
2022-07-18 16:12:48.760 | INFO     | location_finder:find_unknown:134 - unknown finder func Start
2022-07-18 16:12:48.760 | INFO     | location_finder:find_unknown:171 - Location finder func end: 5.4836273193359375e-06s
2022-07-18 16:12:48.760 | INFO     | location_finder:find_unknown:134 - unknown finder func Start
2022-07-18 16:12:48.760 | INFO     | location_finder:find_unknown:171 - Location finder func end: 5.245208740234375e-06s
2022-07-18 16:12:48.760 | INFO     | location_finder:find_unknown:134 - unknown finder func Start
2022-07-18 16:12:48.760 | INFO     | location_finder:find_unknown:171 - Location finder func end: 5.4836273193359375e-06s
2022-07-18 16:12:48.760 | INFO     | location_finder:find_unknown:134 - unknown finder func Start
2022-07-18 16:12:48.760 | INFO     | location_finder:find_unknown:171 - Location finder func end: 5.245208740234375e-06s
2022-07-18 16:12:48.760 | INFO     | location_finder:find_unknown:134 - unknown finder func Start
2022-07-18 16:12:48.761 | INFO     | location_finder:find_unknown:171 - Location finder func end: 5.7220458984375e-06s
2022-07-18 16:12:48.761 | INFO     | location_finder:find_unknown:134 - unknown finder func Start
2022-07-18 16:12:48.761 | INFO     | location_finder:find_unknown:171 - Location finder func end: 5.0067901611328125e-06s
2022-07-18 16:12:48.761 | INFO     | location_finder:find_unknown:134 - unknown finder func Start
2022-07-18 16:12:48.761 | INFO     | location_finder:find_unknown:171 - Location finder func end: 5.9604644775390625e-06s
2022-07-18 16:12:48.761 | INFO     | location_finder:find_unknown:134 - unknown finder func Start
2022-07-18 16:12:48.761 | INFO     | location_finder:find_unknown:171 - Location finder func end: 8.106231689453125e-06s
2022-07-18 16:12:48.761 | INFO     | location_finder:find_unknown:134 - unknown finder func Start
2022-07-18 16:12:48.761 | INFO     | location_finder:find_unknown:171 - Location finder func end: 6.9141387939453125e-06s
2022-07-18 16:12:48.762 | INFO     | location_finder:find_unknown:134 - unknown finder func Start
2022-07-18 16:12:48.762 | INFO     | location_finder:find_unknown:171 - Location finder func end: 5.4836273193359375e-06s
2022-07-18 16:12:48.762 | INFO     | location_finder:find_unknown:134 - unknown finder func Start
2022-07-18 16:12:48.762 | INFO     | location_finder:find_unknown:171 - Location finder func end: 4.5299530029296875e-06s
2022-07-18 16:12:48.762 | INFO     | location_finder:find_unknown:134 - unknown finder func Start
2022-07-18 16:12:48.762 | INFO     | location_finder:find_unknown:171 - Location finder func end: 3.5762786865234375e-06s
2022-07-18 16:12:48.762 | INFO     | location_finder:find_unknown:134 - unknown finder func Start
2022-07-18 16:12:48.762 | INFO     | location_finder:find_unknown:171 - Location finder func end: 3.5762786865234375e-06s
2022-07-18 16:12:48.762 | INFO     | location_finder:find_unknown:134 - unknown finder func Start
2022-07-18 16:12:48.762 | INFO     | location_finder:find_unknown:171 - Location finder func end: 3.5762786865234375e-06s
2022-07-18 16:12:48.762 | INFO     | location_finder:find_unknown:134 - unknown finder func Start
2022-07-18 16:12:48.762 | INFO     | location_finder:find_unknown:171 - Location finder func end: 3.5762786865234375e-06s
2022-07-18 16:12:48.762 | INFO     | location_finder:find_unknown:134 - unknown finder func Start
2022-07-18 16:12:48.763 | INFO     | location_finder:find_unknown:171 - Location finder func end: 3.5762786865234375e-06s
2022-07-18 16:12:48.763 | INFO     | location_finder:find_unknown:134 - unknown finder func Start
2022-07-18 16:12:48.763 | INFO     | location_finder:find_unknown:171 - Location finder func end: 3.337860107421875e-06s
2022-07-18 16:12:48.763 | INFO     | location_finder:find_unknown:134 - unknown finder func Start
2022-07-18 16:12:48.763 | INFO     | location_finder:find_unknown:171 - Location finder func end: 3.5762786865234375e-06s
2022-07-18 16:12:48.763 | INFO     | location_finder:find_unknown:134 - unknown finder func Start
2022-07-18 16:12:48.763 | INFO     | location_finder:find_unknown:171 - Location finder func end: 3.337860107421875e-06s
2022-07-18 16:12:48.763 | INFO     | location_finder:find_unknown:134 - unknown finder func Start
2022-07-18 16:12:48.763 | INFO     | location_finder:find_unknown:171 - Location finder func end: 3.5762786865234375e-06s
2022-07-18 16:12:48.763 | INFO     | location_finder:find_unknown:134 - unknown finder func Start
2022-07-18 16:12:48.763 | INFO     | location_finder:find_unknown:171 - Location finder func end: 5.7220458984375e-06s
2022-07-18 16:12:48.763 | INFO     | location_finder:find_unknown:134 - unknown finder func Start
2022-07-18 16:12:48.763 | INFO     | location_finder:find_unknown:171 - Location finder func end: 4.291534423828125e-06s
2022-07-18 16:12:48.764 | INFO     | location_finder:find_unknown:134 - unknown finder func Start
2022-07-18 16:12:48.764 | INFO     | location_finder:find_unknown:171 - Location finder func end: 6.198883056640625e-06s
2022-07-18 16:12:48.764 | INFO     | location_finder:find_unknown:134 - unknown finder func Start
2022-07-18 16:12:48.764 | INFO     | location_finder:find_unknown:171 - Location finder func end: 4.5299530029296875e-06s
2022-07-18 16:12:48.764 | INFO     | location_finder:find_unknown:134 - unknown finder func Start
2022-07-18 16:12:48.764 | INFO     | location_finder:find_unknown:171 - Location finder func end: 6.198883056640625e-06s
2022-07-18 16:12:48.764 | INFO     | location_finder:find_unknown:134 - unknown finder func Start
2022-07-18 16:12:48.764 | INFO     | location_finder:find_unknown:171 - Location finder func end: 4.0531158447265625e-06s
2022-07-18 16:12:48.764 | INFO     | location_finder:find_unknown:134 - unknown finder func Start
2022-07-18 16:12:48.765 | INFO     | location_finder:find_unknown:171 - Location finder func end: 4.0531158447265625e-06s
2022-07-18 16:12:48.765 | INFO     | location_finder:find_unknown:134 - unknown finder func Start
2022-07-18 16:12:48.765 | INFO     | location_finder:find_unknown:171 - Location finder func end: 5.7220458984375e-06s
2022-07-18 16:12:48.765 | INFO     | location_finder:find_unknown:134 - unknown finder func Start
2022-07-18 16:12:48.765 | INFO     | location_finder:find_unknown:171 - Location finder func end: 4.5299530029296875e-06s
2022-07-18 16:12:48.765 | INFO     | location_finder:find_unknown:134 - unknown finder func Start
2022-07-18 16:12:48.765 | INFO     | location_finder:find_unknown:171 - Location finder func end: 4.291534423828125e-06s
2022-07-18 16:12:48.765 | INFO     | location_finder:find_unknown:134 - unknown finder func Start
2022-07-18 16:12:48.765 | INFO     | location_finder:find_unknown:171 - Location finder func end: 4.291534423828125e-06s
2022-07-18 16:12:48.766 | INFO     | location_finder:find_unknown:134 - unknown finder func Start
2022-07-18 16:12:48.766 | INFO     | location_finder:find_unknown:171 - Location finder func end: 4.76837158203125e-06s
2022-07-18 16:12:48.766 | INFO     | location_finder:find_unknown:134 - unknown finder func Start
2022-07-18 16:12:48.766 | INFO     | location_finder:find_unknown:171 - Location finder func end: 8.821487426757812e-06s
2022-07-18 16:12:48.766 | INFO     | location_finder:find_unknown:134 - unknown finder func Start
2022-07-18 16:12:48.766 | INFO     | location_finder:find_unknown:171 - Location finder func end: 6.198883056640625e-06s
2022-07-18 16:12:48.766 | INFO     | location_finder:find_unknown:134 - unknown finder func Start
2022-07-18 16:12:48.766 | INFO     | location_finder:find_unknown:171 - Location finder func end: 6.198883056640625e-06s
2022-07-18 16:12:48.766 | INFO     | location_updater:search_for_unknowns:171 - Search for unknowns Start
