2022-07-18 13:10:09.624 | INFO     | __main__:main:37 - Started updating location
2022-07-18 13:10:09.625 | INFO     | __main__:main:40 - Reading Excel Start
2022-07-18 13:10:09.748 | INFO     | __main__:main:46 - Reading Excel end: 0.1237039566040039s
2022-07-18 13:10:09.749 | INFO     | __main__:main:49 - Updating Dataframe Start
2022-07-18 13:10:09.749 | INFO     | location_updater:load_locations_data:111 - Read location json Start
2022-07-18 13:10:09.753 | INFO     | location_updater:load_locations_data:118 - Read location json end: 0.003981351852416992s
2022-07-18 13:10:09.753 | INFO     | location_updater:update_location:31 - Update Location entries Start
2022-07-18 13:10:09.753 | INFO     | location_finder:find_location:28 - Location finder Start
2022-07-18 13:10:09.754 | INFO     | location_finder:find_location:153 - Read location json end: 0.00019288063049316406s
2022-07-18 13:10:09.754 | INFO     | location_finder:find_location:28 - Location finder Start
2022-07-18 13:10:09.754 | INFO     | location_finder:find_location:153 - Read location json end: 6.0558319091796875e-05s
2022-07-18 13:10:09.754 | INFO     | location_finder:find_location:28 - Location finder Start
2022-07-18 13:10:09.754 | INFO     | location_finder:find_location:153 - Read location json end: 4.9114227294921875e-05s
2022-07-18 13:10:09.754 | INFO     | location_finder:find_location:28 - Location finder Start
2022-07-18 13:10:09.754 | INFO     | location_finder:find_location:153 - Read location json end: 4.076957702636719e-05s
2022-07-18 13:10:09.755 | INFO     | location_finder:find_location:28 - Location finder Start
2022-07-18 13:10:09.755 | INFO     | location_finder:find_location:153 - Read location json end: 3.719329833984375e-05s
2022-07-18 13:10:09.755 | INFO     | location_finder:find_location:28 - Location finder Start
2022-07-18 13:10:09.755 | INFO     | location_finder:find_location:153 - Read location json end: 3.743171691894531e-05s
2022-07-18 13:10:09.755 | INFO     | location_finder:find_location:28 - Location finder Start
2022-07-18 13:10:09.755 | INFO     | location_finder:find_location:153 - Read location json end: 4.410743713378906e-05s
2022-07-18 13:10:09.755 | INFO     | location_finder:find_location:28 - Location finder Start
2022-07-18 13:10:09.755 | INFO     | location_finder:find_location:153 - Read location json end: 4.1484832763671875e-05s
2022-07-18 13:10:09.756 | INFO     | location_finder:find_location:28 - Location finder Start
2022-07-18 13:10:09.756 | INFO     | location_finder:find_location:153 - Read location json end: 0.0001475811004638672s
2022-07-18 13:10:09.756 | INFO     | location_finder:find_location:28 - Location finder Start
2022-07-18 13:10:09.756 | INFO     | location_finder:find_location:153 - Read location json end: 4.5299530029296875e-05s
2022-07-18 13:10:09.756 | INFO     | location_finder:find_location:28 - Location finder Start
2022-07-18 13:10:09.756 | INFO     | location_finder:find_location:153 - Read location json end: 4.38690185546875e-05s
2022-07-18 13:10:09.756 | INFO     | location_finder:find_location:28 - Location finder Start
2022-07-18 13:10:09.756 | INFO     | location_finder:find_location:153 - Read location json end: 3.719329833984375e-05s
2022-07-18 13:10:09.757 | INFO     | location_finder:find_location:28 - Location finder Start
2022-07-18 13:10:09.757 | INFO     | location_finder:find_location:153 - Read location json end: 3.62396240234375e-05s
2022-07-18 13:10:09.757 | INFO     | location_finder:find_location:28 - Location finder Start
2022-07-18 13:10:09.757 | INFO     | location_finder:find_location:153 - Read location json end: 3.62396240234375e-05s
2022-07-18 13:10:09.757 | INFO     | location_finder:find_location:28 - Location finder Start
2022-07-18 13:10:09.757 | INFO     | location_finder:find_location:153 - Read location json end: 3.5762786865234375e-05s
2022-07-18 13:10:09.757 | INFO     | location_finder:find_location:28 - Location finder Start
2022-07-18 13:10:09.757 | INFO     | location_finder:find_location:153 - Read location json end: 3.600120544433594e-05s
2022-07-18 13:10:09.757 | INFO     | location_finder:find_location:28 - Location finder Start
2022-07-18 13:10:09.758 | INFO     | location_finder:find_location:153 - Read location json end: 5.1021575927734375e-05s
2022-07-18 13:10:09.758 | INFO     | location_finder:find_location:28 - Location finder Start
2022-07-18 13:10:09.758 | INFO     | location_finder:find_location:153 - Read location json end: 5.459785461425781e-05s
2022-07-18 13:10:09.758 | INFO     | location_finder:find_location:28 - Location finder Start
2022-07-18 13:10:09.758 | INFO     | location_finder:find_location:153 - Read location json end: 5.3882598876953125e-05s
2022-07-18 13:10:09.758 | INFO     | location_finder:find_location:28 - Location finder Start
2022-07-18 13:10:09.759 | INFO     | location_finder:find_location:153 - Read location json end: 3.9577484130859375e-05s
2022-07-18 13:10:09.759 | INFO     | location_finder:find_location:28 - Location finder Start
2022-07-18 13:10:09.759 | INFO     | location_finder:find_location:153 - Read location json end: 4.291534423828125e-05s
2022-07-18 13:10:09.759 | INFO     | location_finder:find_location:28 - Location finder Start
2022-07-18 13:10:09.759 | INFO     | location_finder:find_location:153 - Read location json end: 3.886222839355469e-05s
2022-07-18 13:10:09.759 | INFO     | location_finder:find_location:28 - Location finder Start
2022-07-18 13:10:09.759 | INFO     | location_finder:find_location:153 - Read location json end: 3.814697265625e-05s
2022-07-18 13:10:09.760 | INFO     | location_finder:find_location:28 - Location finder Start
2022-07-18 13:10:09.760 | INFO     | location_finder:find_location:153 - Read location json end: 4.863739013671875e-05s
2022-07-18 13:10:09.760 | INFO     | location_finder:find_location:28 - Location finder Start
2022-07-18 13:10:09.760 | INFO     | location_finder:find_location:153 - Read location json end: 5.054473876953125e-05s
2022-07-18 13:10:09.760 | INFO     | location_finder:find_location:28 - Location finder Start
2022-07-18 13:10:09.760 | INFO     | location_finder:find_location:153 - Read location json end: 5.340576171875e-05s
2022-07-18 13:10:09.760 | INFO     | location_finder:find_location:28 - Location finder Start
2022-07-18 13:10:09.761 | INFO     | location_finder:find_location:153 - Read location json end: 4.76837158203125e-05s
2022-07-18 13:10:09.761 | INFO     | location_finder:find_location:28 - Location finder Start
2022-07-18 13:10:09.761 | INFO     | location_finder:find_location:153 - Read location json end: 5.340576171875e-05s
2022-07-18 13:10:09.761 | INFO     | location_finder:find_location:28 - Location finder Start
2022-07-18 13:10:09.761 | INFO     | location_finder:find_location:153 - Read location json end: 3.790855407714844e-05s
2022-07-18 13:10:09.761 | INFO     | location_finder:find_location:28 - Location finder Start
2022-07-18 13:10:09.761 | INFO     | location_finder:find_location:118 - Location unknown value sql query start
2022-07-18 13:10:11.172 | INFO     | location_finder:find_location:138 - Location unknown value sql query end: 1.4100353717803955s
2022-07-18 13:10:11.172 | INFO     | location_finder:find_location:118 - Location unknown value sql query start
2022-07-18 13:10:12.557 | INFO     | location_finder:find_location:138 - Location unknown value sql query end: 1.3855843544006348s
2022-07-18 13:10:12.558 | INFO     | location_finder:find_location:153 - Read location json end: 1.3858351707458496s
2022-07-18 13:10:12.558 | INFO     | location_finder:find_location:28 - Location finder Start
2022-07-18 13:10:12.558 | INFO     | location_finder:find_location:153 - Read location json end: 0.00010466575622558594s
2022-07-18 13:10:12.558 | INFO     | location_finder:find_location:28 - Location finder Start
2022-07-18 13:10:12.559 | INFO     | location_finder:find_location:153 - Read location json end: 7.534027099609375e-05s
2022-07-18 13:10:12.559 | INFO     | location_finder:find_location:28 - Location finder Start
2022-07-18 13:10:12.559 | INFO     | location_finder:find_location:153 - Read location json end: 6.222724914550781e-05s
2022-07-18 13:10:12.559 | INFO     | location_finder:find_location:28 - Location finder Start
2022-07-18 13:10:12.559 | INFO     | location_finder:find_location:153 - Read location json end: 6.246566772460938e-05s
2022-07-18 13:10:12.559 | INFO     | location_finder:find_location:28 - Location finder Start
2022-07-18 13:10:12.560 | INFO     | location_finder:find_location:153 - Read location json end: 6.318092346191406e-05s
2022-07-18 13:10:12.560 | INFO     | location_finder:find_location:28 - Location finder Start
2022-07-18 13:10:12.560 | INFO     | location_finder:find_location:153 - Read location json end: 6.461143493652344e-05s
2022-07-18 13:10:12.560 | INFO     | location_finder:find_location:28 - Location finder Start
2022-07-18 13:10:12.561 | INFO     | location_finder:find_location:118 - Location unknown value sql query start
2022-07-18 13:10:13.971 | INFO     | location_finder:find_location:138 - Location unknown value sql query end: 1.4102885723114014s
2022-07-18 13:10:13.971 | INFO     | location_finder:find_location:153 - Read location json end: 1.4105143547058105s
2022-07-18 13:10:13.972 | INFO     | location_finder:find_location:28 - Location finder Start
2022-07-18 13:10:13.972 | INFO     | location_finder:find_location:153 - Read location json end: 6.318092346191406e-05s
2022-07-18 13:10:13.972 | INFO     | location_finder:find_location:28 - Location finder Start
2022-07-18 13:10:13.972 | INFO     | location_finder:find_location:153 - Read location json end: 4.1484832763671875e-05s
2022-07-18 13:10:13.972 | INFO     | location_finder:find_location:28 - Location finder Start
2022-07-18 13:10:13.972 | INFO     | location_finder:find_location:153 - Read location json end: 3.790855407714844e-05s
2022-07-18 13:10:13.972 | INFO     | location_finder:find_location:28 - Location finder Start
2022-07-18 13:10:13.973 | INFO     | location_finder:find_location:118 - Location unknown value sql query start
2022-07-18 13:10:15.377 | INFO     | location_finder:find_location:138 - Location unknown value sql query end: 1.403954029083252s
2022-07-18 13:10:15.377 | INFO     | location_finder:find_location:153 - Read location json end: 1.4041566848754883s
2022-07-18 13:10:15.377 | INFO     | location_finder:find_location:28 - Location finder Start
2022-07-18 13:10:15.377 | INFO     | location_finder:find_location:153 - Read location json end: 0.00010442733764648438s
2022-07-18 13:10:15.377 | INFO     | location_finder:find_location:28 - Location finder Start
2022-07-18 13:10:15.377 | INFO     | location_finder:find_location:118 - Location unknown value sql query start
2022-07-18 13:10:16.772 | INFO     | location_finder:find_location:138 - Location unknown value sql query end: 1.3941400051116943s
2022-07-18 13:10:16.772 | INFO     | location_finder:find_location:153 - Read location json end: 1.394362449645996s
2022-07-18 13:10:16.772 | INFO     | location_finder:find_location:28 - Location finder Start
2022-07-18 13:10:16.772 | INFO     | location_finder:find_location:153 - Read location json end: 6.222724914550781e-05s
2022-07-18 13:10:16.773 | INFO     | location_updater:update_location:37 - Update Location entries end: 7.019962310791016s
2022-07-18 13:10:16.773 | INFO     | __main__:main:55 - Updating Dataframe end: 7.0248024463653564s
2022-07-18 13:10:16.774 | INFO     | __main__:main:59 - Output Dataframe to example/updated_1.xlsx Start
2022-07-18 13:10:16.797 | INFO     | __main__:main:65 - Output to example/updated_1.xlsx end: 0.02342081069946289s
2022-07-18 13:10:16.797 | INFO     | __main__:main:66 - Finished updating locations end: 7.174481630325317s
