2022-07-18 12:34:39.276 | INFO     | __main__:main:37 - Started updating location
2022-07-18 12:34:39.276 | INFO     | __main__:main:40 - Reading Excel Start
2022-07-18 12:34:39.399 | INFO     | __main__:main:46 - Reading Excel end: 0.1224365234375s
2022-07-18 12:34:39.399 | INFO     | __main__:main:49 - Updating Dataframe Start
2022-07-18 12:34:39.399 | INFO     | location_updater:load_locations_data:111 - Read location json Start
2022-07-18 12:34:54.191 | INFO     | __main__:main:37 - Started updating location
2022-07-18 12:34:54.191 | INFO     | __main__:main:40 - Reading Excel Start
2022-07-18 12:34:54.312 | INFO     | __main__:main:46 - Reading Excel end: 0.12136030197143555s
2022-07-18 12:34:54.312 | INFO     | __main__:main:49 - Updating Dataframe Start
2022-07-18 12:34:54.313 | INFO     | location_updater:load_locations_data:112 - Read location json Start
2022-07-18 12:34:54.323 | INFO     | location_updater:load_locations_data:119 - Read location json end: 0.010044574737548828s
2022-07-18 12:34:54.323 | INFO     | location_updater:update_location:32 - Update Location entries Start
2022-07-18 12:35:17.866 | INFO     | __main__:main:37 - Started updating location
2022-07-18 12:35:17.866 | INFO     | __main__:main:40 - Reading Excel Start
2022-07-18 12:35:17.996 | INFO     | __main__:main:46 - Reading Excel end: 0.12984442710876465s
2022-07-18 12:35:17.996 | INFO     | __main__:main:49 - Updating Dataframe Start
2022-07-18 12:35:17.996 | INFO     | location_updater:load_locations_data:112 - Read location json Start
2022-07-18 12:35:18.000 | INFO     | location_updater:load_locations_data:119 - Read location json end: 0.003679513931274414s
2022-07-18 12:35:18.001 | INFO     | location_updater:update_location:32 - Update Location entries Start
2022-07-18 12:36:10.054 | INFO     | __main__:main:37 - Started updating location
2022-07-18 12:36:10.054 | INFO     | __main__:main:40 - Reading Excel Start
2022-07-18 12:36:10.180 | INFO     | __main__:main:46 - Reading Excel end: 0.12588787078857422s
2022-07-18 12:36:10.180 | INFO     | __main__:main:49 - Updating Dataframe Start
2022-07-18 12:36:10.181 | INFO     | location_updater:update_location:30 - Update Location entries Start
2022-07-18 12:36:32.016 | INFO     | __main__:main:37 - Started updating location
2022-07-18 12:36:32.016 | INFO     | __main__:main:40 - Reading Excel Start
2022-07-18 12:36:32.137 | INFO     | __main__:main:46 - Reading Excel end: 0.12087249755859375s
2022-07-18 12:36:32.137 | INFO     | __main__:main:49 - Updating Dataframe Start
2022-07-18 12:36:32.137 | INFO     | location_updater:load_locations_data:111 - Read location json Start
2022-07-18 12:36:32.141 | INFO     | location_updater:load_locations_data:118 - Read location json end: 0.003636598587036133s
2022-07-18 12:36:32.142 | INFO     | location_updater:update_location:31 - Update Location entries Start
2022-07-18 12:37:33.738 | INFO     | __main__:main:37 - Started updating location
2022-07-18 12:37:33.738 | INFO     | __main__:main:40 - Reading Excel Start
2022-07-18 12:37:33.860 | INFO     | __main__:main:46 - Reading Excel end: 0.12182140350341797s
2022-07-18 12:37:33.860 | INFO     | __main__:main:49 - Updating Dataframe Start
2022-07-18 12:37:33.860 | INFO     | location_updater:load_locations_data:111 - Read location json Start
2022-07-18 12:37:33.864 | INFO     | location_updater:load_locations_data:118 - Read location json end: 0.0036847591400146484s
2022-07-18 12:37:33.864 | INFO     | location_updater:update_location:31 - Update Location entries Start
2022-07-18 12:38:11.806 | INFO     | __main__:main:37 - Started updating location
2022-07-18 12:38:11.806 | INFO     | __main__:main:40 - Reading Excel Start
2022-07-18 12:38:11.926 | INFO     | __main__:main:46 - Reading Excel end: 0.1201016902923584s
2022-07-18 12:38:11.926 | INFO     | __main__:main:49 - Updating Dataframe Start
2022-07-18 12:38:11.926 | INFO     | location_updater:load_locations_data:111 - Read location json Start
2022-07-18 12:38:11.930 | INFO     | location_updater:load_locations_data:118 - Read location json end: 0.003603219985961914s
2022-07-18 12:38:11.930 | INFO     | location_updater:update_location:31 - Update Location entries Start
2022-07-18 12:38:22.305 | INFO     | location_updater:update_location:37 - Update Location entries end: 10.374507665634155s
2022-07-18 12:38:22.305 | INFO     | __main__:main:55 - Updating Dataframe end: 10.379190683364868s
2022-07-18 12:38:22.305 | INFO     | __main__:main:59 - Output Dataframe to example/updated_1.xlsx Start
2022-07-18 12:38:22.327 | INFO     | __main__:main:65 - Output to example/updated_1.xlsx end: 0.02113032341003418s
2022-07-18 12:39:01.103 | INFO     | __main__:main:37 - Started updating location
2022-07-18 12:39:01.103 | INFO     | __main__:main:40 - Reading Excel Start
2022-07-18 12:39:01.226 | INFO     | __main__:main:46 - Reading Excel end: 0.1222982406616211s
2022-07-18 12:39:01.226 | INFO     | __main__:main:49 - Updating Dataframe Start
2022-07-18 12:39:01.226 | INFO     | location_updater:load_locations_data:111 - Read location json Start
2022-07-18 12:39:01.230 | INFO     | location_updater:load_locations_data:118 - Read location json end: 0.0037331581115722656s
2022-07-18 12:39:01.230 | INFO     | location_updater:update_location:31 - Update Location entries Start
2022-07-18 12:39:07.964 | INFO     | location_updater:update_location:37 - Update Location entries end: 6.733776330947876s
2022-07-18 12:39:07.964 | INFO     | __main__:main:55 - Updating Dataframe end: 6.738397121429443s
2022-07-18 12:39:07.965 | INFO     | __main__:main:59 - Output Dataframe to example/updated_1.xlsx Start
2022-07-18 12:39:07.987 | INFO     | __main__:main:65 - Output to example/updated_1.xlsx end: 0.022886037826538086s
2022-07-18 12:40:06.005 | INFO     | __main__:main:37 - Started updating location
2022-07-18 12:40:06.005 | INFO     | __main__:main:40 - Reading Excel Start
2022-07-18 12:40:06.136 | INFO     | __main__:main:46 - Reading Excel end: 0.13125848770141602s
2022-07-18 12:40:06.137 | INFO     | __main__:main:49 - Updating Dataframe Start
2022-07-18 12:40:06.137 | INFO     | location_updater:load_locations_data:111 - Read location json Start
2022-07-18 12:40:06.140 | INFO     | location_updater:load_locations_data:118 - Read location json end: 0.003703594207763672s
2022-07-18 12:40:06.141 | INFO     | location_updater:update_location:31 - Update Location entries Start
2022-07-18 12:40:12.946 | INFO     | location_updater:update_location:37 - Update Location entries end: 6.805422067642212s
2022-07-18 12:40:12.947 | INFO     | __main__:main:55 - Updating Dataframe end: 6.810047388076782s
2022-07-18 12:40:12.947 | INFO     | __main__:main:59 - Output Dataframe to example/updated_1.xlsx Start
2022-07-18 12:40:12.970 | INFO     | __main__:main:65 - Output to example/updated_1.xlsx end: 0.023085594177246094s
2022-07-18 12:40:12.970 | INFO     | __main__:main:66 - Finished updating locations end: 0.023085594177246094s
2022-07-18 12:40:28.225 | INFO     | __main__:main:37 - Started updating location
2022-07-18 12:40:28.225 | INFO     | __main__:main:40 - Reading Excel Start
2022-07-18 12:40:28.349 | INFO     | __main__:main:46 - Reading Excel end: 0.12371492385864258s
2022-07-18 12:40:28.349 | INFO     | __main__:main:49 - Updating Dataframe Start
2022-07-18 12:40:28.349 | INFO     | location_updater:load_locations_data:111 - Read location json Start
2022-07-18 12:40:28.353 | INFO     | location_updater:load_locations_data:118 - Read location json end: 0.00371551513671875s
2022-07-18 12:40:28.353 | INFO     | location_updater:update_location:31 - Update Location entries Start
2022-07-18 12:40:35.100 | INFO     | location_updater:update_location:37 - Update Location entries end: 6.746935129165649s
2022-07-18 12:40:35.101 | INFO     | __main__:main:55 - Updating Dataframe end: 6.751598596572876s
2022-07-18 12:40:35.101 | INFO     | __main__:main:59 - Output Dataframe to example/updated_1.xlsx Start
2022-07-18 12:40:35.124 | INFO     | __main__:main:65 - Output to example/updated_1.xlsx end: 0.0232541561126709s
2022-07-18 12:40:46.489 | INFO     | __main__:main:37 - Started updating location
2022-07-18 12:40:46.489 | INFO     | __main__:main:40 - Reading Excel Start
2022-07-18 12:40:46.611 | INFO     | __main__:main:46 - Reading Excel end: 0.12216830253601074s
2022-07-18 12:40:46.612 | INFO     | __main__:main:49 - Updating Dataframe Start
2022-07-18 12:40:46.612 | INFO     | location_updater:load_locations_data:111 - Read location json Start
2022-07-18 12:40:46.615 | INFO     | location_updater:load_locations_data:118 - Read location json end: 0.0036172866821289062s
2022-07-18 12:40:46.616 | INFO     | location_updater:update_location:31 - Update Location entries Start
2022-07-18 12:40:53.382 | INFO     | location_updater:update_location:37 - Update Location entries end: 6.76655650138855s
2022-07-18 12:40:53.383 | INFO     | __main__:main:55 - Updating Dataframe end: 6.771170139312744s
2022-07-18 12:40:53.383 | INFO     | __main__:main:59 - Output Dataframe to example/updated_1.xlsx Start
2022-07-18 12:40:53.407 | INFO     | __main__:main:65 - Output to example/updated_1.xlsx end: 0.024079084396362305s
2022-07-18 12:40:53.407 | INFO     | __main__:main:66 - Finished updating locations end: 6.920104026794434s
