2022-07-22 20:36:27.573 | INFO     | __main__:main:39 - Started updating location
2022-07-22 20:36:27.573 | INFO     | __main__:main:42 - Reading Excel Start
2022-07-22 20:36:27.773 | INFO     | __main__:main:48 - Reading Excel end: 0.1999502182006836s
2022-07-22 20:36:27.773 | INFO     | __main__:main:51 - Updating Dataframe Start
2022-07-22 20:36:27.774 | INFO     | location_updater:load_locations_data:119 - Read location json Start
2022-07-22 20:36:27.782 | INFO     | location_updater:load_locations_data:126 - Read location json end: 0.007927894592285156s
2022-07-22 20:36:27.782 | INFO     | location_updater:update_location:33 - Update Location entries Start
2022-07-22 20:36:27.782 | INFO     | location_finder:find_unknown:148 - unknown finder func Start
2022-07-22 20:36:27.783 | INFO     | location_finder:find_unknown:186 - Location finder func end: 0.00010919570922851562s
2022-07-22 20:36:27.783 | INFO     | location_finder:find_unknown:148 - unknown finder func Start
2022-07-22 20:36:27.783 | INFO     | location_finder:find_unknown:186 - Location finder func end: 1.0251998901367188e-05s
2022-07-22 20:36:27.783 | INFO     | location_finder:find_unknown:148 - unknown finder func Start
2022-07-22 20:36:27.783 | INFO     | location_finder:find_unknown:186 - Location finder func end: 6.67572021484375e-06s
2022-07-22 20:36:27.783 | INFO     | location_finder:find_unknown:148 - unknown finder func Start
2022-07-22 20:36:27.784 | INFO     | location_finder:find_unknown:186 - Location finder func end: 8.821487426757812e-06s
2022-07-22 20:36:27.784 | INFO     | location_finder:find_unknown:148 - unknown finder func Start
2022-07-22 20:36:27.784 | INFO     | location_finder:find_unknown:186 - Location finder func end: 7.62939453125e-06s
2022-07-22 20:36:27.784 | INFO     | location_finder:find_unknown:148 - unknown finder func Start
2022-07-22 20:36:27.784 | INFO     | location_finder:find_unknown:186 - Location finder func end: 7.62939453125e-06s
2022-07-22 20:36:27.784 | INFO     | location_finder:find_unknown:148 - unknown finder func Start
2022-07-22 20:36:27.784 | INFO     | location_finder:find_unknown:186 - Location finder func end: 7.3909759521484375e-06s
2022-07-22 20:36:27.785 | INFO     | location_finder:find_unknown:148 - unknown finder func Start
2022-07-22 20:36:27.785 | INFO     | location_finder:find_unknown:186 - Location finder func end: 6.4373016357421875e-06s
2022-07-22 20:36:27.785 | INFO     | location_finder:find_unknown:148 - unknown finder func Start
2022-07-22 20:36:27.785 | INFO     | location_finder:find_unknown:186 - Location finder func end: 5.7220458984375e-06s
2022-07-22 20:36:27.785 | INFO     | location_finder:find_unknown:148 - unknown finder func Start
2022-07-22 20:36:27.785 | INFO     | location_finder:find_unknown:186 - Location finder func end: 6.4373016357421875e-06s
2022-07-22 20:36:27.785 | INFO     | location_finder:find_unknown:148 - unknown finder func Start
2022-07-22 20:36:27.785 | INFO     | location_finder:find_unknown:186 - Location finder func end: 6.198883056640625e-06s
2022-07-22 20:36:27.786 | INFO     | location_finder:find_unknown:148 - unknown finder func Start
2022-07-22 20:36:27.786 | INFO     | location_finder:find_unknown:186 - Location finder func end: 6.9141387939453125e-06s
2022-07-22 20:36:27.786 | INFO     | location_finder:find_unknown:148 - unknown finder func Start
2022-07-22 20:36:27.786 | INFO     | location_finder:find_unknown:186 - Location finder func end: 7.3909759521484375e-06s
2022-07-22 20:36:27.786 | INFO     | location_finder:find_unknown:148 - unknown finder func Start
2022-07-22 20:36:27.786 | INFO     | location_finder:find_unknown:186 - Location finder func end: 7.152557373046875e-06s
2022-07-22 20:36:27.786 | INFO     | location_finder:find_unknown:148 - unknown finder func Start
2022-07-22 20:36:27.786 | INFO     | location_finder:find_unknown:186 - Location finder func end: 6.9141387939453125e-06s
2022-07-22 20:36:27.786 | INFO     | location_finder:find_unknown:148 - unknown finder func Start
2022-07-22 20:36:27.787 | INFO     | location_finder:find_unknown:186 - Location finder func end: 6.9141387939453125e-06s
2022-07-22 20:36:27.787 | INFO     | location_finder:find_unknown:148 - unknown finder func Start
2022-07-22 20:36:27.787 | INFO     | location_finder:find_unknown:186 - Location finder func end: 1.049041748046875e-05s
2022-07-22 20:36:27.787 | INFO     | location_finder:find_unknown:148 - unknown finder func Start
2022-07-22 20:36:27.787 | INFO     | location_finder:find_unknown:186 - Location finder func end: 1.9311904907226562e-05s
2022-07-22 20:36:27.788 | INFO     | location_finder:find_unknown:148 - unknown finder func Start
2022-07-22 20:36:27.788 | INFO     | location_finder:find_unknown:186 - Location finder func end: 9.775161743164062e-06s
2022-07-22 20:36:27.788 | INFO     | location_finder:find_unknown:148 - unknown finder func Start
2022-07-22 20:36:27.788 | INFO     | location_finder:find_unknown:186 - Location finder func end: 9.5367431640625e-06s
2022-07-22 20:36:27.788 | INFO     | location_finder:find_unknown:148 - unknown finder func Start
2022-07-22 20:36:27.789 | INFO     | location_finder:find_unknown:186 - Location finder func end: 9.059906005859375e-06s
2022-07-22 20:36:27.789 | INFO     | location_finder:find_unknown:148 - unknown finder func Start
2022-07-22 20:36:27.789 | INFO     | location_finder:find_unknown:186 - Location finder func end: 8.344650268554688e-06s
2022-07-22 20:36:27.789 | INFO     | location_finder:find_unknown:148 - unknown finder func Start
2022-07-22 20:36:27.789 | INFO     | location_finder:find_unknown:186 - Location finder func end: 8.821487426757812e-06s
2022-07-22 20:36:27.789 | INFO     | location_finder:find_unknown:148 - unknown finder func Start
2022-07-22 20:36:27.790 | INFO     | location_finder:find_unknown:186 - Location finder func end: 8.58306884765625e-06s
2022-07-22 20:36:27.790 | INFO     | location_finder:find_unknown:148 - unknown finder func Start
2022-07-22 20:36:27.790 | INFO     | location_finder:find_unknown:186 - Location finder func end: 8.58306884765625e-06s
2022-07-22 20:36:27.790 | INFO     | location_finder:find_unknown:148 - unknown finder func Start
2022-07-22 20:36:27.790 | INFO     | location_finder:find_unknown:186 - Location finder func end: 8.58306884765625e-06s
2022-07-22 20:36:27.790 | INFO     | location_finder:find_unknown:148 - unknown finder func Start
2022-07-22 20:36:27.791 | INFO     | location_finder:find_unknown:186 - Location finder func end: 8.58306884765625e-06s
2022-07-22 20:36:27.791 | INFO     | location_finder:find_unknown:148 - unknown finder func Start
2022-07-22 20:36:27.791 | INFO     | location_finder:find_unknown:186 - Location finder func end: 6.9141387939453125e-06s
2022-07-22 20:36:27.791 | INFO     | location_finder:find_unknown:148 - unknown finder func Start
2022-07-22 20:36:27.791 | INFO     | location_finder:find_unknown:186 - Location finder func end: 7.152557373046875e-06s
2022-07-22 20:36:27.792 | INFO     | location_finder:find_unknown:148 - unknown finder func Start
2022-07-22 20:36:27.792 | INFO     | location_finder:find_unknown:186 - Location finder func end: 1.3589859008789062e-05s
2022-07-22 20:36:27.792 | INFO     | location_finder:find_unknown:148 - unknown finder func Start
2022-07-22 20:36:27.792 | INFO     | location_finder:find_unknown:186 - Location finder func end: 6.67572021484375e-06s
2022-07-22 20:36:27.792 | INFO     | location_finder:find_unknown:148 - unknown finder func Start
2022-07-22 20:36:27.792 | INFO     | location_finder:find_unknown:186 - Location finder func end: 5.9604644775390625e-06s
2022-07-22 20:36:27.792 | INFO     | location_finder:find_unknown:148 - unknown finder func Start
2022-07-22 20:36:27.792 | INFO     | location_finder:find_unknown:186 - Location finder func end: 5.7220458984375e-06s
2022-07-22 20:36:27.793 | INFO     | location_finder:find_unknown:148 - unknown finder func Start
2022-07-22 20:36:27.793 | INFO     | location_finder:find_unknown:186 - Location finder func end: 5.7220458984375e-06s
2022-07-22 20:36:27.793 | INFO     | location_finder:find_unknown:148 - unknown finder func Start
2022-07-22 20:36:27.793 | INFO     | location_finder:find_unknown:186 - Location finder func end: 6.67572021484375e-06s
2022-07-22 20:36:27.793 | INFO     | location_finder:find_unknown:148 - unknown finder func Start
2022-07-22 20:36:27.793 | INFO     | location_finder:find_unknown:186 - Location finder func end: 7.867813110351562e-06s
2022-07-22 20:36:27.793 | INFO     | location_finder:find_unknown:148 - unknown finder func Start
2022-07-22 20:36:27.793 | INFO     | location_finder:find_unknown:186 - Location finder func end: 7.3909759521484375e-06s
2022-07-22 20:36:27.793 | INFO     | location_finder:find_unknown:148 - unknown finder func Start
2022-07-22 20:36:27.794 | INFO     | location_finder:find_unknown:186 - Location finder func end: 5.4836273193359375e-06s
2022-07-22 20:36:27.794 | INFO     | location_finder:find_unknown:148 - unknown finder func Start
2022-07-22 20:36:27.794 | INFO     | location_finder:find_unknown:186 - Location finder func end: 5.7220458984375e-06s
2022-07-22 20:36:27.794 | INFO     | location_finder:find_unknown:148 - unknown finder func Start
2022-07-22 20:36:27.794 | INFO     | location_finder:find_unknown:186 - Location finder func end: 5.7220458984375e-06s
2022-07-22 20:36:27.794 | INFO     | location_finder:find_unknown:148 - unknown finder func Start
2022-07-22 20:36:27.794 | INFO     | location_finder:find_unknown:186 - Location finder func end: 7.152557373046875e-06s
2022-07-22 20:36:27.794 | INFO     | location_finder:find_unknown:148 - unknown finder func Start
2022-07-22 20:36:27.794 | INFO     | location_finder:find_unknown:186 - Location finder func end: 1.3589859008789062e-05s
2022-07-22 20:36:27.795 | INFO     | location_finder:find_unknown:148 - unknown finder func Start
2022-07-22 20:36:27.795 | INFO     | location_finder:find_unknown:186 - Location finder func end: 1.0251998901367188e-05s
2022-07-22 20:36:27.795 | INFO     | location_finder:find_unknown:148 - unknown finder func Start
2022-07-22 20:36:27.795 | INFO     | location_finder:find_unknown:186 - Location finder func end: 7.152557373046875e-06s
2022-07-22 20:36:27.795 | INFO     | location_updater:search_for_unknowns:192 - Search for unknowns Start
2022-07-22 20:36:27.795 | INFO     | location_updater:unknown_sql_query:163 - Location unknown value sql query start
2022-07-22 20:36:29.363 | INFO     | location_updater:unknown_sql_query:189 - Location unknown value sql query end: 1.5671193599700928s
2022-07-22 20:36:29.363 | INFO     | location_updater:search_for_unknowns:204 - Search for unknowns end: 1.5675833225250244s
2022-07-22 20:36:29.378 | INFO     | location_finder:find_location:28 - Location finder func Start
2022-07-22 20:36:29.378 | INFO     | location_finder:find_location:126 - Location finder func end: 2.9802322387695312e-05s
2022-07-22 20:36:29.378 | INFO     | location_finder:find_location:28 - Location finder func Start
2022-07-22 20:36:29.379 | INFO     | location_finder:find_location:126 - Location finder func end: 1.71661376953125e-05s
2022-07-22 20:36:29.379 | INFO     | location_finder:find_location:28 - Location finder func Start
2022-07-22 20:36:29.379 | INFO     | location_finder:find_location:126 - Location finder func end: 1.3589859008789062e-05s
2022-07-22 20:36:29.379 | INFO     | location_finder:find_location:28 - Location finder func Start
2022-07-22 20:36:29.379 | INFO     | location_finder:find_location:126 - Location finder func end: 1.3113021850585938e-05s
2022-07-22 20:36:29.379 | INFO     | location_finder:find_location:28 - Location finder func Start
2022-07-22 20:36:29.380 | INFO     | location_finder:find_location:126 - Location finder func end: 1.5497207641601562e-05s
2022-07-22 20:36:29.380 | INFO     | location_finder:find_location:28 - Location finder func Start
2022-07-22 20:36:29.380 | INFO     | location_finder:find_location:126 - Location finder func end: 1.5974044799804688e-05s
2022-07-22 20:36:29.381 | INFO     | location_finder:find_location:28 - Location finder func Start
2022-07-22 20:36:29.381 | INFO     | location_finder:find_location:126 - Location finder func end: 1.239776611328125e-05s
2022-07-22 20:36:29.381 | INFO     | location_finder:find_location:28 - Location finder func Start
2022-07-22 20:36:29.381 | INFO     | location_finder:find_location:126 - Location finder func end: 1.2636184692382812e-05s
2022-07-22 20:36:29.381 | INFO     | location_finder:find_location:28 - Location finder func Start
2022-07-22 20:36:29.381 | INFO     | location_finder:find_location:126 - Location finder func end: 1.33514404296875e-05s
2022-07-22 20:36:29.382 | INFO     | location_finder:find_location:28 - Location finder func Start
2022-07-22 20:36:29.382 | INFO     | location_finder:find_location:126 - Location finder func end: 1.3113021850585938e-05s
2022-07-22 20:36:29.382 | INFO     | location_finder:find_location:28 - Location finder func Start
2022-07-22 20:36:29.382 | INFO     | location_finder:find_location:126 - Location finder func end: 1.1920928955078125e-05s
2022-07-22 20:36:29.382 | INFO     | location_finder:find_location:28 - Location finder func Start
2022-07-22 20:36:29.383 | INFO     | location_finder:find_location:126 - Location finder func end: 1.2159347534179688e-05s
2022-07-22 20:36:29.383 | INFO     | location_finder:find_location:28 - Location finder func Start
2022-07-22 20:36:29.383 | INFO     | location_finder:find_location:126 - Location finder func end: 1.33514404296875e-05s
2022-07-22 20:36:29.383 | INFO     | location_finder:find_location:28 - Location finder func Start
2022-07-22 20:36:29.383 | INFO     | location_finder:find_location:126 - Location finder func end: 1.3113021850585938e-05s
2022-07-22 20:36:29.383 | INFO     | location_finder:find_location:28 - Location finder func Start
2022-07-22 20:36:29.384 | INFO     | location_finder:find_location:126 - Location finder func end: 1.2636184692382812e-05s
2022-07-22 20:36:29.384 | INFO     | location_finder:find_location:28 - Location finder func Start
2022-07-22 20:36:29.384 | INFO     | location_finder:find_location:126 - Location finder func end: 1.239776611328125e-05s
2022-07-22 20:36:29.384 | INFO     | location_finder:find_location:28 - Location finder func Start
2022-07-22 20:36:29.384 | INFO     | location_finder:find_location:126 - Location finder func end: 1.2636184692382812e-05s
2022-07-22 20:36:29.384 | INFO     | location_finder:find_location:28 - Location finder func Start
2022-07-22 20:36:29.385 | INFO     | location_finder:find_location:126 - Location finder func end: 1.2874603271484375e-05s
2022-07-22 20:36:29.385 | INFO     | location_finder:find_location:28 - Location finder func Start
2022-07-22 20:36:29.385 | INFO     | location_finder:find_location:126 - Location finder func end: 1.2636184692382812e-05s
2022-07-22 20:36:29.385 | INFO     | location_finder:find_location:28 - Location finder func Start
2022-07-22 20:36:29.385 | INFO     | location_finder:find_location:126 - Location finder func end: 1.1444091796875e-05s
2022-07-22 20:36:29.386 | INFO     | location_finder:find_location:28 - Location finder func Start
2022-07-22 20:36:29.386 | INFO     | location_finder:find_location:126 - Location finder func end: 1.1920928955078125e-05s
2022-07-22 20:36:29.386 | INFO     | location_finder:find_location:28 - Location finder func Start
2022-07-22 20:36:29.386 | INFO     | location_finder:find_location:126 - Location finder func end: 1.2636184692382812e-05s
2022-07-22 20:36:29.386 | INFO     | location_finder:find_location:28 - Location finder func Start
2022-07-22 20:36:29.386 | INFO     | location_finder:find_location:126 - Location finder func end: 1.1920928955078125e-05s
2022-07-22 20:36:29.387 | INFO     | location_finder:find_location:28 - Location finder func Start
2022-07-22 20:36:29.387 | INFO     | location_finder:find_location:126 - Location finder func end: 1.2159347534179688e-05s
2022-07-22 20:36:29.387 | INFO     | location_finder:find_location:28 - Location finder func Start
2022-07-22 20:36:29.387 | INFO     | location_finder:find_location:126 - Location finder func end: 1.2874603271484375e-05s
2022-07-22 20:36:29.387 | INFO     | location_finder:find_location:28 - Location finder func Start
2022-07-22 20:36:29.388 | INFO     | location_finder:find_location:126 - Location finder func end: 1.239776611328125e-05s
2022-07-22 20:36:29.388 | INFO     | location_finder:find_location:28 - Location finder func Start
2022-07-22 20:36:29.388 | INFO     | location_finder:find_location:126 - Location finder func end: 1.2874603271484375e-05s
2022-07-22 20:36:29.388 | INFO     | location_finder:find_location:28 - Location finder func Start
2022-07-22 20:36:29.388 | INFO     | location_finder:find_location:126 - Location finder func end: 1.2874603271484375e-05s
2022-07-22 20:36:29.388 | INFO     | location_finder:find_location:28 - Location finder func Start
2022-07-22 20:36:29.389 | INFO     | location_finder:find_location:126 - Location finder func end: 1.2874603271484375e-05s
2022-07-22 20:36:29.389 | INFO     | location_finder:find_location:28 - Location finder func Start
2022-07-22 20:36:29.389 | INFO     | location_finder:find_location:126 - Location finder func end: 4.2438507080078125e-05s
2022-07-22 20:36:29.389 | INFO     | location_finder:find_location:28 - Location finder func Start
2022-07-22 20:36:29.389 | INFO     | location_finder:find_location:126 - Location finder func end: 1.4066696166992188e-05s
2022-07-22 20:36:29.389 | INFO     | location_finder:find_location:28 - Location finder func Start
2022-07-22 20:36:29.390 | INFO     | location_finder:find_location:126 - Location finder func end: 1.2159347534179688e-05s
2022-07-22 20:36:29.390 | INFO     | location_finder:find_location:28 - Location finder func Start
2022-07-22 20:36:29.390 | INFO     | location_finder:find_location:126 - Location finder func end: 1.2159347534179688e-05s
2022-07-22 20:36:29.390 | INFO     | location_finder:find_location:28 - Location finder func Start
2022-07-22 20:36:29.390 | INFO     | location_finder:find_location:126 - Location finder func end: 1.2636184692382812e-05s
2022-07-22 20:36:29.391 | INFO     | location_finder:find_location:28 - Location finder func Start
2022-07-22 20:36:29.391 | INFO     | location_finder:find_location:126 - Location finder func end: 1.3113021850585938e-05s
2022-07-22 20:36:29.391 | INFO     | location_finder:find_location:28 - Location finder func Start
2022-07-22 20:36:29.391 | INFO     | location_finder:find_location:126 - Location finder func end: 1.2636184692382812e-05s
2022-07-22 20:36:29.391 | INFO     | location_finder:find_location:28 - Location finder func Start
2022-07-22 20:36:29.392 | INFO     | location_finder:find_location:126 - Location finder func end: 4.1484832763671875e-05s
2022-07-22 20:36:29.392 | INFO     | location_finder:find_location:28 - Location finder func Start
2022-07-22 20:36:29.392 | INFO     | location_finder:find_location:126 - Location finder func end: 1.52587890625e-05s
2022-07-22 20:36:29.392 | INFO     | location_finder:find_location:28 - Location finder func Start
2022-07-22 20:36:29.392 | INFO     | location_finder:find_location:126 - Location finder func end: 1.239776611328125e-05s
2022-07-22 20:36:29.392 | INFO     | location_finder:find_location:28 - Location finder func Start
2022-07-22 20:36:29.393 | INFO     | location_finder:find_location:126 - Location finder func end: 1.2159347534179688e-05s
2022-07-22 20:36:29.393 | INFO     | location_finder:find_location:28 - Location finder func Start
2022-07-22 20:36:29.393 | INFO     | location_finder:find_location:126 - Location finder func end: 3.075599670410156e-05s
2022-07-22 20:36:29.393 | INFO     | location_finder:find_location:28 - Location finder func Start
2022-07-22 20:36:29.393 | INFO     | location_finder:find_location:126 - Location finder func end: 4.38690185546875e-05s
2022-07-22 20:36:29.394 | INFO     | location_finder:find_location:28 - Location finder func Start
2022-07-22 20:36:29.394 | INFO     | location_finder:find_location:126 - Location finder func end: 4.3392181396484375e-05s
2022-07-22 20:36:29.394 | INFO     | location_finder:find_location:28 - Location finder func Start
2022-07-22 20:36:29.394 | INFO     | location_finder:find_location:126 - Location finder func end: 1.5497207641601562e-05s
2022-07-22 20:36:29.395 | INFO     | location_updater:update_location:39 - Update Location entries end: 1.6130173206329346s
2022-07-22 20:36:29.396 | INFO     | __main__:main:57 - Updating Dataframe end: 1.6227242946624756s
2022-07-22 20:36:29.397 | INFO     | __main__:main:61 - Output Dataframe to output_1.xlsx Start
2022-07-22 20:36:29.442 | INFO     | __main__:main:67 - Output to output_1.xlsx end: 0.045671939849853516s
2022-07-22 20:36:29.443 | INFO     | __main__:main:68 - Finished updating locations end: 1.8721065521240234s
