2022-07-19 09:22:38.151 | INFO     | __main__:main:39 - Started updating location
2022-07-19 09:22:38.151 | INFO     | __main__:main:42 - Reading Excel Start
2022-07-19 09:22:38.352 | INFO     | __main__:main:48 - Reading Excel end: 0.2007608413696289s
2022-07-19 09:22:38.352 | INFO     | __main__:main:51 - Updating Dataframe Start
2022-07-19 09:22:38.352 | INFO     | location_updater:load_locations_data:119 - Read location json Start
2022-07-19 09:22:38.356 | INFO     | location_updater:load_locations_data:126 - Read location json end: 0.0038542747497558594s
2022-07-19 09:22:38.357 | INFO     | location_updater:update_location:33 - Update Location entries Start
2022-07-19 09:22:38.357 | INFO     | location_finder:find_unknown:152 - unknown finder func Start
2022-07-19 09:22:38.357 | INFO     | location_finder:find_unknown:190 - Location finder func end: 9.846687316894531e-05s
2022-07-19 09:22:38.358 | INFO     | location_finder:find_unknown:152 - unknown finder func Start
2022-07-19 09:22:38.358 | INFO     | location_finder:find_unknown:190 - Location finder func end: 1.6689300537109375e-05s
2022-07-19 09:22:38.358 | INFO     | location_finder:find_unknown:152 - unknown finder func Start
2022-07-19 09:22:38.358 | INFO     | location_finder:find_unknown:190 - Location finder func end: 6.4373016357421875e-06s
2022-07-19 09:22:38.358 | INFO     | location_finder:find_unknown:152 - unknown finder func Start
2022-07-19 09:22:38.358 | INFO     | location_finder:find_unknown:190 - Location finder func end: 6.67572021484375e-06s
2022-07-19 09:22:38.358 | INFO     | location_finder:find_unknown:152 - unknown finder func Start
2022-07-19 09:22:38.359 | INFO     | location_finder:find_unknown:190 - Location finder func end: 6.67572021484375e-06s
2022-07-19 09:22:38.359 | INFO     | location_finder:find_unknown:152 - unknown finder func Start
2022-07-19 09:22:38.359 | INFO     | location_finder:find_unknown:190 - Location finder func end: 6.9141387939453125e-06s
2022-07-19 09:22:38.359 | INFO     | location_finder:find_unknown:152 - unknown finder func Start
2022-07-19 09:22:38.359 | INFO     | location_finder:find_unknown:190 - Location finder func end: 8.106231689453125e-06s
2022-07-19 09:22:38.359 | INFO     | location_finder:find_unknown:152 - unknown finder func Start
2022-07-19 09:22:38.359 | INFO     | location_finder:find_unknown:190 - Location finder func end: 6.67572021484375e-06s
2022-07-19 09:22:38.360 | INFO     | location_finder:find_unknown:152 - unknown finder func Start
2022-07-19 09:22:38.360 | INFO     | location_finder:find_unknown:190 - Location finder func end: 9.059906005859375e-06s
2022-07-19 09:22:38.360 | INFO     | location_finder:find_unknown:152 - unknown finder func Start
2022-07-19 09:22:38.360 | INFO     | location_finder:find_unknown:190 - Location finder func end: 8.58306884765625e-06s
2022-07-19 09:22:38.360 | INFO     | location_finder:find_unknown:152 - unknown finder func Start
2022-07-19 09:22:38.360 | INFO     | location_finder:find_unknown:190 - Location finder func end: 9.775161743164062e-06s
2022-07-19 09:22:38.360 | INFO     | location_finder:find_unknown:152 - unknown finder func Start
2022-07-19 09:22:38.361 | INFO     | location_finder:find_unknown:190 - Location finder func end: 8.821487426757812e-06s
2022-07-19 09:22:38.361 | INFO     | location_finder:find_unknown:152 - unknown finder func Start
2022-07-19 09:22:38.361 | INFO     | location_finder:find_unknown:190 - Location finder func end: 6.9141387939453125e-06s
2022-07-19 09:22:38.361 | INFO     | location_finder:find_unknown:152 - unknown finder func Start
2022-07-19 09:22:38.361 | INFO     | location_finder:find_unknown:190 - Location finder func end: 9.059906005859375e-06s
2022-07-19 09:22:38.361 | INFO     | location_finder:find_unknown:152 - unknown finder func Start
2022-07-19 09:22:38.361 | INFO     | location_finder:find_unknown:190 - Location finder func end: 8.821487426757812e-06s
2022-07-19 09:22:38.362 | INFO     | location_finder:find_unknown:152 - unknown finder func Start
2022-07-19 09:22:38.362 | INFO     | location_finder:find_unknown:190 - Location finder func end: 9.775161743164062e-06s
2022-07-19 09:22:38.362 | INFO     | location_finder:find_unknown:152 - unknown finder func Start
2022-07-19 09:22:38.362 | INFO     | location_finder:find_unknown:190 - Location finder func end: 1.1682510375976562e-05s
2022-07-19 09:22:38.362 | INFO     | location_finder:find_unknown:152 - unknown finder func Start
2022-07-19 09:22:38.362 | INFO     | location_finder:find_unknown:190 - Location finder func end: 1.0013580322265625e-05s
2022-07-19 09:22:38.363 | INFO     | location_finder:find_unknown:152 - unknown finder func Start
2022-07-19 09:22:38.363 | INFO     | location_finder:find_unknown:190 - Location finder func end: 9.5367431640625e-06s
2022-07-19 09:22:38.363 | INFO     | location_finder:find_unknown:152 - unknown finder func Start
2022-07-19 09:22:38.363 | INFO     | location_finder:find_unknown:190 - Location finder func end: 1.049041748046875e-05s
2022-07-19 09:22:38.363 | INFO     | location_finder:find_unknown:152 - unknown finder func Start
2022-07-19 09:22:38.363 | INFO     | location_finder:find_unknown:190 - Location finder func end: 1.0251998901367188e-05s
2022-07-19 09:22:38.364 | INFO     | location_finder:find_unknown:152 - unknown finder func Start
2022-07-19 09:22:38.364 | INFO     | location_finder:find_unknown:190 - Location finder func end: 1.049041748046875e-05s
2022-07-19 09:22:38.364 | INFO     | location_finder:find_unknown:152 - unknown finder func Start
2022-07-19 09:22:38.364 | INFO     | location_finder:find_unknown:190 - Location finder func end: 1.0013580322265625e-05s
2022-07-19 09:22:38.364 | INFO     | location_finder:find_unknown:152 - unknown finder func Start
2022-07-19 09:22:38.364 | INFO     | location_finder:find_unknown:190 - Location finder func end: 1.0728836059570312e-05s
2022-07-19 09:22:38.365 | INFO     | location_finder:find_unknown:152 - unknown finder func Start
2022-07-19 09:22:38.365 | INFO     | location_finder:find_unknown:190 - Location finder func end: 9.5367431640625e-06s
2022-07-19 09:22:38.365 | INFO     | location_finder:find_unknown:152 - unknown finder func Start
2022-07-19 09:22:38.365 | INFO     | location_finder:find_unknown:190 - Location finder func end: 8.58306884765625e-06s
2022-07-19 09:22:38.365 | INFO     | location_finder:find_unknown:152 - unknown finder func Start
2022-07-19 09:22:38.366 | INFO     | location_finder:find_unknown:190 - Location finder func end: 8.58306884765625e-06s
2022-07-19 09:22:38.366 | INFO     | location_finder:find_unknown:152 - unknown finder func Start
2022-07-19 09:22:38.366 | INFO     | location_finder:find_unknown:190 - Location finder func end: 8.821487426757812e-06s
2022-07-19 09:22:38.366 | INFO     | location_finder:find_unknown:152 - unknown finder func Start
2022-07-19 09:22:38.366 | INFO     | location_finder:find_unknown:190 - Location finder func end: 9.059906005859375e-06s
2022-07-19 09:22:38.366 | INFO     | location_finder:find_unknown:152 - unknown finder func Start
2022-07-19 09:22:38.367 | INFO     | location_finder:find_unknown:190 - Location finder func end: 2.4318695068359375e-05s
2022-07-19 09:22:38.367 | INFO     | location_finder:find_unknown:152 - unknown finder func Start
2022-07-19 09:22:38.367 | INFO     | location_finder:find_unknown:190 - Location finder func end: 7.867813110351562e-06s
2022-07-19 09:22:38.367 | INFO     | location_finder:find_unknown:152 - unknown finder func Start
2022-07-19 09:22:38.367 | INFO     | location_finder:find_unknown:190 - Location finder func end: 8.58306884765625e-06s
2022-07-19 09:22:38.367 | INFO     | location_finder:find_unknown:152 - unknown finder func Start
2022-07-19 09:22:38.368 | INFO     | location_finder:find_unknown:190 - Location finder func end: 7.867813110351562e-06s
2022-07-19 09:22:38.368 | INFO     | location_finder:find_unknown:152 - unknown finder func Start
2022-07-19 09:22:38.368 | INFO     | location_finder:find_unknown:190 - Location finder func end: 1.1444091796875e-05s
2022-07-19 09:22:38.368 | INFO     | location_finder:find_unknown:152 - unknown finder func Start
2022-07-19 09:22:38.368 | INFO     | location_finder:find_unknown:190 - Location finder func end: 9.775161743164062e-06s
2022-07-19 09:22:38.368 | INFO     | location_finder:find_unknown:152 - unknown finder func Start
2022-07-19 09:22:38.368 | INFO     | location_finder:find_unknown:190 - Location finder func end: 8.58306884765625e-06s
2022-07-19 09:22:38.369 | INFO     | location_finder:find_unknown:152 - unknown finder func Start
2022-07-19 09:22:38.369 | INFO     | location_finder:find_unknown:190 - Location finder func end: 1.1682510375976562e-05s
2022-07-19 09:22:38.369 | INFO     | location_finder:find_unknown:152 - unknown finder func Start
2022-07-19 09:22:38.369 | INFO     | location_finder:find_unknown:190 - Location finder func end: 8.821487426757812e-06s
2022-07-19 09:22:38.369 | INFO     | location_finder:find_unknown:152 - unknown finder func Start
2022-07-19 09:22:38.369 | INFO     | location_finder:find_unknown:190 - Location finder func end: 9.298324584960938e-06s
2022-07-19 09:22:38.370 | INFO     | location_finder:find_unknown:152 - unknown finder func Start
2022-07-19 09:22:38.370 | INFO     | location_finder:find_unknown:190 - Location finder func end: 6.9141387939453125e-06s
2022-07-19 09:22:38.370 | INFO     | location_finder:find_unknown:152 - unknown finder func Start
2022-07-19 09:22:38.370 | INFO     | location_finder:find_unknown:190 - Location finder func end: 1.2874603271484375e-05s
2022-07-19 09:22:38.370 | INFO     | location_finder:find_unknown:152 - unknown finder func Start
2022-07-19 09:22:38.370 | INFO     | location_finder:find_unknown:190 - Location finder func end: 1.71661376953125e-05s
2022-07-19 09:22:38.370 | INFO     | location_finder:find_unknown:152 - unknown finder func Start
2022-07-19 09:22:38.371 | INFO     | location_finder:find_unknown:190 - Location finder func end: 1.3828277587890625e-05s
2022-07-19 09:22:38.371 | INFO     | location_finder:find_unknown:152 - unknown finder func Start
2022-07-19 09:22:38.371 | INFO     | location_finder:find_unknown:190 - Location finder func end: 1.3828277587890625e-05s
2022-07-19 09:22:38.371 | INFO     | location_updater:search_for_unknowns:192 - Search for unknowns Start
2022-07-19 09:22:38.371 | INFO     | location_updater:unknown_sql_query:163 - Location unknown value sql query start
2022-07-19 09:22:39.942 | INFO     | location_updater:unknown_sql_query:189 - Location unknown value sql query end: 1.5704634189605713s
2022-07-19 09:22:39.942 | INFO     | location_updater:search_for_unknowns:204 - Search for unknowns end: 1.5709424018859863s
2022-07-19 09:22:39.949 | INFO     | location_finder:find_location:28 - Location finder func Start
2022-07-19 09:22:39.950 | INFO     | location_finder:find_location:130 - Location finder func end: 1.7404556274414062e-05s
2022-07-19 09:22:39.950 | INFO     | location_finder:find_location:28 - Location finder func Start
2022-07-19 09:22:39.950 | INFO     | location_finder:find_location:130 - Location finder func end: 1.1682510375976562e-05s
2022-07-19 09:22:39.950 | INFO     | location_finder:find_location:28 - Location finder func Start
2022-07-19 09:22:39.950 | INFO     | location_finder:find_location:130 - Location finder func end: 1.71661376953125e-05s
2022-07-19 09:22:39.950 | INFO     | location_finder:find_location:28 - Location finder func Start
2022-07-19 09:22:39.951 | INFO     | location_finder:find_location:130 - Location finder func end: 1.3828277587890625e-05s
2022-07-19 09:22:39.951 | INFO     | location_finder:find_location:28 - Location finder func Start
2022-07-19 09:22:39.951 | INFO     | location_finder:find_location:130 - Location finder func end: 1.3589859008789062e-05s
2022-07-19 09:22:39.951 | INFO     | location_finder:find_location:28 - Location finder func Start
2022-07-19 09:22:39.951 | INFO     | location_finder:find_location:130 - Location finder func end: 1.2159347534179688e-05s
2022-07-19 09:22:39.951 | INFO     | location_finder:find_location:28 - Location finder func Start
2022-07-19 09:22:39.952 | INFO     | location_finder:find_location:130 - Location finder func end: 1.33514404296875e-05s
2022-07-19 09:22:39.952 | INFO     | location_finder:find_location:28 - Location finder func Start
2022-07-19 09:22:39.952 | INFO     | location_finder:find_location:130 - Location finder func end: 1.0967254638671875e-05s
2022-07-19 09:22:39.952 | INFO     | location_finder:find_location:28 - Location finder func Start
2022-07-19 09:22:39.952 | INFO     | location_finder:find_location:130 - Location finder func end: 1.33514404296875e-05s
2022-07-19 09:22:39.952 | INFO     | location_finder:find_location:28 - Location finder func Start
2022-07-19 09:22:39.952 | INFO     | location_finder:find_location:130 - Location finder func end: 1.1682510375976562e-05s
2022-07-19 09:22:39.953 | INFO     | location_finder:find_location:28 - Location finder func Start
2022-07-19 09:22:39.953 | INFO     | location_finder:find_location:130 - Location finder func end: 1.3828277587890625e-05s
2022-07-19 09:22:39.953 | INFO     | location_finder:find_location:28 - Location finder func Start
2022-07-19 09:22:39.953 | INFO     | location_finder:find_location:130 - Location finder func end: 1.049041748046875e-05s
2022-07-19 09:22:39.953 | INFO     | location_finder:find_location:28 - Location finder func Start
2022-07-19 09:22:39.953 | INFO     | location_finder:find_location:130 - Location finder func end: 1.33514404296875e-05s
2022-07-19 09:22:39.954 | INFO     | location_finder:find_location:28 - Location finder func Start
2022-07-19 09:22:39.954 | INFO     | location_finder:find_location:130 - Location finder func end: 9.775161743164062e-06s
2022-07-19 09:22:39.954 | INFO     | location_finder:find_location:28 - Location finder func Start
2022-07-19 09:22:39.954 | INFO     | location_finder:find_location:130 - Location finder func end: 9.059906005859375e-06s
2022-07-19 09:22:39.954 | INFO     | location_finder:find_location:28 - Location finder func Start
2022-07-19 09:22:39.954 | INFO     | location_finder:find_location:130 - Location finder func end: 1.1920928955078125e-05s
2022-07-19 09:22:39.955 | INFO     | location_finder:find_location:28 - Location finder func Start
2022-07-19 09:22:39.955 | INFO     | location_finder:find_location:130 - Location finder func end: 1.1920928955078125e-05s
2022-07-19 09:22:39.955 | INFO     | location_finder:find_location:28 - Location finder func Start
2022-07-19 09:22:39.955 | INFO     | location_finder:find_location:130 - Location finder func end: 9.059906005859375e-06s
2022-07-19 09:22:39.955 | INFO     | location_finder:find_location:28 - Location finder func Start
2022-07-19 09:22:39.955 | INFO     | location_finder:find_location:130 - Location finder func end: 9.298324584960938e-06s
2022-07-19 09:22:39.955 | INFO     | location_finder:find_location:28 - Location finder func Start
2022-07-19 09:22:39.956 | INFO     | location_finder:find_location:130 - Location finder func end: 8.106231689453125e-06s
2022-07-19 09:22:39.956 | INFO     | location_finder:find_location:28 - Location finder func Start
2022-07-19 09:22:39.956 | INFO     | location_finder:find_location:130 - Location finder func end: 8.344650268554688e-06s
2022-07-19 09:22:39.956 | INFO     | location_finder:find_location:28 - Location finder func Start
2022-07-19 09:22:39.956 | INFO     | location_finder:find_location:130 - Location finder func end: 8.106231689453125e-06s
2022-07-19 09:22:39.956 | INFO     | location_finder:find_location:28 - Location finder func Start
2022-07-19 09:22:39.956 | INFO     | location_finder:find_location:130 - Location finder func end: 8.58306884765625e-06s
2022-07-19 09:22:39.956 | INFO     | location_finder:find_location:28 - Location finder func Start
2022-07-19 09:22:39.957 | INFO     | location_finder:find_location:130 - Location finder func end: 8.106231689453125e-06s
2022-07-19 09:22:39.957 | INFO     | location_finder:find_location:28 - Location finder func Start
2022-07-19 09:22:39.957 | INFO     | location_finder:find_location:130 - Location finder func end: 1.1205673217773438e-05s
2022-07-19 09:22:39.957 | INFO     | location_finder:find_location:28 - Location finder func Start
2022-07-19 09:22:39.957 | INFO     | location_finder:find_location:130 - Location finder func end: 1.1682510375976562e-05s
2022-07-19 09:22:39.957 | INFO     | location_finder:find_location:28 - Location finder func Start
2022-07-19 09:22:39.957 | INFO     | location_finder:find_location:130 - Location finder func end: 1.1682510375976562e-05s
2022-07-19 09:22:39.958 | INFO     | location_finder:find_location:28 - Location finder func Start
2022-07-19 09:22:39.958 | INFO     | location_finder:find_location:130 - Location finder func end: 9.298324584960938e-06s
2022-07-19 09:22:39.958 | INFO     | location_finder:find_location:28 - Location finder func Start
2022-07-19 09:22:39.958 | INFO     | location_finder:find_location:130 - Location finder func end: 1.1920928955078125e-05s
2022-07-19 09:22:39.958 | INFO     | location_finder:find_location:28 - Location finder func Start
2022-07-19 09:22:39.958 | INFO     | location_finder:find_location:130 - Location finder func end: 2.6941299438476562e-05s
2022-07-19 09:22:39.959 | INFO     | location_finder:find_location:28 - Location finder func Start
2022-07-19 09:22:39.959 | INFO     | location_finder:find_location:130 - Location finder func end: 8.58306884765625e-06s
2022-07-19 09:22:39.959 | INFO     | location_finder:find_location:28 - Location finder func Start
2022-07-19 09:22:39.959 | INFO     | location_finder:find_location:130 - Location finder func end: 8.58306884765625e-06s
2022-07-19 09:22:39.959 | INFO     | location_finder:find_location:28 - Location finder func Start
2022-07-19 09:22:39.959 | INFO     | location_finder:find_location:130 - Location finder func end: 1.1920928955078125e-05s
2022-07-19 09:22:39.959 | INFO     | location_finder:find_location:28 - Location finder func Start
2022-07-19 09:22:39.959 | INFO     | location_finder:find_location:130 - Location finder func end: 1.1205673217773438e-05s
2022-07-19 09:22:39.960 | INFO     | location_finder:find_location:28 - Location finder func Start
2022-07-19 09:22:39.960 | INFO     | location_finder:find_location:130 - Location finder func end: 1.0967254638671875e-05s
2022-07-19 09:22:39.960 | INFO     | location_finder:find_location:28 - Location finder func Start
2022-07-19 09:22:39.960 | INFO     | location_finder:find_location:130 - Location finder func end: 1.0967254638671875e-05s
2022-07-19 09:22:39.960 | INFO     | location_finder:find_location:28 - Location finder func Start
2022-07-19 09:22:39.960 | INFO     | location_finder:find_location:130 - Location finder func end: 1.8596649169921875e-05s
2022-07-19 09:22:39.960 | INFO     | location_finder:find_location:28 - Location finder func Start
2022-07-19 09:22:39.961 | INFO     | location_finder:find_location:130 - Location finder func end: 1.2874603271484375e-05s
2022-07-19 09:22:39.961 | INFO     | location_finder:find_location:28 - Location finder func Start
2022-07-19 09:22:39.961 | INFO     | location_finder:find_location:130 - Location finder func end: 1.430511474609375e-05s
2022-07-19 09:22:39.961 | INFO     | location_finder:find_location:28 - Location finder func Start
2022-07-19 09:22:39.961 | INFO     | location_finder:find_location:130 - Location finder func end: 1.71661376953125e-05s
2022-07-19 09:22:39.962 | INFO     | location_finder:find_location:28 - Location finder func Start
2022-07-19 09:22:39.962 | INFO     | location_finder:find_location:130 - Location finder func end: 2.8371810913085938e-05s
2022-07-19 09:22:39.962 | INFO     | location_finder:find_location:28 - Location finder func Start
2022-07-19 09:22:39.962 | INFO     | location_finder:find_location:130 - Location finder func end: 3.075599670410156e-05s
2022-07-19 09:22:39.962 | INFO     | location_finder:find_location:28 - Location finder func Start
2022-07-19 09:22:39.963 | INFO     | location_finder:find_location:130 - Location finder func end: 3.2901763916015625e-05s
2022-07-19 09:22:39.963 | INFO     | location_finder:find_location:28 - Location finder func Start
2022-07-19 09:22:39.963 | INFO     | location_finder:find_location:130 - Location finder func end: 1.8596649169921875e-05s
2022-07-19 09:22:39.964 | INFO     | location_updater:update_location:39 - Update Location entries end: 1.6074626445770264s
2022-07-19 09:22:39.965 | INFO     | __main__:main:57 - Updating Dataframe end: 1.612619161605835s
2022-07-19 09:22:39.965 | INFO     | __main__:main:61 - Output Dataframe to example/updated_1.xlsx Start
2022-07-19 09:22:40.019 | INFO     | __main__:main:67 - Output to example/updated_1.xlsx end: 0.05370306968688965s
2022-07-19 09:22:40.019 | INFO     | __main__:main:68 - Finished updating locations end: 1.8707609176635742s
