2022-07-18 16:48:11.944 | INFO     | __main__:main:37 - Started updating location
2022-07-18 16:48:11.944 | INFO     | __main__:main:40 - Reading Excel Start
2022-07-18 16:48:12.074 | INFO     | __main__:main:46 - Reading Excel end: 0.12968969345092773s
2022-07-18 16:48:12.074 | INFO     | __main__:main:49 - Updating Dataframe Start
2022-07-18 16:48:12.074 | INFO     | location_updater:load_locations_data:119 - Read location json Start
2022-07-18 16:48:12.078 | INFO     | location_updater:load_locations_data:126 - Read location json end: 0.003966569900512695s
2022-07-18 16:48:12.079 | INFO     | location_updater:update_location:33 - Update Location entries Start
2022-07-18 16:48:12.079 | INFO     | location_finder:find_unknown:135 - unknown finder func Start
2022-07-18 16:48:12.079 | INFO     | location_finder:find_unknown:172 - Location finder func end: 7.843971252441406e-05s
2022-07-18 16:48:12.079 | INFO     | location_finder:find_unknown:135 - unknown finder func Start
2022-07-18 16:48:12.079 | INFO     | location_finder:find_unknown:172 - Location finder func end: 5.7220458984375e-06s
2022-07-18 16:48:12.080 | INFO     | location_finder:find_unknown:135 - unknown finder func Start
2022-07-18 16:48:12.080 | INFO     | location_finder:find_unknown:172 - Location finder func end: 5.7220458984375e-06s
2022-07-18 16:48:12.080 | INFO     | location_finder:find_unknown:135 - unknown finder func Start
2022-07-18 16:48:12.080 | INFO     | location_finder:find_unknown:172 - Location finder func end: 5.7220458984375e-06s
2022-07-18 16:48:12.080 | INFO     | location_finder:find_unknown:135 - unknown finder func Start
2022-07-18 16:48:12.080 | INFO     | location_finder:find_unknown:172 - Location finder func end: 4.291534423828125e-06s
2022-07-18 16:48:12.080 | INFO     | location_finder:find_unknown:135 - unknown finder func Start
2022-07-18 16:48:12.080 | INFO     | location_finder:find_unknown:172 - Location finder func end: 5.0067901611328125e-06s
2022-07-18 16:48:12.081 | INFO     | location_finder:find_unknown:135 - unknown finder func Start
2022-07-18 16:48:12.081 | INFO     | location_finder:find_unknown:172 - Location finder func end: 4.5299530029296875e-06s
2022-07-18 16:48:12.081 | INFO     | location_finder:find_unknown:135 - unknown finder func Start
2022-07-18 16:48:12.081 | INFO     | location_finder:find_unknown:172 - Location finder func end: 5.0067901611328125e-06s
2022-07-18 16:48:12.081 | INFO     | location_finder:find_unknown:135 - unknown finder func Start
2022-07-18 16:48:12.081 | INFO     | location_finder:find_unknown:172 - Location finder func end: 5.245208740234375e-06s
2022-07-18 16:48:12.081 | INFO     | location_finder:find_unknown:135 - unknown finder func Start
2022-07-18 16:48:12.082 | INFO     | location_finder:find_unknown:172 - Location finder func end: 5.7220458984375e-06s
2022-07-18 16:48:12.082 | INFO     | location_finder:find_unknown:135 - unknown finder func Start
2022-07-18 16:48:12.082 | INFO     | location_finder:find_unknown:172 - Location finder func end: 5.4836273193359375e-06s
2022-07-18 16:48:12.082 | INFO     | location_finder:find_unknown:135 - unknown finder func Start
2022-07-18 16:48:12.082 | INFO     | location_finder:find_unknown:172 - Location finder func end: 4.5299530029296875e-06s
2022-07-18 16:48:12.082 | INFO     | location_finder:find_unknown:135 - unknown finder func Start
2022-07-18 16:48:12.082 | INFO     | location_finder:find_unknown:172 - Location finder func end: 5.7220458984375e-06s
2022-07-18 16:48:12.082 | INFO     | location_finder:find_unknown:135 - unknown finder func Start
2022-07-18 16:48:12.082 | INFO     | location_finder:find_unknown:172 - Location finder func end: 3.337860107421875e-06s
2022-07-18 16:48:12.082 | INFO     | location_finder:find_unknown:135 - unknown finder func Start
2022-07-18 16:48:12.083 | INFO     | location_finder:find_unknown:172 - Location finder func end: 5.245208740234375e-06s
2022-07-18 16:48:12.083 | INFO     | location_finder:find_unknown:135 - unknown finder func Start
2022-07-18 16:48:12.083 | INFO     | location_finder:find_unknown:172 - Location finder func end: 5.245208740234375e-06s
2022-07-18 16:48:12.083 | INFO     | location_finder:find_unknown:135 - unknown finder func Start
2022-07-18 16:48:12.083 | INFO     | location_finder:find_unknown:172 - Location finder func end: 4.76837158203125e-06s
2022-07-18 16:48:12.083 | INFO     | location_finder:find_unknown:135 - unknown finder func Start
2022-07-18 16:48:12.083 | INFO     | location_finder:find_unknown:172 - Location finder func end: 4.76837158203125e-06s
2022-07-18 16:48:12.083 | INFO     | location_finder:find_unknown:135 - unknown finder func Start
2022-07-18 16:48:12.083 | INFO     | location_finder:find_unknown:172 - Location finder func end: 4.291534423828125e-06s
2022-07-18 16:48:12.083 | INFO     | location_finder:find_unknown:135 - unknown finder func Start
2022-07-18 16:48:12.084 | INFO     | location_finder:find_unknown:172 - Location finder func end: 4.291534423828125e-06s
2022-07-18 16:48:12.084 | INFO     | location_finder:find_unknown:135 - unknown finder func Start
2022-07-18 16:48:12.084 | INFO     | location_finder:find_unknown:172 - Location finder func end: 4.5299530029296875e-06s
2022-07-18 16:48:12.084 | INFO     | location_finder:find_unknown:135 - unknown finder func Start
2022-07-18 16:48:12.084 | INFO     | location_finder:find_unknown:172 - Location finder func end: 4.5299530029296875e-06s
2022-07-18 16:48:12.084 | INFO     | location_finder:find_unknown:135 - unknown finder func Start
2022-07-18 16:48:12.084 | INFO     | location_finder:find_unknown:172 - Location finder func end: 4.291534423828125e-06s
2022-07-18 16:48:12.084 | INFO     | location_finder:find_unknown:135 - unknown finder func Start
2022-07-18 16:48:12.084 | INFO     | location_finder:find_unknown:172 - Location finder func end: 4.5299530029296875e-06s
2022-07-18 16:48:12.084 | INFO     | location_finder:find_unknown:135 - unknown finder func Start
2022-07-18 16:48:12.084 | INFO     | location_finder:find_unknown:172 - Location finder func end: 4.291534423828125e-06s
2022-07-18 16:48:12.085 | INFO     | location_finder:find_unknown:135 - unknown finder func Start
2022-07-18 16:48:12.085 | INFO     | location_finder:find_unknown:172 - Location finder func end: 4.291534423828125e-06s
2022-07-18 16:48:12.085 | INFO     | location_finder:find_unknown:135 - unknown finder func Start
2022-07-18 16:48:12.085 | INFO     | location_finder:find_unknown:172 - Location finder func end: 4.291534423828125e-06s
2022-07-18 16:48:12.085 | INFO     | location_finder:find_unknown:135 - unknown finder func Start
2022-07-18 16:48:12.085 | INFO     | location_finder:find_unknown:172 - Location finder func end: 4.0531158447265625e-06s
2022-07-18 16:48:12.085 | INFO     | location_finder:find_unknown:135 - unknown finder func Start
2022-07-18 16:48:12.085 | INFO     | location_finder:find_unknown:172 - Location finder func end: 4.291534423828125e-06s
2022-07-18 16:48:12.085 | INFO     | location_finder:find_unknown:135 - unknown finder func Start
2022-07-18 16:48:12.085 | INFO     | location_finder:find_unknown:172 - Location finder func end: 1.0967254638671875e-05s
2022-07-18 16:48:12.085 | INFO     | location_finder:find_unknown:135 - unknown finder func Start
2022-07-18 16:48:12.085 | INFO     | location_finder:find_unknown:172 - Location finder func end: 4.291534423828125e-06s
2022-07-18 16:48:12.086 | INFO     | location_finder:find_unknown:135 - unknown finder func Start
2022-07-18 16:48:12.086 | INFO     | location_finder:find_unknown:172 - Location finder func end: 4.0531158447265625e-06s
2022-07-18 16:48:12.086 | INFO     | location_finder:find_unknown:135 - unknown finder func Start
2022-07-18 16:48:12.086 | INFO     | location_finder:find_unknown:172 - Location finder func end: 4.0531158447265625e-06s
2022-07-18 16:48:12.086 | INFO     | location_finder:find_unknown:135 - unknown finder func Start
2022-07-18 16:48:12.086 | INFO     | location_finder:find_unknown:172 - Location finder func end: 4.291534423828125e-06s
2022-07-18 16:48:12.086 | INFO     | location_finder:find_unknown:135 - unknown finder func Start
2022-07-18 16:48:12.086 | INFO     | location_finder:find_unknown:172 - Location finder func end: 4.5299530029296875e-06s
2022-07-18 16:48:12.086 | INFO     | location_finder:find_unknown:135 - unknown finder func Start
2022-07-18 16:48:12.086 | INFO     | location_finder:find_unknown:172 - Location finder func end: 4.291534423828125e-06s
2022-07-18 16:48:12.086 | INFO     | location_finder:find_unknown:135 - unknown finder func Start
2022-07-18 16:48:12.087 | INFO     | location_finder:find_unknown:172 - Location finder func end: 5.9604644775390625e-06s
2022-07-18 16:48:12.087 | INFO     | location_finder:find_unknown:135 - unknown finder func Start
2022-07-18 16:48:12.087 | INFO     | location_finder:find_unknown:172 - Location finder func end: 4.0531158447265625e-06s
2022-07-18 16:48:12.087 | INFO     | location_finder:find_unknown:135 - unknown finder func Start
2022-07-18 16:48:12.087 | INFO     | location_finder:find_unknown:172 - Location finder func end: 4.291534423828125e-06s
2022-07-18 16:48:12.087 | INFO     | location_finder:find_unknown:135 - unknown finder func Start
2022-07-18 16:48:12.087 | INFO     | location_finder:find_unknown:172 - Location finder func end: 3.814697265625e-06s
2022-07-18 16:48:12.087 | INFO     | location_finder:find_unknown:135 - unknown finder func Start
2022-07-18 16:48:12.087 | INFO     | location_finder:find_unknown:172 - Location finder func end: 5.4836273193359375e-06s
2022-07-18 16:48:12.087 | INFO     | location_finder:find_unknown:135 - unknown finder func Start
2022-07-18 16:48:12.087 | INFO     | location_finder:find_unknown:172 - Location finder func end: 8.344650268554688e-06s
2022-07-18 16:48:12.088 | INFO     | location_finder:find_unknown:135 - unknown finder func Start
2022-07-18 16:48:12.088 | INFO     | location_finder:find_unknown:172 - Location finder func end: 7.3909759521484375e-06s
2022-07-18 16:48:12.088 | INFO     | location_finder:find_unknown:135 - unknown finder func Start
2022-07-18 16:48:12.088 | INFO     | location_finder:find_unknown:172 - Location finder func end: 5.7220458984375e-06s
2022-07-18 16:48:12.088 | INFO     | location_updater:search_for_unknowns:191 - Search for unknowns Start
2022-07-18 16:48:12.088 | INFO     | location_updater:unknown_sql_query:163 - Location unknown value sql query start
2022-07-18 16:48:13.457 | INFO     | location_updater:unknown_sql_query:188 - Location unknown value sql query end: 1.3690948486328125s
2022-07-18 16:48:13.457 | INFO     | location_updater:unknown_sql_query:163 - Location unknown value sql query start
2022-07-18 16:48:14.814 | INFO     | location_updater:unknown_sql_query:188 - Location unknown value sql query end: 1.356644630432129s
2022-07-18 16:48:14.815 | INFO     | location_updater:unknown_sql_query:163 - Location unknown value sql query start
2022-07-18 16:48:16.177 | INFO     | location_updater:unknown_sql_query:188 - Location unknown value sql query end: 1.362250804901123s
2022-07-18 16:48:16.177 | INFO     | location_updater:unknown_sql_query:163 - Location unknown value sql query start
2022-07-18 16:48:17.553 | INFO     | location_updater:unknown_sql_query:188 - Location unknown value sql query end: 1.3752672672271729s
2022-07-18 16:48:17.553 | INFO     | location_updater:search_for_unknowns:203 - Search for unknowns end: 5.464918613433838s
2022-07-18 16:48:17.558 | INFO     | location_finder:find_location:28 - Location finder func Start
2022-07-18 16:48:17.559 | INFO     | location_finder:find_location:113 - Location finder func end: 1.239776611328125e-05s
2022-07-18 16:48:17.559 | INFO     | location_finder:find_location:28 - Location finder func Start
2022-07-18 16:48:17.559 | INFO     | location_finder:find_location:113 - Location finder func end: 5.0067901611328125e-06s
2022-07-18 16:48:17.559 | INFO     | location_finder:find_location:28 - Location finder func Start
2022-07-18 16:48:17.559 | INFO     | location_finder:find_location:113 - Location finder func end: 5.0067901611328125e-06s
2022-07-18 16:48:17.559 | INFO     | location_finder:find_location:28 - Location finder func Start
2022-07-18 16:48:17.559 | INFO     | location_finder:find_location:113 - Location finder func end: 5.0067901611328125e-06s
2022-07-18 16:48:17.559 | INFO     | location_finder:find_location:28 - Location finder func Start
2022-07-18 16:48:17.559 | INFO     | location_finder:find_location:113 - Location finder func end: 4.291534423828125e-06s
2022-07-18 16:48:17.559 | INFO     | location_finder:find_location:28 - Location finder func Start
2022-07-18 16:48:17.560 | INFO     | location_finder:find_location:113 - Location finder func end: 7.867813110351562e-06s
2022-07-18 16:48:17.560 | INFO     | location_finder:find_location:28 - Location finder func Start
2022-07-18 16:48:17.560 | INFO     | location_finder:find_location:113 - Location finder func end: 9.059906005859375e-06s
2022-07-18 16:48:17.560 | INFO     | location_finder:find_location:28 - Location finder func Start
2022-07-18 16:48:17.560 | INFO     | location_finder:find_location:113 - Location finder func end: 7.867813110351562e-06s
2022-07-18 16:48:17.560 | INFO     | location_finder:find_location:28 - Location finder func Start
2022-07-18 16:48:17.560 | INFO     | location_finder:find_location:113 - Location finder func end: 5.4836273193359375e-06s
2022-07-18 16:48:17.560 | INFO     | location_finder:find_location:28 - Location finder func Start
2022-07-18 16:48:17.561 | INFO     | location_finder:find_location:113 - Location finder func end: 7.3909759521484375e-06s
2022-07-18 16:48:17.561 | INFO     | location_finder:find_location:28 - Location finder func Start
2022-07-18 16:48:17.561 | INFO     | location_finder:find_location:113 - Location finder func end: 7.152557373046875e-06s
2022-07-18 16:48:17.561 | INFO     | location_finder:find_location:28 - Location finder func Start
2022-07-18 16:48:17.561 | INFO     | location_finder:find_location:113 - Location finder func end: 6.9141387939453125e-06s
2022-07-18 16:48:17.561 | INFO     | location_finder:find_location:28 - Location finder func Start
2022-07-18 16:48:17.561 | INFO     | location_finder:find_location:113 - Location finder func end: 6.67572021484375e-06s
2022-07-18 16:48:17.561 | INFO     | location_finder:find_location:28 - Location finder func Start
2022-07-18 16:48:17.562 | INFO     | location_finder:find_location:113 - Location finder func end: 7.152557373046875e-06s
2022-07-18 16:48:17.562 | INFO     | location_finder:find_location:28 - Location finder func Start
2022-07-18 16:48:17.562 | INFO     | location_finder:find_location:113 - Location finder func end: 6.4373016357421875e-06s
2022-07-18 16:48:17.562 | INFO     | location_finder:find_location:28 - Location finder func Start
2022-07-18 16:48:17.562 | INFO     | location_finder:find_location:113 - Location finder func end: 6.9141387939453125e-06s
2022-07-18 16:48:17.562 | INFO     | location_finder:find_location:28 - Location finder func Start
2022-07-18 16:48:17.562 | INFO     | location_finder:find_location:113 - Location finder func end: 7.152557373046875e-06s
2022-07-18 16:48:17.562 | INFO     | location_finder:find_location:28 - Location finder func Start
2022-07-18 16:48:17.562 | INFO     | location_finder:find_location:113 - Location finder func end: 6.9141387939453125e-06s
2022-07-18 16:48:17.563 | INFO     | location_finder:find_location:28 - Location finder func Start
2022-07-18 16:48:17.563 | INFO     | location_finder:find_location:113 - Location finder func end: 7.867813110351562e-06s
2022-07-18 16:48:17.563 | INFO     | location_finder:find_location:28 - Location finder func Start
2022-07-18 16:48:17.563 | INFO     | location_finder:find_location:113 - Location finder func end: 8.58306884765625e-06s
2022-07-18 16:48:17.563 | INFO     | location_finder:find_location:28 - Location finder func Start
2022-07-18 16:48:17.563 | INFO     | location_finder:find_location:113 - Location finder func end: 9.059906005859375e-06s
2022-07-18 16:48:17.563 | INFO     | location_finder:find_location:28 - Location finder func Start
2022-07-18 16:48:17.563 | INFO     | location_finder:find_location:113 - Location finder func end: 7.152557373046875e-06s
2022-07-18 16:48:17.564 | INFO     | location_finder:find_location:28 - Location finder func Start
2022-07-18 16:48:17.564 | INFO     | location_finder:find_location:113 - Location finder func end: 7.152557373046875e-06s
2022-07-18 16:48:17.564 | INFO     | location_finder:find_location:28 - Location finder func Start
2022-07-18 16:48:17.564 | INFO     | location_finder:find_location:113 - Location finder func end: 6.9141387939453125e-06s
2022-07-18 16:48:17.564 | INFO     | location_finder:find_location:28 - Location finder func Start
2022-07-18 16:48:17.564 | INFO     | location_finder:find_location:113 - Location finder func end: 6.67572021484375e-06s
2022-07-18 16:48:17.564 | INFO     | location_finder:find_location:28 - Location finder func Start
2022-07-18 16:48:17.564 | INFO     | location_finder:find_location:113 - Location finder func end: 6.4373016357421875e-06s
2022-07-18 16:48:17.564 | INFO     | location_finder:find_location:28 - Location finder func Start
2022-07-18 16:48:17.565 | INFO     | location_finder:find_location:113 - Location finder func end: 6.198883056640625e-06s
2022-07-18 16:48:17.565 | INFO     | location_finder:find_location:28 - Location finder func Start
2022-07-18 16:48:17.565 | INFO     | location_finder:find_location:113 - Location finder func end: 5.9604644775390625e-06s
2022-07-18 16:48:17.565 | INFO     | location_finder:find_location:28 - Location finder func Start
2022-07-18 16:48:17.565 | INFO     | location_finder:find_location:113 - Location finder func end: 6.9141387939453125e-06s
2022-07-18 16:48:17.565 | INFO     | location_finder:find_location:28 - Location finder func Start
2022-07-18 16:48:17.565 | INFO     | location_finder:find_location:113 - Location finder func end: 1.4066696166992188e-05s
2022-07-18 16:48:17.565 | INFO     | location_finder:find_location:28 - Location finder func Start
2022-07-18 16:48:17.566 | INFO     | location_finder:find_location:113 - Location finder func end: 6.9141387939453125e-06s
2022-07-18 16:48:17.566 | INFO     | location_finder:find_location:28 - Location finder func Start
2022-07-18 16:48:17.566 | INFO     | location_finder:find_location:113 - Location finder func end: 5.7220458984375e-06s
2022-07-18 16:48:17.566 | INFO     | location_finder:find_location:28 - Location finder func Start
2022-07-18 16:48:17.566 | INFO     | location_finder:find_location:113 - Location finder func end: 6.198883056640625e-06s
2022-07-18 16:48:17.566 | INFO     | location_finder:find_location:28 - Location finder func Start
2022-07-18 16:48:17.566 | INFO     | location_finder:find_location:113 - Location finder func end: 8.58306884765625e-06s
2022-07-18 16:48:17.567 | INFO     | location_finder:find_location:28 - Location finder func Start
2022-07-18 16:48:17.567 | INFO     | location_finder:find_location:113 - Location finder func end: 1.049041748046875e-05s
2022-07-18 16:48:17.567 | INFO     | location_finder:find_location:28 - Location finder func Start
2022-07-18 16:48:17.567 | INFO     | location_finder:find_location:113 - Location finder func end: 8.58306884765625e-06s
2022-07-18 16:48:17.567 | INFO     | location_finder:find_location:28 - Location finder func Start
2022-07-18 16:48:17.567 | INFO     | location_finder:find_location:113 - Location finder func end: 8.58306884765625e-06s
2022-07-18 16:48:17.568 | INFO     | location_finder:find_location:28 - Location finder func Start
2022-07-18 16:48:17.568 | INFO     | location_finder:find_location:113 - Location finder func end: 7.152557373046875e-06s
2022-07-18 16:48:17.568 | INFO     | location_finder:find_location:28 - Location finder func Start
2022-07-18 16:48:17.568 | INFO     | location_finder:find_location:113 - Location finder func end: 7.3909759521484375e-06s
2022-07-18 16:48:17.568 | INFO     | location_finder:find_location:28 - Location finder func Start
2022-07-18 16:48:17.568 | INFO     | location_finder:find_location:113 - Location finder func end: 6.9141387939453125e-06s
2022-07-18 16:48:17.569 | INFO     | location_finder:find_location:28 - Location finder func Start
2022-07-18 16:48:17.569 | INFO     | location_finder:find_location:113 - Location finder func end: 7.62939453125e-06s
2022-07-18 16:48:17.569 | INFO     | location_finder:find_location:28 - Location finder func Start
2022-07-18 16:48:17.569 | INFO     | location_finder:find_location:113 - Location finder func end: 1.8596649169921875e-05s
2022-07-18 16:48:17.569 | INFO     | location_finder:find_location:28 - Location finder func Start
2022-07-18 16:48:17.570 | INFO     | location_finder:find_location:113 - Location finder func end: 1.33514404296875e-05s
2022-07-18 16:48:17.570 | INFO     | location_finder:find_location:28 - Location finder func Start
2022-07-18 16:48:17.570 | INFO     | location_finder:find_location:113 - Location finder func end: 9.5367431640625e-06s
2022-07-18 16:48:17.571 | INFO     | location_updater:update_location:39 - Update Location entries end: 5.491885423660278s
2022-07-18 16:48:17.571 | INFO     | __main__:main:55 - Updating Dataframe end: 5.497084379196167s
2022-07-18 16:48:17.572 | INFO     | __main__:main:59 - Output Dataframe to example/updated_1.xlsx Start
2022-07-18 16:48:17.602 | INFO     | __main__:main:65 - Output to example/updated_1.xlsx end: 0.030449867248535156s
2022-07-18 16:48:17.602 | INFO     | __main__:main:66 - Finished updating locations end: 5.6602559089660645s
