2022-07-22 20:33:52.005 | INFO     | __main__:main:39 - Started updating location
2022-07-22 20:33:52.005 | INFO     | __main__:main:42 - Reading Excel Start
2022-07-22 20:33:52.205 | INFO     | __main__:main:48 - Reading Excel end: 0.1996924877166748s
2022-07-22 20:33:52.205 | INFO     | __main__:main:51 - Updating Dataframe Start
2022-07-22 20:33:52.205 | INFO     | location_updater:load_locations_data:119 - Read location json Start
2022-07-22 20:33:52.213 | INFO     | location_updater:load_locations_data:126 - Read location json end: 0.007945060729980469s
2022-07-22 20:33:52.213 | INFO     | location_updater:update_location:33 - Update Location entries Start
2022-07-22 20:33:52.214 | INFO     | location_finder:find_unknown:148 - unknown finder func Start
2022-07-22 20:33:52.215 | INFO     | location_finder:find_unknown:186 - Location finder func end: 0.0002167224884033203s
2022-07-22 20:33:52.215 | INFO     | location_finder:find_unknown:148 - unknown finder func Start
2022-07-22 20:33:52.215 | INFO     | location_finder:find_unknown:186 - Location finder func end: 1.2159347534179688e-05s
2022-07-22 20:33:52.215 | INFO     | location_finder:find_unknown:148 - unknown finder func Start
2022-07-22 20:33:52.216 | INFO     | location_finder:find_unknown:186 - Location finder func end: 7.867813110351562e-06s
2022-07-22 20:33:52.216 | INFO     | location_finder:find_unknown:148 - unknown finder func Start
2022-07-22 20:33:52.216 | INFO     | location_finder:find_unknown:186 - Location finder func end: 6.198883056640625e-06s
2022-07-22 20:33:52.216 | INFO     | location_finder:find_unknown:148 - unknown finder func Start
2022-07-22 20:33:52.216 | INFO     | location_finder:find_unknown:186 - Location finder func end: 6.67572021484375e-06s
2022-07-22 20:33:52.216 | INFO     | location_finder:find_unknown:148 - unknown finder func Start
2022-07-22 20:33:52.216 | INFO     | location_finder:find_unknown:186 - Location finder func end: 6.67572021484375e-06s
2022-07-22 20:33:52.217 | INFO     | location_finder:find_unknown:148 - unknown finder func Start
2022-07-22 20:33:52.217 | INFO     | location_finder:find_unknown:186 - Location finder func end: 6.4373016357421875e-06s
2022-07-22 20:33:52.217 | INFO     | location_finder:find_unknown:148 - unknown finder func Start
2022-07-22 20:33:52.217 | INFO     | location_finder:find_unknown:186 - Location finder func end: 6.9141387939453125e-06s
2022-07-22 20:33:52.217 | INFO     | location_finder:find_unknown:148 - unknown finder func Start
2022-07-22 20:33:52.217 | INFO     | location_finder:find_unknown:186 - Location finder func end: 9.059906005859375e-06s
2022-07-22 20:33:52.217 | INFO     | location_finder:find_unknown:148 - unknown finder func Start
2022-07-22 20:33:52.218 | INFO     | location_finder:find_unknown:186 - Location finder func end: 6.198883056640625e-06s
2022-07-22 20:33:52.218 | INFO     | location_finder:find_unknown:148 - unknown finder func Start
2022-07-22 20:33:52.218 | INFO     | location_finder:find_unknown:186 - Location finder func end: 5.7220458984375e-06s
2022-07-22 20:33:52.218 | INFO     | location_finder:find_unknown:148 - unknown finder func Start
2022-07-22 20:33:52.218 | INFO     | location_finder:find_unknown:186 - Location finder func end: 6.198883056640625e-06s
2022-07-22 20:33:52.218 | INFO     | location_finder:find_unknown:148 - unknown finder func Start
2022-07-22 20:33:52.218 | INFO     | location_finder:find_unknown:186 - Location finder func end: 5.7220458984375e-06s
2022-07-22 20:33:52.219 | INFO     | location_finder:find_unknown:148 - unknown finder func Start
2022-07-22 20:33:52.219 | INFO     | location_finder:find_unknown:186 - Location finder func end: 5.9604644775390625e-06s
2022-07-22 20:33:52.219 | INFO     | location_finder:find_unknown:148 - unknown finder func Start
2022-07-22 20:33:52.219 | INFO     | location_finder:find_unknown:186 - Location finder func end: 6.198883056640625e-06s
2022-07-22 20:33:52.219 | INFO     | location_finder:find_unknown:148 - unknown finder func Start
2022-07-22 20:33:52.219 | INFO     | location_finder:find_unknown:186 - Location finder func end: 5.9604644775390625e-06s
2022-07-22 20:33:52.219 | INFO     | location_finder:find_unknown:148 - unknown finder func Start
2022-07-22 20:33:52.220 | INFO     | location_finder:find_unknown:186 - Location finder func end: 6.4373016357421875e-06s
2022-07-22 20:33:52.220 | INFO     | location_finder:find_unknown:148 - unknown finder func Start
2022-07-22 20:33:52.220 | INFO     | location_finder:find_unknown:186 - Location finder func end: 6.67572021484375e-06s
2022-07-22 20:33:52.220 | INFO     | location_finder:find_unknown:148 - unknown finder func Start
2022-07-22 20:33:52.220 | INFO     | location_finder:find_unknown:186 - Location finder func end: 6.4373016357421875e-06s
2022-07-22 20:33:52.220 | INFO     | location_finder:find_unknown:148 - unknown finder func Start
2022-07-22 20:33:52.220 | INFO     | location_finder:find_unknown:186 - Location finder func end: 6.198883056640625e-06s
2022-07-22 20:33:52.221 | INFO     | location_finder:find_unknown:148 - unknown finder func Start
2022-07-22 20:33:52.221 | INFO     | location_finder:find_unknown:186 - Location finder func end: 6.67572021484375e-06s
2022-07-22 20:33:52.221 | INFO     | location_finder:find_unknown:148 - unknown finder func Start
2022-07-22 20:33:52.221 | INFO     | location_finder:find_unknown:186 - Location finder func end: 8.344650268554688e-06s
2022-07-22 20:33:52.221 | INFO     | location_finder:find_unknown:148 - unknown finder func Start
2022-07-22 20:33:52.221 | INFO     | location_finder:find_unknown:186 - Location finder func end: 5.9604644775390625e-06s
2022-07-22 20:33:52.221 | INFO     | location_finder:find_unknown:148 - unknown finder func Start
2022-07-22 20:33:52.221 | INFO     | location_finder:find_unknown:186 - Location finder func end: 6.198883056640625e-06s
2022-07-22 20:33:52.222 | INFO     | location_finder:find_unknown:148 - unknown finder func Start
2022-07-22 20:33:52.222 | INFO     | location_finder:find_unknown:186 - Location finder func end: 6.198883056640625e-06s
2022-07-22 20:33:52.222 | INFO     | location_finder:find_unknown:148 - unknown finder func Start
2022-07-22 20:33:52.222 | INFO     | location_finder:find_unknown:186 - Location finder func end: 6.198883056640625e-06s
2022-07-22 20:33:52.222 | INFO     | location_finder:find_unknown:148 - unknown finder func Start
2022-07-22 20:33:52.222 | INFO     | location_finder:find_unknown:186 - Location finder func end: 7.152557373046875e-06s
2022-07-22 20:33:52.223 | INFO     | location_finder:find_unknown:148 - unknown finder func Start
2022-07-22 20:33:52.223 | INFO     | location_finder:find_unknown:186 - Location finder func end: 8.106231689453125e-06s
2022-07-22 20:33:52.223 | INFO     | location_finder:find_unknown:148 - unknown finder func Start
2022-07-22 20:33:52.223 | INFO     | location_finder:find_unknown:186 - Location finder func end: 8.344650268554688e-06s
2022-07-22 20:33:52.223 | INFO     | location_finder:find_unknown:148 - unknown finder func Start
2022-07-22 20:33:52.223 | INFO     | location_finder:find_unknown:186 - Location finder func end: 1.7404556274414062e-05s
2022-07-22 20:33:52.224 | INFO     | location_finder:find_unknown:148 - unknown finder func Start
2022-07-22 20:33:52.224 | INFO     | location_finder:find_unknown:186 - Location finder func end: 7.867813110351562e-06s
2022-07-22 20:33:52.224 | INFO     | location_finder:find_unknown:148 - unknown finder func Start
2022-07-22 20:33:52.224 | INFO     | location_finder:find_unknown:186 - Location finder func end: 8.106231689453125e-06s
2022-07-22 20:33:52.224 | INFO     | location_finder:find_unknown:148 - unknown finder func Start
2022-07-22 20:33:52.224 | INFO     | location_finder:find_unknown:186 - Location finder func end: 6.67572021484375e-06s
2022-07-22 20:33:52.225 | INFO     | location_finder:find_unknown:148 - unknown finder func Start
2022-07-22 20:33:52.225 | INFO     | location_finder:find_unknown:186 - Location finder func end: 5.9604644775390625e-06s
2022-07-22 20:33:52.225 | INFO     | location_finder:find_unknown:148 - unknown finder func Start
2022-07-22 20:33:52.225 | INFO     | location_finder:find_unknown:186 - Location finder func end: 6.4373016357421875e-06s
2022-07-22 20:33:52.225 | INFO     | location_finder:find_unknown:148 - unknown finder func Start
2022-07-22 20:33:52.225 | INFO     | location_finder:find_unknown:186 - Location finder func end: 6.4373016357421875e-06s
2022-07-22 20:33:52.225 | INFO     | location_finder:find_unknown:148 - unknown finder func Start
2022-07-22 20:33:52.225 | INFO     | location_finder:find_unknown:186 - Location finder func end: 1.049041748046875e-05s
2022-07-22 20:33:52.226 | INFO     | location_finder:find_unknown:148 - unknown finder func Start
2022-07-22 20:33:52.226 | INFO     | location_finder:find_unknown:186 - Location finder func end: 5.4836273193359375e-06s
2022-07-22 20:33:52.226 | INFO     | location_finder:find_unknown:148 - unknown finder func Start
2022-07-22 20:33:52.226 | INFO     | location_finder:find_unknown:186 - Location finder func end: 5.9604644775390625e-06s
2022-07-22 20:33:52.226 | INFO     | location_finder:find_unknown:148 - unknown finder func Start
2022-07-22 20:33:52.226 | INFO     | location_finder:find_unknown:186 - Location finder func end: 5.7220458984375e-06s
2022-07-22 20:33:52.226 | INFO     | location_finder:find_unknown:148 - unknown finder func Start
2022-07-22 20:33:52.226 | INFO     | location_finder:find_unknown:186 - Location finder func end: 6.9141387939453125e-06s
2022-07-22 20:33:52.226 | INFO     | location_finder:find_unknown:148 - unknown finder func Start
2022-07-22 20:33:52.227 | INFO     | location_finder:find_unknown:186 - Location finder func end: 1.2874603271484375e-05s
2022-07-22 20:33:52.227 | INFO     | location_finder:find_unknown:148 - unknown finder func Start
2022-07-22 20:33:52.227 | INFO     | location_finder:find_unknown:186 - Location finder func end: 1.049041748046875e-05s
2022-07-22 20:33:52.227 | INFO     | location_finder:find_unknown:148 - unknown finder func Start
2022-07-22 20:33:52.227 | INFO     | location_finder:find_unknown:186 - Location finder func end: 7.62939453125e-06s
2022-07-22 20:33:52.227 | INFO     | location_updater:search_for_unknowns:192 - Search for unknowns Start
2022-07-22 20:33:52.227 | INFO     | location_updater:unknown_sql_query:163 - Location unknown value sql query start
2022-07-22 20:33:53.795 | INFO     | location_updater:unknown_sql_query:189 - Location unknown value sql query end: 1.566988468170166s
2022-07-22 20:33:53.795 | INFO     | location_updater:search_for_unknowns:204 - Search for unknowns end: 1.5674750804901123s
2022-07-22 20:33:53.807 | INFO     | location_finder:find_location:28 - Location finder func Start
2022-07-22 20:33:53.807 | INFO     | location_finder:find_location:126 - Location finder func end: 1.6689300537109375e-05s
