2022-07-18 16:17:47.684 | INFO     | __main__:main:37 - Started updating location
2022-07-18 16:17:47.685 | INFO     | __main__:main:40 - Reading Excel Start
2022-07-18 16:17:47.806 | INFO     | __main__:main:46 - Reading Excel end: 0.12143063545227051s
2022-07-18 16:17:47.806 | INFO     | __main__:main:49 - Updating Dataframe Start
2022-07-18 16:17:47.806 | INFO     | location_updater:load_locations_data:119 - Read location json Start
2022-07-18 16:17:47.810 | INFO     | location_updater:load_locations_data:126 - Read location json end: 0.0036056041717529297s
2022-07-18 16:17:47.810 | INFO     | location_updater:update_location:33 - Update Location entries Start
2022-07-18 16:17:47.811 | INFO     | location_finder:find_unknown:134 - unknown finder func Start
2022-07-18 16:17:47.811 | INFO     | location_finder:find_unknown:171 - Location finder func end: 7.43865966796875e-05s
2022-07-18 16:17:47.811 | INFO     | location_finder:find_unknown:134 - unknown finder func Start
2022-07-18 16:17:47.811 | INFO     | location_finder:find_unknown:171 - Location finder func end: 4.291534423828125e-06s
2022-07-18 16:17:47.811 | INFO     | location_finder:find_unknown:134 - unknown finder func Start
2022-07-18 16:17:47.811 | INFO     | location_finder:find_unknown:171 - Location finder func end: 3.814697265625e-06s
2022-07-18 16:17:47.811 | INFO     | location_finder:find_unknown:134 - unknown finder func Start
2022-07-18 16:17:47.812 | INFO     | location_finder:find_unknown:171 - Location finder func end: 3.814697265625e-06s
2022-07-18 16:17:47.812 | INFO     | location_finder:find_unknown:134 - unknown finder func Start
2022-07-18 16:17:47.812 | INFO     | location_finder:find_unknown:171 - Location finder func end: 5.245208740234375e-06s
2022-07-18 16:17:47.812 | INFO     | location_finder:find_unknown:134 - unknown finder func Start
2022-07-18 16:17:47.812 | INFO     | location_finder:find_unknown:171 - Location finder func end: 5.0067901611328125e-06s
2022-07-18 16:17:47.812 | INFO     | location_finder:find_unknown:134 - unknown finder func Start
2022-07-18 16:17:47.812 | INFO     | location_finder:find_unknown:171 - Location finder func end: 4.76837158203125e-06s
2022-07-18 16:17:47.812 | INFO     | location_finder:find_unknown:134 - unknown finder func Start
2022-07-18 16:17:47.812 | INFO     | location_finder:find_unknown:171 - Location finder func end: 4.76837158203125e-06s
2022-07-18 16:17:47.813 | INFO     | location_finder:find_unknown:134 - unknown finder func Start
2022-07-18 16:17:47.813 | INFO     | location_finder:find_unknown:171 - Location finder func end: 3.814697265625e-06s
2022-07-18 16:17:47.813 | INFO     | location_finder:find_unknown:134 - unknown finder func Start
2022-07-18 16:17:47.813 | INFO     | location_finder:find_unknown:171 - Location finder func end: 4.76837158203125e-06s
2022-07-18 16:17:47.813 | INFO     | location_finder:find_unknown:134 - unknown finder func Start
2022-07-18 16:17:47.813 | INFO     | location_finder:find_unknown:171 - Location finder func end: 5.0067901611328125e-06s
2022-07-18 16:17:47.813 | INFO     | location_finder:find_unknown:134 - unknown finder func Start
2022-07-18 16:17:47.813 | INFO     | location_finder:find_unknown:171 - Location finder func end: 4.0531158447265625e-06s
2022-07-18 16:17:47.813 | INFO     | location_finder:find_unknown:134 - unknown finder func Start
2022-07-18 16:17:47.814 | INFO     | location_finder:find_unknown:171 - Location finder func end: 3.814697265625e-06s
2022-07-18 16:17:47.814 | INFO     | location_finder:find_unknown:134 - unknown finder func Start
2022-07-18 16:17:47.814 | INFO     | location_finder:find_unknown:171 - Location finder func end: 3.5762786865234375e-06s
2022-07-18 16:17:47.814 | INFO     | location_finder:find_unknown:134 - unknown finder func Start
2022-07-18 16:17:47.814 | INFO     | location_finder:find_unknown:171 - Location finder func end: 3.0994415283203125e-06s
2022-07-18 16:17:47.814 | INFO     | location_finder:find_unknown:134 - unknown finder func Start
2022-07-18 16:17:47.814 | INFO     | location_finder:find_unknown:171 - Location finder func end: 5.0067901611328125e-06s
2022-07-18 16:17:47.814 | INFO     | location_finder:find_unknown:134 - unknown finder func Start
2022-07-18 16:17:47.814 | INFO     | location_finder:find_unknown:171 - Location finder func end: 3.814697265625e-06s
2022-07-18 16:17:47.815 | INFO     | location_finder:find_unknown:134 - unknown finder func Start
2022-07-18 16:17:47.815 | INFO     | location_finder:find_unknown:171 - Location finder func end: 5.0067901611328125e-06s
2022-07-18 16:17:47.815 | INFO     | location_finder:find_unknown:134 - unknown finder func Start
2022-07-18 16:17:47.815 | INFO     | location_finder:find_unknown:171 - Location finder func end: 3.814697265625e-06s
2022-07-18 16:17:47.815 | INFO     | location_finder:find_unknown:134 - unknown finder func Start
2022-07-18 16:17:47.815 | INFO     | location_finder:find_unknown:171 - Location finder func end: 5.0067901611328125e-06s
2022-07-18 16:17:47.815 | INFO     | location_finder:find_unknown:134 - unknown finder func Start
2022-07-18 16:17:47.815 | INFO     | location_finder:find_unknown:171 - Location finder func end: 3.814697265625e-06s
2022-07-18 16:17:47.815 | INFO     | location_finder:find_unknown:134 - unknown finder func Start
2022-07-18 16:17:47.816 | INFO     | location_finder:find_unknown:171 - Location finder func end: 3.5762786865234375e-06s
2022-07-18 16:17:47.816 | INFO     | location_finder:find_unknown:134 - unknown finder func Start
2022-07-18 16:17:47.816 | INFO     | location_finder:find_unknown:171 - Location finder func end: 6.198883056640625e-06s
2022-07-18 16:17:47.816 | INFO     | location_finder:find_unknown:134 - unknown finder func Start
2022-07-18 16:17:47.816 | INFO     | location_finder:find_unknown:171 - Location finder func end: 5.7220458984375e-06s
2022-07-18 16:17:47.816 | INFO     | location_finder:find_unknown:134 - unknown finder func Start
2022-07-18 16:17:47.816 | INFO     | location_finder:find_unknown:171 - Location finder func end: 4.291534423828125e-06s
2022-07-18 16:17:47.816 | INFO     | location_finder:find_unknown:134 - unknown finder func Start
2022-07-18 16:17:47.816 | INFO     | location_finder:find_unknown:171 - Location finder func end: 3.0994415283203125e-06s
2022-07-18 16:17:47.817 | INFO     | location_finder:find_unknown:134 - unknown finder func Start
2022-07-18 16:17:47.817 | INFO     | location_finder:find_unknown:171 - Location finder func end: 3.0994415283203125e-06s
2022-07-18 16:17:47.817 | INFO     | location_finder:find_unknown:134 - unknown finder func Start
2022-07-18 16:17:47.817 | INFO     | location_finder:find_unknown:171 - Location finder func end: 3.337860107421875e-06s
2022-07-18 16:17:47.817 | INFO     | location_finder:find_unknown:134 - unknown finder func Start
2022-07-18 16:17:47.817 | INFO     | location_finder:find_unknown:171 - Location finder func end: 3.814697265625e-06s
2022-07-18 16:17:47.817 | INFO     | location_finder:find_unknown:134 - unknown finder func Start
2022-07-18 16:17:47.817 | INFO     | location_finder:find_unknown:171 - Location finder func end: 9.298324584960938e-06s
2022-07-18 16:17:47.817 | INFO     | location_finder:find_unknown:134 - unknown finder func Start
2022-07-18 16:17:47.817 | INFO     | location_finder:find_unknown:171 - Location finder func end: 3.814697265625e-06s
2022-07-18 16:17:47.817 | INFO     | location_finder:find_unknown:134 - unknown finder func Start
2022-07-18 16:17:47.818 | INFO     | location_finder:find_unknown:171 - Location finder func end: 5.4836273193359375e-06s
2022-07-18 16:17:47.818 | INFO     | location_finder:find_unknown:134 - unknown finder func Start
2022-07-18 16:17:47.818 | INFO     | location_finder:find_unknown:171 - Location finder func end: 5.4836273193359375e-06s
2022-07-18 16:17:47.818 | INFO     | location_finder:find_unknown:134 - unknown finder func Start
2022-07-18 16:17:47.818 | INFO     | location_finder:find_unknown:171 - Location finder func end: 5.4836273193359375e-06s
2022-07-18 16:17:47.818 | INFO     | location_finder:find_unknown:134 - unknown finder func Start
2022-07-18 16:17:47.819 | INFO     | location_finder:find_unknown:171 - Location finder func end: 5.9604644775390625e-06s
2022-07-18 16:17:47.819 | INFO     | location_finder:find_unknown:134 - unknown finder func Start
2022-07-18 16:17:47.819 | INFO     | location_finder:find_unknown:171 - Location finder func end: 5.4836273193359375e-06s
2022-07-18 16:17:47.819 | INFO     | location_finder:find_unknown:134 - unknown finder func Start
2022-07-18 16:17:47.819 | INFO     | location_finder:find_unknown:171 - Location finder func end: 1.4066696166992188e-05s
2022-07-18 16:17:47.819 | INFO     | location_finder:find_unknown:134 - unknown finder func Start
2022-07-18 16:17:47.820 | INFO     | location_finder:find_unknown:171 - Location finder func end: 6.198883056640625e-06s
2022-07-18 16:17:47.820 | INFO     | location_finder:find_unknown:134 - unknown finder func Start
2022-07-18 16:17:47.820 | INFO     | location_finder:find_unknown:171 - Location finder func end: 5.245208740234375e-06s
2022-07-18 16:17:47.820 | INFO     | location_finder:find_unknown:134 - unknown finder func Start
2022-07-18 16:17:47.820 | INFO     | location_finder:find_unknown:171 - Location finder func end: 5.4836273193359375e-06s
2022-07-18 16:17:47.820 | INFO     | location_finder:find_unknown:134 - unknown finder func Start
2022-07-18 16:17:47.820 | INFO     | location_finder:find_unknown:171 - Location finder func end: 7.3909759521484375e-06s
2022-07-18 16:17:47.820 | INFO     | location_finder:find_unknown:134 - unknown finder func Start
2022-07-18 16:17:47.821 | INFO     | location_finder:find_unknown:171 - Location finder func end: 9.059906005859375e-06s
2022-07-18 16:17:47.821 | INFO     | location_finder:find_unknown:134 - unknown finder func Start
2022-07-18 16:17:47.821 | INFO     | location_finder:find_unknown:171 - Location finder func end: 7.3909759521484375e-06s
2022-07-18 16:17:47.821 | INFO     | location_finder:find_unknown:134 - unknown finder func Start
2022-07-18 16:17:47.821 | INFO     | location_finder:find_unknown:171 - Location finder func end: 4.76837158203125e-06s
