2022-07-18 16:21:12.691 | INFO     | __main__:main:37 - Started updating location
2022-07-18 16:21:12.691 | INFO     | __main__:main:40 - Reading Excel Start
2022-07-18 16:21:12.813 | INFO     | __main__:main:46 - Reading Excel end: 0.1217803955078125s
2022-07-18 16:21:12.813 | INFO     | __main__:main:49 - Updating Dataframe Start
2022-07-18 16:21:12.813 | INFO     | location_updater:load_locations_data:119 - Read location json Start
2022-07-18 16:21:12.817 | INFO     | location_updater:load_locations_data:126 - Read location json end: 0.0036890506744384766s
2022-07-18 16:21:12.817 | INFO     | location_updater:update_location:33 - Update Location entries Start
2022-07-18 16:21:12.818 | INFO     | location_finder:find_unknown:134 - unknown finder func Start
2022-07-18 16:21:12.818 | INFO     | location_finder:find_unknown:171 - Location finder func end: 8.678436279296875e-05s
2022-07-18 16:21:12.818 | INFO     | location_finder:find_unknown:134 - unknown finder func Start
2022-07-18 16:21:12.818 | INFO     | location_finder:find_unknown:171 - Location finder func end: 5.7220458984375e-06s
2022-07-18 16:21:12.818 | INFO     | location_finder:find_unknown:134 - unknown finder func Start
2022-07-18 16:21:12.818 | INFO     | location_finder:find_unknown:171 - Location finder func end: 4.291534423828125e-06s
2022-07-18 16:21:12.819 | INFO     | location_finder:find_unknown:134 - unknown finder func Start
2022-07-18 16:21:12.819 | INFO     | location_finder:find_unknown:171 - Location finder func end: 3.814697265625e-06s
2022-07-18 16:21:12.819 | INFO     | location_finder:find_unknown:134 - unknown finder func Start
2022-07-18 16:21:12.819 | INFO     | location_finder:find_unknown:171 - Location finder func end: 4.0531158447265625e-06s
2022-07-18 16:21:12.819 | INFO     | location_finder:find_unknown:134 - unknown finder func Start
2022-07-18 16:21:12.819 | INFO     | location_finder:find_unknown:171 - Location finder func end: 4.291534423828125e-06s
2022-07-18 16:21:12.819 | INFO     | location_finder:find_unknown:134 - unknown finder func Start
2022-07-18 16:21:12.819 | INFO     | location_finder:find_unknown:171 - Location finder func end: 4.0531158447265625e-06s
2022-07-18 16:21:12.819 | INFO     | location_finder:find_unknown:134 - unknown finder func Start
2022-07-18 16:21:12.820 | INFO     | location_finder:find_unknown:171 - Location finder func end: 4.291534423828125e-06s
2022-07-18 16:21:12.820 | INFO     | location_finder:find_unknown:134 - unknown finder func Start
2022-07-18 16:21:12.820 | INFO     | location_finder:find_unknown:171 - Location finder func end: 3.814697265625e-06s
2022-07-18 16:21:12.820 | INFO     | location_finder:find_unknown:134 - unknown finder func Start
2022-07-18 16:21:12.820 | INFO     | location_finder:find_unknown:171 - Location finder func end: 3.814697265625e-06s
2022-07-18 16:21:12.820 | INFO     | location_finder:find_unknown:134 - unknown finder func Start
2022-07-18 16:21:12.820 | INFO     | location_finder:find_unknown:171 - Location finder func end: 3.5762786865234375e-06s
2022-07-18 16:21:12.820 | INFO     | location_finder:find_unknown:134 - unknown finder func Start
2022-07-18 16:21:12.820 | INFO     | location_finder:find_unknown:171 - Location finder func end: 4.291534423828125e-06s
2022-07-18 16:21:12.821 | INFO     | location_finder:find_unknown:134 - unknown finder func Start
2022-07-18 16:21:12.821 | INFO     | location_finder:find_unknown:171 - Location finder func end: 3.814697265625e-06s
2022-07-18 16:21:12.821 | INFO     | location_finder:find_unknown:134 - unknown finder func Start
2022-07-18 16:21:12.821 | INFO     | location_finder:find_unknown:171 - Location finder func end: 3.5762786865234375e-06s
2022-07-18 16:21:12.821 | INFO     | location_finder:find_unknown:134 - unknown finder func Start
2022-07-18 16:21:12.821 | INFO     | location_finder:find_unknown:171 - Location finder func end: 3.814697265625e-06s
2022-07-18 16:21:12.821 | INFO     | location_finder:find_unknown:134 - unknown finder func Start
2022-07-18 16:21:12.821 | INFO     | location_finder:find_unknown:171 - Location finder func end: 3.5762786865234375e-06s
2022-07-18 16:21:12.821 | INFO     | location_finder:find_unknown:134 - unknown finder func Start
2022-07-18 16:21:12.822 | INFO     | location_finder:find_unknown:171 - Location finder func end: 3.337860107421875e-06s
2022-07-18 16:21:12.822 | INFO     | location_finder:find_unknown:134 - unknown finder func Start
2022-07-18 16:21:12.822 | INFO     | location_finder:find_unknown:171 - Location finder func end: 3.5762786865234375e-06s
2022-07-18 16:21:12.822 | INFO     | location_finder:find_unknown:134 - unknown finder func Start
2022-07-18 16:21:12.822 | INFO     | location_finder:find_unknown:171 - Location finder func end: 5.0067901611328125e-06s
2022-07-18 16:21:12.822 | INFO     | location_finder:find_unknown:134 - unknown finder func Start
2022-07-18 16:21:12.822 | INFO     | location_finder:find_unknown:171 - Location finder func end: 5.0067901611328125e-06s
2022-07-18 16:21:12.822 | INFO     | location_finder:find_unknown:134 - unknown finder func Start
2022-07-18 16:21:12.822 | INFO     | location_finder:find_unknown:171 - Location finder func end: 4.291534423828125e-06s
2022-07-18 16:21:12.823 | INFO     | location_finder:find_unknown:134 - unknown finder func Start
2022-07-18 16:21:12.823 | INFO     | location_finder:find_unknown:171 - Location finder func end: 3.5762786865234375e-06s
2022-07-18 16:21:12.823 | INFO     | location_finder:find_unknown:134 - unknown finder func Start
2022-07-18 16:21:12.823 | INFO     | location_finder:find_unknown:171 - Location finder func end: 4.76837158203125e-06s
2022-07-18 16:21:12.823 | INFO     | location_finder:find_unknown:134 - unknown finder func Start
2022-07-18 16:21:12.823 | INFO     | location_finder:find_unknown:171 - Location finder func end: 3.814697265625e-06s
2022-07-18 16:21:12.823 | INFO     | location_finder:find_unknown:134 - unknown finder func Start
2022-07-18 16:21:12.823 | INFO     | location_finder:find_unknown:171 - Location finder func end: 3.814697265625e-06s
2022-07-18 16:21:12.823 | INFO     | location_finder:find_unknown:134 - unknown finder func Start
2022-07-18 16:21:12.824 | INFO     | location_finder:find_unknown:171 - Location finder func end: 3.814697265625e-06s
2022-07-18 16:21:12.824 | INFO     | location_finder:find_unknown:134 - unknown finder func Start
2022-07-18 16:21:12.824 | INFO     | location_finder:find_unknown:171 - Location finder func end: 3.337860107421875e-06s
2022-07-18 16:21:12.824 | INFO     | location_finder:find_unknown:134 - unknown finder func Start
2022-07-18 16:21:12.824 | INFO     | location_finder:find_unknown:171 - Location finder func end: 5.0067901611328125e-06s
2022-07-18 16:21:12.824 | INFO     | location_finder:find_unknown:134 - unknown finder func Start
2022-07-18 16:21:12.824 | INFO     | location_finder:find_unknown:171 - Location finder func end: 3.814697265625e-06s
2022-07-18 16:21:12.824 | INFO     | location_finder:find_unknown:134 - unknown finder func Start
2022-07-18 16:21:12.824 | INFO     | location_finder:find_unknown:171 - Location finder func end: 8.58306884765625e-06s
2022-07-18 16:21:12.824 | INFO     | location_finder:find_unknown:134 - unknown finder func Start
2022-07-18 16:21:12.825 | INFO     | location_finder:find_unknown:171 - Location finder func end: 4.76837158203125e-06s
2022-07-18 16:21:12.825 | INFO     | location_finder:find_unknown:134 - unknown finder func Start
2022-07-18 16:21:12.825 | INFO     | location_finder:find_unknown:171 - Location finder func end: 5.0067901611328125e-06s
2022-07-18 16:21:12.825 | INFO     | location_finder:find_unknown:134 - unknown finder func Start
2022-07-18 16:21:12.825 | INFO     | location_finder:find_unknown:171 - Location finder func end: 5.0067901611328125e-06s
2022-07-18 16:21:12.825 | INFO     | location_finder:find_unknown:134 - unknown finder func Start
2022-07-18 16:21:12.825 | INFO     | location_finder:find_unknown:171 - Location finder func end: 4.5299530029296875e-06s
2022-07-18 16:21:12.825 | INFO     | location_finder:find_unknown:134 - unknown finder func Start
2022-07-18 16:21:12.825 | INFO     | location_finder:find_unknown:171 - Location finder func end: 4.291534423828125e-06s
2022-07-18 16:21:12.826 | INFO     | location_finder:find_unknown:134 - unknown finder func Start
2022-07-18 16:21:12.826 | INFO     | location_finder:find_unknown:171 - Location finder func end: 5.0067901611328125e-06s
2022-07-18 16:21:12.826 | INFO     | location_finder:find_unknown:134 - unknown finder func Start
2022-07-18 16:21:12.826 | INFO     | location_finder:find_unknown:171 - Location finder func end: 8.821487426757812e-06s
2022-07-18 16:21:12.826 | INFO     | location_finder:find_unknown:134 - unknown finder func Start
2022-07-18 16:21:12.826 | INFO     | location_finder:find_unknown:171 - Location finder func end: 6.4373016357421875e-06s
2022-07-18 16:21:12.826 | INFO     | location_finder:find_unknown:134 - unknown finder func Start
2022-07-18 16:21:12.826 | INFO     | location_finder:find_unknown:171 - Location finder func end: 5.0067901611328125e-06s
2022-07-18 16:21:12.826 | INFO     | location_finder:find_unknown:134 - unknown finder func Start
2022-07-18 16:21:12.827 | INFO     | location_finder:find_unknown:171 - Location finder func end: 4.76837158203125e-06s
2022-07-18 16:21:12.827 | INFO     | location_finder:find_unknown:134 - unknown finder func Start
2022-07-18 16:21:12.827 | INFO     | location_finder:find_unknown:171 - Location finder func end: 5.4836273193359375e-06s
2022-07-18 16:21:12.827 | INFO     | location_finder:find_unknown:134 - unknown finder func Start
2022-07-18 16:21:12.827 | INFO     | location_finder:find_unknown:171 - Location finder func end: 9.059906005859375e-06s
2022-07-18 16:21:12.827 | INFO     | location_finder:find_unknown:134 - unknown finder func Start
2022-07-18 16:21:12.827 | INFO     | location_finder:find_unknown:171 - Location finder func end: 5.9604644775390625e-06s
2022-07-18 16:21:12.827 | INFO     | location_finder:find_unknown:134 - unknown finder func Start
2022-07-18 16:21:12.827 | INFO     | location_finder:find_unknown:171 - Location finder func end: 4.291534423828125e-06s
2022-07-18 16:21:12.827 | INFO     | location_updater:search_for_unknowns:171 - Search for unknowns Start
2022-07-18 16:21:12.828 | INFO     | location_updater:unknown_sql_query:148 - Location unknown value sql query start
2022-07-18 16:21:12.828 | INFO     | location_updater:unknown_sql_query:148 - Location unknown value sql query start
2022-07-18 16:21:12.829 | INFO     | location_updater:unknown_sql_query:148 - Location unknown value sql query start
2022-07-18 16:21:12.830 | INFO     | location_updater:unknown_sql_query:148 - Location unknown value sql query start
2022-07-18 16:21:12.830 | INFO     | location_updater:search_for_unknowns:187 - Search for unknowns end: 0.0027751922607421875s
2022-07-18 16:21:12.831 | INFO     | location_finder:find_location:28 - Location finder func Start
