2022-07-22 21:07:19.829 | INFO     | __main__:main:39 - Started updating location
2022-07-22 21:07:19.829 | INFO     | __main__:main:42 - Reading Excel Start
2022-07-22 21:07:20.037 | INFO     | __main__:main:48 - Reading Excel end: 0.20772695541381836s
2022-07-22 21:07:20.037 | INFO     | __main__:main:51 - Updating Dataframe Start
2022-07-22 21:07:20.037 | INFO     | location_updater:load_locations_data:119 - Read location json Start
2022-07-22 21:07:20.045 | INFO     | location_updater:load_locations_data:126 - Read location json end: 0.007890462875366211s
2022-07-22 21:07:20.045 | INFO     | location_updater:update_location:33 - Update Location entries Start
2022-07-22 21:07:20.046 | INFO     | location_finder:find_unknown:144 - unknown finder func Start
2022-07-22 21:07:20.046 | INFO     | location_finder:find_unknown:182 - Location finder func end: 0.000110626220703125s
2022-07-22 21:07:20.046 | INFO     | location_finder:find_unknown:144 - unknown finder func Start
2022-07-22 21:07:20.046 | INFO     | location_finder:find_unknown:182 - Location finder func end: 6.9141387939453125e-06s
2022-07-22 21:07:20.047 | INFO     | location_finder:find_unknown:144 - unknown finder func Start
2022-07-22 21:07:20.047 | INFO     | location_finder:find_unknown:182 - Location finder func end: 9.5367431640625e-06s
2022-07-22 21:07:20.047 | INFO     | location_finder:find_unknown:144 - unknown finder func Start
2022-07-22 21:07:20.047 | INFO     | location_finder:find_unknown:182 - Location finder func end: 7.3909759521484375e-06s
2022-07-22 21:07:20.047 | INFO     | location_finder:find_unknown:144 - unknown finder func Start
2022-07-22 21:07:20.047 | INFO     | location_finder:find_unknown:182 - Location finder func end: 6.9141387939453125e-06s
2022-07-22 21:07:20.048 | INFO     | location_finder:find_unknown:144 - unknown finder func Start
2022-07-22 21:07:20.048 | INFO     | location_finder:find_unknown:182 - Location finder func end: 6.4373016357421875e-06s
2022-07-22 21:07:20.048 | INFO     | location_finder:find_unknown:144 - unknown finder func Start
2022-07-22 21:07:20.048 | INFO     | location_finder:find_unknown:182 - Location finder func end: 6.67572021484375e-06s
2022-07-22 21:07:20.048 | INFO     | location_finder:find_unknown:144 - unknown finder func Start
2022-07-22 21:07:20.048 | INFO     | location_finder:find_unknown:182 - Location finder func end: 6.198883056640625e-06s
2022-07-22 21:07:20.048 | INFO     | location_finder:find_unknown:144 - unknown finder func Start
2022-07-22 21:07:20.049 | INFO     | location_finder:find_unknown:182 - Location finder func end: 5.9604644775390625e-06s
2022-07-22 21:07:20.049 | INFO     | location_finder:find_unknown:144 - unknown finder func Start
2022-07-22 21:07:20.049 | INFO     | location_finder:find_unknown:182 - Location finder func end: 5.9604644775390625e-06s
2022-07-22 21:07:20.049 | INFO     | location_finder:find_unknown:144 - unknown finder func Start
2022-07-22 21:07:20.049 | INFO     | location_finder:find_unknown:182 - Location finder func end: 6.4373016357421875e-06s
2022-07-22 21:07:20.049 | INFO     | location_finder:find_unknown:144 - unknown finder func Start
2022-07-22 21:07:20.049 | INFO     | location_finder:find_unknown:182 - Location finder func end: 6.4373016357421875e-06s
2022-07-22 21:07:20.050 | INFO     | location_finder:find_unknown:144 - unknown finder func Start
2022-07-22 21:07:20.050 | INFO     | location_finder:find_unknown:182 - Location finder func end: 9.5367431640625e-06s
2022-07-22 21:07:20.050 | INFO     | location_finder:find_unknown:144 - unknown finder func Start
2022-07-22 21:07:20.050 | INFO     | location_finder:find_unknown:182 - Location finder func end: 1.049041748046875e-05s
2022-07-22 21:07:20.050 | INFO     | location_finder:find_unknown:144 - unknown finder func Start
2022-07-22 21:07:20.050 | INFO     | location_finder:find_unknown:182 - Location finder func end: 9.059906005859375e-06s
2022-07-22 21:07:20.051 | INFO     | location_finder:find_unknown:144 - unknown finder func Start
2022-07-22 21:07:20.051 | INFO     | location_finder:find_unknown:182 - Location finder func end: 9.5367431640625e-06s
2022-07-22 21:07:20.051 | INFO     | location_finder:find_unknown:144 - unknown finder func Start
2022-07-22 21:07:20.051 | INFO     | location_finder:find_unknown:182 - Location finder func end: 6.4373016357421875e-06s
2022-07-22 21:07:20.051 | INFO     | location_finder:find_unknown:144 - unknown finder func Start
2022-07-22 21:07:20.051 | INFO     | location_finder:find_unknown:182 - Location finder func end: 6.67572021484375e-06s
2022-07-22 21:07:20.051 | INFO     | location_finder:find_unknown:144 - unknown finder func Start
2022-07-22 21:07:20.052 | INFO     | location_finder:find_unknown:182 - Location finder func end: 6.4373016357421875e-06s
2022-07-22 21:07:20.052 | INFO     | location_finder:find_unknown:144 - unknown finder func Start
2022-07-22 21:07:20.052 | INFO     | location_finder:find_unknown:182 - Location finder func end: 9.5367431640625e-06s
2022-07-22 21:07:20.052 | INFO     | location_finder:find_unknown:144 - unknown finder func Start
2022-07-22 21:07:20.052 | INFO     | location_finder:find_unknown:182 - Location finder func end: 1.1444091796875e-05s
2022-07-22 21:07:20.053 | INFO     | location_finder:find_unknown:144 - unknown finder func Start
2022-07-22 21:07:20.053 | INFO     | location_finder:find_unknown:182 - Location finder func end: 9.5367431640625e-06s
2022-07-22 21:07:20.053 | INFO     | location_finder:find_unknown:144 - unknown finder func Start
2022-07-22 21:07:20.053 | INFO     | location_finder:find_unknown:182 - Location finder func end: 1.1920928955078125e-05s
2022-07-22 21:07:20.053 | INFO     | location_finder:find_unknown:144 - unknown finder func Start
2022-07-22 21:07:20.054 | INFO     | location_finder:find_unknown:182 - Location finder func end: 1.0728836059570312e-05s
2022-07-22 21:07:20.054 | INFO     | location_finder:find_unknown:144 - unknown finder func Start
2022-07-22 21:07:20.054 | INFO     | location_finder:find_unknown:182 - Location finder func end: 9.775161743164062e-06s
2022-07-22 21:07:20.054 | INFO     | location_finder:find_unknown:144 - unknown finder func Start
2022-07-22 21:07:20.054 | INFO     | location_finder:find_unknown:182 - Location finder func end: 8.821487426757812e-06s
2022-07-22 21:07:20.054 | INFO     | location_finder:find_unknown:144 - unknown finder func Start
2022-07-22 21:07:20.055 | INFO     | location_finder:find_unknown:182 - Location finder func end: 9.5367431640625e-06s
2022-07-22 21:07:20.055 | INFO     | location_finder:find_unknown:144 - unknown finder func Start
2022-07-22 21:07:20.055 | INFO     | location_finder:find_unknown:182 - Location finder func end: 8.821487426757812e-06s
2022-07-22 21:07:20.055 | INFO     | location_finder:find_unknown:144 - unknown finder func Start
2022-07-22 21:07:20.055 | INFO     | location_finder:find_unknown:182 - Location finder func end: 1.7881393432617188e-05s
2022-07-22 21:07:20.056 | INFO     | location_finder:find_unknown:144 - unknown finder func Start
2022-07-22 21:07:20.056 | INFO     | location_finder:find_unknown:182 - Location finder func end: 1.5974044799804688e-05s
2022-07-22 21:07:20.056 | INFO     | location_finder:find_unknown:144 - unknown finder func Start
2022-07-22 21:07:20.056 | INFO     | location_finder:find_unknown:182 - Location finder func end: 8.344650268554688e-06s
2022-07-22 21:07:20.056 | INFO     | location_finder:find_unknown:144 - unknown finder func Start
2022-07-22 21:07:20.057 | INFO     | location_finder:find_unknown:182 - Location finder func end: 8.344650268554688e-06s
2022-07-22 21:07:20.057 | INFO     | location_finder:find_unknown:144 - unknown finder func Start
2022-07-22 21:07:20.057 | INFO     | location_finder:find_unknown:182 - Location finder func end: 8.821487426757812e-06s
2022-07-22 21:07:20.057 | INFO     | location_finder:find_unknown:144 - unknown finder func Start
2022-07-22 21:07:20.057 | INFO     | location_finder:find_unknown:182 - Location finder func end: 8.821487426757812e-06s
2022-07-22 21:07:20.057 | INFO     | location_finder:find_unknown:144 - unknown finder func Start
2022-07-22 21:07:20.058 | INFO     | location_finder:find_unknown:182 - Location finder func end: 8.58306884765625e-06s
2022-07-22 21:07:20.058 | INFO     | location_finder:find_unknown:144 - unknown finder func Start
2022-07-22 21:07:20.058 | INFO     | location_finder:find_unknown:182 - Location finder func end: 8.58306884765625e-06s
2022-07-22 21:07:20.058 | INFO     | location_finder:find_unknown:144 - unknown finder func Start
2022-07-22 21:07:20.058 | INFO     | location_finder:find_unknown:182 - Location finder func end: 1.049041748046875e-05s
2022-07-22 21:07:20.059 | INFO     | location_finder:find_unknown:144 - unknown finder func Start
2022-07-22 21:07:20.059 | INFO     | location_finder:find_unknown:182 - Location finder func end: 8.821487426757812e-06s
2022-07-22 21:07:20.059 | INFO     | location_finder:find_unknown:144 - unknown finder func Start
2022-07-22 21:07:20.059 | INFO     | location_finder:find_unknown:182 - Location finder func end: 8.344650268554688e-06s
2022-07-22 21:07:20.059 | INFO     | location_finder:find_unknown:144 - unknown finder func Start
2022-07-22 21:07:20.059 | INFO     | location_finder:find_unknown:182 - Location finder func end: 7.62939453125e-06s
2022-07-22 21:07:20.060 | INFO     | location_finder:find_unknown:144 - unknown finder func Start
2022-07-22 21:07:20.060 | INFO     | location_finder:find_unknown:182 - Location finder func end: 1.0728836059570312e-05s
2022-07-22 21:07:20.060 | INFO     | location_finder:find_unknown:144 - unknown finder func Start
2022-07-22 21:07:20.060 | INFO     | location_finder:find_unknown:182 - Location finder func end: 1.5735626220703125e-05s
2022-07-22 21:07:20.060 | INFO     | location_finder:find_unknown:144 - unknown finder func Start
2022-07-22 21:07:20.061 | INFO     | location_finder:find_unknown:182 - Location finder func end: 1.2874603271484375e-05s
2022-07-22 21:07:20.061 | INFO     | location_finder:find_unknown:144 - unknown finder func Start
2022-07-22 21:07:20.061 | INFO     | location_finder:find_unknown:182 - Location finder func end: 1.049041748046875e-05s
2022-07-22 21:07:20.061 | INFO     | location_updater:search_for_unknowns:195 - Search for unknowns Start
2022-07-22 21:07:20.061 | INFO     | location_updater:unknown_sql_query:166 - Location unknown value sql query start
2022-07-22 21:07:21.643 | INFO     | location_updater:unknown_sql_query:192 - Location unknown value sql query end: 1.5817899703979492s
2022-07-22 21:07:21.644 | INFO     | location_updater:search_for_unknowns:207 - Search for unknowns end: 1.5823404788970947s
2022-07-22 21:07:21.660 | INFO     | location_finder:find_location:28 - Location finder func Start
2022-07-22 21:07:21.660 | INFO     | location_finder:find_location:122 - Location finder func end: 1.7642974853515625e-05s
2022-07-22 21:07:21.661 | INFO     | location_finder:find_location:28 - Location finder func Start
2022-07-22 21:07:21.661 | INFO     | location_finder:find_location:122 - Location finder func end: 1.52587890625e-05s
2022-07-22 21:07:21.661 | INFO     | location_finder:find_location:28 - Location finder func Start
2022-07-22 21:07:21.661 | INFO     | location_finder:find_location:122 - Location finder func end: 1.3589859008789062e-05s
2022-07-22 21:07:21.661 | INFO     | location_finder:find_location:28 - Location finder func Start
2022-07-22 21:07:21.661 | INFO     | location_finder:find_location:122 - Location finder func end: 1.3828277587890625e-05s
2022-07-22 21:07:21.661 | INFO     | location_finder:find_location:28 - Location finder func Start
2022-07-22 21:07:21.662 | INFO     | location_finder:find_location:122 - Location finder func end: 1.4781951904296875e-05s
2022-07-22 21:07:21.662 | INFO     | location_finder:find_location:28 - Location finder func Start
2022-07-22 21:07:21.662 | INFO     | location_finder:find_location:122 - Location finder func end: 1.4781951904296875e-05s
2022-07-22 21:07:21.662 | INFO     | location_finder:find_location:28 - Location finder func Start
2022-07-22 21:07:21.662 | INFO     | location_finder:find_location:122 - Location finder func end: 1.1205673217773438e-05s
2022-07-22 21:07:21.662 | INFO     | location_finder:find_location:28 - Location finder func Start
2022-07-22 21:07:21.663 | INFO     | location_finder:find_location:122 - Location finder func end: 1.049041748046875e-05s
2022-07-22 21:07:21.663 | INFO     | location_finder:find_location:28 - Location finder func Start
2022-07-22 21:07:21.663 | INFO     | location_finder:find_location:122 - Location finder func end: 9.775161743164062e-06s
2022-07-22 21:07:21.663 | INFO     | location_finder:find_location:28 - Location finder func Start
2022-07-22 21:07:21.663 | INFO     | location_finder:find_location:122 - Location finder func end: 1.0251998901367188e-05s
2022-07-22 21:07:21.663 | INFO     | location_finder:find_location:28 - Location finder func Start
2022-07-22 21:07:21.663 | INFO     | location_finder:find_location:122 - Location finder func end: 1.4781951904296875e-05s
2022-07-22 21:07:21.663 | INFO     | location_finder:find_location:28 - Location finder func Start
2022-07-22 21:07:21.664 | INFO     | location_finder:find_location:122 - Location finder func end: 1.430511474609375e-05s
2022-07-22 21:07:21.664 | INFO     | location_finder:find_location:28 - Location finder func Start
2022-07-22 21:07:21.664 | INFO     | location_finder:find_location:122 - Location finder func end: 1.33514404296875e-05s
2022-07-22 21:07:21.664 | INFO     | location_finder:find_location:28 - Location finder func Start
2022-07-22 21:07:21.664 | INFO     | location_finder:find_location:122 - Location finder func end: 1.3113021850585938e-05s
2022-07-22 21:07:21.664 | INFO     | location_finder:find_location:28 - Location finder func Start
2022-07-22 21:07:21.664 | INFO     | location_finder:find_location:122 - Location finder func end: 1.3113021850585938e-05s
2022-07-22 21:07:21.665 | INFO     | location_finder:find_location:28 - Location finder func Start
2022-07-22 21:07:21.665 | INFO     | location_finder:find_location:122 - Location finder func end: 1.33514404296875e-05s
2022-07-22 21:07:21.665 | INFO     | location_finder:find_location:28 - Location finder func Start
2022-07-22 21:07:21.665 | INFO     | location_finder:find_location:122 - Location finder func end: 1.3113021850585938e-05s
2022-07-22 21:07:21.665 | INFO     | location_finder:find_location:28 - Location finder func Start
2022-07-22 21:07:21.665 | INFO     | location_finder:find_location:122 - Location finder func end: 1.3828277587890625e-05s
2022-07-22 21:07:21.665 | INFO     | location_finder:find_location:28 - Location finder func Start
2022-07-22 21:07:21.665 | INFO     | location_finder:find_location:122 - Location finder func end: 1.33514404296875e-05s
2022-07-22 21:07:21.666 | INFO     | location_finder:find_location:28 - Location finder func Start
2022-07-22 21:07:21.666 | INFO     | location_finder:find_location:122 - Location finder func end: 1.3589859008789062e-05s
2022-07-22 21:07:21.666 | INFO     | location_finder:find_location:28 - Location finder func Start
2022-07-22 21:07:21.666 | INFO     | location_finder:find_location:122 - Location finder func end: 9.775161743164062e-06s
2022-07-22 21:07:21.666 | INFO     | location_finder:find_location:28 - Location finder func Start
2022-07-22 21:07:21.666 | INFO     | location_finder:find_location:122 - Location finder func end: 1.4781951904296875e-05s
2022-07-22 21:07:21.666 | INFO     | location_finder:find_location:28 - Location finder func Start
2022-07-22 21:07:21.667 | INFO     | location_finder:find_location:122 - Location finder func end: 1.5020370483398438e-05s
2022-07-22 21:07:21.667 | INFO     | location_finder:find_location:28 - Location finder func Start
2022-07-22 21:07:21.667 | INFO     | location_finder:find_location:122 - Location finder func end: 1.4781951904296875e-05s
2022-07-22 21:07:21.667 | INFO     | location_finder:find_location:28 - Location finder func Start
2022-07-22 21:07:21.667 | INFO     | location_finder:find_location:122 - Location finder func end: 1.7881393432617188e-05s
2022-07-22 21:07:21.667 | INFO     | location_finder:find_location:28 - Location finder func Start
2022-07-22 21:07:21.668 | INFO     | location_finder:find_location:122 - Location finder func end: 1.621246337890625e-05s
2022-07-22 21:07:21.668 | INFO     | location_finder:find_location:28 - Location finder func Start
2022-07-22 21:07:21.668 | INFO     | location_finder:find_location:122 - Location finder func end: 1.2159347534179688e-05s
2022-07-22 21:07:21.668 | INFO     | location_finder:find_location:28 - Location finder func Start
2022-07-22 21:07:21.668 | INFO     | location_finder:find_location:122 - Location finder func end: 1.52587890625e-05s
2022-07-22 21:07:21.669 | INFO     | location_finder:find_location:28 - Location finder func Start
2022-07-22 21:07:21.669 | INFO     | location_finder:find_location:122 - Location finder func end: 1.049041748046875e-05s
2022-07-22 21:07:21.669 | INFO     | location_finder:find_location:28 - Location finder func Start
2022-07-22 21:07:21.669 | INFO     | location_finder:find_location:122 - Location finder func end: 4.029273986816406e-05s
2022-07-22 21:07:21.669 | INFO     | location_finder:find_location:28 - Location finder func Start
2022-07-22 21:07:21.669 | INFO     | location_finder:find_location:122 - Location finder func end: 1.049041748046875e-05s
2022-07-22 21:07:21.669 | INFO     | location_finder:find_location:28 - Location finder func Start
2022-07-22 21:07:21.670 | INFO     | location_finder:find_location:122 - Location finder func end: 1.0728836059570312e-05s
2022-07-22 21:07:21.670 | INFO     | location_finder:find_location:28 - Location finder func Start
2022-07-22 21:07:21.670 | INFO     | location_finder:find_location:122 - Location finder func end: 1.049041748046875e-05s
2022-07-22 21:07:21.670 | INFO     | location_finder:find_location:28 - Location finder func Start
2022-07-22 21:07:21.670 | INFO     | location_finder:find_location:122 - Location finder func end: 1.0728836059570312e-05s
2022-07-22 21:07:21.670 | INFO     | location_finder:find_location:28 - Location finder func Start
2022-07-22 21:07:21.670 | INFO     | location_finder:find_location:122 - Location finder func end: 1.0013580322265625e-05s
2022-07-22 21:07:21.670 | INFO     | location_finder:find_location:28 - Location finder func Start
2022-07-22 21:07:21.671 | INFO     | location_finder:find_location:122 - Location finder func end: 1.0251998901367188e-05s
2022-07-22 21:07:21.671 | INFO     | location_finder:find_location:28 - Location finder func Start
2022-07-22 21:07:21.671 | INFO     | location_finder:find_location:122 - Location finder func end: 2.9325485229492188e-05s
2022-07-22 21:07:21.671 | INFO     | location_finder:find_location:28 - Location finder func Start
2022-07-22 21:07:21.671 | INFO     | location_finder:find_location:122 - Location finder func end: 1.1205673217773438e-05s
2022-07-22 21:07:21.671 | INFO     | location_finder:find_location:28 - Location finder func Start
2022-07-22 21:07:21.671 | INFO     | location_finder:find_location:122 - Location finder func end: 1.1920928955078125e-05s
2022-07-22 21:07:21.672 | INFO     | location_finder:find_location:28 - Location finder func Start
2022-07-22 21:07:21.672 | INFO     | location_finder:find_location:122 - Location finder func end: 9.298324584960938e-06s
2022-07-22 21:07:21.672 | INFO     | location_finder:find_location:28 - Location finder func Start
2022-07-22 21:07:21.672 | INFO     | location_finder:find_location:122 - Location finder func end: 2.4080276489257812e-05s
2022-07-22 21:07:21.672 | INFO     | location_finder:find_location:28 - Location finder func Start
2022-07-22 21:07:21.672 | INFO     | location_finder:find_location:122 - Location finder func end: 3.981590270996094e-05s
2022-07-22 21:07:21.673 | INFO     | location_finder:find_location:28 - Location finder func Start
2022-07-22 21:07:21.673 | INFO     | location_finder:find_location:122 - Location finder func end: 3.457069396972656e-05s
2022-07-22 21:07:21.673 | INFO     | location_finder:find_location:28 - Location finder func Start
2022-07-22 21:07:21.673 | INFO     | location_finder:find_location:122 - Location finder func end: 1.8358230590820312e-05s
2022-07-22 21:07:21.674 | INFO     | location_updater:update_location:39 - Update Location entries end: 1.6282844543457031s
2022-07-22 21:07:21.674 | INFO     | __main__:main:57 - Updating Dataframe end: 1.6373348236083984s
2022-07-22 21:07:21.675 | INFO     | __main__:main:61 - Output Dataframe to output_1.xlsx Start
2022-07-22 21:07:21.727 | INFO     | __main__:main:67 - Output to output_1.xlsx end: 0.05259847640991211s
2022-07-22 21:07:21.727 | INFO     | __main__:main:68 - Finished updating locations end: 1.901214599609375s
