2022-07-22 18:42:21.793 | INFO     | __main__:main:39 - Started updating location
2022-07-22 18:42:21.793 | INFO     | __main__:main:42 - Reading Excel Start
2022-07-22 18:42:21.995 | INFO     | __main__:main:48 - Reading Excel end: 0.2019345760345459s
2022-07-22 18:42:21.996 | INFO     | __main__:main:51 - Updating Dataframe Start
2022-07-22 18:42:21.996 | INFO     | location_updater:load_locations_data:119 - Read location json Start
2022-07-22 18:42:22.004 | INFO     | location_updater:load_locations_data:126 - Read location json end: 0.008187532424926758s
2022-07-22 18:42:22.004 | INFO     | location_updater:update_location:33 - Update Location entries Start
2022-07-22 18:42:22.005 | INFO     | location_finder:find_unknown:152 - unknown finder func Start
2022-07-22 18:42:22.005 | INFO     | location_finder:find_unknown:190 - Location finder func end: 0.00010323524475097656s
2022-07-22 18:42:22.005 | INFO     | location_finder:find_unknown:152 - unknown finder func Start
2022-07-22 18:42:22.005 | INFO     | location_finder:find_unknown:190 - Location finder func end: 6.9141387939453125e-06s
2022-07-22 18:42:22.006 | INFO     | location_finder:find_unknown:152 - unknown finder func Start
2022-07-22 18:42:22.006 | INFO     | location_finder:find_unknown:190 - Location finder func end: 9.5367431640625e-06s
2022-07-22 18:42:22.006 | INFO     | location_finder:find_unknown:152 - unknown finder func Start
2022-07-22 18:42:22.006 | INFO     | location_finder:find_unknown:190 - Location finder func end: 9.298324584960938e-06s
2022-07-22 18:42:22.006 | INFO     | location_finder:find_unknown:152 - unknown finder func Start
2022-07-22 18:42:22.006 | INFO     | location_finder:find_unknown:190 - Location finder func end: 8.58306884765625e-06s
2022-07-22 18:42:22.006 | INFO     | location_finder:find_unknown:152 - unknown finder func Start
2022-07-22 18:42:22.007 | INFO     | location_finder:find_unknown:190 - Location finder func end: 6.67572021484375e-06s
2022-07-22 18:42:22.007 | INFO     | location_finder:find_unknown:152 - unknown finder func Start
2022-07-22 18:42:22.007 | INFO     | location_finder:find_unknown:190 - Location finder func end: 8.106231689453125e-06s
2022-07-22 18:42:22.007 | INFO     | location_finder:find_unknown:152 - unknown finder func Start
2022-07-22 18:42:22.007 | INFO     | location_finder:find_unknown:190 - Location finder func end: 6.198883056640625e-06s
2022-07-22 18:42:22.007 | INFO     | location_finder:find_unknown:152 - unknown finder func Start
2022-07-22 18:42:22.007 | INFO     | location_finder:find_unknown:190 - Location finder func end: 6.4373016357421875e-06s
2022-07-22 18:42:22.008 | INFO     | location_finder:find_unknown:152 - unknown finder func Start
2022-07-22 18:42:22.008 | INFO     | location_finder:find_unknown:190 - Location finder func end: 6.67572021484375e-06s
2022-07-22 18:42:22.008 | INFO     | location_finder:find_unknown:152 - unknown finder func Start
2022-07-22 18:42:22.008 | INFO     | location_finder:find_unknown:190 - Location finder func end: 8.58306884765625e-06s
2022-07-22 18:42:22.008 | INFO     | location_finder:find_unknown:152 - unknown finder func Start
2022-07-22 18:42:22.008 | INFO     | location_finder:find_unknown:190 - Location finder func end: 7.152557373046875e-06s
2022-07-22 18:42:22.008 | INFO     | location_finder:find_unknown:152 - unknown finder func Start
2022-07-22 18:42:22.009 | INFO     | location_finder:find_unknown:190 - Location finder func end: 6.4373016357421875e-06s
2022-07-22 18:42:22.009 | INFO     | location_finder:find_unknown:152 - unknown finder func Start
2022-07-22 18:42:22.009 | INFO     | location_finder:find_unknown:190 - Location finder func end: 5.9604644775390625e-06s
2022-07-22 18:42:22.009 | INFO     | location_finder:find_unknown:152 - unknown finder func Start
2022-07-22 18:42:22.009 | INFO     | location_finder:find_unknown:190 - Location finder func end: 5.9604644775390625e-06s
2022-07-22 18:42:22.009 | INFO     | location_finder:find_unknown:152 - unknown finder func Start
2022-07-22 18:42:22.009 | INFO     | location_finder:find_unknown:190 - Location finder func end: 5.9604644775390625e-06s
2022-07-22 18:42:22.010 | INFO     | location_finder:find_unknown:152 - unknown finder func Start
2022-07-22 18:42:22.010 | INFO     | location_finder:find_unknown:190 - Location finder func end: 7.152557373046875e-06s
2022-07-22 18:42:22.010 | INFO     | location_finder:find_unknown:152 - unknown finder func Start
2022-07-22 18:42:22.010 | INFO     | location_finder:find_unknown:190 - Location finder func end: 5.7220458984375e-06s
2022-07-22 18:42:22.010 | INFO     | location_finder:find_unknown:152 - unknown finder func Start
2022-07-22 18:42:22.010 | INFO     | location_finder:find_unknown:190 - Location finder func end: 5.9604644775390625e-06s
2022-07-22 18:42:22.010 | INFO     | location_finder:find_unknown:152 - unknown finder func Start
2022-07-22 18:42:22.011 | INFO     | location_finder:find_unknown:190 - Location finder func end: 5.9604644775390625e-06s
2022-07-22 18:42:22.011 | INFO     | location_finder:find_unknown:152 - unknown finder func Start
2022-07-22 18:42:22.011 | INFO     | location_finder:find_unknown:190 - Location finder func end: 5.7220458984375e-06s
2022-07-22 18:42:22.011 | INFO     | location_finder:find_unknown:152 - unknown finder func Start
2022-07-22 18:42:22.011 | INFO     | location_finder:find_unknown:190 - Location finder func end: 5.7220458984375e-06s
2022-07-22 18:42:22.011 | INFO     | location_finder:find_unknown:152 - unknown finder func Start
2022-07-22 18:42:22.011 | INFO     | location_finder:find_unknown:190 - Location finder func end: 5.7220458984375e-06s
2022-07-22 18:42:22.011 | INFO     | location_finder:find_unknown:152 - unknown finder func Start
2022-07-22 18:42:22.011 | INFO     | location_finder:find_unknown:190 - Location finder func end: 6.198883056640625e-06s
2022-07-22 18:42:22.012 | INFO     | location_finder:find_unknown:152 - unknown finder func Start
2022-07-22 18:42:22.012 | INFO     | location_finder:find_unknown:190 - Location finder func end: 5.9604644775390625e-06s
2022-07-22 18:42:22.012 | INFO     | location_finder:find_unknown:152 - unknown finder func Start
2022-07-22 18:42:22.012 | INFO     | location_finder:find_unknown:190 - Location finder func end: 7.867813110351562e-06s
2022-07-22 18:42:22.012 | INFO     | location_finder:find_unknown:152 - unknown finder func Start
2022-07-22 18:42:22.012 | INFO     | location_finder:find_unknown:190 - Location finder func end: 5.4836273193359375e-06s
2022-07-22 18:42:22.012 | INFO     | location_finder:find_unknown:152 - unknown finder func Start
2022-07-22 18:42:22.012 | INFO     | location_finder:find_unknown:190 - Location finder func end: 5.7220458984375e-06s
2022-07-22 18:42:22.013 | INFO     | location_finder:find_unknown:152 - unknown finder func Start
2022-07-22 18:42:22.013 | INFO     | location_finder:find_unknown:190 - Location finder func end: 5.7220458984375e-06s
2022-07-22 18:42:22.013 | INFO     | location_finder:find_unknown:152 - unknown finder func Start
2022-07-22 18:42:22.013 | INFO     | location_finder:find_unknown:190 - Location finder func end: 1.2159347534179688e-05s
2022-07-22 18:42:22.013 | INFO     | location_finder:find_unknown:152 - unknown finder func Start
2022-07-22 18:42:22.013 | INFO     | location_finder:find_unknown:190 - Location finder func end: 5.7220458984375e-06s
2022-07-22 18:42:22.013 | INFO     | location_finder:find_unknown:152 - unknown finder func Start
2022-07-22 18:42:22.013 | INFO     | location_finder:find_unknown:190 - Location finder func end: 5.4836273193359375e-06s
2022-07-22 18:42:22.013 | INFO     | location_finder:find_unknown:152 - unknown finder func Start
2022-07-22 18:42:22.013 | INFO     | location_finder:find_unknown:190 - Location finder func end: 7.152557373046875e-06s
2022-07-22 18:42:22.014 | INFO     | location_finder:find_unknown:152 - unknown finder func Start
2022-07-22 18:42:22.014 | INFO     | location_finder:find_unknown:190 - Location finder func end: 7.62939453125e-06s
2022-07-22 18:42:22.014 | INFO     | location_finder:find_unknown:152 - unknown finder func Start
2022-07-22 18:42:22.014 | INFO     | location_finder:find_unknown:190 - Location finder func end: 7.62939453125e-06s
2022-07-22 18:42:22.014 | INFO     | location_finder:find_unknown:152 - unknown finder func Start
2022-07-22 18:42:22.014 | INFO     | location_finder:find_unknown:190 - Location finder func end: 8.106231689453125e-06s
2022-07-22 18:42:22.014 | INFO     | location_finder:find_unknown:152 - unknown finder func Start
2022-07-22 18:42:22.014 | INFO     | location_finder:find_unknown:190 - Location finder func end: 1.1205673217773438e-05s
2022-07-22 18:42:22.015 | INFO     | location_finder:find_unknown:152 - unknown finder func Start
2022-07-22 18:42:22.015 | INFO     | location_finder:find_unknown:190 - Location finder func end: 8.58306884765625e-06s
2022-07-22 18:42:22.015 | INFO     | location_finder:find_unknown:152 - unknown finder func Start
2022-07-22 18:42:22.015 | INFO     | location_finder:find_unknown:190 - Location finder func end: 8.106231689453125e-06s
2022-07-22 18:42:22.015 | INFO     | location_finder:find_unknown:152 - unknown finder func Start
2022-07-22 18:42:22.015 | INFO     | location_finder:find_unknown:190 - Location finder func end: 9.059906005859375e-06s
2022-07-22 18:42:22.015 | INFO     | location_finder:find_unknown:152 - unknown finder func Start
2022-07-22 18:42:22.016 | INFO     | location_finder:find_unknown:190 - Location finder func end: 8.58306884765625e-06s
2022-07-22 18:42:22.016 | INFO     | location_finder:find_unknown:152 - unknown finder func Start
2022-07-22 18:42:22.016 | INFO     | location_finder:find_unknown:190 - Location finder func end: 1.1920928955078125e-05s
2022-07-22 18:42:22.016 | INFO     | location_finder:find_unknown:152 - unknown finder func Start
2022-07-22 18:42:22.016 | INFO     | location_finder:find_unknown:190 - Location finder func end: 9.775161743164062e-06s
2022-07-22 18:42:22.016 | INFO     | location_finder:find_unknown:152 - unknown finder func Start
2022-07-22 18:42:22.016 | INFO     | location_finder:find_unknown:190 - Location finder func end: 1.0013580322265625e-05s
2022-07-22 18:42:22.017 | INFO     | location_updater:search_for_unknowns:192 - Search for unknowns Start
2022-07-22 18:42:22.017 | INFO     | location_updater:unknown_sql_query:163 - Location unknown value sql query start
2022-07-22 18:42:23.576 | INFO     | location_updater:unknown_sql_query:189 - Location unknown value sql query end: 1.5594372749328613s
2022-07-22 18:42:23.577 | INFO     | location_updater:unknown_sql_query:163 - Location unknown value sql query start
2022-07-22 18:42:25.142 | INFO     | location_updater:unknown_sql_query:189 - Location unknown value sql query end: 1.5651187896728516s
2022-07-22 18:42:25.142 | INFO     | location_updater:unknown_sql_query:163 - Location unknown value sql query start
2022-07-22 18:42:26.706 | INFO     | location_updater:unknown_sql_query:189 - Location unknown value sql query end: 1.5633947849273682s
2022-07-22 18:42:26.706 | INFO     | location_updater:unknown_sql_query:163 - Location unknown value sql query start
2022-07-22 18:42:28.274 | INFO     | location_updater:unknown_sql_query:189 - Location unknown value sql query end: 1.5676791667938232s
2022-07-22 18:42:28.274 | INFO     | location_updater:search_for_unknowns:204 - Search for unknowns end: 6.257641792297363s
2022-07-22 18:42:28.286 | INFO     | location_finder:find_location:28 - Location finder func Start
2022-07-22 18:42:28.286 | INFO     | location_finder:find_location:130 - Location finder func end: 1.5020370483398438e-05s
2022-07-22 18:42:28.287 | INFO     | location_finder:find_location:28 - Location finder func Start
2022-07-22 18:42:28.287 | INFO     | location_finder:find_location:130 - Location finder func end: 1.2874603271484375e-05s
2022-07-22 18:42:28.287 | INFO     | location_finder:find_location:28 - Location finder func Start
2022-07-22 18:42:28.287 | INFO     | location_finder:find_location:130 - Location finder func end: 1.0013580322265625e-05s
2022-07-22 18:42:28.287 | INFO     | location_finder:find_location:28 - Location finder func Start
2022-07-22 18:42:28.287 | INFO     | location_finder:find_location:130 - Location finder func end: 9.298324584960938e-06s
2022-07-22 18:42:28.288 | INFO     | location_finder:find_location:28 - Location finder func Start
2022-07-22 18:42:28.288 | INFO     | location_finder:find_location:130 - Location finder func end: 9.298324584960938e-06s
2022-07-22 18:42:28.288 | INFO     | location_finder:find_location:28 - Location finder func Start
2022-07-22 18:42:28.288 | INFO     | location_finder:find_location:130 - Location finder func end: 8.58306884765625e-06s
2022-07-22 18:42:28.288 | INFO     | location_finder:find_location:28 - Location finder func Start
2022-07-22 18:42:28.288 | INFO     | location_finder:find_location:130 - Location finder func end: 8.344650268554688e-06s
2022-07-22 18:42:28.289 | INFO     | location_finder:find_location:28 - Location finder func Start
2022-07-22 18:42:28.289 | INFO     | location_finder:find_location:130 - Location finder func end: 8.344650268554688e-06s
2022-07-22 18:42:28.289 | INFO     | location_finder:find_location:28 - Location finder func Start
2022-07-22 18:42:28.289 | INFO     | location_finder:find_location:130 - Location finder func end: 8.58306884765625e-06s
2022-07-22 18:42:28.289 | INFO     | location_finder:find_location:28 - Location finder func Start
2022-07-22 18:42:28.289 | INFO     | location_finder:find_location:130 - Location finder func end: 8.344650268554688e-06s
2022-07-22 18:42:28.289 | INFO     | location_finder:find_location:28 - Location finder func Start
2022-07-22 18:42:28.290 | INFO     | location_finder:find_location:130 - Location finder func end: 8.344650268554688e-06s
2022-07-22 18:42:28.290 | INFO     | location_finder:find_location:28 - Location finder func Start
2022-07-22 18:42:28.290 | INFO     | location_finder:find_location:130 - Location finder func end: 1.1444091796875e-05s
2022-07-22 18:42:28.290 | INFO     | location_finder:find_location:28 - Location finder func Start
2022-07-22 18:42:28.290 | INFO     | location_finder:find_location:130 - Location finder func end: 8.821487426757812e-06s
2022-07-22 18:42:28.290 | INFO     | location_finder:find_location:28 - Location finder func Start
2022-07-22 18:42:28.290 | INFO     | location_finder:find_location:130 - Location finder func end: 8.58306884765625e-06s
2022-07-22 18:42:28.291 | INFO     | location_finder:find_location:28 - Location finder func Start
2022-07-22 18:42:28.291 | INFO     | location_finder:find_location:130 - Location finder func end: 8.58306884765625e-06s
2022-07-22 18:42:28.291 | INFO     | location_finder:find_location:28 - Location finder func Start
2022-07-22 18:42:28.291 | INFO     | location_finder:find_location:130 - Location finder func end: 8.821487426757812e-06s
2022-07-22 18:42:28.291 | INFO     | location_finder:find_location:28 - Location finder func Start
2022-07-22 18:42:28.291 | INFO     | location_finder:find_location:130 - Location finder func end: 8.821487426757812e-06s
2022-07-22 18:42:28.291 | INFO     | location_finder:find_location:28 - Location finder func Start
2022-07-22 18:42:28.292 | INFO     | location_finder:find_location:130 - Location finder func end: 8.58306884765625e-06s
2022-07-22 18:42:28.292 | INFO     | location_finder:find_location:28 - Location finder func Start
2022-07-22 18:42:28.292 | INFO     | location_finder:find_location:130 - Location finder func end: 9.059906005859375e-06s
2022-07-22 18:42:28.292 | INFO     | location_finder:find_location:28 - Location finder func Start
2022-07-22 18:42:28.292 | INFO     | location_finder:find_location:130 - Location finder func end: 8.58306884765625e-06s
2022-07-22 18:42:28.292 | INFO     | location_finder:find_location:28 - Location finder func Start
2022-07-22 18:42:28.292 | INFO     | location_finder:find_location:130 - Location finder func end: 1.2159347534179688e-05s
2022-07-22 18:42:28.293 | INFO     | location_finder:find_location:28 - Location finder func Start
2022-07-22 18:42:28.293 | INFO     | location_finder:find_location:130 - Location finder func end: 8.344650268554688e-06s
2022-07-22 18:42:28.293 | INFO     | location_finder:find_location:28 - Location finder func Start
2022-07-22 18:42:28.293 | INFO     | location_finder:find_location:130 - Location finder func end: 8.58306884765625e-06s
2022-07-22 18:42:28.293 | INFO     | location_finder:find_location:28 - Location finder func Start
2022-07-22 18:42:28.293 | INFO     | location_finder:find_location:130 - Location finder func end: 8.821487426757812e-06s
2022-07-22 18:42:28.294 | INFO     | location_finder:find_location:28 - Location finder func Start
2022-07-22 18:42:28.294 | INFO     | location_finder:find_location:130 - Location finder func end: 8.344650268554688e-06s
2022-07-22 18:42:28.294 | INFO     | location_finder:find_location:28 - Location finder func Start
2022-07-22 18:42:28.294 | INFO     | location_finder:find_location:130 - Location finder func end: 9.5367431640625e-06s
2022-07-22 18:42:28.294 | INFO     | location_finder:find_location:28 - Location finder func Start
2022-07-22 18:42:28.294 | INFO     | location_finder:find_location:130 - Location finder func end: 8.821487426757812e-06s
2022-07-22 18:42:28.294 | INFO     | location_finder:find_location:28 - Location finder func Start
2022-07-22 18:42:28.295 | INFO     | location_finder:find_location:130 - Location finder func end: 9.298324584960938e-06s
2022-07-22 18:42:28.295 | INFO     | location_finder:find_location:28 - Location finder func Start
2022-07-22 18:42:28.295 | INFO     | location_finder:find_location:130 - Location finder func end: 9.059906005859375e-06s
2022-07-22 18:42:28.295 | INFO     | location_finder:find_location:28 - Location finder func Start
2022-07-22 18:42:28.295 | INFO     | location_finder:find_location:130 - Location finder func end: 2.0503997802734375e-05s
2022-07-22 18:42:28.295 | INFO     | location_finder:find_location:28 - Location finder func Start
2022-07-22 18:42:28.296 | INFO     | location_finder:find_location:130 - Location finder func end: 9.298324584960938e-06s
2022-07-22 18:42:28.296 | INFO     | location_finder:find_location:28 - Location finder func Start
2022-07-22 18:42:28.296 | INFO     | location_finder:find_location:130 - Location finder func end: 9.059906005859375e-06s
2022-07-22 18:42:28.296 | INFO     | location_finder:find_location:28 - Location finder func Start
2022-07-22 18:42:28.296 | INFO     | location_finder:find_location:130 - Location finder func end: 1.2159347534179688e-05s
2022-07-22 18:42:28.296 | INFO     | location_finder:find_location:28 - Location finder func Start
2022-07-22 18:42:28.296 | INFO     | location_finder:find_location:130 - Location finder func end: 1.1682510375976562e-05s
2022-07-22 18:42:28.296 | INFO     | location_finder:find_location:28 - Location finder func Start
2022-07-22 18:42:28.297 | INFO     | location_finder:find_location:130 - Location finder func end: 1.1682510375976562e-05s
2022-07-22 18:42:28.297 | INFO     | location_finder:find_location:28 - Location finder func Start
2022-07-22 18:42:28.297 | INFO     | location_finder:find_location:130 - Location finder func end: 1.0251998901367188e-05s
2022-07-22 18:42:28.297 | INFO     | location_finder:find_location:28 - Location finder func Start
2022-07-22 18:42:28.297 | INFO     | location_finder:find_location:130 - Location finder func end: 2.2172927856445312e-05s
2022-07-22 18:42:28.297 | INFO     | location_finder:find_location:28 - Location finder func Start
2022-07-22 18:42:28.297 | INFO     | location_finder:find_location:130 - Location finder func end: 8.344650268554688e-06s
2022-07-22 18:42:28.298 | INFO     | location_finder:find_location:28 - Location finder func Start
2022-07-22 18:42:28.298 | INFO     | location_finder:find_location:130 - Location finder func end: 8.344650268554688e-06s
2022-07-22 18:42:28.298 | INFO     | location_finder:find_location:28 - Location finder func Start
2022-07-22 18:42:28.298 | INFO     | location_finder:find_location:130 - Location finder func end: 9.059906005859375e-06s
2022-07-22 18:42:28.298 | INFO     | location_finder:find_location:28 - Location finder func Start
2022-07-22 18:42:28.298 | INFO     | location_finder:find_location:130 - Location finder func end: 1.4543533325195312e-05s
2022-07-22 18:42:28.299 | INFO     | location_finder:find_location:28 - Location finder func Start
2022-07-22 18:42:28.299 | INFO     | location_finder:find_location:130 - Location finder func end: 2.9802322387695312e-05s
2022-07-22 18:42:28.299 | INFO     | location_finder:find_location:28 - Location finder func Start
2022-07-22 18:42:28.299 | INFO     | location_finder:find_location:130 - Location finder func end: 1.71661376953125e-05s
2022-07-22 18:42:28.299 | INFO     | location_finder:find_location:28 - Location finder func Start
2022-07-22 18:42:28.299 | INFO     | location_finder:find_location:130 - Location finder func end: 1.1205673217773438e-05s
2022-07-22 18:42:28.305 | INFO     | location_updater:update_location:39 - Update Location entries end: 6.300623655319214s
2022-07-22 18:42:28.306 | INFO     | __main__:main:57 - Updating Dataframe end: 6.310089826583862s
2022-07-22 18:42:28.306 | INFO     | __main__:main:61 - Output Dataframe to output_1.xlsx Start
2022-07-22 18:42:28.348 | INFO     | __main__:main:67 - Output to output_1.xlsx end: 0.042143821716308594s
2022-07-22 18:42:28.348 | INFO     | __main__:main:68 - Finished updating locations end: 6.557774066925049s
