2022-07-22 20:55:14.012 | INFO     | __main__:main:39 - Started updating location
2022-07-22 20:55:14.012 | INFO     | __main__:main:42 - Reading Excel Start
2022-07-22 20:55:14.224 | INFO     | __main__:main:48 - Reading Excel end: 0.2113509178161621s
2022-07-22 20:55:14.224 | INFO     | __main__:main:51 - Updating Dataframe Start
2022-07-22 20:55:14.224 | INFO     | location_updater:load_locations_data:119 - Read location json Start
2022-07-22 20:55:14.232 | INFO     | location_updater:load_locations_data:126 - Read location json end: 0.00825953483581543s
2022-07-22 20:55:14.233 | INFO     | location_updater:update_location:33 - Update Location entries Start
2022-07-22 20:55:14.233 | INFO     | location_finder:find_unknown:144 - unknown finder func Start
2022-07-22 20:55:14.234 | INFO     | location_finder:find_unknown:182 - Location finder func end: 0.00010204315185546875s
2022-07-22 20:55:14.234 | INFO     | location_finder:find_unknown:144 - unknown finder func Start
2022-07-22 20:55:14.234 | INFO     | location_finder:find_unknown:182 - Location finder func end: 7.152557373046875e-06s
2022-07-22 20:55:14.234 | INFO     | location_finder:find_unknown:144 - unknown finder func Start
2022-07-22 20:55:14.234 | INFO     | location_finder:find_unknown:182 - Location finder func end: 8.58306884765625e-06s
2022-07-22 20:55:14.234 | INFO     | location_finder:find_unknown:144 - unknown finder func Start
2022-07-22 20:55:14.234 | INFO     | location_finder:find_unknown:182 - Location finder func end: 6.67572021484375e-06s
2022-07-22 20:55:14.234 | INFO     | location_finder:find_unknown:144 - unknown finder func Start
2022-07-22 20:55:14.235 | INFO     | location_finder:find_unknown:182 - Location finder func end: 8.58306884765625e-06s
2022-07-22 20:55:14.235 | INFO     | location_finder:find_unknown:144 - unknown finder func Start
2022-07-22 20:55:14.235 | INFO     | location_finder:find_unknown:182 - Location finder func end: 6.4373016357421875e-06s
2022-07-22 20:55:14.235 | INFO     | location_finder:find_unknown:144 - unknown finder func Start
2022-07-22 20:55:14.235 | INFO     | location_finder:find_unknown:182 - Location finder func end: 6.4373016357421875e-06s
2022-07-22 20:55:14.235 | INFO     | location_finder:find_unknown:144 - unknown finder func Start
2022-07-22 20:55:14.235 | INFO     | location_finder:find_unknown:182 - Location finder func end: 6.67572021484375e-06s
2022-07-22 20:55:14.235 | INFO     | location_finder:find_unknown:144 - unknown finder func Start
2022-07-22 20:55:14.236 | INFO     | location_finder:find_unknown:182 - Location finder func end: 6.4373016357421875e-06s
2022-07-22 20:55:14.236 | INFO     | location_finder:find_unknown:144 - unknown finder func Start
2022-07-22 20:55:14.236 | INFO     | location_finder:find_unknown:182 - Location finder func end: 6.4373016357421875e-06s
2022-07-22 20:55:14.236 | INFO     | location_finder:find_unknown:144 - unknown finder func Start
2022-07-22 20:55:14.236 | INFO     | location_finder:find_unknown:182 - Location finder func end: 8.344650268554688e-06s
2022-07-22 20:55:14.236 | INFO     | location_finder:find_unknown:144 - unknown finder func Start
2022-07-22 20:55:14.236 | INFO     | location_finder:find_unknown:182 - Location finder func end: 5.9604644775390625e-06s
2022-07-22 20:55:14.236 | INFO     | location_finder:find_unknown:144 - unknown finder func Start
2022-07-22 20:55:14.237 | INFO     | location_finder:find_unknown:182 - Location finder func end: 6.198883056640625e-06s
2022-07-22 20:55:14.237 | INFO     | location_finder:find_unknown:144 - unknown finder func Start
2022-07-22 20:55:14.237 | INFO     | location_finder:find_unknown:182 - Location finder func end: 7.3909759521484375e-06s
2022-07-22 20:55:14.237 | INFO     | location_finder:find_unknown:144 - unknown finder func Start
2022-07-22 20:55:14.237 | INFO     | location_finder:find_unknown:182 - Location finder func end: 6.4373016357421875e-06s
2022-07-22 20:55:14.237 | INFO     | location_finder:find_unknown:144 - unknown finder func Start
2022-07-22 20:55:14.237 | INFO     | location_finder:find_unknown:182 - Location finder func end: 5.9604644775390625e-06s
2022-07-22 20:55:14.237 | INFO     | location_finder:find_unknown:144 - unknown finder func Start
2022-07-22 20:55:14.238 | INFO     | location_finder:find_unknown:182 - Location finder func end: 6.198883056640625e-06s
2022-07-22 20:55:14.238 | INFO     | location_finder:find_unknown:144 - unknown finder func Start
2022-07-22 20:55:14.238 | INFO     | location_finder:find_unknown:182 - Location finder func end: 7.867813110351562e-06s
2022-07-22 20:55:14.238 | INFO     | location_finder:find_unknown:144 - unknown finder func Start
2022-07-22 20:55:14.238 | INFO     | location_finder:find_unknown:182 - Location finder func end: 5.7220458984375e-06s
2022-07-22 20:55:14.238 | INFO     | location_finder:find_unknown:144 - unknown finder func Start
2022-07-22 20:55:14.238 | INFO     | location_finder:find_unknown:182 - Location finder func end: 6.198883056640625e-06s
2022-07-22 20:55:14.238 | INFO     | location_finder:find_unknown:144 - unknown finder func Start
2022-07-22 20:55:14.238 | INFO     | location_finder:find_unknown:182 - Location finder func end: 5.9604644775390625e-06s
2022-07-22 20:55:14.239 | INFO     | location_finder:find_unknown:144 - unknown finder func Start
2022-07-22 20:55:14.239 | INFO     | location_finder:find_unknown:182 - Location finder func end: 5.9604644775390625e-06s
2022-07-22 20:55:14.239 | INFO     | location_finder:find_unknown:144 - unknown finder func Start
2022-07-22 20:55:14.239 | INFO     | location_finder:find_unknown:182 - Location finder func end: 6.198883056640625e-06s
2022-07-22 20:55:14.239 | INFO     | location_finder:find_unknown:144 - unknown finder func Start
2022-07-22 20:55:14.239 | INFO     | location_finder:find_unknown:182 - Location finder func end: 5.7220458984375e-06s
2022-07-22 20:55:14.239 | INFO     | location_finder:find_unknown:144 - unknown finder func Start
2022-07-22 20:55:14.239 | INFO     | location_finder:find_unknown:182 - Location finder func end: 1.6450881958007812e-05s
2022-07-22 20:55:14.240 | INFO     | location_finder:find_unknown:144 - unknown finder func Start
2022-07-22 20:55:14.240 | INFO     | location_finder:find_unknown:182 - Location finder func end: 8.344650268554688e-06s
2022-07-22 20:55:14.240 | INFO     | location_finder:find_unknown:144 - unknown finder func Start
2022-07-22 20:55:14.240 | INFO     | location_finder:find_unknown:182 - Location finder func end: 7.867813110351562e-06s
2022-07-22 20:55:14.240 | INFO     | location_finder:find_unknown:144 - unknown finder func Start
2022-07-22 20:55:14.240 | INFO     | location_finder:find_unknown:182 - Location finder func end: 8.106231689453125e-06s
2022-07-22 20:55:14.241 | INFO     | location_finder:find_unknown:144 - unknown finder func Start
2022-07-22 20:55:14.241 | INFO     | location_finder:find_unknown:182 - Location finder func end: 8.344650268554688e-06s
2022-07-22 20:55:14.241 | INFO     | location_finder:find_unknown:144 - unknown finder func Start
2022-07-22 20:55:14.241 | INFO     | location_finder:find_unknown:182 - Location finder func end: 1.6689300537109375e-05s
2022-07-22 20:55:14.241 | INFO     | location_finder:find_unknown:144 - unknown finder func Start
2022-07-22 20:55:14.241 | INFO     | location_finder:find_unknown:182 - Location finder func end: 6.67572021484375e-06s
2022-07-22 20:55:14.242 | INFO     | location_finder:find_unknown:144 - unknown finder func Start
2022-07-22 20:55:14.242 | INFO     | location_finder:find_unknown:182 - Location finder func end: 6.67572021484375e-06s
2022-07-22 20:55:14.242 | INFO     | location_finder:find_unknown:144 - unknown finder func Start
2022-07-22 20:55:14.242 | INFO     | location_finder:find_unknown:182 - Location finder func end: 6.9141387939453125e-06s
2022-07-22 20:55:14.242 | INFO     | location_finder:find_unknown:144 - unknown finder func Start
2022-07-22 20:55:14.242 | INFO     | location_finder:find_unknown:182 - Location finder func end: 6.67572021484375e-06s
2022-07-22 20:55:14.242 | INFO     | location_finder:find_unknown:144 - unknown finder func Start
2022-07-22 20:55:14.242 | INFO     | location_finder:find_unknown:182 - Location finder func end: 6.4373016357421875e-06s
2022-07-22 20:55:14.243 | INFO     | location_finder:find_unknown:144 - unknown finder func Start
2022-07-22 20:55:14.243 | INFO     | location_finder:find_unknown:182 - Location finder func end: 7.867813110351562e-06s
2022-07-22 20:55:14.243 | INFO     | location_finder:find_unknown:144 - unknown finder func Start
2022-07-22 20:55:14.243 | INFO     | location_finder:find_unknown:182 - Location finder func end: 1.1205673217773438e-05s
2022-07-22 20:55:14.243 | INFO     | location_finder:find_unknown:144 - unknown finder func Start
2022-07-22 20:55:14.243 | INFO     | location_finder:find_unknown:182 - Location finder func end: 8.344650268554688e-06s
2022-07-22 20:55:14.243 | INFO     | location_finder:find_unknown:144 - unknown finder func Start
2022-07-22 20:55:14.244 | INFO     | location_finder:find_unknown:182 - Location finder func end: 5.7220458984375e-06s
2022-07-22 20:55:14.244 | INFO     | location_finder:find_unknown:144 - unknown finder func Start
2022-07-22 20:55:14.244 | INFO     | location_finder:find_unknown:182 - Location finder func end: 5.9604644775390625e-06s
2022-07-22 20:55:14.244 | INFO     | location_finder:find_unknown:144 - unknown finder func Start
2022-07-22 20:55:14.244 | INFO     | location_finder:find_unknown:182 - Location finder func end: 7.867813110351562e-06s
2022-07-22 20:55:14.244 | INFO     | location_finder:find_unknown:144 - unknown finder func Start
2022-07-22 20:55:14.244 | INFO     | location_finder:find_unknown:182 - Location finder func end: 1.1205673217773438e-05s
2022-07-22 20:55:14.244 | INFO     | location_finder:find_unknown:144 - unknown finder func Start
2022-07-22 20:55:14.245 | INFO     | location_finder:find_unknown:182 - Location finder func end: 9.298324584960938e-06s
2022-07-22 20:55:14.245 | INFO     | location_finder:find_unknown:144 - unknown finder func Start
2022-07-22 20:55:14.245 | INFO     | location_finder:find_unknown:182 - Location finder func end: 8.58306884765625e-06s
2022-07-22 20:55:14.245 | INFO     | location_updater:search_for_unknowns:192 - Search for unknowns Start
2022-07-22 20:55:14.245 | INFO     | location_updater:unknown_sql_query:163 - Location unknown value sql query start
2022-07-22 20:55:15.815 | INFO     | location_updater:unknown_sql_query:189 - Location unknown value sql query end: 1.5697710514068604s
2022-07-22 20:55:15.815 | INFO     | location_updater:search_for_unknowns:204 - Search for unknowns end: 1.5702931880950928s
2022-07-22 20:55:15.830 | INFO     | location_finder:find_location:28 - Location finder func Start
2022-07-22 20:55:15.830 | INFO     | location_finder:find_location:122 - Location finder func end: 2.1696090698242188e-05s
2022-07-22 20:55:15.830 | INFO     | location_finder:find_location:28 - Location finder func Start
2022-07-22 20:55:15.830 | INFO     | location_finder:find_location:122 - Location finder func end: 1.239776611328125e-05s
2022-07-22 20:55:15.830 | INFO     | location_finder:find_location:28 - Location finder func Start
2022-07-22 20:55:15.831 | INFO     | location_finder:find_location:122 - Location finder func end: 1.1920928955078125e-05s
2022-07-22 20:55:15.831 | INFO     | location_finder:find_location:28 - Location finder func Start
2022-07-22 20:55:15.831 | INFO     | location_finder:find_location:122 - Location finder func end: 1.6927719116210938e-05s
2022-07-22 20:55:15.831 | INFO     | location_finder:find_location:28 - Location finder func Start
2022-07-22 20:55:15.831 | INFO     | location_finder:find_location:122 - Location finder func end: 1.7881393432617188e-05s
2022-07-22 20:55:15.832 | INFO     | location_finder:find_location:28 - Location finder func Start
2022-07-22 20:55:15.832 | INFO     | location_finder:find_location:122 - Location finder func end: 2.1457672119140625e-05s
2022-07-22 20:55:15.832 | INFO     | location_finder:find_location:28 - Location finder func Start
2022-07-22 20:55:15.832 | INFO     | location_finder:find_location:122 - Location finder func end: 1.8835067749023438e-05s
2022-07-22 20:55:15.832 | INFO     | location_finder:find_location:28 - Location finder func Start
2022-07-22 20:55:15.833 | INFO     | location_finder:find_location:122 - Location finder func end: 1.5020370483398438e-05s
2022-07-22 20:55:15.833 | INFO     | location_finder:find_location:28 - Location finder func Start
2022-07-22 20:55:15.833 | INFO     | location_finder:find_location:122 - Location finder func end: 1.5974044799804688e-05s
2022-07-22 20:55:15.833 | INFO     | location_finder:find_location:28 - Location finder func Start
2022-07-22 20:55:15.833 | INFO     | location_finder:find_location:122 - Location finder func end: 1.4066696166992188e-05s
2022-07-22 20:55:15.833 | INFO     | location_finder:find_location:28 - Location finder func Start
2022-07-22 20:55:15.834 | INFO     | location_finder:find_location:122 - Location finder func end: 1.3589859008789062e-05s
2022-07-22 20:55:15.834 | INFO     | location_finder:find_location:28 - Location finder func Start
2022-07-22 20:55:15.834 | INFO     | location_finder:find_location:122 - Location finder func end: 1.3113021850585938e-05s
2022-07-22 20:55:15.834 | INFO     | location_finder:find_location:28 - Location finder func Start
2022-07-22 20:55:15.834 | INFO     | location_finder:find_location:122 - Location finder func end: 1.1920928955078125e-05s
2022-07-22 20:55:15.835 | INFO     | location_finder:find_location:28 - Location finder func Start
2022-07-22 20:55:15.835 | INFO     | location_finder:find_location:122 - Location finder func end: 1.3828277587890625e-05s
2022-07-22 20:55:15.835 | INFO     | location_finder:find_location:28 - Location finder func Start
2022-07-22 20:55:15.835 | INFO     | location_finder:find_location:122 - Location finder func end: 1.3589859008789062e-05s
2022-07-22 20:55:15.835 | INFO     | location_finder:find_location:28 - Location finder func Start
2022-07-22 20:55:15.835 | INFO     | location_finder:find_location:122 - Location finder func end: 2.0503997802734375e-05s
2022-07-22 20:55:15.836 | INFO     | location_finder:find_location:28 - Location finder func Start
2022-07-22 20:55:15.836 | INFO     | location_finder:find_location:122 - Location finder func end: 1.1920928955078125e-05s
2022-07-22 20:55:15.836 | INFO     | location_finder:find_location:28 - Location finder func Start
2022-07-22 20:55:15.836 | INFO     | location_finder:find_location:122 - Location finder func end: 1.1444091796875e-05s
2022-07-22 20:55:15.836 | INFO     | location_finder:find_location:28 - Location finder func Start
2022-07-22 20:55:15.836 | INFO     | location_finder:find_location:122 - Location finder func end: 1.2159347534179688e-05s
2022-07-22 20:55:15.837 | INFO     | location_finder:find_location:28 - Location finder func Start
2022-07-22 20:55:15.837 | INFO     | location_finder:find_location:122 - Location finder func end: 1.1920928955078125e-05s
2022-07-22 20:55:15.837 | INFO     | location_finder:find_location:28 - Location finder func Start
2022-07-22 20:55:15.837 | INFO     | location_finder:find_location:122 - Location finder func end: 1.2159347534179688e-05s
2022-07-22 20:55:15.837 | INFO     | location_finder:find_location:28 - Location finder func Start
2022-07-22 20:55:15.837 | INFO     | location_finder:find_location:122 - Location finder func end: 1.1682510375976562e-05s
2022-07-22 20:55:15.837 | INFO     | location_finder:find_location:28 - Location finder func Start
2022-07-22 20:55:15.838 | INFO     | location_finder:find_location:122 - Location finder func end: 1.1444091796875e-05s
2022-07-22 20:55:15.838 | INFO     | location_finder:find_location:28 - Location finder func Start
2022-07-22 20:55:15.838 | INFO     | location_finder:find_location:122 - Location finder func end: 1.239776611328125e-05s
2022-07-22 20:55:15.838 | INFO     | location_finder:find_location:28 - Location finder func Start
2022-07-22 20:55:15.838 | INFO     | location_finder:find_location:122 - Location finder func end: 1.1682510375976562e-05s
2022-07-22 20:55:15.838 | INFO     | location_finder:find_location:28 - Location finder func Start
2022-07-22 20:55:15.839 | INFO     | location_finder:find_location:122 - Location finder func end: 1.2159347534179688e-05s
2022-07-22 20:55:15.839 | INFO     | location_finder:find_location:28 - Location finder func Start
2022-07-22 20:55:15.839 | INFO     | location_finder:find_location:122 - Location finder func end: 1.1682510375976562e-05s
2022-07-22 20:55:15.839 | INFO     | location_finder:find_location:28 - Location finder func Start
2022-07-22 20:55:15.839 | INFO     | location_finder:find_location:122 - Location finder func end: 1.1682510375976562e-05s
2022-07-22 20:55:15.839 | INFO     | location_finder:find_location:28 - Location finder func Start
2022-07-22 20:55:15.839 | INFO     | location_finder:find_location:122 - Location finder func end: 1.1444091796875e-05s
2022-07-22 20:55:15.840 | INFO     | location_finder:find_location:28 - Location finder func Start
