2022-07-18 16:20:42.817 | INFO     | __main__:main:37 - Started updating location
2022-07-18 16:20:42.817 | INFO     | __main__:main:40 - Reading Excel Start
2022-07-18 16:20:42.954 | INFO     | __main__:main:46 - Reading Excel end: 0.13622188568115234s
2022-07-18 16:20:42.954 | INFO     | __main__:main:49 - Updating Dataframe Start
2022-07-18 16:20:42.954 | INFO     | location_updater:load_locations_data:119 - Read location json Start
2022-07-18 16:20:42.958 | INFO     | location_updater:load_locations_data:126 - Read location json end: 0.0037436485290527344s
2022-07-18 16:20:42.958 | INFO     | location_updater:update_location:33 - Update Location entries Start
2022-07-18 16:20:42.958 | INFO     | location_finder:find_unknown:134 - unknown finder func Start
2022-07-18 16:20:42.958 | INFO     | location_finder:find_unknown:171 - Location finder func end: 7.2479248046875e-05s
2022-07-18 16:20:42.958 | INFO     | location_finder:find_unknown:134 - unknown finder func Start
2022-07-18 16:20:42.959 | INFO     | location_finder:find_unknown:171 - Location finder func end: 4.291534423828125e-06s
2022-07-18 16:20:42.959 | INFO     | location_finder:find_unknown:134 - unknown finder func Start
2022-07-18 16:20:42.959 | INFO     | location_finder:find_unknown:171 - Location finder func end: 5.7220458984375e-06s
2022-07-18 16:20:42.959 | INFO     | location_finder:find_unknown:134 - unknown finder func Start
2022-07-18 16:20:42.959 | INFO     | location_finder:find_unknown:171 - Location finder func end: 5.7220458984375e-06s
2022-07-18 16:20:42.959 | INFO     | location_finder:find_unknown:134 - unknown finder func Start
2022-07-18 16:20:42.959 | INFO     | location_finder:find_unknown:171 - Location finder func end: 4.0531158447265625e-06s
2022-07-18 16:20:42.959 | INFO     | location_finder:find_unknown:134 - unknown finder func Start
2022-07-18 16:20:42.960 | INFO     | location_finder:find_unknown:171 - Location finder func end: 4.0531158447265625e-06s
2022-07-18 16:20:42.960 | INFO     | location_finder:find_unknown:134 - unknown finder func Start
2022-07-18 16:20:42.960 | INFO     | location_finder:find_unknown:171 - Location finder func end: 3.5762786865234375e-06s
2022-07-18 16:20:42.960 | INFO     | location_finder:find_unknown:134 - unknown finder func Start
2022-07-18 16:20:42.960 | INFO     | location_finder:find_unknown:171 - Location finder func end: 5.7220458984375e-06s
2022-07-18 16:20:42.960 | INFO     | location_finder:find_unknown:134 - unknown finder func Start
2022-07-18 16:20:42.960 | INFO     | location_finder:find_unknown:171 - Location finder func end: 3.5762786865234375e-06s
2022-07-18 16:20:42.960 | INFO     | location_finder:find_unknown:134 - unknown finder func Start
2022-07-18 16:20:42.960 | INFO     | location_finder:find_unknown:171 - Location finder func end: 5.245208740234375e-06s
2022-07-18 16:20:42.961 | INFO     | location_finder:find_unknown:134 - unknown finder func Start
2022-07-18 16:20:42.961 | INFO     | location_finder:find_unknown:171 - Location finder func end: 4.291534423828125e-06s
2022-07-18 16:20:42.961 | INFO     | location_finder:find_unknown:134 - unknown finder func Start
2022-07-18 16:20:42.961 | INFO     | location_finder:find_unknown:171 - Location finder func end: 5.245208740234375e-06s
2022-07-18 16:20:42.961 | INFO     | location_finder:find_unknown:134 - unknown finder func Start
2022-07-18 16:20:42.961 | INFO     | location_finder:find_unknown:171 - Location finder func end: 5.0067901611328125e-06s
2022-07-18 16:20:42.961 | INFO     | location_finder:find_unknown:134 - unknown finder func Start
2022-07-18 16:20:42.961 | INFO     | location_finder:find_unknown:171 - Location finder func end: 4.76837158203125e-06s
2022-07-18 16:20:42.961 | INFO     | location_finder:find_unknown:134 - unknown finder func Start
2022-07-18 16:20:42.962 | INFO     | location_finder:find_unknown:171 - Location finder func end: 4.76837158203125e-06s
2022-07-18 16:20:42.962 | INFO     | location_finder:find_unknown:134 - unknown finder func Start
2022-07-18 16:20:42.962 | INFO     | location_finder:find_unknown:171 - Location finder func end: 4.5299530029296875e-06s
2022-07-18 16:20:42.962 | INFO     | location_finder:find_unknown:134 - unknown finder func Start
2022-07-18 16:20:42.962 | INFO     | location_finder:find_unknown:171 - Location finder func end: 5.0067901611328125e-06s
2022-07-18 16:20:42.962 | INFO     | location_finder:find_unknown:134 - unknown finder func Start
2022-07-18 16:20:42.962 | INFO     | location_finder:find_unknown:171 - Location finder func end: 5.245208740234375e-06s
2022-07-18 16:20:42.962 | INFO     | location_finder:find_unknown:134 - unknown finder func Start
2022-07-18 16:20:42.963 | INFO     | location_finder:find_unknown:171 - Location finder func end: 6.198883056640625e-06s
2022-07-18 16:20:42.963 | INFO     | location_finder:find_unknown:134 - unknown finder func Start
2022-07-18 16:20:42.963 | INFO     | location_finder:find_unknown:171 - Location finder func end: 5.7220458984375e-06s
2022-07-18 16:20:42.963 | INFO     | location_finder:find_unknown:134 - unknown finder func Start
2022-07-18 16:20:42.963 | INFO     | location_finder:find_unknown:171 - Location finder func end: 5.245208740234375e-06s
2022-07-18 16:20:42.963 | INFO     | location_finder:find_unknown:134 - unknown finder func Start
2022-07-18 16:20:42.963 | INFO     | location_finder:find_unknown:171 - Location finder func end: 5.7220458984375e-06s
2022-07-18 16:20:42.963 | INFO     | location_finder:find_unknown:134 - unknown finder func Start
2022-07-18 16:20:42.964 | INFO     | location_finder:find_unknown:171 - Location finder func end: 5.245208740234375e-06s
2022-07-18 16:20:42.964 | INFO     | location_finder:find_unknown:134 - unknown finder func Start
2022-07-18 16:20:42.964 | INFO     | location_finder:find_unknown:171 - Location finder func end: 3.5762786865234375e-06s
2022-07-18 16:20:42.964 | INFO     | location_finder:find_unknown:134 - unknown finder func Start
2022-07-18 16:20:42.964 | INFO     | location_finder:find_unknown:171 - Location finder func end: 4.5299530029296875e-06s
2022-07-18 16:20:42.964 | INFO     | location_finder:find_unknown:134 - unknown finder func Start
2022-07-18 16:20:42.964 | INFO     | location_finder:find_unknown:171 - Location finder func end: 4.5299530029296875e-06s
2022-07-18 16:20:42.964 | INFO     | location_finder:find_unknown:134 - unknown finder func Start
2022-07-18 16:20:42.964 | INFO     | location_finder:find_unknown:171 - Location finder func end: 4.5299530029296875e-06s
2022-07-18 16:20:42.965 | INFO     | location_finder:find_unknown:134 - unknown finder func Start
2022-07-18 16:20:42.965 | INFO     | location_finder:find_unknown:171 - Location finder func end: 4.5299530029296875e-06s
2022-07-18 16:20:42.965 | INFO     | location_finder:find_unknown:134 - unknown finder func Start
2022-07-18 16:20:42.965 | INFO     | location_finder:find_unknown:171 - Location finder func end: 4.0531158447265625e-06s
2022-07-18 16:20:42.965 | INFO     | location_finder:find_unknown:134 - unknown finder func Start
2022-07-18 16:20:42.965 | INFO     | location_finder:find_unknown:171 - Location finder func end: 8.58306884765625e-06s
2022-07-18 16:20:42.965 | INFO     | location_finder:find_unknown:134 - unknown finder func Start
2022-07-18 16:20:42.965 | INFO     | location_finder:find_unknown:171 - Location finder func end: 3.5762786865234375e-06s
2022-07-18 16:20:42.965 | INFO     | location_finder:find_unknown:134 - unknown finder func Start
2022-07-18 16:20:42.966 | INFO     | location_finder:find_unknown:171 - Location finder func end: 3.5762786865234375e-06s
2022-07-18 16:20:42.966 | INFO     | location_finder:find_unknown:134 - unknown finder func Start
2022-07-18 16:20:42.966 | INFO     | location_finder:find_unknown:171 - Location finder func end: 3.814697265625e-06s
2022-07-18 16:20:42.966 | INFO     | location_finder:find_unknown:134 - unknown finder func Start
2022-07-18 16:20:42.966 | INFO     | location_finder:find_unknown:171 - Location finder func end: 4.0531158447265625e-06s
2022-07-18 16:20:42.966 | INFO     | location_finder:find_unknown:134 - unknown finder func Start
2022-07-18 16:20:42.966 | INFO     | location_finder:find_unknown:171 - Location finder func end: 4.5299530029296875e-06s
2022-07-18 16:20:42.966 | INFO     | location_finder:find_unknown:134 - unknown finder func Start
2022-07-18 16:20:42.966 | INFO     | location_finder:find_unknown:171 - Location finder func end: 3.5762786865234375e-06s
2022-07-18 16:20:42.967 | INFO     | location_finder:find_unknown:134 - unknown finder func Start
2022-07-18 16:20:42.967 | INFO     | location_finder:find_unknown:171 - Location finder func end: 5.7220458984375e-06s
2022-07-18 16:20:42.967 | INFO     | location_finder:find_unknown:134 - unknown finder func Start
2022-07-18 16:20:42.967 | INFO     | location_finder:find_unknown:171 - Location finder func end: 3.5762786865234375e-06s
2022-07-18 16:20:42.967 | INFO     | location_finder:find_unknown:134 - unknown finder func Start
2022-07-18 16:20:42.967 | INFO     | location_finder:find_unknown:171 - Location finder func end: 4.291534423828125e-06s
2022-07-18 16:20:42.967 | INFO     | location_finder:find_unknown:134 - unknown finder func Start
2022-07-18 16:20:42.967 | INFO     | location_finder:find_unknown:171 - Location finder func end: 5.245208740234375e-06s
2022-07-18 16:20:42.967 | INFO     | location_finder:find_unknown:134 - unknown finder func Start
2022-07-18 16:20:42.968 | INFO     | location_finder:find_unknown:171 - Location finder func end: 6.9141387939453125e-06s
2022-07-18 16:20:42.968 | INFO     | location_finder:find_unknown:134 - unknown finder func Start
2022-07-18 16:20:42.968 | INFO     | location_finder:find_unknown:171 - Location finder func end: 1.0251998901367188e-05s
2022-07-18 16:20:42.968 | INFO     | location_finder:find_unknown:134 - unknown finder func Start
2022-07-18 16:20:42.968 | INFO     | location_finder:find_unknown:171 - Location finder func end: 9.059906005859375e-06s
2022-07-18 16:20:42.968 | INFO     | location_finder:find_unknown:134 - unknown finder func Start
2022-07-18 16:20:42.968 | INFO     | location_finder:find_unknown:171 - Location finder func end: 5.4836273193359375e-06s
2022-07-18 16:20:42.968 | INFO     | location_updater:search_for_unknowns:171 - Search for unknowns Start
