2022-07-18 16:36:35.490 | INFO     | __main__:main:37 - Started updating location
2022-07-18 16:36:35.490 | INFO     | __main__:main:40 - Reading Excel Start
2022-07-18 16:36:35.620 | INFO     | __main__:main:46 - Reading Excel end: 0.130096435546875s
2022-07-18 16:36:35.620 | INFO     | __main__:main:49 - Updating Dataframe Start
2022-07-18 16:36:35.620 | INFO     | location_updater:load_locations_data:119 - Read location json Start
2022-07-18 16:36:35.624 | INFO     | location_updater:load_locations_data:126 - Read location json end: 0.0037217140197753906s
2022-07-18 16:36:35.624 | INFO     | location_updater:update_location:33 - Update Location entries Start
2022-07-18 16:36:35.625 | INFO     | location_finder:find_unknown:135 - unknown finder func Start
2022-07-18 16:36:35.625 | INFO     | location_finder:find_unknown:172 - Location finder func end: 7.367134094238281e-05s
2022-07-18 16:36:35.625 | INFO     | location_finder:find_unknown:135 - unknown finder func Start
2022-07-18 16:36:35.625 | INFO     | location_finder:find_unknown:172 - Location finder func end: 3.814697265625e-06s
2022-07-18 16:36:35.625 | INFO     | location_finder:find_unknown:135 - unknown finder func Start
2022-07-18 16:36:35.625 | INFO     | location_finder:find_unknown:172 - Location finder func end: 3.337860107421875e-06s
2022-07-18 16:36:35.625 | INFO     | location_finder:find_unknown:135 - unknown finder func Start
2022-07-18 16:36:35.626 | INFO     | location_finder:find_unknown:172 - Location finder func end: 3.337860107421875e-06s
2022-07-18 16:36:35.626 | INFO     | location_finder:find_unknown:135 - unknown finder func Start
2022-07-18 16:36:35.626 | INFO     | location_finder:find_unknown:172 - Location finder func end: 3.337860107421875e-06s
2022-07-18 16:36:35.626 | INFO     | location_finder:find_unknown:135 - unknown finder func Start
2022-07-18 16:36:35.626 | INFO     | location_finder:find_unknown:172 - Location finder func end: 3.337860107421875e-06s
2022-07-18 16:36:35.626 | INFO     | location_finder:find_unknown:135 - unknown finder func Start
2022-07-18 16:36:35.626 | INFO     | location_finder:find_unknown:172 - Location finder func end: 3.0994415283203125e-06s
2022-07-18 16:36:35.626 | INFO     | location_finder:find_unknown:135 - unknown finder func Start
2022-07-18 16:36:35.626 | INFO     | location_finder:find_unknown:172 - Location finder func end: 3.0994415283203125e-06s
2022-07-18 16:36:35.626 | INFO     | location_finder:find_unknown:135 - unknown finder func Start
2022-07-18 16:36:35.626 | INFO     | location_finder:find_unknown:172 - Location finder func end: 3.0994415283203125e-06s
2022-07-18 16:36:35.626 | INFO     | location_finder:find_unknown:135 - unknown finder func Start
2022-07-18 16:36:35.627 | INFO     | location_finder:find_unknown:172 - Location finder func end: 3.0994415283203125e-06s
2022-07-18 16:36:35.627 | INFO     | location_finder:find_unknown:135 - unknown finder func Start
2022-07-18 16:36:35.627 | INFO     | location_finder:find_unknown:172 - Location finder func end: 3.0994415283203125e-06s
2022-07-18 16:36:35.627 | INFO     | location_finder:find_unknown:135 - unknown finder func Start
2022-07-18 16:36:35.627 | INFO     | location_finder:find_unknown:172 - Location finder func end: 2.6226043701171875e-06s
2022-07-18 16:36:35.627 | INFO     | location_finder:find_unknown:135 - unknown finder func Start
2022-07-18 16:36:35.627 | INFO     | location_finder:find_unknown:172 - Location finder func end: 3.337860107421875e-06s
2022-07-18 16:36:35.627 | INFO     | location_finder:find_unknown:135 - unknown finder func Start
2022-07-18 16:36:35.627 | INFO     | location_finder:find_unknown:172 - Location finder func end: 3.0994415283203125e-06s
2022-07-18 16:36:35.627 | INFO     | location_finder:find_unknown:135 - unknown finder func Start
2022-07-18 16:36:35.627 | INFO     | location_finder:find_unknown:172 - Location finder func end: 2.86102294921875e-06s
2022-07-18 16:36:35.627 | INFO     | location_finder:find_unknown:135 - unknown finder func Start
2022-07-18 16:36:35.628 | INFO     | location_finder:find_unknown:172 - Location finder func end: 3.0994415283203125e-06s
2022-07-18 16:36:35.628 | INFO     | location_finder:find_unknown:135 - unknown finder func Start
2022-07-18 16:36:35.628 | INFO     | location_finder:find_unknown:172 - Location finder func end: 3.337860107421875e-06s
2022-07-18 16:36:35.628 | INFO     | location_finder:find_unknown:135 - unknown finder func Start
2022-07-18 16:36:35.628 | INFO     | location_finder:find_unknown:172 - Location finder func end: 3.337860107421875e-06s
2022-07-18 16:36:35.628 | INFO     | location_finder:find_unknown:135 - unknown finder func Start
2022-07-18 16:36:35.628 | INFO     | location_finder:find_unknown:172 - Location finder func end: 3.337860107421875e-06s
2022-07-18 16:36:35.628 | INFO     | location_finder:find_unknown:135 - unknown finder func Start
2022-07-18 16:36:35.628 | INFO     | location_finder:find_unknown:172 - Location finder func end: 3.337860107421875e-06s
2022-07-18 16:36:35.628 | INFO     | location_finder:find_unknown:135 - unknown finder func Start
2022-07-18 16:36:35.628 | INFO     | location_finder:find_unknown:172 - Location finder func end: 3.337860107421875e-06s
2022-07-18 16:36:35.629 | INFO     | location_finder:find_unknown:135 - unknown finder func Start
2022-07-18 16:36:35.629 | INFO     | location_finder:find_unknown:172 - Location finder func end: 3.0994415283203125e-06s
2022-07-18 16:36:35.629 | INFO     | location_finder:find_unknown:135 - unknown finder func Start
2022-07-18 16:36:35.629 | INFO     | location_finder:find_unknown:172 - Location finder func end: 3.0994415283203125e-06s
2022-07-18 16:36:35.629 | INFO     | location_finder:find_unknown:135 - unknown finder func Start
2022-07-18 16:36:35.629 | INFO     | location_finder:find_unknown:172 - Location finder func end: 3.0994415283203125e-06s
2022-07-18 16:36:35.629 | INFO     | location_finder:find_unknown:135 - unknown finder func Start
2022-07-18 16:36:35.629 | INFO     | location_finder:find_unknown:172 - Location finder func end: 3.0994415283203125e-06s
2022-07-18 16:36:35.629 | INFO     | location_finder:find_unknown:135 - unknown finder func Start
2022-07-18 16:36:35.629 | INFO     | location_finder:find_unknown:172 - Location finder func end: 3.0994415283203125e-06s
2022-07-18 16:36:35.629 | INFO     | location_finder:find_unknown:135 - unknown finder func Start
2022-07-18 16:36:35.629 | INFO     | location_finder:find_unknown:172 - Location finder func end: 3.337860107421875e-06s
2022-07-18 16:36:35.630 | INFO     | location_finder:find_unknown:135 - unknown finder func Start
2022-07-18 16:36:35.630 | INFO     | location_finder:find_unknown:172 - Location finder func end: 3.337860107421875e-06s
2022-07-18 16:36:35.630 | INFO     | location_finder:find_unknown:135 - unknown finder func Start
2022-07-18 16:36:35.630 | INFO     | location_finder:find_unknown:172 - Location finder func end: 3.0994415283203125e-06s
2022-07-18 16:36:35.630 | INFO     | location_finder:find_unknown:135 - unknown finder func Start
2022-07-18 16:36:35.630 | INFO     | location_finder:find_unknown:172 - Location finder func end: 1.2159347534179688e-05s
2022-07-18 16:36:35.630 | INFO     | location_finder:find_unknown:135 - unknown finder func Start
2022-07-18 16:36:35.630 | INFO     | location_finder:find_unknown:172 - Location finder func end: 6.9141387939453125e-06s
2022-07-18 16:36:35.630 | INFO     | location_finder:find_unknown:135 - unknown finder func Start
2022-07-18 16:36:35.631 | INFO     | location_finder:find_unknown:172 - Location finder func end: 5.9604644775390625e-06s
2022-07-18 16:36:35.631 | INFO     | location_finder:find_unknown:135 - unknown finder func Start
2022-07-18 16:36:35.631 | INFO     | location_finder:find_unknown:172 - Location finder func end: 5.0067901611328125e-06s
2022-07-18 16:36:35.631 | INFO     | location_finder:find_unknown:135 - unknown finder func Start
2022-07-18 16:36:35.631 | INFO     | location_finder:find_unknown:172 - Location finder func end: 5.245208740234375e-06s
2022-07-18 16:36:35.631 | INFO     | location_finder:find_unknown:135 - unknown finder func Start
2022-07-18 16:36:35.631 | INFO     | location_finder:find_unknown:172 - Location finder func end: 5.4836273193359375e-06s
2022-07-18 16:36:35.631 | INFO     | location_finder:find_unknown:135 - unknown finder func Start
2022-07-18 16:36:35.631 | INFO     | location_finder:find_unknown:172 - Location finder func end: 4.291534423828125e-06s
2022-07-18 16:36:35.631 | INFO     | location_finder:find_unknown:135 - unknown finder func Start
2022-07-18 16:36:35.631 | INFO     | location_finder:find_unknown:172 - Location finder func end: 7.867813110351562e-06s
2022-07-18 16:36:35.632 | INFO     | location_finder:find_unknown:135 - unknown finder func Start
2022-07-18 16:36:35.632 | INFO     | location_finder:find_unknown:172 - Location finder func end: 4.5299530029296875e-06s
2022-07-18 16:36:35.632 | INFO     | location_finder:find_unknown:135 - unknown finder func Start
2022-07-18 16:36:35.632 | INFO     | location_finder:find_unknown:172 - Location finder func end: 4.76837158203125e-06s
2022-07-18 16:36:35.632 | INFO     | location_finder:find_unknown:135 - unknown finder func Start
2022-07-18 16:36:35.632 | INFO     | location_finder:find_unknown:172 - Location finder func end: 4.291534423828125e-06s
2022-07-18 16:36:35.632 | INFO     | location_finder:find_unknown:135 - unknown finder func Start
2022-07-18 16:36:35.632 | INFO     | location_finder:find_unknown:172 - Location finder func end: 6.67572021484375e-06s
2022-07-18 16:36:35.632 | INFO     | location_finder:find_unknown:135 - unknown finder func Start
2022-07-18 16:36:35.632 | INFO     | location_finder:find_unknown:172 - Location finder func end: 8.821487426757812e-06s
2022-07-18 16:36:35.632 | INFO     | location_finder:find_unknown:135 - unknown finder func Start
2022-07-18 16:36:35.633 | INFO     | location_finder:find_unknown:172 - Location finder func end: 7.3909759521484375e-06s
2022-07-18 16:36:35.633 | INFO     | location_finder:find_unknown:135 - unknown finder func Start
2022-07-18 16:36:35.633 | INFO     | location_finder:find_unknown:172 - Location finder func end: 5.9604644775390625e-06s
2022-07-18 16:36:35.633 | INFO     | location_updater:search_for_unknowns:177 - Search for unknowns Start
2022-07-18 16:36:35.633 | INFO     | location_updater:unknown_sql_query:149 - Location unknown value sql query start
2022-07-18 16:36:35.643 | INFO     | location_updater:search_for_unknowns:189 - Search for unknowns end: 0.01045989990234375s
2022-07-18 16:36:35.644 | INFO     | location_finder:find_location:28 - Location finder func Start
