2022-07-18 16:18:59.560 | INFO     | __main__:main:37 - Started updating location
2022-07-18 16:18:59.561 | INFO     | __main__:main:40 - Reading Excel Start
2022-07-18 16:18:59.685 | INFO     | __main__:main:46 - Reading Excel end: 0.12484574317932129s
2022-07-18 16:18:59.686 | INFO     | __main__:main:49 - Updating Dataframe Start
2022-07-18 16:18:59.686 | INFO     | location_updater:load_locations_data:119 - Read location json Start
2022-07-18 16:18:59.690 | INFO     | location_updater:load_locations_data:126 - Read location json end: 0.003687620162963867s
2022-07-18 16:18:59.690 | INFO     | location_updater:update_location:33 - Update Location entries Start
2022-07-18 16:18:59.690 | INFO     | location_finder:find_unknown:134 - unknown finder func Start
2022-07-18 16:18:59.690 | INFO     | location_finder:find_unknown:171 - Location finder func end: 7.343292236328125e-05s
2022-07-18 16:18:59.690 | INFO     | location_finder:find_unknown:134 - unknown finder func Start
2022-07-18 16:18:59.691 | INFO     | location_finder:find_unknown:171 - Location finder func end: 4.0531158447265625e-06s
2022-07-18 16:18:59.691 | INFO     | location_finder:find_unknown:134 - unknown finder func Start
2022-07-18 16:18:59.691 | INFO     | location_finder:find_unknown:171 - Location finder func end: 3.814697265625e-06s
2022-07-18 16:18:59.691 | INFO     | location_finder:find_unknown:134 - unknown finder func Start
2022-07-18 16:18:59.691 | INFO     | location_finder:find_unknown:171 - Location finder func end: 4.0531158447265625e-06s
2022-07-18 16:18:59.691 | INFO     | location_finder:find_unknown:134 - unknown finder func Start
2022-07-18 16:18:59.691 | INFO     | location_finder:find_unknown:171 - Location finder func end: 4.0531158447265625e-06s
2022-07-18 16:18:59.691 | INFO     | location_finder:find_unknown:134 - unknown finder func Start
2022-07-18 16:18:59.691 | INFO     | location_finder:find_unknown:171 - Location finder func end: 3.814697265625e-06s
2022-07-18 16:18:59.692 | INFO     | location_finder:find_unknown:134 - unknown finder func Start
2022-07-18 16:18:59.692 | INFO     | location_finder:find_unknown:171 - Location finder func end: 5.0067901611328125e-06s
2022-07-18 16:18:59.692 | INFO     | location_finder:find_unknown:134 - unknown finder func Start
2022-07-18 16:18:59.692 | INFO     | location_finder:find_unknown:171 - Location finder func end: 3.814697265625e-06s
2022-07-18 16:18:59.692 | INFO     | location_finder:find_unknown:134 - unknown finder func Start
2022-07-18 16:18:59.692 | INFO     | location_finder:find_unknown:171 - Location finder func end: 5.0067901611328125e-06s
2022-07-18 16:18:59.692 | INFO     | location_finder:find_unknown:134 - unknown finder func Start
2022-07-18 16:18:59.692 | INFO     | location_finder:find_unknown:171 - Location finder func end: 4.5299530029296875e-06s
2022-07-18 16:18:59.692 | INFO     | location_finder:find_unknown:134 - unknown finder func Start
2022-07-18 16:18:59.693 | INFO     | location_finder:find_unknown:171 - Location finder func end: 3.814697265625e-06s
2022-07-18 16:18:59.693 | INFO     | location_finder:find_unknown:134 - unknown finder func Start
2022-07-18 16:18:59.693 | INFO     | location_finder:find_unknown:171 - Location finder func end: 3.337860107421875e-06s
2022-07-18 16:18:59.693 | INFO     | location_finder:find_unknown:134 - unknown finder func Start
2022-07-18 16:18:59.693 | INFO     | location_finder:find_unknown:171 - Location finder func end: 3.5762786865234375e-06s
2022-07-18 16:18:59.693 | INFO     | location_finder:find_unknown:134 - unknown finder func Start
2022-07-18 16:18:59.693 | INFO     | location_finder:find_unknown:171 - Location finder func end: 4.5299530029296875e-06s
2022-07-18 16:18:59.693 | INFO     | location_finder:find_unknown:134 - unknown finder func Start
2022-07-18 16:18:59.693 | INFO     | location_finder:find_unknown:171 - Location finder func end: 3.814697265625e-06s
2022-07-18 16:18:59.694 | INFO     | location_finder:find_unknown:134 - unknown finder func Start
2022-07-18 16:18:59.694 | INFO     | location_finder:find_unknown:171 - Location finder func end: 3.5762786865234375e-06s
2022-07-18 16:18:59.694 | INFO     | location_finder:find_unknown:134 - unknown finder func Start
2022-07-18 16:18:59.694 | INFO     | location_finder:find_unknown:171 - Location finder func end: 3.5762786865234375e-06s
2022-07-18 16:18:59.694 | INFO     | location_finder:find_unknown:134 - unknown finder func Start
2022-07-18 16:18:59.694 | INFO     | location_finder:find_unknown:171 - Location finder func end: 4.291534423828125e-06s
2022-07-18 16:18:59.694 | INFO     | location_finder:find_unknown:134 - unknown finder func Start
2022-07-18 16:18:59.694 | INFO     | location_finder:find_unknown:171 - Location finder func end: 3.337860107421875e-06s
2022-07-18 16:18:59.694 | INFO     | location_finder:find_unknown:134 - unknown finder func Start
2022-07-18 16:18:59.695 | INFO     | location_finder:find_unknown:171 - Location finder func end: 3.5762786865234375e-06s
2022-07-18 16:18:59.695 | INFO     | location_finder:find_unknown:134 - unknown finder func Start
2022-07-18 16:18:59.695 | INFO     | location_finder:find_unknown:171 - Location finder func end: 4.76837158203125e-06s
2022-07-18 16:18:59.695 | INFO     | location_finder:find_unknown:134 - unknown finder func Start
2022-07-18 16:18:59.695 | INFO     | location_finder:find_unknown:171 - Location finder func end: 5.0067901611328125e-06s
2022-07-18 16:18:59.695 | INFO     | location_finder:find_unknown:134 - unknown finder func Start
2022-07-18 16:18:59.695 | INFO     | location_finder:find_unknown:171 - Location finder func end: 5.0067901611328125e-06s
2022-07-18 16:18:59.695 | INFO     | location_finder:find_unknown:134 - unknown finder func Start
2022-07-18 16:18:59.695 | INFO     | location_finder:find_unknown:171 - Location finder func end: 3.814697265625e-06s
2022-07-18 16:18:59.695 | INFO     | location_finder:find_unknown:134 - unknown finder func Start
2022-07-18 16:18:59.696 | INFO     | location_finder:find_unknown:171 - Location finder func end: 3.5762786865234375e-06s
2022-07-18 16:18:59.696 | INFO     | location_finder:find_unknown:134 - unknown finder func Start
2022-07-18 16:18:59.696 | INFO     | location_finder:find_unknown:171 - Location finder func end: 3.0994415283203125e-06s
2022-07-18 16:18:59.696 | INFO     | location_finder:find_unknown:134 - unknown finder func Start
2022-07-18 16:18:59.696 | INFO     | location_finder:find_unknown:171 - Location finder func end: 3.5762786865234375e-06s
2022-07-18 16:18:59.696 | INFO     | location_finder:find_unknown:134 - unknown finder func Start
2022-07-18 16:18:59.696 | INFO     | location_finder:find_unknown:171 - Location finder func end: 2.6226043701171875e-06s
2022-07-18 16:18:59.696 | INFO     | location_finder:find_unknown:134 - unknown finder func Start
2022-07-18 16:18:59.696 | INFO     | location_finder:find_unknown:171 - Location finder func end: 5.0067901611328125e-06s
2022-07-18 16:18:59.696 | INFO     | location_finder:find_unknown:134 - unknown finder func Start
2022-07-18 16:18:59.697 | INFO     | location_finder:find_unknown:171 - Location finder func end: 1.33514404296875e-05s
2022-07-18 16:18:59.697 | INFO     | location_finder:find_unknown:134 - unknown finder func Start
2022-07-18 16:18:59.697 | INFO     | location_finder:find_unknown:171 - Location finder func end: 4.291534423828125e-06s
2022-07-18 16:18:59.697 | INFO     | location_finder:find_unknown:134 - unknown finder func Start
2022-07-18 16:18:59.697 | INFO     | location_finder:find_unknown:171 - Location finder func end: 5.0067901611328125e-06s
2022-07-18 16:18:59.697 | INFO     | location_finder:find_unknown:134 - unknown finder func Start
2022-07-18 16:18:59.697 | INFO     | location_finder:find_unknown:171 - Location finder func end: 5.0067901611328125e-06s
2022-07-18 16:18:59.697 | INFO     | location_finder:find_unknown:134 - unknown finder func Start
2022-07-18 16:18:59.697 | INFO     | location_finder:find_unknown:171 - Location finder func end: 5.0067901611328125e-06s
2022-07-18 16:18:59.698 | INFO     | location_finder:find_unknown:134 - unknown finder func Start
2022-07-18 16:18:59.698 | INFO     | location_finder:find_unknown:171 - Location finder func end: 5.4836273193359375e-06s
2022-07-18 16:18:59.698 | INFO     | location_finder:find_unknown:134 - unknown finder func Start
2022-07-18 16:18:59.698 | INFO     | location_finder:find_unknown:171 - Location finder func end: 4.291534423828125e-06s
2022-07-18 16:18:59.698 | INFO     | location_finder:find_unknown:134 - unknown finder func Start
2022-07-18 16:18:59.698 | INFO     | location_finder:find_unknown:171 - Location finder func end: 9.059906005859375e-06s
2022-07-18 16:18:59.698 | INFO     | location_finder:find_unknown:134 - unknown finder func Start
2022-07-18 16:18:59.699 | INFO     | location_finder:find_unknown:171 - Location finder func end: 5.9604644775390625e-06s
2022-07-18 16:18:59.699 | INFO     | location_finder:find_unknown:134 - unknown finder func Start
2022-07-18 16:18:59.699 | INFO     | location_finder:find_unknown:171 - Location finder func end: 5.0067901611328125e-06s
2022-07-18 16:18:59.699 | INFO     | location_finder:find_unknown:134 - unknown finder func Start
2022-07-18 16:18:59.699 | INFO     | location_finder:find_unknown:171 - Location finder func end: 5.0067901611328125e-06s
2022-07-18 16:18:59.699 | INFO     | location_finder:find_unknown:134 - unknown finder func Start
2022-07-18 16:18:59.699 | INFO     | location_finder:find_unknown:171 - Location finder func end: 7.62939453125e-06s
2022-07-18 16:18:59.699 | INFO     | location_finder:find_unknown:134 - unknown finder func Start
2022-07-18 16:18:59.700 | INFO     | location_finder:find_unknown:171 - Location finder func end: 1.2636184692382812e-05s
2022-07-18 16:18:59.700 | INFO     | location_finder:find_unknown:134 - unknown finder func Start
2022-07-18 16:18:59.700 | INFO     | location_finder:find_unknown:171 - Location finder func end: 9.775161743164062e-06s
2022-07-18 16:18:59.700 | INFO     | location_finder:find_unknown:134 - unknown finder func Start
2022-07-18 16:18:59.700 | INFO     | location_finder:find_unknown:171 - Location finder func end: 7.62939453125e-06s
2022-07-18 16:18:59.700 | INFO     | location_updater:search_for_unknowns:172 - Search for unknowns Start
