2022-07-18 16:28:51.005 | INFO     | __main__:main:37 - Started updating location
2022-07-18 16:28:51.005 | INFO     | __main__:main:40 - Reading Excel Start
2022-07-18 16:28:51.126 | INFO     | __main__:main:46 - Reading Excel end: 0.12058520317077637s
2022-07-18 16:28:51.126 | INFO     | __main__:main:49 - Updating Dataframe Start
2022-07-18 16:28:51.126 | INFO     | location_updater:load_locations_data:119 - Read location json Start
2022-07-18 16:28:51.130 | INFO     | location_updater:load_locations_data:126 - Read location json end: 0.0036118030548095703s
2022-07-18 16:28:51.130 | INFO     | location_updater:update_location:33 - Update Location entries Start
2022-07-18 16:28:51.130 | INFO     | location_finder:find_unknown:134 - unknown finder func Start
2022-07-18 16:28:51.130 | INFO     | location_finder:find_unknown:171 - Location finder func end: 8.058547973632812e-05s
2022-07-18 16:28:51.130 | INFO     | location_finder:find_unknown:134 - unknown finder func Start
2022-07-18 16:28:51.131 | INFO     | location_finder:find_unknown:171 - Location finder func end: 4.0531158447265625e-06s
2022-07-18 16:28:51.131 | INFO     | location_finder:find_unknown:134 - unknown finder func Start
2022-07-18 16:28:51.131 | INFO     | location_finder:find_unknown:171 - Location finder func end: 3.814697265625e-06s
2022-07-18 16:28:51.131 | INFO     | location_finder:find_unknown:134 - unknown finder func Start
2022-07-18 16:28:51.131 | INFO     | location_finder:find_unknown:171 - Location finder func end: 3.337860107421875e-06s
2022-07-18 16:28:51.131 | INFO     | location_finder:find_unknown:134 - unknown finder func Start
2022-07-18 16:28:51.131 | INFO     | location_finder:find_unknown:171 - Location finder func end: 3.814697265625e-06s
2022-07-18 16:28:51.131 | INFO     | location_finder:find_unknown:134 - unknown finder func Start
2022-07-18 16:28:51.131 | INFO     | location_finder:find_unknown:171 - Location finder func end: 3.5762786865234375e-06s
2022-07-18 16:28:51.131 | INFO     | location_finder:find_unknown:134 - unknown finder func Start
2022-07-18 16:28:51.131 | INFO     | location_finder:find_unknown:171 - Location finder func end: 4.0531158447265625e-06s
2022-07-18 16:28:51.132 | INFO     | location_finder:find_unknown:134 - unknown finder func Start
2022-07-18 16:28:51.132 | INFO     | location_finder:find_unknown:171 - Location finder func end: 4.5299530029296875e-06s
2022-07-18 16:28:51.132 | INFO     | location_finder:find_unknown:134 - unknown finder func Start
2022-07-18 16:28:51.132 | INFO     | location_finder:find_unknown:171 - Location finder func end: 4.5299530029296875e-06s
2022-07-18 16:28:51.132 | INFO     | location_finder:find_unknown:134 - unknown finder func Start
2022-07-18 16:28:51.132 | INFO     | location_finder:find_unknown:171 - Location finder func end: 5.245208740234375e-06s
2022-07-18 16:28:51.132 | INFO     | location_finder:find_unknown:134 - unknown finder func Start
2022-07-18 16:28:51.132 | INFO     | location_finder:find_unknown:171 - Location finder func end: 4.0531158447265625e-06s
2022-07-18 16:28:51.132 | INFO     | location_finder:find_unknown:134 - unknown finder func Start
2022-07-18 16:28:51.132 | INFO     | location_finder:find_unknown:171 - Location finder func end: 5.7220458984375e-06s
2022-07-18 16:28:51.133 | INFO     | location_finder:find_unknown:134 - unknown finder func Start
2022-07-18 16:28:51.133 | INFO     | location_finder:find_unknown:171 - Location finder func end: 3.337860107421875e-06s
2022-07-18 16:28:51.133 | INFO     | location_finder:find_unknown:134 - unknown finder func Start
2022-07-18 16:28:51.133 | INFO     | location_finder:find_unknown:171 - Location finder func end: 3.337860107421875e-06s
2022-07-18 16:28:51.133 | INFO     | location_finder:find_unknown:134 - unknown finder func Start
2022-07-18 16:28:51.133 | INFO     | location_finder:find_unknown:171 - Location finder func end: 3.337860107421875e-06s
2022-07-18 16:28:51.133 | INFO     | location_finder:find_unknown:134 - unknown finder func Start
2022-07-18 16:28:51.133 | INFO     | location_finder:find_unknown:171 - Location finder func end: 4.291534423828125e-06s
2022-07-18 16:28:51.133 | INFO     | location_finder:find_unknown:134 - unknown finder func Start
2022-07-18 16:28:51.133 | INFO     | location_finder:find_unknown:171 - Location finder func end: 4.291534423828125e-06s
2022-07-18 16:28:51.134 | INFO     | location_finder:find_unknown:134 - unknown finder func Start
2022-07-18 16:28:51.134 | INFO     | location_finder:find_unknown:171 - Location finder func end: 5.0067901611328125e-06s
2022-07-18 16:28:51.134 | INFO     | location_finder:find_unknown:134 - unknown finder func Start
2022-07-18 16:28:51.134 | INFO     | location_finder:find_unknown:171 - Location finder func end: 5.245208740234375e-06s
2022-07-18 16:28:51.134 | INFO     | location_finder:find_unknown:134 - unknown finder func Start
2022-07-18 16:28:51.134 | INFO     | location_finder:find_unknown:171 - Location finder func end: 4.0531158447265625e-06s
2022-07-18 16:28:51.134 | INFO     | location_finder:find_unknown:134 - unknown finder func Start
2022-07-18 16:28:51.134 | INFO     | location_finder:find_unknown:171 - Location finder func end: 5.245208740234375e-06s
2022-07-18 16:28:51.134 | INFO     | location_finder:find_unknown:134 - unknown finder func Start
2022-07-18 16:28:51.135 | INFO     | location_finder:find_unknown:171 - Location finder func end: 3.814697265625e-06s
2022-07-18 16:28:51.135 | INFO     | location_finder:find_unknown:134 - unknown finder func Start
2022-07-18 16:28:51.135 | INFO     | location_finder:find_unknown:171 - Location finder func end: 4.291534423828125e-06s
2022-07-18 16:28:51.135 | INFO     | location_finder:find_unknown:134 - unknown finder func Start
2022-07-18 16:28:51.135 | INFO     | location_finder:find_unknown:171 - Location finder func end: 5.4836273193359375e-06s
2022-07-18 16:28:51.135 | INFO     | location_finder:find_unknown:134 - unknown finder func Start
2022-07-18 16:28:51.135 | INFO     | location_finder:find_unknown:171 - Location finder func end: 3.0994415283203125e-06s
2022-07-18 16:28:51.135 | INFO     | location_finder:find_unknown:134 - unknown finder func Start
2022-07-18 16:28:51.135 | INFO     | location_finder:find_unknown:171 - Location finder func end: 4.76837158203125e-06s
2022-07-18 16:28:51.136 | INFO     | location_finder:find_unknown:134 - unknown finder func Start
2022-07-18 16:28:51.136 | INFO     | location_finder:find_unknown:171 - Location finder func end: 5.0067901611328125e-06s
2022-07-18 16:28:51.136 | INFO     | location_finder:find_unknown:134 - unknown finder func Start
2022-07-18 16:28:51.136 | INFO     | location_finder:find_unknown:171 - Location finder func end: 5.0067901611328125e-06s
2022-07-18 16:28:51.136 | INFO     | location_finder:find_unknown:134 - unknown finder func Start
2022-07-18 16:28:51.136 | INFO     | location_finder:find_unknown:171 - Location finder func end: 5.7220458984375e-06s
2022-07-18 16:28:51.136 | INFO     | location_finder:find_unknown:134 - unknown finder func Start
2022-07-18 16:28:51.136 | INFO     | location_finder:find_unknown:171 - Location finder func end: 1.0967254638671875e-05s
2022-07-18 16:28:51.136 | INFO     | location_finder:find_unknown:134 - unknown finder func Start
2022-07-18 16:28:51.137 | INFO     | location_finder:find_unknown:171 - Location finder func end: 4.5299530029296875e-06s
2022-07-18 16:28:51.137 | INFO     | location_finder:find_unknown:134 - unknown finder func Start
2022-07-18 16:28:51.137 | INFO     | location_finder:find_unknown:171 - Location finder func end: 3.5762786865234375e-06s
2022-07-18 16:28:51.137 | INFO     | location_finder:find_unknown:134 - unknown finder func Start
2022-07-18 16:28:51.137 | INFO     | location_finder:find_unknown:171 - Location finder func end: 3.5762786865234375e-06s
2022-07-18 16:28:51.137 | INFO     | location_finder:find_unknown:134 - unknown finder func Start
2022-07-18 16:28:51.137 | INFO     | location_finder:find_unknown:171 - Location finder func end: 4.0531158447265625e-06s
2022-07-18 16:28:51.137 | INFO     | location_finder:find_unknown:134 - unknown finder func Start
2022-07-18 16:28:51.137 | INFO     | location_finder:find_unknown:171 - Location finder func end: 5.4836273193359375e-06s
2022-07-18 16:28:51.138 | INFO     | location_finder:find_unknown:134 - unknown finder func Start
2022-07-18 16:28:51.138 | INFO     | location_finder:find_unknown:171 - Location finder func end: 3.814697265625e-06s
2022-07-18 16:28:51.138 | INFO     | location_finder:find_unknown:134 - unknown finder func Start
2022-07-18 16:28:51.138 | INFO     | location_finder:find_unknown:171 - Location finder func end: 7.62939453125e-06s
2022-07-18 16:28:51.138 | INFO     | location_finder:find_unknown:134 - unknown finder func Start
2022-07-18 16:28:51.138 | INFO     | location_finder:find_unknown:171 - Location finder func end: 5.0067901611328125e-06s
2022-07-18 16:28:51.138 | INFO     | location_finder:find_unknown:134 - unknown finder func Start
2022-07-18 16:28:51.138 | INFO     | location_finder:find_unknown:171 - Location finder func end: 4.0531158447265625e-06s
2022-07-18 16:28:51.138 | INFO     | location_finder:find_unknown:134 - unknown finder func Start
2022-07-18 16:28:51.139 | INFO     | location_finder:find_unknown:171 - Location finder func end: 5.0067901611328125e-06s
2022-07-18 16:28:51.139 | INFO     | location_finder:find_unknown:134 - unknown finder func Start
2022-07-18 16:28:51.139 | INFO     | location_finder:find_unknown:171 - Location finder func end: 6.198883056640625e-06s
2022-07-18 16:28:51.139 | INFO     | location_finder:find_unknown:134 - unknown finder func Start
2022-07-18 16:28:51.139 | INFO     | location_finder:find_unknown:171 - Location finder func end: 7.3909759521484375e-06s
2022-07-18 16:28:51.139 | INFO     | location_finder:find_unknown:134 - unknown finder func Start
2022-07-18 16:28:51.139 | INFO     | location_finder:find_unknown:171 - Location finder func end: 8.106231689453125e-06s
2022-07-18 16:28:51.139 | INFO     | location_finder:find_unknown:134 - unknown finder func Start
2022-07-18 16:28:51.139 | INFO     | location_finder:find_unknown:171 - Location finder func end: 4.0531158447265625e-06s
2022-07-18 16:28:51.140 | INFO     | location_updater:search_for_unknowns:176 - Search for unknowns Start
2022-07-18 16:28:51.140 | INFO     | location_updater:unknown_sql_query:148 - Location unknown value sql query start
2022-07-18 16:28:52.500 | INFO     | location_updater:unknown_sql_query:173 - Location unknown value sql query end: 1.3599660396575928s
2022-07-18 16:28:52.500 | INFO     | location_updater:unknown_sql_query:148 - Location unknown value sql query start
2022-07-18 16:28:53.859 | INFO     | location_updater:unknown_sql_query:173 - Location unknown value sql query end: 1.3590760231018066s
2022-07-18 16:28:53.860 | INFO     | location_updater:unknown_sql_query:148 - Location unknown value sql query start
2022-07-18 16:28:55.261 | INFO     | location_updater:unknown_sql_query:173 - Location unknown value sql query end: 1.4013097286224365s
2022-07-18 16:28:55.261 | INFO     | location_updater:unknown_sql_query:148 - Location unknown value sql query start
2022-07-18 16:28:56.630 | INFO     | location_updater:unknown_sql_query:173 - Location unknown value sql query end: 1.3685953617095947s
2022-07-18 16:28:56.630 | INFO     | location_updater:search_for_unknowns:188 - Search for unknowns end: 5.490774869918823s
2022-07-18 16:28:56.631 | INFO     | location_finder:find_location:28 - Location finder func Start
