2022-07-18 16:13:40.048 | INFO     | __main__:main:37 - Started updating location
2022-07-18 16:13:40.048 | INFO     | __main__:main:40 - Reading Excel Start
2022-07-18 16:13:40.168 | INFO     | __main__:main:46 - Reading Excel end: 0.12022042274475098s
2022-07-18 16:13:40.169 | INFO     | __main__:main:49 - Updating Dataframe Start
2022-07-18 16:13:40.169 | INFO     | location_updater:load_locations_data:119 - Read location json Start
2022-07-18 16:13:40.173 | INFO     | location_updater:load_locations_data:126 - Read location json end: 0.0037343502044677734s
2022-07-18 16:13:40.173 | INFO     | location_updater:update_location:33 - Update Location entries Start
2022-07-18 16:13:40.173 | INFO     | location_finder:find_unknown:134 - unknown finder func Start
2022-07-18 16:13:40.173 | INFO     | location_finder:find_unknown:171 - Location finder func end: 9.274482727050781e-05s
2022-07-18 16:13:40.173 | INFO     | location_finder:find_unknown:134 - unknown finder func Start
2022-07-18 16:13:40.174 | INFO     | location_finder:find_unknown:171 - Location finder func end: 6.4373016357421875e-06s
2022-07-18 16:13:40.174 | INFO     | location_finder:find_unknown:134 - unknown finder func Start
2022-07-18 16:13:40.174 | INFO     | location_finder:find_unknown:171 - Location finder func end: 4.76837158203125e-06s
2022-07-18 16:13:40.174 | INFO     | location_finder:find_unknown:134 - unknown finder func Start
2022-07-18 16:13:40.174 | INFO     | location_finder:find_unknown:171 - Location finder func end: 5.0067901611328125e-06s
2022-07-18 16:13:40.174 | INFO     | location_finder:find_unknown:134 - unknown finder func Start
2022-07-18 16:13:40.174 | INFO     | location_finder:find_unknown:171 - Location finder func end: 5.0067901611328125e-06s
2022-07-18 16:13:40.174 | INFO     | location_finder:find_unknown:134 - unknown finder func Start
2022-07-18 16:13:40.174 | INFO     | location_finder:find_unknown:171 - Location finder func end: 4.76837158203125e-06s
2022-07-18 16:13:40.175 | INFO     | location_finder:find_unknown:134 - unknown finder func Start
2022-07-18 16:13:40.175 | INFO     | location_finder:find_unknown:171 - Location finder func end: 5.0067901611328125e-06s
2022-07-18 16:13:40.175 | INFO     | location_finder:find_unknown:134 - unknown finder func Start
2022-07-18 16:13:40.175 | INFO     | location_finder:find_unknown:171 - Location finder func end: 4.5299530029296875e-06s
2022-07-18 16:13:40.175 | INFO     | location_finder:find_unknown:134 - unknown finder func Start
2022-07-18 16:13:40.175 | INFO     | location_finder:find_unknown:171 - Location finder func end: 5.7220458984375e-06s
2022-07-18 16:13:40.175 | INFO     | location_finder:find_unknown:134 - unknown finder func Start
2022-07-18 16:13:40.175 | INFO     | location_finder:find_unknown:171 - Location finder func end: 4.5299530029296875e-06s
2022-07-18 16:13:40.175 | INFO     | location_finder:find_unknown:134 - unknown finder func Start
2022-07-18 16:13:40.176 | INFO     | location_finder:find_unknown:171 - Location finder func end: 4.76837158203125e-06s
2022-07-18 16:13:40.176 | INFO     | location_finder:find_unknown:134 - unknown finder func Start
2022-07-18 16:13:40.176 | INFO     | location_finder:find_unknown:171 - Location finder func end: 4.76837158203125e-06s
2022-07-18 16:13:40.176 | INFO     | location_finder:find_unknown:134 - unknown finder func Start
2022-07-18 16:13:40.176 | INFO     | location_finder:find_unknown:171 - Location finder func end: 6.67572021484375e-06s
2022-07-18 16:13:40.176 | INFO     | location_finder:find_unknown:134 - unknown finder func Start
2022-07-18 16:13:40.176 | INFO     | location_finder:find_unknown:171 - Location finder func end: 5.245208740234375e-06s
2022-07-18 16:13:40.176 | INFO     | location_finder:find_unknown:134 - unknown finder func Start
2022-07-18 16:13:40.176 | INFO     | location_finder:find_unknown:171 - Location finder func end: 5.0067901611328125e-06s
2022-07-18 16:13:40.177 | INFO     | location_finder:find_unknown:134 - unknown finder func Start
2022-07-18 16:13:40.177 | INFO     | location_finder:find_unknown:171 - Location finder func end: 5.9604644775390625e-06s
2022-07-18 16:13:40.177 | INFO     | location_finder:find_unknown:134 - unknown finder func Start
2022-07-18 16:13:40.177 | INFO     | location_finder:find_unknown:171 - Location finder func end: 4.5299530029296875e-06s
2022-07-18 16:13:40.177 | INFO     | location_finder:find_unknown:134 - unknown finder func Start
2022-07-18 16:13:40.177 | INFO     | location_finder:find_unknown:171 - Location finder func end: 4.76837158203125e-06s
2022-07-18 16:13:40.177 | INFO     | location_finder:find_unknown:134 - unknown finder func Start
2022-07-18 16:13:40.177 | INFO     | location_finder:find_unknown:171 - Location finder func end: 5.0067901611328125e-06s
2022-07-18 16:13:40.177 | INFO     | location_finder:find_unknown:134 - unknown finder func Start
2022-07-18 16:13:40.178 | INFO     | location_finder:find_unknown:171 - Location finder func end: 4.76837158203125e-06s
2022-07-18 16:13:40.178 | INFO     | location_finder:find_unknown:134 - unknown finder func Start
2022-07-18 16:13:40.178 | INFO     | location_finder:find_unknown:171 - Location finder func end: 4.5299530029296875e-06s
2022-07-18 16:13:40.178 | INFO     | location_finder:find_unknown:134 - unknown finder func Start
2022-07-18 16:13:40.178 | INFO     | location_finder:find_unknown:171 - Location finder func end: 4.76837158203125e-06s
2022-07-18 16:13:40.178 | INFO     | location_finder:find_unknown:134 - unknown finder func Start
2022-07-18 16:13:40.178 | INFO     | location_finder:find_unknown:171 - Location finder func end: 4.291534423828125e-06s
2022-07-18 16:13:40.178 | INFO     | location_finder:find_unknown:134 - unknown finder func Start
2022-07-18 16:13:40.178 | INFO     | location_finder:find_unknown:171 - Location finder func end: 4.0531158447265625e-06s
2022-07-18 16:13:40.178 | INFO     | location_finder:find_unknown:134 - unknown finder func Start
2022-07-18 16:13:40.179 | INFO     | location_finder:find_unknown:171 - Location finder func end: 3.814697265625e-06s
2022-07-18 16:13:40.179 | INFO     | location_finder:find_unknown:134 - unknown finder func Start
2022-07-18 16:13:40.179 | INFO     | location_finder:find_unknown:171 - Location finder func end: 4.0531158447265625e-06s
2022-07-18 16:13:40.179 | INFO     | location_finder:find_unknown:134 - unknown finder func Start
2022-07-18 16:13:40.179 | INFO     | location_finder:find_unknown:171 - Location finder func end: 3.814697265625e-06s
2022-07-18 16:13:40.179 | INFO     | location_finder:find_unknown:134 - unknown finder func Start
2022-07-18 16:13:40.179 | INFO     | location_finder:find_unknown:171 - Location finder func end: 3.814697265625e-06s
2022-07-18 16:13:40.179 | INFO     | location_finder:find_unknown:134 - unknown finder func Start
2022-07-18 16:13:40.179 | INFO     | location_finder:find_unknown:171 - Location finder func end: 4.0531158447265625e-06s
2022-07-18 16:13:40.179 | INFO     | location_finder:find_unknown:134 - unknown finder func Start
2022-07-18 16:13:40.179 | INFO     | location_finder:find_unknown:171 - Location finder func end: 6.4373016357421875e-06s
2022-07-18 16:13:40.179 | INFO     | location_finder:find_unknown:134 - unknown finder func Start
2022-07-18 16:13:40.180 | INFO     | location_finder:find_unknown:171 - Location finder func end: 6.4373016357421875e-06s
2022-07-18 16:13:40.180 | INFO     | location_finder:find_unknown:134 - unknown finder func Start
2022-07-18 16:13:40.180 | INFO     | location_finder:find_unknown:171 - Location finder func end: 5.245208740234375e-06s
2022-07-18 16:13:40.180 | INFO     | location_finder:find_unknown:134 - unknown finder func Start
2022-07-18 16:13:40.180 | INFO     | location_finder:find_unknown:171 - Location finder func end: 5.7220458984375e-06s
2022-07-18 16:13:40.180 | INFO     | location_finder:find_unknown:134 - unknown finder func Start
2022-07-18 16:13:40.180 | INFO     | location_finder:find_unknown:171 - Location finder func end: 5.4836273193359375e-06s
2022-07-18 16:13:40.180 | INFO     | location_finder:find_unknown:134 - unknown finder func Start
2022-07-18 16:13:40.181 | INFO     | location_finder:find_unknown:171 - Location finder func end: 5.9604644775390625e-06s
2022-07-18 16:13:40.181 | INFO     | location_finder:find_unknown:134 - unknown finder func Start
2022-07-18 16:13:40.181 | INFO     | location_finder:find_unknown:171 - Location finder func end: 4.5299530029296875e-06s
2022-07-18 16:13:40.181 | INFO     | location_finder:find_unknown:134 - unknown finder func Start
2022-07-18 16:13:40.181 | INFO     | location_finder:find_unknown:171 - Location finder func end: 3.814697265625e-06s
2022-07-18 16:13:40.181 | INFO     | location_finder:find_unknown:134 - unknown finder func Start
2022-07-18 16:13:40.181 | INFO     | location_finder:find_unknown:171 - Location finder func end: 5.7220458984375e-06s
2022-07-18 16:13:40.181 | INFO     | location_finder:find_unknown:134 - unknown finder func Start
2022-07-18 16:13:40.181 | INFO     | location_finder:find_unknown:171 - Location finder func end: 5.4836273193359375e-06s
2022-07-18 16:13:40.181 | INFO     | location_finder:find_unknown:134 - unknown finder func Start
2022-07-18 16:13:40.182 | INFO     | location_finder:find_unknown:171 - Location finder func end: 5.4836273193359375e-06s
2022-07-18 16:13:40.182 | INFO     | location_finder:find_unknown:134 - unknown finder func Start
2022-07-18 16:13:40.182 | INFO     | location_finder:find_unknown:171 - Location finder func end: 4.5299530029296875e-06s
2022-07-18 16:13:40.182 | INFO     | location_finder:find_unknown:134 - unknown finder func Start
2022-07-18 16:13:40.182 | INFO     | location_finder:find_unknown:171 - Location finder func end: 8.821487426757812e-06s
2022-07-18 16:13:40.182 | INFO     | location_finder:find_unknown:134 - unknown finder func Start
2022-07-18 16:13:40.182 | INFO     | location_finder:find_unknown:171 - Location finder func end: 6.198883056640625e-06s
2022-07-18 16:13:40.182 | INFO     | location_finder:find_unknown:134 - unknown finder func Start
2022-07-18 16:13:40.182 | INFO     | location_finder:find_unknown:171 - Location finder func end: 6.67572021484375e-06s
2022-07-18 16:13:40.182 | INFO     | location_updater:search_for_unknowns:171 - Search for unknowns Start
